[ 2017-03-21T21:01:38+08:00 ] ::1 /dayi/blog-peixunjingtai/
INFO: [ app_begin ] --START--
INFO: Run Behavior\ReadHtmlCache [ RunTime:0.003078s ]
INFO: [ app_begin ] --END-- [ RunTime:0.004786s ]
INFO: [ view_parse ] --START--
INFO: [ template_filter ] --START--
INFO: Run Behavior\ContentReplace [ RunTime:0.000198s ]
INFO: [ template_filter ] --END-- [ RunTime:0.000612s ]
INFO: Run Behavior\ParseTemplate [ RunTime:0.026573s ]
INFO: [ view_parse ] --END-- [ RunTime:0.026927s ]
INFO: [ view_filter ] --START--
INFO: Run Behavior\WriteHtmlCache [ RunTime:0.001801s ]
INFO: [ view_filter ] --END-- [ RunTime:0.002066s ]
INFO: [ app_end ] --START--
INFO: Run Behavior\ShowPageTrace [ RunTime:0.001771s ]
INFO: [ app_end ] --END-- [ RunTime:0.002047s ]

[ 2017-03-21T21:01:40+08:00 ] ::1 /dayi/blog-peixunjingtai/index.php/Home/index/category.html
INFO: [ app_begin ] --START--
INFO: Run Behavior\ReadHtmlCache [ RunTime:0.001320s ]
INFO: [ app_begin ] --END-- [ RunTime:0.002276s ]
INFO: [ view_parse ] --START--
INFO: [ template_filter ] --START--
INFO: Run Behavior\ContentReplace [ RunTime:0.000388s ]
INFO: [ template_filter ] --END-- [ RunTime:0.001158s ]
INFO: Run Behavior\ParseTemplate [ RunTime:0.106644s ]
INFO: [ view_parse ] --END-- [ RunTime:0.107009s ]
INFO: [ view_filter ] --START--
INFO: Run Behavior\WriteHtmlCache [ RunTime:0.002717s ]
INFO: [ view_filter ] --END-- [ RunTime:0.003170s ]
INFO: [ app_end ] --START--
INFO: Run Behavior\ShowPageTrace [ RunTime:0.002637s ]
INFO: [ app_end ] --END-- [ RunTime:0.003303s ]

[ 2017-03-21T21:01:42+08:00 ] ::1 /dayi/blog-peixunjingtai/index.php/Admin/index/index.html
INFO: [ app_begin ] --START--
INFO: Run Behavior\ReadHtmlCache [ RunTime:0.001967s ]
INFO: [ app_begin ] --END-- [ RunTime:0.003885s ]
INFO: [ view_parse ] --START--
INFO: [ template_filter ] --START--
INFO: Run Behavior\ContentReplace [ RunTime:0.000241s ]
INFO: [ template_filter ] --END-- [ RunTime:0.000719s ]
INFO: Run Behavior\ParseTemplate [ RunTime:0.030411s ]
INFO: [ view_parse ] --END-- [ RunTime:0.030901s ]
INFO: [ view_filter ] --START--
INFO: Run Behavior\WriteHtmlCache [ RunTime:0.001587s ]
INFO: [ view_filter ] --END-- [ RunTime:0.002299s ]
INFO: [ app_end ] --START--
INFO: Run Behavior\ShowPageTrace [ RunTime:0.003378s ]
INFO: [ app_end ] --END-- [ RunTime:0.003954s ]

[ 2017-03-21T21:01:43+08:00 ] ::1 /dayi/blog-peixunjingtai/index.php/Admin/index/user.html
INFO: [ app_begin ] --START--
INFO: Run Behavior\ReadHtmlCache [ RunTime:0.001015s ]
INFO: [ app_begin ] --END-- [ RunTime:0.001854s ]
INFO: [ view_parse ] --START--
INFO: [ template_filter ] --START--
INFO: Run Behavior\ContentReplace [ RunTime:0.000216s ]
INFO: [ template_filter ] --END-- [ RunTime:0.000599s ]
INFO: Run Behavior\ParseTemplate [ RunTime:0.192708s ]
INFO: [ view_parse ] --END-- [ RunTime:0.192991s ]
INFO: [ view_filter ] --START--
INFO: Run Behavior\WriteHtmlCache [ RunTime:0.001032s ]
INFO: [ view_filter ] --END-- [ RunTime:0.001310s ]
INFO: [ app_end ] --START--
INFO: Run Behavior\ShowPageTrace [ RunTime:0.001352s ]
INFO: [ app_end ] --END-- [ RunTime:0.001633s ]

[ 2017-03-21T21:01:44+08:00 ] ::1 /dayi/blog-peixunjingtai/index.php/Admin/index/index.html
INFO: [ app_begin ] --START--
INFO: Run Behavior\ReadHtmlCache [ RunTime:0.001017s ]
INFO: [ app_begin ] --END-- [ RunTime:0.002016s ]
INFO: [ view_parse ] --START--
INFO: [ template_filter ] --START--
INFO: Run Behavior\ContentReplace [ RunTime:0.000088s ]
INFO: [ template_filter ] --END-- [ RunTime:0.000277s ]
INFO: Run Behavior\ParseTemplate [ RunTime:0.012716s ]
INFO: [ view_parse ] --END-- [ RunTime:0.013016s ]
INFO: [ view_filter ] --START--
INFO: Run Behavior\WriteHtmlCache [ RunTime:0.000656s ]
INFO: [ view_filter ] --END-- [ RunTime:0.000819s ]
INFO: [ app_end ] --START--
INFO: Run Behavior\ShowPageTrace [ RunTime:0.000870s ]
INFO: [ app_end ] --END-- [ RunTime:0.001037s ]

[ 2017-03-21T21:01:45+08:00 ] ::1 /dayi/blog-peixunjingtai/index.php?Home/index/index
INFO: [ app_begin ] --START--
INFO: Run Behavior\ReadHtmlCache [ RunTime:0.000888s ]
INFO: [ app_begin ] --END-- [ RunTime:0.001609s ]
INFO: [ view_parse ] --START--
INFO: [ template_filter ] --START--
INFO: Run Behavior\ContentReplace [ RunTime:0.000143s ]
INFO: [ template_filter ] --END-- [ RunTime:0.000431s ]
INFO: Run Behavior\ParseTemplate [ RunTime:0.017884s ]
INFO: [ view_parse ] --END-- [ RunTime:0.018285s ]
INFO: [ view_filter ] --START--
INFO: Run Behavior\WriteHtmlCache [ RunTime:0.000953s ]
INFO: [ view_filter ] --END-- [ RunTime:0.001252s ]
INFO: [ app_end ] --START--
INFO: Run Behavior\ShowPageTrace [ RunTime:0.001386s ]
INFO: [ app_end ] --END-- [ RunTime:0.001800s ]

[ 2017-03-21T21:01:48+08:00 ] ::1 /dayi/blog-peixunjingtai/index.php/Admin/index/index.html
INFO: [ app_begin ] --START--
INFO: Run Behavior\ReadHtmlCache [ RunTime:0.000874s ]
INFO: [ app_begin ] --END-- [ RunTime:0.001622s ]
INFO: [ view_parse ] --START--
INFO: [ template_filter ] --START--
INFO: Run Behavior\ContentReplace [ RunTime:0.000105s ]
INFO: [ template_filter ] --END-- [ RunTime:0.000327s ]
INFO: Run Behavior\ParseTemplate [ RunTime:0.012907s ]
INFO: [ view_parse ] --END-- [ RunTime:0.013097s ]
INFO: [ view_filter ] --START--
INFO: Run Behavior\WriteHtmlCache [ RunTime:0.000557s ]
INFO: [ view_filter ] --END-- [ RunTime:0.000713s ]
INFO: [ app_end ] --START--
INFO: Run Behavior\ShowPageTrace [ RunTime:0.000788s ]
INFO: [ app_end ] --END-- [ RunTime:0.000949s ]

[ 2017-03-21T21:01:52+08:00 ] ::1 /dayi/blog-peixunjingtai/index.php/Admin/index/index.html
INFO: [ app_begin ] --START--
INFO: Run Behavior\ReadHtmlCache [ RunTime:0.000947s ]
INFO: [ app_begin ] --END-- [ RunTime:0.001660s ]
INFO: [ view_parse ] --START--
INFO: [ template_filter ] --START--
INFO: Run Behavior\ContentReplace [ RunTime:0.000109s ]
INFO: [ template_filter ] --END-- [ RunTime:0.000346s ]
INFO: Run Behavior\ParseTemplate [ RunTime:0.013644s ]
INFO: [ view_parse ] --END-- [ RunTime:0.013856s ]
INFO: [ view_filter ] --START--
INFO: Run Behavior\WriteHtmlCache [ RunTime:0.000719s ]
INFO: [ view_filter ] --END-- [ RunTime:0.001091s ]
INFO: [ app_end ] --START--
INFO: Run Behavior\ShowPageTrace [ RunTime:0.001011s ]
INFO: [ app_end ] --END-- [ RunTime:0.001216s ]

[ 2017-03-21T21:05:25+08:00 ] ::1 /dayi/blog-peixunjingtai/index.php/Admin/index/index.html
INFO: [ app_begin ] --START--
INFO: Run Behavior\ReadHtmlCache [ RunTime:0.001518s ]
INFO: [ app_begin ] --END-- [ RunTime:0.002673s ]
INFO: [ view_parse ] --START--
INFO: [ template_filter ] --START--
INFO: Run Behavior\ContentReplace [ RunTime:0.000108s ]
INFO: [ template_filter ] --END-- [ RunTime:0.000333s ]
INFO: Run Behavior\ParseTemplate [ RunTime:0.013104s ]
INFO: [ view_parse ] --END-- [ RunTime:0.013354s ]
INFO: [ view_filter ] --START--
INFO: Run Behavior\WriteHtmlCache [ RunTime:0.000800s ]
INFO: [ view_filter ] --END-- [ RunTime:0.001002s ]
INFO: [ app_end ] --START--
INFO: Run Behavior\ShowPageTrace [ RunTime:0.001010s ]
INFO: [ app_end ] --END-- [ RunTime:0.001209s ]

[ 2017-03-21T21:05:25+08:00 ] ::1 /dayi/blog-peixunjingtai/index.php/Admin/index/index.html
INFO: [ app_begin ] --START--
INFO: Run Behavior\ReadHtmlCache [ RunTime:0.000886s ]
INFO: [ app_begin ] --END-- [ RunTime:0.001619s ]
INFO: [ view_parse ] --START--
INFO: [ template_filter ] --START--
INFO: Run Behavior\ContentReplace [ RunTime:0.000097s ]
INFO: [ template_filter ] --END-- [ RunTime:0.000296s ]
INFO: Run Behavior\ParseTemplate [ RunTime:0.012452s ]
INFO: [ view_parse ] --END-- [ RunTime:0.012661s ]
INFO: [ view_filter ] --START--
INFO: Run Behavior\WriteHtmlCache [ RunTime:0.000602s ]
INFO: [ view_filter ] --END-- [ RunTime:0.000775s ]
INFO: [ app_end ] --START--
INFO: Run Behavior\ShowPageTrace [ RunTime:0.000807s ]
INFO: [ app_end ] --END-- [ RunTime:0.000978s ]

[ 2017-03-21T21:05:26+08:00 ] ::1 /dayi/blog-peixunjingtai/index.php/Admin/index/user.html
INFO: [ app_begin ] --START--
INFO: Run Behavior\ReadHtmlCache [ RunTime:0.000863s ]
INFO: [ app_begin ] --END-- [ RunTime:0.001700s ]
INFO: [ view_parse ] --START--
INFO: [ template_filter ] --START--
INFO: Run Behavior\ContentReplace [ RunTime:0.000093s ]
INFO: [ template_filter ] --END-- [ RunTime:0.000274s ]
INFO: Run Behavior\ParseTemplate [ RunTime:0.011822s ]
INFO: [ view_parse ] --END-- [ RunTime:0.012018s ]
INFO: [ view_filter ] --START--
INFO: Run Behavior\WriteHtmlCache [ RunTime:0.001511s ]
INFO: [ view_filter ] --END-- [ RunTime:0.001702s ]
INFO: [ app_end ] --START--
INFO: Run Behavior\ShowPageTrace [ RunTime:0.000761s ]
INFO: [ app_end ] --END-- [ RunTime:0.000939s ]

[ 2017-03-21T21:06:12+08:00 ] ::1 /dayi/blog-peixunjingtai/index.php/Admin/index/user.html
INFO: [ app_begin ] --START--
INFO: Run Behavior\ReadHtmlCache [ RunTime:0.001203s ]
INFO: [ app_begin ] --END-- [ RunTime:0.002091s ]
INFO: [ view_parse ] --START--
INFO: [ template_filter ] --START--
INFO: Run Behavior\ContentReplace [ RunTime:0.001179s ]
INFO: [ template_filter ] --END-- [ RunTime:0.001587s ]
INFO: Run Behavior\ParseTemplate [ RunTime:0.015226s ]
INFO: [ view_parse ] --END-- [ RunTime:0.015459s ]
INFO: [ view_filter ] --START--
INFO: Run Behavior\WriteHtmlCache [ RunTime:0.000813s ]
INFO: [ view_filter ] --END-- [ RunTime:0.001020s ]
INFO: [ app_end ] --START--
INFO: Run Behavior\ShowPageTrace [ RunTime:0.000990s ]
INFO: [ app_end ] --END-- [ RunTime:0.001208s ]

[ 2017-03-21T21:06:13+08:00 ] ::1 /dayi/blog-peixunjingtai/index.php/Admin/index/user.html
INFO: [ app_begin ] --START--
INFO: Run Behavior\ReadHtmlCache [ RunTime:0.001011s ]
INFO: [ app_begin ] --END-- [ RunTime:0.001942s ]
INFO: [ view_parse ] --START--
INFO: [ template_filter ] --START--
INFO: Run Behavior\ContentReplace [ RunTime:0.000091s ]
INFO: [ template_filter ] --END-- [ RunTime:0.000314s ]
INFO: Run Behavior\ParseTemplate [ RunTime:0.013507s ]
INFO: [ view_parse ] --END-- [ RunTime:0.013725s ]
INFO: [ view_filter ] --START--
INFO: Run Behavior\WriteHtmlCache [ RunTime:0.000705s ]
INFO: [ view_filter ] --END-- [ RunTime:0.000903s ]
INFO: [ app_end ] --START--
INFO: Run Behavior\ShowPageTrace [ RunTime:0.000933s ]
INFO: [ app_end ] --END-- [ RunTime:0.001099s ]

[ 2017-03-21T21:06:14+08:00 ] ::1 /dayi/blog-peixunjingtai/index.php/Admin/index/index.html
INFO: [ app_begin ] --START--
INFO: Run Behavior\ReadHtmlCache [ RunTime:0.000849s ]
INFO: [ app_begin ] --END-- [ RunTime:0.001504s ]
INFO: [ view_parse ] --START--
INFO: [ template_filter ] --START--
INFO: Run Behavior\ContentReplace [ RunTime:0.000095s ]
INFO: [ template_filter ] --END-- [ RunTime:0.000296s ]
INFO: Run Behavior\ParseTemplate [ RunTime:0.011633s ]
INFO: [ view_parse ] --END-- [ RunTime:0.011833s ]
INFO: [ view_filter ] --START--
INFO: Run Behavior\WriteHtmlCache [ RunTime:0.000732s ]
INFO: [ view_filter ] --END-- [ RunTime:0.000904s ]
INFO: [ app_end ] --START--
INFO: Run Behavior\ShowPageTrace [ RunTime:0.000872s ]
INFO: [ app_end ] --END-- [ RunTime:0.001045s ]

[ 2017-03-21T21:06:16+08:00 ] ::1 /dayi/blog-peixunjingtai/index.php/Admin/Index/login.html
INFO: [ app_begin ] --START--
INFO: Run Behavior\ReadHtmlCache [ RunTime:0.001207s ]
INFO: [ app_begin ] --END-- [ RunTime:0.001889s ]
ERR: 非法操作:login

[ 2017-03-21T21:06:19+08:00 ] ::1 /dayi/blog-peixunjingtai/index.php/Admin/Index/login.html
INFO: [ app_begin ] --START--
INFO: Run Behavior\ReadHtmlCache [ RunTime:0.000846s ]
INFO: [ app_begin ] --END-- [ RunTime:0.001524s ]
ERR: 非法操作:login

[ 2017-03-21T21:06:24+08:00 ] ::1 /dayi/blog-peixunjingtai/index.php/Admin/index/user.html
INFO: [ app_begin ] --START--
INFO: Run Behavior\ReadHtmlCache [ RunTime:0.000958s ]
INFO: [ app_begin ] --END-- [ RunTime:0.001726s ]
INFO: [ view_parse ] --START--
INFO: [ template_filter ] --START--
INFO: Run Behavior\ContentReplace [ RunTime:0.000117s ]
INFO: [ template_filter ] --END-- [ RunTime:0.000350s ]
INFO: Run Behavior\ParseTemplate [ RunTime:0.014566s ]
INFO: [ view_parse ] --END-- [ RunTime:0.014795s ]
INFO: [ view_filter ] --START--
INFO: Run Behavior\WriteHtmlCache [ RunTime:0.000842s ]
INFO: [ view_filter ] --END-- [ RunTime:0.001045s ]
INFO: [ app_end ] --START--
INFO: Run Behavior\ShowPageTrace [ RunTime:0.001085s ]
INFO: [ app_end ] --END-- [ RunTime:0.001290s ]

[ 2017-03-21T21:06:25+08:00 ] ::1 /dayi/blog-peixunjingtai/index.php/Admin/index/index.html
INFO: [ app_begin ] --START--
INFO: Run Behavior\ReadHtmlCache [ RunTime:0.001127s ]
INFO: [ app_begin ] --END-- [ RunTime:0.002663s ]
INFO: [ view_parse ] --START--
INFO: [ template_filter ] --START--
INFO: Run Behavior\ContentReplace [ RunTime:0.000088s ]
INFO: [ template_filter ] --END-- [ RunTime:0.000302s ]
INFO: Run Behavior\ParseTemplate [ RunTime:0.011193s ]
INFO: [ view_parse ] --END-- [ RunTime:0.011398s ]
INFO: [ view_filter ] --START--
INFO: Run Behavior\WriteHtmlCache [ RunTime:0.001330s ]
INFO: [ view_filter ] --END-- [ RunTime:0.001596s ]
INFO: [ app_end ] --START--
INFO: Run Behavior\ShowPageTrace [ RunTime:0.000979s ]
INFO: [ app_end ] --END-- [ RunTime:0.001163s ]

[ 2017-03-21T21:06:26+08:00 ] ::1 /dayi/blog-peixunjingtai/index.php?Home/index/index
INFO: [ app_begin ] --START--
INFO: Run Behavior\ReadHtmlCache [ RunTime:0.000855s ]
INFO: [ app_begin ] --END-- [ RunTime:0.001594s ]
INFO: [ view_parse ] --START--
INFO: [ template_filter ] --START--
INFO: Run Behavior\ContentReplace [ RunTime:0.000179s ]
INFO: [ template_filter ] --END-- [ RunTime:0.000521s ]
INFO: Run Behavior\ParseTemplate [ RunTime:0.015559s ]
INFO: [ view_parse ] --END-- [ RunTime:0.015892s ]
INFO: [ view_filter ] --START--
INFO: Run Behavior\WriteHtmlCache [ RunTime:0.000865s ]
INFO: [ view_filter ] --END-- [ RunTime:0.001043s ]
INFO: [ app_end ] --START--
INFO: Run Behavior\ShowPageTrace [ RunTime:0.001131s ]
INFO: [ app_end ] --END-- [ RunTime:0.001343s ]

[ 2017-03-21T21:06:27+08:00 ] ::1 /dayi/blog-peixunjingtai/index.php/Admin/index/index.html
INFO: [ app_begin ] --START--
INFO: Run Behavior\ReadHtmlCache [ RunTime:0.000971s ]
INFO: [ app_begin ] --END-- [ RunTime:0.001693s ]
INFO: [ view_parse ] --START--
INFO: [ template_filter ] --START--
INFO: Run Behavior\ContentReplace [ RunTime:0.000087s ]
INFO: [ template_filter ] --END-- [ RunTime:0.000271s ]
INFO: Run Behavior\ParseTemplate [ RunTime:0.013212s ]
INFO: [ view_parse ] --END-- [ RunTime:0.013393s ]
INFO: [ view_filter ] --START--
INFO: Run Behavior\WriteHtmlCache [ RunTime:0.000762s ]
INFO: [ view_filter ] --END-- [ RunTime:0.000924s ]
INFO: [ app_end ] --START--
INFO: Run Behavior\ShowPageTrace [ RunTime:0.000929s ]
INFO: [ app_end ] --END-- [ RunTime:0.001097s ]

[ 2017-03-21T21:06:29+08:00 ] ::1 /dayi/blog-peixunjingtai/index.php/Admin/index/user.html
INFO: [ app_begin ] --START--
INFO: Run Behavior\ReadHtmlCache [ RunTime:0.000952s ]
INFO: [ app_begin ] --END-- [ RunTime:0.001637s ]
INFO: [ view_parse ] --START--
INFO: [ template_filter ] --START--
INFO: Run Behavior\ContentReplace [ RunTime:0.000100s ]
INFO: [ template_filter ] --END-- [ RunTime:0.000294s ]
INFO: Run Behavior\ParseTemplate [ RunTime:0.011956s ]
INFO: [ view_parse ] --END-- [ RunTime:0.012135s ]
INFO: [ view_filter ] --START--
INFO: Run Behavior\WriteHtmlCache [ RunTime:0.000651s ]
INFO: [ view_filter ] --END-- [ RunTime:0.000808s ]
INFO: [ app_end ] --START--
INFO: Run Behavior\ShowPageTrace [ RunTime:0.000856s ]
INFO: [ app_end ] --END-- [ RunTime:0.001042s ]

[ 2017-03-21T21:06:30+08:00 ] ::1 /dayi/blog-peixunjingtai/index.php?Home/index/index
INFO: [ app_begin ] --START--
INFO: Run Behavior\ReadHtmlCache [ RunTime:0.000890s ]
INFO: [ app_begin ] --END-- [ RunTime:0.001634s ]
INFO: [ view_parse ] --START--
INFO: [ template_filter ] --START--
INFO: Run Behavior\ContentReplace [ RunTime:0.000115s ]
INFO: [ template_filter ] --END-- [ RunTime:0.000296s ]
INFO: Run Behavior\ParseTemplate [ RunTime:0.013971s ]
INFO: [ view_parse ] --END-- [ RunTime:0.014164s ]
INFO: [ view_filter ] --START--
INFO: Run Behavior\WriteHtmlCache [ RunTime:0.000767s ]
INFO: [ view_filter ] --END-- [ RunTime:0.000925s ]
INFO: [ app_end ] --START--
INFO: Run Behavior\ShowPageTrace [ RunTime:0.000885s ]
INFO: [ app_end ] --END-- [ RunTime:0.001048s ]

[ 2017-03-21T21:06:33+08:00 ] ::1 /dayi/blog-peixunjingtai/index.php/Admin/index/index.html
INFO: [ app_begin ] --START--
INFO: Run Behavior\ReadHtmlCache [ RunTime:0.001069s ]
INFO: [ app_begin ] --END-- [ RunTime:0.001874s ]
INFO: [ view_parse ] --START--
INFO: [ template_filter ] --START--
INFO: Run Behavior\ContentReplace [ RunTime:0.000116s ]
INFO: [ template_filter ] --END-- [ RunTime:0.000339s ]
INFO: Run Behavior\ParseTemplate [ RunTime:0.013755s ]
INFO: [ view_parse ] --END-- [ RunTime:0.013975s ]
INFO: [ view_filter ] --START--
INFO: Run Behavior\WriteHtmlCache [ RunTime:0.000789s ]
INFO: [ view_filter ] --END-- [ RunTime:0.000979s ]
INFO: [ app_end ] --START--
INFO: Run Behavior\ShowPageTrace [ RunTime:0.000979s ]
INFO: [ app_end ] --END-- [ RunTime:0.001180s ]

[ 2017-03-21T21:06:34+08:00 ] ::1 /dayi/blog-peixunjingtai/index.php/Admin/index/index.html
INFO: [ app_begin ] --START--
INFO: Run Behavior\ReadHtmlCache [ RunTime:0.001092s ]
INFO: [ app_begin ] --END-- [ RunTime:0.001951s ]
INFO: [ view_parse ] --START--
INFO: [ template_filter ] --START--
INFO: Run Behavior\ContentReplace [ RunTime:0.000108s ]
INFO: [ template_filter ] --END-- [ RunTime:0.000336s ]
INFO: Run Behavior\ParseTemplate [ RunTime:0.013002s ]
INFO: [ view_parse ] --END-- [ RunTime:0.013219s ]
INFO: [ view_filter ] --START--
INFO: Run Behavior\WriteHtmlCache [ RunTime:0.000833s ]
INFO: [ view_filter ] --END-- [ RunTime:0.001032s ]
INFO: [ app_end ] --START--
INFO: Run Behavior\ShowPageTrace [ RunTime:0.001083s ]
INFO: [ app_end ] --END-- [ RunTime:0.001289s ]

[ 2017-03-21T21:06:34+08:00 ] ::1 /dayi/blog-peixunjingtai/index.php/Admin/index/user.html
INFO: [ app_begin ] --START--
INFO: Run Behavior\ReadHtmlCache [ RunTime:0.001767s ]
INFO: [ app_begin ] --END-- [ RunTime:0.003917s ]
INFO: [ view_parse ] --START--
INFO: [ template_filter ] --START--
INFO: Run Behavior\ContentReplace [ RunTime:0.000167s ]
INFO: [ template_filter ] --END-- [ RunTime:0.000461s ]
INFO: Run Behavior\ParseTemplate [ RunTime:0.013597s ]
INFO: [ view_parse ] --END-- [ RunTime:0.013801s ]
INFO: [ view_filter ] --START--
INFO: Run Behavior\WriteHtmlCache [ RunTime:0.001160s ]
INFO: [ view_filter ] --END-- [ RunTime:0.001442s ]
INFO: [ app_end ] --START--
INFO: Run Behavior\ShowPageTrace [ RunTime:0.000923s ]
INFO: [ app_end ] --END-- [ RunTime:0.001094s ]

[ 2017-03-21T21:06:34+08:00 ] ::1 /dayi/blog-peixunjingtai/index.php?Home/index/index
INFO: [ app_begin ] --START--
INFO: Run Behavior\ReadHtmlCache [ RunTime:0.001131s ]
INFO: [ app_begin ] --END-- [ RunTime:0.001969s ]
INFO: [ view_parse ] --START--
INFO: [ template_filter ] --START--
INFO: Run Behavior\ContentReplace [ RunTime:0.000114s ]
INFO: [ template_filter ] --END-- [ RunTime:0.000296s ]
INFO: Run Behavior\ParseTemplate [ RunTime:0.012861s ]
INFO: [ view_parse ] --END-- [ RunTime:0.013175s ]
INFO: [ view_filter ] --START--
INFO: Run Behavior\WriteHtmlCache [ RunTime:0.002080s ]
INFO: [ view_filter ] --END-- [ RunTime:0.002609s ]
INFO: [ app_end ] --START--
INFO: Run Behavior\ShowPageTrace [ RunTime:0.001069s ]
INFO: [ app_end ] --END-- [ RunTime:0.001246s ]

[ 2017-03-21T21:06:36+08:00 ] ::1 /dayi/blog-peixunjingtai/index.php/Admin/index/index.html
INFO: [ app_begin ] --START--
INFO: Run Behavior\ReadHtmlCache [ RunTime:0.001070s ]
INFO: [ app_begin ] --END-- [ RunTime:0.001883s ]
INFO: [ view_parse ] --START--
INFO: [ template_filter ] --START--
INFO: Run Behavior\ContentReplace [ RunTime:0.000105s ]
INFO: [ template_filter ] --END-- [ RunTime:0.000328s ]
INFO: Run Behavior\ParseTemplate [ RunTime:0.013024s ]
INFO: [ view_parse ] --END-- [ RunTime:0.013337s ]
INFO: [ view_filter ] --START--
INFO: Run Behavior\WriteHtmlCache [ RunTime:0.000952s ]
INFO: [ view_filter ] --END-- [ RunTime:0.001241s ]
INFO: [ app_end ] --START--
INFO: Run Behavior\ShowPageTrace [ RunTime:0.001616s ]
INFO: [ app_end ] --END-- [ RunTime:0.001879s ]

[ 2017-03-21T21:06:37+08:00 ] ::1 /dayi/blog-peixunjingtai/index.php/Admin/Index/login.html
INFO: [ app_begin ] --START--
INFO: Run Behavior\ReadHtmlCache [ RunTime:0.001117s ]
INFO: [ app_begin ] --END-- [ RunTime:0.002438s ]
ERR: 非法操作:login

[ 2017-03-21T21:06:59+08:00 ] ::1 /dayi/blog-peixunjingtai/index.php/Admin/index/index.html
INFO: [ app_begin ] --START--
INFO: Run Behavior\ReadHtmlCache [ RunTime:0.001441s ]
INFO: [ app_begin ] --END-- [ RunTime:0.002408s ]
INFO: [ view_parse ] --START--
INFO: [ template_filter ] --START--
INFO: Run Behavior\ContentReplace [ RunTime:0.000090s ]
INFO: [ template_filter ] --END-- [ RunTime:0.000304s ]
INFO: Run Behavior\ParseTemplate [ RunTime:0.010004s ]
INFO: [ view_parse ] --END-- [ RunTime:0.010212s ]
INFO: [ view_filter ] --START--
INFO: Run Behavior\WriteHtmlCache [ RunTime:0.001490s ]
INFO: [ view_filter ] --END-- [ RunTime:0.001695s ]
INFO: [ app_end ] --START--
INFO: Run Behavior\ShowPageTrace [ RunTime:0.000945s ]
INFO: [ app_end ] --END-- [ RunTime:0.001123s ]

[ 2017-03-21T21:07:01+08:00 ] ::1 /dayi/blog-peixunjingtai/index.php/Admin/index/login.html
INFO: [ app_begin ] --START--
INFO: Run Behavior\ReadHtmlCache [ RunTime:0.001015s ]
INFO: [ app_begin ] --END-- [ RunTime:0.001818s ]
ERR: 非法操作:login

[ 2017-03-21T21:14:59+08:00 ] ::1 /dayi/blog-peixunjingtai/index.php/Admin/index/index.html
INFO: [ app_begin ] --START--
INFO: Run Behavior\ReadHtmlCache [ RunTime:0.001162s ]
INFO: [ app_begin ] --END-- [ RunTime:0.002240s ]
INFO: [ view_parse ] --START--
INFO: [ template_filter ] --START--
INFO: Run Behavior\ContentReplace [ RunTime:0.000093s ]
INFO: [ template_filter ] --END-- [ RunTime:0.000279s ]
INFO: Run Behavior\ParseTemplate [ RunTime:0.019482s ]
INFO: [ view_parse ] --END-- [ RunTime:0.019719s ]
INFO: [ view_filter ] --START--
INFO: Run Behavior\WriteHtmlCache [ RunTime:0.001561s ]
INFO: [ view_filter ] --END-- [ RunTime:0.001755s ]
INFO: [ app_end ] --START--
INFO: Run Behavior\ShowPageTrace [ RunTime:0.000888s ]
INFO: [ app_end ] --END-- [ RunTime:0.001069s ]

