[ 2017-07-24T15:33:07+08:00 ] 192.168.199.126 /blog%202/
INFO: [ app_begin ] --START--
INFO: Run Behavior\ReadHtmlCache [ RunTime:0.003897s ]
INFO: [ app_begin ] --END-- [ RunTime:0.007454s ]
NOTIC: [8192] mysql_connect(): The mysql extension is deprecated and will be removed in the future: use mysqli or PDO instead /Applications/MAMP/htdocs/blog 2/ThinkPHP/Library/Think/Db/Driver/Mysql.class.php 第 52 行.
SQL: SHOW COLUMNS FROM `blog_article_category` [ RunTime:0.007527s ]
SQL: SHOW COLUMNS FROM `blog_article_category` [ RunTime:0.007138s ]
SQL: SELECT * FROM `blog_article_category` WHERE ( `status` = 1 )  [ RunTime:0.000757s ]
SQL: SHOW COLUMNS FROM `blog_article_detail` [ RunTime:0.007534s ]
SQL: SELECT `id`,`title`,`category_id`,`create_time` FROM `blog_article_detail` WHERE ( `status` = 1 ) ORDER BY create_time desc LIMIT 6   [ RunTime:0.000885s ]
SQL: SELECT `id`,`title`,`category_id`,`create_time`,`hits` FROM `blog_article_detail` WHERE ( `status` = 1 ) ORDER BY hits desc LIMIT 6   [ RunTime:0.000832s ]
INFO: [ view_parse ] --START--
INFO: [ template_filter ] --START--
INFO: Run Behavior\ContentReplace [ RunTime:0.000050s ]
INFO: [ template_filter ] --END-- [ RunTime:0.000119s ]
INFO: Run Behavior\ParseTemplate [ RunTime:0.045316s ]
INFO: [ view_parse ] --END-- [ RunTime:0.045428s ]
INFO: [ view_filter ] --START--
INFO: Run Behavior\WriteHtmlCache [ RunTime:0.002405s ]
INFO: [ view_filter ] --END-- [ RunTime:0.002504s ]
INFO: [ app_end ] --START--
INFO: Run Behavior\ShowPageTrace [ RunTime:0.004326s ]
INFO: [ app_end ] --END-- [ RunTime:0.004456s ]

[ 2017-07-24T15:33:16+08:00 ] 192.168.199.126 /blog%202/index.php/Home/index/category/category_id/4.html
INFO: [ app_begin ] --START--
INFO: Run Behavior\ReadHtmlCache [ RunTime:0.000505s ]
INFO: [ app_begin ] --END-- [ RunTime:0.001034s ]
NOTIC: [8192] mysql_connect(): The mysql extension is deprecated and will be removed in the future: use mysqli or PDO instead /Applications/MAMP/htdocs/blog 2/ThinkPHP/Library/Think/Db/Driver/Mysql.class.php 第 52 行.
SQL: SHOW COLUMNS FROM `blog_article_category` [ RunTime:0.005566s ]
SQL: SHOW COLUMNS FROM `blog_article_category` [ RunTime:0.007502s ]
SQL: SELECT * FROM `blog_article_category` WHERE ( `status` = 1 )  [ RunTime:0.000546s ]
SQL: SHOW COLUMNS FROM `blog_article_detail` [ RunTime:0.006701s ]
NOTIC: [8] Undefined index: p /Applications/MAMP/htdocs/blog 2/HJK/Home/Model/ArticleDetailModel.class.php 第 46 行.
SQL: SELECT `id`,`title`,`content`,`create_time`,`update_time`,`hits` FROM `blog_article_detail` WHERE ( `status` = 1 ) AND ( `c_id` = 0 ) LIMIT 0,2   [ RunTime:0.000649s ]
NOTIC: [8] Undefined index: p /Applications/MAMP/htdocs/blog 2/HJK/Home/Model/ArticleDetailModel.class.php 第 61 行.
SQL: SELECT `title`,`content`,`create_time`,`update_time`,`hits` FROM `blog_article_detail` WHERE ( `status` = 1 ) AND ( `category_id` = 4 ) LIMIT 0,2   [ RunTime:0.000551s ]
NOTIC: [8] Undefined index: p /Applications/MAMP/htdocs/blog 2/HJK/Home/Model/ArticleDetailModel.class.php 第 61 行.
SQL: SELECT `title`,`content`,`create_time`,`update_time`,`hits` FROM `blog_article_detail` WHERE ( `status` = 1 ) AND ( `category_id` = 4 ) LIMIT 0,2   [ RunTime:0.000484s ]
SQL: SELECT `title`,`content`,`create_time`,`update_time`,`hits` FROM `blog_article_detail` WHERE ( `status` = 1 ) AND ( `category_id` = 4 )  [ RunTime:0.000539s ]
SQL: SELECT `id`,`title`,`category_id`,`create_time`,`hits` FROM `blog_article_detail` WHERE ( `status` = 1 ) ORDER BY create_time desc LIMIT 6   [ RunTime:0.000929s ]
SQL: SELECT `id`,`title`,`category_id`,`create_time`,`hits` FROM `blog_article_detail` WHERE ( `status` = 1 ) ORDER BY create_time desc  [ RunTime:0.000929s ]
INFO: [ view_parse ] --START--
INFO: [ template_filter ] --START--
INFO: Run Behavior\ContentReplace [ RunTime:0.000063s ]
INFO: [ template_filter ] --END-- [ RunTime:0.000144s ]
NOTIC: [8] Undefined index: id /Applications/MAMP/htdocs/blog 2/HJK/Runtime/Cache/Home/5f40890c856b15cde41ce2e9d4200e7c.php 第 79 行.
NOTIC: [8] Undefined index: id /Applications/MAMP/htdocs/blog 2/HJK/Runtime/Cache/Home/5f40890c856b15cde41ce2e9d4200e7c.php 第 91 行.
NOTIC: [8] Undefined index: id /Applications/MAMP/htdocs/blog 2/HJK/Runtime/Cache/Home/5f40890c856b15cde41ce2e9d4200e7c.php 第 79 行.
NOTIC: [8] Undefined index: id /Applications/MAMP/htdocs/blog 2/HJK/Runtime/Cache/Home/5f40890c856b15cde41ce2e9d4200e7c.php 第 91 行.
INFO: Run Behavior\ParseTemplate [ RunTime:0.024811s ]
INFO: [ view_parse ] --END-- [ RunTime:0.024908s ]
INFO: [ view_filter ] --START--
INFO: Run Behavior\WriteHtmlCache [ RunTime:0.000140s ]
INFO: [ view_filter ] --END-- [ RunTime:0.000192s ]
INFO: [ app_end ] --START--
INFO: Run Behavior\ShowPageTrace [ RunTime:0.000693s ]
INFO: [ app_end ] --END-- [ RunTime:0.000758s ]

[ 2017-07-24T15:33:19+08:00 ] 192.168.199.126 /blog%202/index.php/Home/index/detail.html
INFO: [ app_begin ] --START--
INFO: Run Behavior\ReadHtmlCache [ RunTime:0.000407s ]
INFO: [ app_begin ] --END-- [ RunTime:0.000726s ]
NOTIC: [8192] mysql_connect(): The mysql extension is deprecated and will be removed in the future: use mysqli or PDO instead /Applications/MAMP/htdocs/blog 2/ThinkPHP/Library/Think/Db/Driver/Mysql.class.php 第 52 行.
SQL: SHOW COLUMNS FROM `blog_article_category` [ RunTime:0.005324s ]
SQL: SHOW COLUMNS FROM `blog_article_category` [ RunTime:0.006902s ]
SQL: SELECT * FROM `blog_article_category` WHERE ( `status` = 1 )  [ RunTime:0.000464s ]
SQL: SHOW COLUMNS FROM `blog_article_detail` [ RunTime:0.006716s ]
SQL: UPDATE `blog_article_detail` SET `hits`=hits+1 WHERE ( `status` = 1 ) AND ( `id` = 0 ) [ RunTime:0.016405s ]
SQL: SELECT * FROM `blog_article_detail` WHERE ( `status` = 1 ) AND ( `id` = 0 )  [ RunTime:0.000891s ]
INFO: [ view_parse ] --START--
INFO: [ template_filter ] --START--
INFO: Run Behavior\ContentReplace [ RunTime:0.000043s ]
INFO: [ template_filter ] --END-- [ RunTime:0.000117s ]
INFO: Run Behavior\ParseTemplate [ RunTime:0.021874s ]
INFO: [ view_parse ] --END-- [ RunTime:0.021994s ]
INFO: [ view_filter ] --START--
INFO: Run Behavior\WriteHtmlCache [ RunTime:0.000230s ]
INFO: [ view_filter ] --END-- [ RunTime:0.000317s ]
INFO: [ app_end ] --START--
INFO: Run Behavior\ShowPageTrace [ RunTime:0.000753s ]
INFO: [ app_end ] --END-- [ RunTime:0.000844s ]

