[ 2017-05-12T20:28:50+08:00 ] ::1 /blog%202/
INFO: [ app_begin ] --START--
INFO: Run Behavior\ReadHtmlCache [ RunTime:0.004180s ]
INFO: [ app_begin ] --END-- [ RunTime:0.007732s ]
NOTIC: [8192] mysql_connect(): The mysql extension is deprecated and will be removed in the future: use mysqli or PDO instead /Applications/MAMP/htdocs/blog 2/ThinkPHP/Library/Think/Db/Driver/Mysql.class.php 第 52 行.
SQL: SHOW COLUMNS FROM `blog_article_category` [ RunTime:0.016195s ]
SQL: SHOW COLUMNS FROM `blog_article_category` [ RunTime:0.010827s ]
SQL: SELECT * FROM `blog_article_category` WHERE ( `status` = 1 )  [ RunTime:0.001160s ]
SQL: SHOW COLUMNS FROM `blog_article_detail` [ RunTime:0.012256s ]
SQL: SELECT `id`,`title`,`category_id`,`create_time` FROM `blog_article_detail` WHERE ( `status` = 1 ) ORDER BY create_time desc LIMIT 6   [ RunTime:0.003414s ]
SQL: SELECT `id`,`title`,`category_id`,`create_time`,`hits` FROM `blog_article_detail` WHERE ( `status` = 1 ) ORDER BY hits desc LIMIT 6   [ RunTime:0.000734s ]
INFO: [ view_parse ] --START--
INFO: [ template_filter ] --START--
INFO: Run Behavior\ContentReplace [ RunTime:0.000059s ]
INFO: [ template_filter ] --END-- [ RunTime:0.000131s ]
INFO: Run Behavior\ParseTemplate [ RunTime:0.047008s ]
INFO: [ view_parse ] --END-- [ RunTime:0.047098s ]
INFO: [ view_filter ] --START--
INFO: Run Behavior\WriteHtmlCache [ RunTime:0.002264s ]
INFO: [ view_filter ] --END-- [ RunTime:0.002355s ]
INFO: [ app_end ] --START--
INFO: Run Behavior\ShowPageTrace [ RunTime:0.004033s ]
INFO: [ app_end ] --END-- [ RunTime:0.004162s ]

[ 2017-05-12T20:28:56+08:00 ] ::1 /blog%202/index.php/Home/index/detail/id/8.html
INFO: [ app_begin ] --START--
INFO: Run Behavior\ReadHtmlCache [ RunTime:0.000437s ]
INFO: [ app_begin ] --END-- [ RunTime:0.000766s ]
NOTIC: [8192] mysql_connect(): The mysql extension is deprecated and will be removed in the future: use mysqli or PDO instead /Applications/MAMP/htdocs/blog 2/ThinkPHP/Library/Think/Db/Driver/Mysql.class.php 第 52 行.
SQL: SHOW COLUMNS FROM `blog_article_category` [ RunTime:0.007178s ]
SQL: SHOW COLUMNS FROM `blog_article_category` [ RunTime:0.012041s ]
SQL: SELECT * FROM `blog_article_category` WHERE ( `status` = 1 )  [ RunTime:0.000510s ]
SQL: SHOW COLUMNS FROM `blog_article_detail` [ RunTime:0.004920s ]
SQL: UPDATE `blog_article_detail` SET `hits`=hits+1 WHERE ( `status` = 1 ) AND ( `id` = 8 ) [ RunTime:0.002699s ]
SQL: SELECT * FROM `blog_article_detail` WHERE ( `status` = 1 ) AND ( `id` = 8 )  [ RunTime:0.000512s ]
INFO: [ view_parse ] --START--
INFO: [ template_filter ] --START--
INFO: Run Behavior\ContentReplace [ RunTime:0.000042s ]
INFO: [ template_filter ] --END-- [ RunTime:0.000110s ]
INFO: Run Behavior\ParseTemplate [ RunTime:0.015273s ]
INFO: [ view_parse ] --END-- [ RunTime:0.015340s ]
INFO: [ view_filter ] --START--
INFO: Run Behavior\WriteHtmlCache [ RunTime:0.000146s ]
INFO: [ view_filter ] --END-- [ RunTime:0.000200s ]
INFO: [ app_end ] --START--
INFO: Run Behavior\ShowPageTrace [ RunTime:0.000873s ]
INFO: [ app_end ] --END-- [ RunTime:0.000999s ]

[ 2017-05-12T20:28:59+08:00 ] ::1 /blog%202/index.php/Home/index/category/category_id/9.html
INFO: [ app_begin ] --START--
INFO: Run Behavior\ReadHtmlCache [ RunTime:0.000408s ]
INFO: [ app_begin ] --END-- [ RunTime:0.000728s ]
NOTIC: [8192] mysql_connect(): The mysql extension is deprecated and will be removed in the future: use mysqli or PDO instead /Applications/MAMP/htdocs/blog 2/ThinkPHP/Library/Think/Db/Driver/Mysql.class.php 第 52 行.
SQL: SHOW COLUMNS FROM `blog_article_category` [ RunTime:0.008268s ]
SQL: SHOW COLUMNS FROM `blog_article_category` [ RunTime:0.011203s ]
SQL: SELECT * FROM `blog_article_category` WHERE ( `status` = 1 )  [ RunTime:0.000562s ]
SQL: SHOW COLUMNS FROM `blog_article_detail` [ RunTime:0.009157s ]
NOTIC: [8] Undefined index: p /Applications/MAMP/htdocs/blog 2/HJK/Home/Model/ArticleDetailModel.class.php 第 46 行.
SQL: SELECT `id`,`title`,`content`,`create_time`,`update_time`,`hits` FROM `blog_article_detail` WHERE ( `status` = 1 ) AND ( `c_id` = 0 ) LIMIT 0,2   [ RunTime:0.000741s ]
NOTIC: [8] Undefined index: p /Applications/MAMP/htdocs/blog 2/HJK/Home/Model/ArticleDetailModel.class.php 第 61 行.
SQL: SELECT `title`,`content`,`create_time`,`update_time`,`hits` FROM `blog_article_detail` WHERE ( `status` = 1 ) AND ( `category_id` = 9 ) LIMIT 0,2   [ RunTime:0.000859s ]
NOTIC: [8] Undefined index: p /Applications/MAMP/htdocs/blog 2/HJK/Home/Model/ArticleDetailModel.class.php 第 61 行.
SQL: SELECT `title`,`content`,`create_time`,`update_time`,`hits` FROM `blog_article_detail` WHERE ( `status` = 1 ) AND ( `category_id` = 9 ) LIMIT 0,2   [ RunTime:0.000501s ]
SQL: SELECT `title`,`content`,`create_time`,`update_time`,`hits` FROM `blog_article_detail` WHERE ( `status` = 1 ) AND ( `category_id` = 9 )  [ RunTime:0.000493s ]
SQL: SELECT `id`,`title`,`category_id`,`create_time`,`hits` FROM `blog_article_detail` WHERE ( `status` = 1 ) ORDER BY create_time desc LIMIT 6   [ RunTime:0.000638s ]
SQL: SELECT `id`,`title`,`category_id`,`create_time`,`hits` FROM `blog_article_detail` WHERE ( `status` = 1 ) ORDER BY create_time desc  [ RunTime:0.000652s ]
INFO: [ view_parse ] --START--
INFO: [ template_filter ] --START--
INFO: Run Behavior\ContentReplace [ RunTime:0.000051s ]
INFO: [ template_filter ] --END-- [ RunTime:0.000124s ]
NOTIC: [8] Undefined index: id /Applications/MAMP/htdocs/blog 2/HJK/Runtime/Cache/Home/5f40890c856b15cde41ce2e9d4200e7c.php 第 79 行.
NOTIC: [8] Undefined index: id /Applications/MAMP/htdocs/blog 2/HJK/Runtime/Cache/Home/5f40890c856b15cde41ce2e9d4200e7c.php 第 91 行.
NOTIC: [8] Undefined index: id /Applications/MAMP/htdocs/blog 2/HJK/Runtime/Cache/Home/5f40890c856b15cde41ce2e9d4200e7c.php 第 79 行.
NOTIC: [8] Undefined index: id /Applications/MAMP/htdocs/blog 2/HJK/Runtime/Cache/Home/5f40890c856b15cde41ce2e9d4200e7c.php 第 91 行.
INFO: Run Behavior\ParseTemplate [ RunTime:0.019797s ]
INFO: [ view_parse ] --END-- [ RunTime:0.019868s ]
INFO: [ view_filter ] --START--
INFO: Run Behavior\WriteHtmlCache [ RunTime:0.000193s ]
INFO: [ view_filter ] --END-- [ RunTime:0.000256s ]
INFO: [ app_end ] --START--
INFO: Run Behavior\ShowPageTrace [ RunTime:0.001275s ]
INFO: [ app_end ] --END-- [ RunTime:0.001456s ]

[ 2017-05-12T20:29:09+08:00 ] ::1 /blog%202/index.php/Home/index/category/c_id/1.html
INFO: [ app_begin ] --START--
INFO: Run Behavior\ReadHtmlCache [ RunTime:0.000443s ]
INFO: [ app_begin ] --END-- [ RunTime:0.000771s ]
NOTIC: [8192] mysql_connect(): The mysql extension is deprecated and will be removed in the future: use mysqli or PDO instead /Applications/MAMP/htdocs/blog 2/ThinkPHP/Library/Think/Db/Driver/Mysql.class.php 第 52 行.
SQL: SHOW COLUMNS FROM `blog_article_category` [ RunTime:0.007797s ]
SQL: SHOW COLUMNS FROM `blog_article_category` [ RunTime:0.009114s ]
SQL: SELECT * FROM `blog_article_category` WHERE ( `status` = 1 )  [ RunTime:0.000488s ]
SQL: SHOW COLUMNS FROM `blog_article_detail` [ RunTime:0.007271s ]
NOTIC: [8] Undefined index: p /Applications/MAMP/htdocs/blog 2/HJK/Home/Model/ArticleDetailModel.class.php 第 46 行.
SQL: SELECT `id`,`title`,`content`,`create_time`,`update_time`,`hits` FROM `blog_article_detail` WHERE ( `status` = 1 ) AND ( `c_id` = 1 ) LIMIT 0,2   [ RunTime:0.000610s ]
NOTIC: [8] Undefined index: p /Applications/MAMP/htdocs/blog 2/HJK/Home/Model/ArticleDetailModel.class.php 第 61 行.
SQL: SELECT `title`,`content`,`create_time`,`update_time`,`hits` FROM `blog_article_detail` WHERE ( `status` = 1 ) AND ( `category_id` = 0 ) LIMIT 0,2   [ RunTime:0.000503s ]
NOTIC: [8] Undefined index: p /Applications/MAMP/htdocs/blog 2/HJK/Home/Model/ArticleDetailModel.class.php 第 46 行.
SQL: SELECT `id`,`title`,`content`,`create_time`,`update_time`,`hits` FROM `blog_article_detail` WHERE ( `status` = 1 ) AND ( `c_id` = 1 ) LIMIT 0,2   [ RunTime:0.000472s ]
SQL: SELECT `title`,`content`,`create_time`,`update_time`,`hits` FROM `blog_article_detail` WHERE ( `status` = 1 ) AND ( `c_id` = 1 )  [ RunTime:0.000439s ]
SQL: SELECT `id`,`title`,`category_id`,`create_time`,`hits` FROM `blog_article_detail` WHERE ( `status` = 1 ) ORDER BY create_time desc LIMIT 6   [ RunTime:0.000595s ]
SQL: SELECT `id`,`title`,`category_id`,`create_time`,`hits` FROM `blog_article_detail` WHERE ( `status` = 1 ) ORDER BY create_time desc  [ RunTime:0.000538s ]
INFO: [ view_parse ] --START--
INFO: [ template_filter ] --START--
INFO: Run Behavior\ContentReplace [ RunTime:0.000047s ]
INFO: [ template_filter ] --END-- [ RunTime:0.000115s ]
INFO: Run Behavior\ParseTemplate [ RunTime:0.017574s ]
INFO: [ view_parse ] --END-- [ RunTime:0.017640s ]
INFO: [ view_filter ] --START--
INFO: Run Behavior\WriteHtmlCache [ RunTime:0.000174s ]
INFO: [ view_filter ] --END-- [ RunTime:0.000228s ]
INFO: [ app_end ] --START--
INFO: Run Behavior\ShowPageTrace [ RunTime:0.000788s ]
INFO: [ app_end ] --END-- [ RunTime:0.000885s ]

[ 2017-05-12T20:29:11+08:00 ] ::1 /blog%202/index.php/Home/index/index.html
INFO: [ app_begin ] --START--
INFO: Run Behavior\ReadHtmlCache [ RunTime:0.000413s ]
INFO: [ app_begin ] --END-- [ RunTime:0.000736s ]
NOTIC: [8192] mysql_connect(): The mysql extension is deprecated and will be removed in the future: use mysqli or PDO instead /Applications/MAMP/htdocs/blog 2/ThinkPHP/Library/Think/Db/Driver/Mysql.class.php 第 52 行.
SQL: SHOW COLUMNS FROM `blog_article_category` [ RunTime:0.007665s ]
SQL: SHOW COLUMNS FROM `blog_article_category` [ RunTime:0.011089s ]
SQL: SELECT * FROM `blog_article_category` WHERE ( `status` = 1 )  [ RunTime:0.000805s ]
SQL: SHOW COLUMNS FROM `blog_article_detail` [ RunTime:0.008046s ]
SQL: SELECT `id`,`title`,`category_id`,`create_time` FROM `blog_article_detail` WHERE ( `status` = 1 ) ORDER BY create_time desc LIMIT 6   [ RunTime:0.000683s ]
SQL: SELECT `id`,`title`,`category_id`,`create_time`,`hits` FROM `blog_article_detail` WHERE ( `status` = 1 ) ORDER BY hits desc LIMIT 6   [ RunTime:0.000660s ]
INFO: [ view_parse ] --START--
INFO: [ template_filter ] --START--
INFO: Run Behavior\ContentReplace [ RunTime:0.000052s ]
INFO: [ template_filter ] --END-- [ RunTime:0.000124s ]
INFO: Run Behavior\ParseTemplate [ RunTime:0.018697s ]
INFO: [ view_parse ] --END-- [ RunTime:0.018777s ]
INFO: [ view_filter ] --START--
INFO: Run Behavior\WriteHtmlCache [ RunTime:0.000135s ]
INFO: [ view_filter ] --END-- [ RunTime:0.000199s ]
INFO: [ app_end ] --START--
INFO: Run Behavior\ShowPageTrace [ RunTime:0.000847s ]
INFO: [ app_end ] --END-- [ RunTime:0.000995s ]

