[ 2017-04-09T17:59:08+08:00 ] ::1 /blog/
INFO: [ app_begin ] --START--
INFO: Run Behavior\ReadHtmlCache [ RunTime:0.001555s ]
INFO: [ app_begin ] --END-- [ RunTime:0.005695s ]
NOTIC: [8192] mysql_connect(): The mysql extension is deprecated and will be removed in the future: use mysqli or PDO instead C:\wamp64\www\blog\ThinkPHP\Library\Think\Db\Driver\Mysql.class.php 第 52 行.
SQL: SHOW COLUMNS FROM `blog_article_category` [ RunTime:0.024840s ]
SQL: SHOW COLUMNS FROM `blog_article_category` [ RunTime:0.000884s ]
SQL: SELECT * FROM `blog_article_category` WHERE ( `status` = 1 )  [ RunTime:0.006015s ]
SQL: SHOW COLUMNS FROM `blog_article_detail` [ RunTime:0.003395s ]
SQL: SELECT `id`,`title`,`category_id`,`create_time` FROM `blog_article_detail` WHERE ( `status` = 1 ) ORDER BY create_time desc LIMIT 6   [ RunTime:0.001010s ]
INFO: [ view_parse ] --START--
INFO: [ template_filter ] --START--
INFO: Run Behavior\ContentReplace [ RunTime:0.000094s ]
INFO: [ template_filter ] --END-- [ RunTime:0.000300s ]
INFO: Run Behavior\ParseTemplate [ RunTime:0.023859s ]
INFO: [ view_parse ] --END-- [ RunTime:0.024026s ]
INFO: [ view_filter ] --START--
INFO: Run Behavior\WriteHtmlCache [ RunTime:0.000985s ]
INFO: [ view_filter ] --END-- [ RunTime:0.001120s ]
INFO: [ app_end ] --START--
INFO: Run Behavior\ShowPageTrace [ RunTime:0.002320s ]
INFO: [ app_end ] --END-- [ RunTime:0.002445s ]

[ 2017-04-09T19:05:17+08:00 ] ::1 /blog/
INFO: [ app_begin ] --START--
INFO: Run Behavior\ReadHtmlCache [ RunTime:0.001114s ]
INFO: [ app_begin ] --END-- [ RunTime:0.002008s ]
NOTIC: [8192] mysql_connect(): The mysql extension is deprecated and will be removed in the future: use mysqli or PDO instead C:\wamp64\www\blog\ThinkPHP\Library\Think\Db\Driver\Mysql.class.php 第 52 行.
SQL: SHOW COLUMNS FROM `blog_article_category` [ RunTime:0.004433s ]
SQL: SHOW COLUMNS FROM `blog_article_category` [ RunTime:0.000634s ]
SQL: SELECT * FROM `blog_article_category` WHERE ( `status` = 1 )  [ RunTime:0.000277s ]
SQL: SHOW COLUMNS FROM `blog_article_detail` [ RunTime:0.003537s ]
SQL: SELECT `id`,`title`,`category_id`,`create_time` FROM `blog_article_detail` WHERE ( `status` = 1 ) ORDER BY create_time desc LIMIT 6   [ RunTime:0.000438s ]
SQL: SELECT `id`,`title`,`category_id`,`create_time`,`hits` FROM `blog_article_detail` WHERE ( `status` = 1 ) ORDER BY hits desc LIMIT 6   [ RunTime:0.000360s ]
INFO: [ view_parse ] --START--
INFO: [ template_filter ] --START--
INFO: Run Behavior\ContentReplace [ RunTime:0.000181s ]
INFO: [ template_filter ] --END-- [ RunTime:0.000437s ]
NOTIC: [8] Undefined variable: hot_article C:\wamp64\www\blog\HJK\Runtime\Cache\Home\8a23e7b75b0f5a8ae2da51c82a75a3c6.php 第 164 行.
INFO: Run Behavior\ParseTemplate [ RunTime:0.024515s ]
INFO: [ view_parse ] --END-- [ RunTime:0.024658s ]
INFO: [ view_filter ] --START--
INFO: Run Behavior\WriteHtmlCache [ RunTime:0.001057s ]
INFO: [ view_filter ] --END-- [ RunTime:0.001197s ]
INFO: [ app_end ] --START--
INFO: Run Behavior\ShowPageTrace [ RunTime:0.001474s ]
INFO: [ app_end ] --END-- [ RunTime:0.001604s ]

[ 2017-04-09T19:05:19+08:00 ] ::1 /blog/
INFO: [ app_begin ] --START--
INFO: Run Behavior\ReadHtmlCache [ RunTime:0.001230s ]
INFO: [ app_begin ] --END-- [ RunTime:0.001914s ]
NOTIC: [8192] mysql_connect(): The mysql extension is deprecated and will be removed in the future: use mysqli or PDO instead C:\wamp64\www\blog\ThinkPHP\Library\Think\Db\Driver\Mysql.class.php 第 52 行.
SQL: SHOW COLUMNS FROM `blog_article_category` [ RunTime:0.003519s ]
SQL: SHOW COLUMNS FROM `blog_article_category` [ RunTime:0.000663s ]
SQL: SELECT * FROM `blog_article_category` WHERE ( `status` = 1 )  [ RunTime:0.000457s ]
SQL: SHOW COLUMNS FROM `blog_article_detail` [ RunTime:0.003939s ]
SQL: SELECT `id`,`title`,`category_id`,`create_time` FROM `blog_article_detail` WHERE ( `status` = 1 ) ORDER BY create_time desc LIMIT 6   [ RunTime:0.000493s ]
SQL: SELECT `id`,`title`,`category_id`,`create_time`,`hits` FROM `blog_article_detail` WHERE ( `status` = 1 ) ORDER BY hits desc LIMIT 6   [ RunTime:0.000426s ]
INFO: [ view_parse ] --START--
INFO: [ template_filter ] --START--
INFO: Run Behavior\ContentReplace [ RunTime:0.000141s ]
INFO: [ template_filter ] --END-- [ RunTime:0.000370s ]
NOTIC: [8] Undefined variable: hot_article C:\wamp64\www\blog\HJK\Runtime\Cache\Home\8a23e7b75b0f5a8ae2da51c82a75a3c6.php 第 164 行.
INFO: Run Behavior\ParseTemplate [ RunTime:0.031046s ]
INFO: [ view_parse ] --END-- [ RunTime:0.031288s ]
INFO: [ view_filter ] --START--
INFO: Run Behavior\WriteHtmlCache [ RunTime:0.001100s ]
INFO: [ view_filter ] --END-- [ RunTime:0.001308s ]
INFO: [ app_end ] --START--
INFO: Run Behavior\ShowPageTrace [ RunTime:0.000990s ]
INFO: [ app_end ] --END-- [ RunTime:0.001130s ]

[ 2017-04-09T19:06:16+08:00 ] ::1 /blog/
INFO: [ app_begin ] --START--
INFO: Run Behavior\ReadHtmlCache [ RunTime:0.000565s ]
INFO: [ app_begin ] --END-- [ RunTime:0.000992s ]
NOTIC: [8192] mysql_connect(): The mysql extension is deprecated and will be removed in the future: use mysqli or PDO instead C:\wamp64\www\blog\ThinkPHP\Library\Think\Db\Driver\Mysql.class.php 第 52 行.
SQL: SHOW COLUMNS FROM `blog_article_category` [ RunTime:0.002589s ]
SQL: SHOW COLUMNS FROM `blog_article_category` [ RunTime:0.000585s ]
SQL: SELECT * FROM `blog_article_category` WHERE ( `status` = 1 )  [ RunTime:0.000373s ]
SQL: SHOW COLUMNS FROM `blog_article_detail` [ RunTime:0.002464s ]
SQL: SELECT `id`,`title`,`category_id`,`create_time` FROM `blog_article_detail` WHERE ( `status` = 1 ) ORDER BY create_time desc LIMIT 6   [ RunTime:0.000408s ]
SQL: SELECT `id`,`title`,`category_id`,`create_time`,`hits` FROM `blog_article_detail` WHERE ( `status` = 1 ) ORDER BY hits desc LIMIT 6   [ RunTime:0.000359s ]
INFO: [ view_parse ] --START--
INFO: [ template_filter ] --START--
INFO: Run Behavior\ContentReplace [ RunTime:0.000084s ]
INFO: [ template_filter ] --END-- [ RunTime:0.000231s ]
NOTIC: [8] Undefined variable: hot_article C:\wamp64\www\blog\HJK\Runtime\Cache\Home\8a23e7b75b0f5a8ae2da51c82a75a3c6.php 第 164 行.
INFO: Run Behavior\ParseTemplate [ RunTime:0.018243s ]
INFO: [ view_parse ] --END-- [ RunTime:0.018388s ]
INFO: [ view_filter ] --START--
INFO: Run Behavior\WriteHtmlCache [ RunTime:0.000709s ]
INFO: [ view_filter ] --END-- [ RunTime:0.000845s ]
INFO: [ app_end ] --START--
INFO: Run Behavior\ShowPageTrace [ RunTime:0.000861s ]
INFO: [ app_end ] --END-- [ RunTime:0.000988s ]

[ 2017-04-09T19:06:17+08:00 ] ::1 /blog/
INFO: [ app_begin ] --START--
INFO: Run Behavior\ReadHtmlCache [ RunTime:0.000794s ]
INFO: [ app_begin ] --END-- [ RunTime:0.001396s ]
NOTIC: [8192] mysql_connect(): The mysql extension is deprecated and will be removed in the future: use mysqli or PDO instead C:\wamp64\www\blog\ThinkPHP\Library\Think\Db\Driver\Mysql.class.php 第 52 行.
SQL: SHOW COLUMNS FROM `blog_article_category` [ RunTime:0.003275s ]
SQL: SHOW COLUMNS FROM `blog_article_category` [ RunTime:0.000496s ]
SQL: SELECT * FROM `blog_article_category` WHERE ( `status` = 1 )  [ RunTime:0.000227s ]
SQL: SHOW COLUMNS FROM `blog_article_detail` [ RunTime:0.002520s ]
SQL: SELECT `id`,`title`,`category_id`,`create_time` FROM `blog_article_detail` WHERE ( `status` = 1 ) ORDER BY create_time desc LIMIT 6   [ RunTime:0.000293s ]
SQL: SELECT `id`,`title`,`category_id`,`create_time`,`hits` FROM `blog_article_detail` WHERE ( `status` = 1 ) ORDER BY hits desc LIMIT 6   [ RunTime:0.000230s ]
INFO: [ view_parse ] --START--
INFO: [ template_filter ] --START--
INFO: Run Behavior\ContentReplace [ RunTime:0.000086s ]
INFO: [ template_filter ] --END-- [ RunTime:0.000252s ]
NOTIC: [8] Undefined variable: hot_article C:\wamp64\www\blog\HJK\Runtime\Cache\Home\8a23e7b75b0f5a8ae2da51c82a75a3c6.php 第 164 行.
INFO: Run Behavior\ParseTemplate [ RunTime:0.020985s ]
INFO: [ view_parse ] --END-- [ RunTime:0.021144s ]
INFO: [ view_filter ] --START--
INFO: Run Behavior\WriteHtmlCache [ RunTime:0.000836s ]
INFO: [ view_filter ] --END-- [ RunTime:0.000986s ]
INFO: [ app_end ] --START--
INFO: Run Behavior\ShowPageTrace [ RunTime:0.000906s ]
INFO: [ app_end ] --END-- [ RunTime:0.001040s ]

[ 2017-04-09T19:06:17+08:00 ] ::1 /blog/
INFO: [ app_begin ] --START--
INFO: Run Behavior\ReadHtmlCache [ RunTime:0.000576s ]
INFO: [ app_begin ] --END-- [ RunTime:0.000992s ]
NOTIC: [8192] mysql_connect(): The mysql extension is deprecated and will be removed in the future: use mysqli or PDO instead C:\wamp64\www\blog\ThinkPHP\Library\Think\Db\Driver\Mysql.class.php 第 52 行.
SQL: SHOW COLUMNS FROM `blog_article_category` [ RunTime:0.002299s ]
SQL: SHOW COLUMNS FROM `blog_article_category` [ RunTime:0.001532s ]
SQL: SELECT * FROM `blog_article_category` WHERE ( `status` = 1 )  [ RunTime:0.000257s ]
SQL: SHOW COLUMNS FROM `blog_article_detail` [ RunTime:0.002269s ]
SQL: SELECT `id`,`title`,`category_id`,`create_time` FROM `blog_article_detail` WHERE ( `status` = 1 ) ORDER BY create_time desc LIMIT 6   [ RunTime:0.000367s ]
SQL: SELECT `id`,`title`,`category_id`,`create_time`,`hits` FROM `blog_article_detail` WHERE ( `status` = 1 ) ORDER BY hits desc LIMIT 6   [ RunTime:0.000355s ]
INFO: [ view_parse ] --START--
INFO: [ template_filter ] --START--
INFO: Run Behavior\ContentReplace [ RunTime:0.000154s ]
INFO: [ template_filter ] --END-- [ RunTime:0.000307s ]
NOTIC: [8] Undefined variable: hot_article C:\wamp64\www\blog\HJK\Runtime\Cache\Home\8a23e7b75b0f5a8ae2da51c82a75a3c6.php 第 164 行.
INFO: Run Behavior\ParseTemplate [ RunTime:0.018152s ]
INFO: [ view_parse ] --END-- [ RunTime:0.018298s ]
INFO: [ view_filter ] --START--
INFO: Run Behavior\WriteHtmlCache [ RunTime:0.000720s ]
INFO: [ view_filter ] --END-- [ RunTime:0.000858s ]
INFO: [ app_end ] --START--
INFO: Run Behavior\ShowPageTrace [ RunTime:0.001033s ]
INFO: [ app_end ] --END-- [ RunTime:0.001160s ]

[ 2017-04-09T19:06:18+08:00 ] ::1 /blog/
INFO: [ app_begin ] --START--
INFO: Run Behavior\ReadHtmlCache [ RunTime:0.000545s ]
INFO: [ app_begin ] --END-- [ RunTime:0.000947s ]
NOTIC: [8192] mysql_connect(): The mysql extension is deprecated and will be removed in the future: use mysqli or PDO instead C:\wamp64\www\blog\ThinkPHP\Library\Think\Db\Driver\Mysql.class.php 第 52 行.
SQL: SHOW COLUMNS FROM `blog_article_category` [ RunTime:0.002365s ]
SQL: SHOW COLUMNS FROM `blog_article_category` [ RunTime:0.000582s ]
SQL: SELECT * FROM `blog_article_category` WHERE ( `status` = 1 )  [ RunTime:0.000296s ]
SQL: SHOW COLUMNS FROM `blog_article_detail` [ RunTime:0.002426s ]
SQL: SELECT `id`,`title`,`category_id`,`create_time` FROM `blog_article_detail` WHERE ( `status` = 1 ) ORDER BY create_time desc LIMIT 6   [ RunTime:0.000422s ]
SQL: SELECT `id`,`title`,`category_id`,`create_time`,`hits` FROM `blog_article_detail` WHERE ( `status` = 1 ) ORDER BY hits desc LIMIT 6   [ RunTime:0.000347s ]
INFO: [ view_parse ] --START--
INFO: [ template_filter ] --START--
INFO: Run Behavior\ContentReplace [ RunTime:0.000084s ]
INFO: [ template_filter ] --END-- [ RunTime:0.000234s ]
NOTIC: [8] Undefined variable: hot_article C:\wamp64\www\blog\HJK\Runtime\Cache\Home\8a23e7b75b0f5a8ae2da51c82a75a3c6.php 第 164 行.
INFO: Run Behavior\ParseTemplate [ RunTime:0.019080s ]
INFO: [ view_parse ] --END-- [ RunTime:0.019233s ]
INFO: [ view_filter ] --START--
INFO: Run Behavior\WriteHtmlCache [ RunTime:0.000795s ]
INFO: [ view_filter ] --END-- [ RunTime:0.000935s ]
INFO: [ app_end ] --START--
INFO: Run Behavior\ShowPageTrace [ RunTime:0.000888s ]
INFO: [ app_end ] --END-- [ RunTime:0.001012s ]

[ 2017-04-09T19:06:18+08:00 ] ::1 /blog/
INFO: [ app_begin ] --START--
INFO: Run Behavior\ReadHtmlCache [ RunTime:0.000799s ]
INFO: [ app_begin ] --END-- [ RunTime:0.001421s ]
NOTIC: [8192] mysql_connect(): The mysql extension is deprecated and will be removed in the future: use mysqli or PDO instead C:\wamp64\www\blog\ThinkPHP\Library\Think\Db\Driver\Mysql.class.php 第 52 行.
SQL: SHOW COLUMNS FROM `blog_article_category` [ RunTime:0.002544s ]
SQL: SHOW COLUMNS FROM `blog_article_category` [ RunTime:0.000974s ]
SQL: SELECT * FROM `blog_article_category` WHERE ( `status` = 1 )  [ RunTime:0.000340s ]
SQL: SHOW COLUMNS FROM `blog_article_detail` [ RunTime:0.002335s ]
SQL: SELECT `id`,`title`,`category_id`,`create_time` FROM `blog_article_detail` WHERE ( `status` = 1 ) ORDER BY create_time desc LIMIT 6   [ RunTime:0.000443s ]
SQL: SELECT `id`,`title`,`category_id`,`create_time`,`hits` FROM `blog_article_detail` WHERE ( `status` = 1 ) ORDER BY hits desc LIMIT 6   [ RunTime:0.000412s ]
INFO: [ view_parse ] --START--
INFO: [ template_filter ] --START--
INFO: Run Behavior\ContentReplace [ RunTime:0.000093s ]
INFO: [ template_filter ] --END-- [ RunTime:0.000250s ]
NOTIC: [8] Undefined variable: hot_article C:\wamp64\www\blog\HJK\Runtime\Cache\Home\8a23e7b75b0f5a8ae2da51c82a75a3c6.php 第 164 行.
INFO: Run Behavior\ParseTemplate [ RunTime:0.017497s ]
INFO: [ view_parse ] --END-- [ RunTime:0.017639s ]
INFO: [ view_filter ] --START--
INFO: Run Behavior\WriteHtmlCache [ RunTime:0.000684s ]
INFO: [ view_filter ] --END-- [ RunTime:0.000819s ]
INFO: [ app_end ] --START--
INFO: Run Behavior\ShowPageTrace [ RunTime:0.000848s ]
INFO: [ app_end ] --END-- [ RunTime:0.000970s ]

[ 2017-04-09T19:07:46+08:00 ] ::1 /blog/
INFO: [ app_begin ] --START--
INFO: Run Behavior\ReadHtmlCache [ RunTime:0.000802s ]
INFO: [ app_begin ] --END-- [ RunTime:0.001331s ]
NOTIC: [8192] mysql_connect(): The mysql extension is deprecated and will be removed in the future: use mysqli or PDO instead C:\wamp64\www\blog\ThinkPHP\Library\Think\Db\Driver\Mysql.class.php 第 52 行.
SQL: SHOW COLUMNS FROM `blog_article_category` [ RunTime:0.002475s ]
SQL: SHOW COLUMNS FROM `blog_article_category` [ RunTime:0.000561s ]
SQL: SELECT * FROM `blog_article_category` WHERE ( `status` = 1 )  [ RunTime:0.000348s ]
SQL: SHOW COLUMNS FROM `blog_article_detail` [ RunTime:0.002473s ]
SQL: SELECT `id`,`title`,`category_id`,`create_time` FROM `blog_article_detail` WHERE ( `status` = 1 ) ORDER BY create_time desc LIMIT 6   [ RunTime:0.000403s ]
SQL: SELECT `id`,`title`,`category_id`,`create_time`,`hits` FROM `blog_article_detail` WHERE ( `status` = 1 ) ORDER BY hits desc LIMIT 6   [ RunTime:0.000374s ]
INFO: [ view_parse ] --START--
INFO: [ template_filter ] --START--
INFO: Run Behavior\ContentReplace [ RunTime:0.000086s ]
INFO: [ template_filter ] --END-- [ RunTime:0.000237s ]
INFO: Run Behavior\ParseTemplate [ RunTime:0.020020s ]
INFO: [ view_parse ] --END-- [ RunTime:0.020174s ]
INFO: [ view_filter ] --START--
INFO: Run Behavior\WriteHtmlCache [ RunTime:0.000708s ]
INFO: [ view_filter ] --END-- [ RunTime:0.000848s ]
INFO: [ app_end ] --START--
INFO: Run Behavior\ShowPageTrace [ RunTime:0.000823s ]
INFO: [ app_end ] --END-- [ RunTime:0.000944s ]

[ 2017-04-09T19:07:55+08:00 ] ::1 /blog/index.php/Home/index/detail/id/9.html
INFO: [ app_begin ] --START--
INFO: Run Behavior\ReadHtmlCache [ RunTime:0.000736s ]
INFO: [ app_begin ] --END-- [ RunTime:0.001200s ]
NOTIC: [8192] mysql_connect(): The mysql extension is deprecated and will be removed in the future: use mysqli or PDO instead C:\wamp64\www\blog\ThinkPHP\Library\Think\Db\Driver\Mysql.class.php 第 52 行.
SQL: SHOW COLUMNS FROM `blog_article_category` [ RunTime:0.002108s ]
SQL: SHOW COLUMNS FROM `blog_article_category` [ RunTime:0.000592s ]
SQL: SELECT * FROM `blog_article_category` WHERE ( `status` = 1 )  [ RunTime:0.000318s ]
SQL: SHOW COLUMNS FROM `blog_article_detail` [ RunTime:0.002273s ]
SQL: SELECT * FROM `blog_article_detail` WHERE ( `status` = 1 ) AND ( `id` = 9 )  [ RunTime:0.000464s ]
INFO: [ view_parse ] --START--
INFO: [ template_filter ] --START--
INFO: Run Behavior\ContentReplace [ RunTime:0.000067s ]
INFO: [ template_filter ] --END-- [ RunTime:0.000192s ]
NOTIC: [8] Undefined variable: detail C:\wamp64\www\blog\HJK\Runtime\Cache\Home\db297b5643dc233e51cf063223334793.php 第 80 行.
INFO: Run Behavior\ParseTemplate [ RunTime:0.015277s ]
INFO: [ view_parse ] --END-- [ RunTime:0.015412s ]
INFO: [ view_filter ] --START--
INFO: Run Behavior\WriteHtmlCache [ RunTime:0.000660s ]
INFO: [ view_filter ] --END-- [ RunTime:0.000777s ]
INFO: [ app_end ] --START--
INFO: Run Behavior\ShowPageTrace [ RunTime:0.000840s ]
INFO: [ app_end ] --END-- [ RunTime:0.000957s ]

[ 2017-04-09T19:08:21+08:00 ] ::1 /blog/index.php/Home/index/detail/id/9.html
INFO: [ app_begin ] --START--
INFO: Run Behavior\ReadHtmlCache [ RunTime:0.000556s ]
INFO: [ app_begin ] --END-- [ RunTime:0.000965s ]
NOTIC: [8192] mysql_connect(): The mysql extension is deprecated and will be removed in the future: use mysqli or PDO instead C:\wamp64\www\blog\ThinkPHP\Library\Think\Db\Driver\Mysql.class.php 第 52 行.
SQL: SHOW COLUMNS FROM `blog_article_category` [ RunTime:0.002412s ]
SQL: SHOW COLUMNS FROM `blog_article_category` [ RunTime:0.000568s ]
SQL: SELECT * FROM `blog_article_category` WHERE ( `status` = 1 )  [ RunTime:0.000363s ]
SQL: SHOW COLUMNS FROM `blog_article_detail` [ RunTime:0.002724s ]
SQL: SELECT * FROM `blog_article_detail` WHERE ( `status` = 1 ) AND ( `id` = 9 )  [ RunTime:0.000359s ]
INFO: [ view_parse ] --START--
INFO: [ template_filter ] --START--
INFO: Run Behavior\ContentReplace [ RunTime:0.000070s ]
INFO: [ template_filter ] --END-- [ RunTime:0.000203s ]
NOTIC: [8] Undefined variable: detail C:\wamp64\www\blog\HJK\Runtime\Cache\Home\db297b5643dc233e51cf063223334793.php 第 80 行.
INFO: Run Behavior\ParseTemplate [ RunTime:0.015606s ]
INFO: [ view_parse ] --END-- [ RunTime:0.015740s ]
INFO: [ view_filter ] --START--
INFO: Run Behavior\WriteHtmlCache [ RunTime:0.000704s ]
INFO: [ view_filter ] --END-- [ RunTime:0.000834s ]
INFO: [ app_end ] --START--
INFO: Run Behavior\ShowPageTrace [ RunTime:0.000861s ]
INFO: [ app_end ] --END-- [ RunTime:0.000986s ]

[ 2017-04-09T19:08:22+08:00 ] ::1 /blog/index.php/Home/index/detail/id/9.html
INFO: [ app_begin ] --START--
INFO: Run Behavior\ReadHtmlCache [ RunTime:0.000833s ]
INFO: [ app_begin ] --END-- [ RunTime:0.001420s ]
NOTIC: [8192] mysql_connect(): The mysql extension is deprecated and will be removed in the future: use mysqli or PDO instead C:\wamp64\www\blog\ThinkPHP\Library\Think\Db\Driver\Mysql.class.php 第 52 行.
SQL: SHOW COLUMNS FROM `blog_article_category` [ RunTime:0.002684s ]
SQL: SHOW COLUMNS FROM `blog_article_category` [ RunTime:0.000598s ]
SQL: SELECT * FROM `blog_article_category` WHERE ( `status` = 1 )  [ RunTime:0.000366s ]
SQL: SHOW COLUMNS FROM `blog_article_detail` [ RunTime:0.002680s ]
SQL: SELECT * FROM `blog_article_detail` WHERE ( `status` = 1 ) AND ( `id` = 9 )  [ RunTime:0.000406s ]
INFO: [ view_parse ] --START--
INFO: [ template_filter ] --START--
INFO: Run Behavior\ContentReplace [ RunTime:0.000118s ]
INFO: [ template_filter ] --END-- [ RunTime:0.000358s ]
NOTIC: [8] Undefined variable: detail C:\wamp64\www\blog\HJK\Runtime\Cache\Home\db297b5643dc233e51cf063223334793.php 第 80 行.
INFO: Run Behavior\ParseTemplate [ RunTime:0.023199s ]
INFO: [ view_parse ] --END-- [ RunTime:0.023333s ]
INFO: [ view_filter ] --START--
INFO: Run Behavior\WriteHtmlCache [ RunTime:0.000708s ]
INFO: [ view_filter ] --END-- [ RunTime:0.000833s ]
INFO: [ app_end ] --START--
INFO: Run Behavior\ShowPageTrace [ RunTime:0.000858s ]
INFO: [ app_end ] --END-- [ RunTime:0.000985s ]

[ 2017-04-09T19:08:27+08:00 ] ::1 /blog/
INFO: [ app_begin ] --START--
INFO: Run Behavior\ReadHtmlCache [ RunTime:0.000548s ]
INFO: [ app_begin ] --END-- [ RunTime:0.000958s ]
NOTIC: [8192] mysql_connect(): The mysql extension is deprecated and will be removed in the future: use mysqli or PDO instead C:\wamp64\www\blog\ThinkPHP\Library\Think\Db\Driver\Mysql.class.php 第 52 行.
SQL: SHOW COLUMNS FROM `blog_article_category` [ RunTime:0.002344s ]
SQL: SHOW COLUMNS FROM `blog_article_category` [ RunTime:0.000555s ]
SQL: SELECT * FROM `blog_article_category` WHERE ( `status` = 1 )  [ RunTime:0.000438s ]
SQL: SHOW COLUMNS FROM `blog_article_detail` [ RunTime:0.002378s ]
SQL: SELECT `id`,`title`,`category_id`,`create_time` FROM `blog_article_detail` WHERE ( `status` = 1 ) ORDER BY create_time desc LIMIT 6   [ RunTime:0.000431s ]
SQL: SELECT `id`,`title`,`category_id`,`create_time`,`hits` FROM `blog_article_detail` WHERE ( `status` = 1 ) ORDER BY hits desc LIMIT 6   [ RunTime:0.000289s ]
INFO: [ view_parse ] --START--
INFO: [ template_filter ] --START--
INFO: Run Behavior\ContentReplace [ RunTime:0.000084s ]
INFO: [ template_filter ] --END-- [ RunTime:0.000222s ]
INFO: Run Behavior\ParseTemplate [ RunTime:0.019645s ]
INFO: [ view_parse ] --END-- [ RunTime:0.019787s ]
INFO: [ view_filter ] --START--
INFO: Run Behavior\WriteHtmlCache [ RunTime:0.000790s ]
INFO: [ view_filter ] --END-- [ RunTime:0.000918s ]
INFO: [ app_end ] --START--
INFO: Run Behavior\ShowPageTrace [ RunTime:0.000865s ]
INFO: [ app_end ] --END-- [ RunTime:0.000989s ]

[ 2017-04-09T19:10:11+08:00 ] ::1 /blog/
INFO: [ app_begin ] --START--
INFO: Run Behavior\ReadHtmlCache [ RunTime:0.000885s ]
INFO: [ app_begin ] --END-- [ RunTime:0.001638s ]
NOTIC: [8192] mysql_connect(): The mysql extension is deprecated and will be removed in the future: use mysqli or PDO instead C:\wamp64\www\blog\ThinkPHP\Library\Think\Db\Driver\Mysql.class.php 第 52 行.
SQL: SHOW COLUMNS FROM `blog_article_category` [ RunTime:0.000722s ]
SQL: SHOW COLUMNS FROM `blog_article_category` [ RunTime:0.000562s ]
SQL: SELECT * FROM `blog_article_category` WHERE ( `status` = 1 )  [ RunTime:0.000306s ]
SQL: SHOW COLUMNS FROM `blog_article_detail` [ RunTime:0.000735s ]
SQL: SELECT `id`,`title`,`category_id`,`create_time` FROM `blog_article_detail` WHERE ( `status` = 1 ) ORDER BY create_time desc LIMIT 6   [ RunTime:0.000439s ]
SQL: SELECT `id`,`title`,`category_id`,`create_time`,`hits` FROM `blog_article_detail` WHERE ( `status` = 1 ) ORDER BY hits desc LIMIT 6   [ RunTime:0.000364s ]
INFO: [ view_parse ] --START--
INFO: [ template_filter ] --START--
INFO: Run Behavior\ContentReplace [ RunTime:0.000091s ]
INFO: [ template_filter ] --END-- [ RunTime:0.000289s ]
INFO: Run Behavior\ParseTemplate [ RunTime:0.020194s ]
INFO: [ view_parse ] --END-- [ RunTime:0.020355s ]
INFO: [ view_filter ] --START--
INFO: Run Behavior\WriteHtmlCache [ RunTime:0.000790s ]
INFO: [ view_filter ] --END-- [ RunTime:0.000932s ]
INFO: [ app_end ] --START--
INFO: Run Behavior\ShowPageTrace [ RunTime:0.000866s ]
INFO: [ app_end ] --END-- [ RunTime:0.000989s ]

[ 2017-04-09T19:16:02+08:00 ] ::1 /blog/
INFO: [ app_begin ] --START--
INFO: Run Behavior\ReadHtmlCache [ RunTime:0.001222s ]
INFO: [ app_begin ] --END-- [ RunTime:0.001831s ]
NOTIC: [8192] mysql_connect(): The mysql extension is deprecated and will be removed in the future: use mysqli or PDO instead C:\wamp64\www\blog\ThinkPHP\Library\Think\Db\Driver\Mysql.class.php 第 52 行.
SQL: SHOW COLUMNS FROM `blog_article_category` [ RunTime:0.002882s ]
SQL: SHOW COLUMNS FROM `blog_article_category` [ RunTime:0.000675s ]
SQL: SELECT * FROM `blog_article_category` WHERE ( `status` = 1 )  [ RunTime:0.000402s ]
SQL: SHOW COLUMNS FROM `blog_article_detail` [ RunTime:0.002675s ]
SQL: SELECT `id`,`title`,`category_id`,`create_time` FROM `blog_article_detail` WHERE ( `status` = 1 ) ORDER BY create_time desc LIMIT 6   [ RunTime:0.000459s ]
SQL: SELECT `id`,`title`,`category_id`,`create_time`,`hits` FROM `blog_article_detail` WHERE ( `status` = 1 ) ORDER BY hits desc LIMIT 6   [ RunTime:0.000376s ]
INFO: [ view_parse ] --START--
INFO: [ template_filter ] --START--
INFO: Run Behavior\ContentReplace [ RunTime:0.000101s ]
INFO: [ template_filter ] --END-- [ RunTime:0.000261s ]
INFO: Run Behavior\ParseTemplate [ RunTime:0.020075s ]
INFO: [ view_parse ] --END-- [ RunTime:0.020231s ]
INFO: [ view_filter ] --START--
INFO: Run Behavior\WriteHtmlCache [ RunTime:0.000727s ]
INFO: [ view_filter ] --END-- [ RunTime:0.000867s ]
INFO: [ app_end ] --START--
INFO: Run Behavior\ShowPageTrace [ RunTime:0.000865s ]
INFO: [ app_end ] --END-- [ RunTime:0.000989s ]

[ 2017-04-09T19:16:05+08:00 ] ::1 /blog/index.php/Home/index/detail/id/2.html
INFO: [ app_begin ] --START--
INFO: Run Behavior\ReadHtmlCache [ RunTime:0.000583s ]
INFO: [ app_begin ] --END-- [ RunTime:0.001081s ]
NOTIC: [8192] mysql_connect(): The mysql extension is deprecated and will be removed in the future: use mysqli or PDO instead C:\wamp64\www\blog\ThinkPHP\Library\Think\Db\Driver\Mysql.class.php 第 52 行.
SQL: SHOW COLUMNS FROM `blog_article_category` [ RunTime:0.002682s ]
SQL: SHOW COLUMNS FROM `blog_article_category` [ RunTime:0.000603s ]
SQL: SELECT * FROM `blog_article_category` WHERE ( `status` = 1 )  [ RunTime:0.000372s ]
SQL: SHOW COLUMNS FROM `blog_article_detail` [ RunTime:0.000757s ]
SQL: SELECT * FROM `blog_article_detail` WHERE ( `status` = 1 ) AND ( `id` = 2 )  [ RunTime:0.000422s ]
INFO: [ view_parse ] --START--
INFO: [ template_filter ] --START--
INFO: Run Behavior\ContentReplace [ RunTime:0.000115s ]
INFO: [ template_filter ] --END-- [ RunTime:0.000346s ]
NOTIC: [8] Undefined variable: detail C:\wamp64\www\blog\HJK\Runtime\Cache\Home\db297b5643dc233e51cf063223334793.php 第 80 行.
INFO: Run Behavior\ParseTemplate [ RunTime:0.015600s ]
INFO: [ view_parse ] --END-- [ RunTime:0.015729s ]
INFO: [ view_filter ] --START--
INFO: Run Behavior\WriteHtmlCache [ RunTime:0.000737s ]
INFO: [ view_filter ] --END-- [ RunTime:0.000861s ]
INFO: [ app_end ] --START--
INFO: Run Behavior\ShowPageTrace [ RunTime:0.000933s ]
INFO: [ app_end ] --END-- [ RunTime:0.001059s ]

[ 2017-04-09T19:16:55+08:00 ] ::1 /blog/index.php/Home/index/detail/id/2.html
INFO: [ app_begin ] --START--
INFO: Run Behavior\ReadHtmlCache [ RunTime:0.001124s ]
INFO: [ app_begin ] --END-- [ RunTime:0.001858s ]
NOTIC: [8192] mysql_connect(): The mysql extension is deprecated and will be removed in the future: use mysqli or PDO instead C:\wamp64\www\blog\ThinkPHP\Library\Think\Db\Driver\Mysql.class.php 第 52 行.
SQL: SHOW COLUMNS FROM `blog_article_category` [ RunTime:0.002515s ]
SQL: SHOW COLUMNS FROM `blog_article_category` [ RunTime:0.000644s ]
SQL: SELECT * FROM `blog_article_category` WHERE ( `status` = 1 )  [ RunTime:0.000284s ]
SQL: SHOW COLUMNS FROM `blog_article_detail` [ RunTime:0.000748s ]
SQL: SELECT * FROM `blog_article_detail` WHERE ( `status` = 1 ) AND ( `id` = 2 )  [ RunTime:0.000384s ]
INFO: [ view_parse ] --START--
INFO: [ template_filter ] --START--
INFO: Run Behavior\ContentReplace [ RunTime:0.000071s ]
INFO: [ template_filter ] --END-- [ RunTime:0.000208s ]
NOTIC: [8] Undefined variable: detail C:\wamp64\www\blog\HJK\Runtime\Cache\Home\db297b5643dc233e51cf063223334793.php 第 80 行.
INFO: Run Behavior\ParseTemplate [ RunTime:0.016046s ]
INFO: [ view_parse ] --END-- [ RunTime:0.016179s ]
INFO: [ view_filter ] --START--
INFO: Run Behavior\WriteHtmlCache [ RunTime:0.000705s ]
INFO: [ view_filter ] --END-- [ RunTime:0.000830s ]
INFO: [ app_end ] --START--
INFO: Run Behavior\ShowPageTrace [ RunTime:0.000852s ]
INFO: [ app_end ] --END-- [ RunTime:0.000988s ]

[ 2017-04-09T19:22:33+08:00 ] ::1 /blog/index.php/Home/index/detail/id/2.html
INFO: [ app_begin ] --START--
INFO: Run Behavior\ReadHtmlCache [ RunTime:0.000786s ]
INFO: [ app_begin ] --END-- [ RunTime:0.001357s ]
NOTIC: [8192] mysql_connect(): The mysql extension is deprecated and will be removed in the future: use mysqli or PDO instead C:\wamp64\www\blog\ThinkPHP\Library\Think\Db\Driver\Mysql.class.php 第 52 行.
SQL: SHOW COLUMNS FROM `blog_article_category` [ RunTime:0.000792s ]
SQL: SHOW COLUMNS FROM `blog_article_category` [ RunTime:0.000462s ]
SQL: SELECT * FROM `blog_article_category` WHERE ( `status` = 1 )  [ RunTime:0.000236s ]
SQL: SHOW COLUMNS FROM `blog_article_detail` [ RunTime:0.000522s ]
SQL: SELECT * FROM `blog_article_detail` WHERE ( `status` = 1 ) AND ( `id` = 2 )  [ RunTime:0.000230s ]
INFO: [ view_parse ] --START--
INFO: [ template_filter ] --START--
INFO: Run Behavior\ContentReplace [ RunTime:0.000100s ]
INFO: [ template_filter ] --END-- [ RunTime:0.000296s ]
NOTIC: [8] Undefined variable: detail C:\wamp64\www\blog\HJK\Runtime\Cache\Home\db297b5643dc233e51cf063223334793.php 第 80 行.

[ 2017-04-09T19:22:34+08:00 ] ::1 /blog/index.php/Home/index/detail/id/2.html
INFO: [ app_begin ] --START--
INFO: Run Behavior\ReadHtmlCache [ RunTime:0.000881s ]
INFO: [ app_begin ] --END-- [ RunTime:0.001614s ]
NOTIC: [8192] mysql_connect(): The mysql extension is deprecated and will be removed in the future: use mysqli or PDO instead C:\wamp64\www\blog\ThinkPHP\Library\Think\Db\Driver\Mysql.class.php 第 52 行.
SQL: SHOW COLUMNS FROM `blog_article_category` [ RunTime:0.000654s ]
SQL: SHOW COLUMNS FROM `blog_article_category` [ RunTime:0.000551s ]
SQL: SELECT * FROM `blog_article_category` WHERE ( `status` = 1 )  [ RunTime:0.000367s ]
SQL: SHOW COLUMNS FROM `blog_article_detail` [ RunTime:0.000631s ]
SQL: SELECT * FROM `blog_article_detail` WHERE ( `status` = 1 ) AND ( `id` = 2 )  [ RunTime:0.000405s ]
INFO: [ view_parse ] --START--
INFO: [ template_filter ] --START--
INFO: Run Behavior\ContentReplace [ RunTime:0.000070s ]
INFO: [ template_filter ] --END-- [ RunTime:0.000214s ]
NOTIC: [8] Undefined variable: detail C:\wamp64\www\blog\HJK\Runtime\Cache\Home\db297b5643dc233e51cf063223334793.php 第 80 行.

[ 2017-04-09T19:22:34+08:00 ] ::1 /blog/index.php/Home/index/detail/id/2.html
INFO: [ app_begin ] --START--
INFO: Run Behavior\ReadHtmlCache [ RunTime:0.000881s ]
INFO: [ app_begin ] --END-- [ RunTime:0.001510s ]
NOTIC: [8192] mysql_connect(): The mysql extension is deprecated and will be removed in the future: use mysqli or PDO instead C:\wamp64\www\blog\ThinkPHP\Library\Think\Db\Driver\Mysql.class.php 第 52 行.
SQL: SHOW COLUMNS FROM `blog_article_category` [ RunTime:0.000504s ]
SQL: SHOW COLUMNS FROM `blog_article_category` [ RunTime:0.000465s ]
SQL: SELECT * FROM `blog_article_category` WHERE ( `status` = 1 )  [ RunTime:0.000268s ]
SQL: SHOW COLUMNS FROM `blog_article_detail` [ RunTime:0.000865s ]
SQL: SELECT * FROM `blog_article_detail` WHERE ( `status` = 1 ) AND ( `id` = 2 )  [ RunTime:0.000391s ]
INFO: [ view_parse ] --START--
INFO: [ template_filter ] --START--
INFO: Run Behavior\ContentReplace [ RunTime:0.000073s ]
INFO: [ template_filter ] --END-- [ RunTime:0.000218s ]
NOTIC: [8] Undefined variable: detail C:\wamp64\www\blog\HJK\Runtime\Cache\Home\db297b5643dc233e51cf063223334793.php 第 80 行.

[ 2017-04-09T19:22:34+08:00 ] ::1 /blog/index.php/Home/index/detail/id/2.html
INFO: [ app_begin ] --START--
INFO: Run Behavior\ReadHtmlCache [ RunTime:0.000830s ]
INFO: [ app_begin ] --END-- [ RunTime:0.001484s ]
NOTIC: [8192] mysql_connect(): The mysql extension is deprecated and will be removed in the future: use mysqli or PDO instead C:\wamp64\www\blog\ThinkPHP\Library\Think\Db\Driver\Mysql.class.php 第 52 行.
SQL: SHOW COLUMNS FROM `blog_article_category` [ RunTime:0.000614s ]
SQL: SHOW COLUMNS FROM `blog_article_category` [ RunTime:0.000744s ]
SQL: SELECT * FROM `blog_article_category` WHERE ( `status` = 1 )  [ RunTime:0.000359s ]
SQL: SHOW COLUMNS FROM `blog_article_detail` [ RunTime:0.000814s ]
SQL: SELECT * FROM `blog_article_detail` WHERE ( `status` = 1 ) AND ( `id` = 2 )  [ RunTime:0.000402s ]
INFO: [ view_parse ] --START--
INFO: [ template_filter ] --START--
INFO: Run Behavior\ContentReplace [ RunTime:0.000094s ]
INFO: [ template_filter ] --END-- [ RunTime:0.000280s ]
NOTIC: [8] Undefined variable: detail C:\wamp64\www\blog\HJK\Runtime\Cache\Home\db297b5643dc233e51cf063223334793.php 第 80 行.

[ 2017-04-09T19:22:34+08:00 ] ::1 /blog/index.php/Home/index/detail/id/2.html
INFO: [ app_begin ] --START--
INFO: Run Behavior\ReadHtmlCache [ RunTime:0.000978s ]
INFO: [ app_begin ] --END-- [ RunTime:0.001662s ]
NOTIC: [8192] mysql_connect(): The mysql extension is deprecated and will be removed in the future: use mysqli or PDO instead C:\wamp64\www\blog\ThinkPHP\Library\Think\Db\Driver\Mysql.class.php 第 52 行.
SQL: SHOW COLUMNS FROM `blog_article_category` [ RunTime:0.000493s ]
SQL: SHOW COLUMNS FROM `blog_article_category` [ RunTime:0.000517s ]
SQL: SELECT * FROM `blog_article_category` WHERE ( `status` = 1 )  [ RunTime:0.000264s ]
SQL: SHOW COLUMNS FROM `blog_article_detail` [ RunTime:0.000666s ]
SQL: SELECT * FROM `blog_article_detail` WHERE ( `status` = 1 ) AND ( `id` = 2 )  [ RunTime:0.000300s ]
INFO: [ view_parse ] --START--
INFO: [ template_filter ] --START--
INFO: Run Behavior\ContentReplace [ RunTime:0.000117s ]
INFO: [ template_filter ] --END-- [ RunTime:0.000318s ]
NOTIC: [8] Undefined variable: detail C:\wamp64\www\blog\HJK\Runtime\Cache\Home\db297b5643dc233e51cf063223334793.php 第 80 行.

[ 2017-04-09T19:22:34+08:00 ] ::1 /blog/index.php/Home/index/detail/id/2.html
INFO: [ app_begin ] --START--
INFO: Run Behavior\ReadHtmlCache [ RunTime:0.000628s ]
INFO: [ app_begin ] --END-- [ RunTime:0.001086s ]
NOTIC: [8192] mysql_connect(): The mysql extension is deprecated and will be removed in the future: use mysqli or PDO instead C:\wamp64\www\blog\ThinkPHP\Library\Think\Db\Driver\Mysql.class.php 第 52 行.
SQL: SHOW COLUMNS FROM `blog_article_category` [ RunTime:0.000486s ]
SQL: SHOW COLUMNS FROM `blog_article_category` [ RunTime:0.000428s ]
SQL: SELECT * FROM `blog_article_category` WHERE ( `status` = 1 )  [ RunTime:0.000184s ]
SQL: SHOW COLUMNS FROM `blog_article_detail` [ RunTime:0.000497s ]
SQL: SELECT * FROM `blog_article_detail` WHERE ( `status` = 1 ) AND ( `id` = 2 )  [ RunTime:0.000380s ]
INFO: [ view_parse ] --START--
INFO: [ template_filter ] --START--
INFO: Run Behavior\ContentReplace [ RunTime:0.000074s ]
INFO: [ template_filter ] --END-- [ RunTime:0.000218s ]
NOTIC: [8] Undefined variable: detail C:\wamp64\www\blog\HJK\Runtime\Cache\Home\db297b5643dc233e51cf063223334793.php 第 80 行.

[ 2017-04-09T19:43:19+08:00 ] ::1 /blog/
INFO: [ app_begin ] --START--
INFO: Run Behavior\ReadHtmlCache [ RunTime:0.000827s ]
INFO: [ app_begin ] --END-- [ RunTime:0.001381s ]
NOTIC: [8192] mysql_connect(): The mysql extension is deprecated and will be removed in the future: use mysqli or PDO instead C:\wamp64\www\blog\ThinkPHP\Library\Think\Db\Driver\Mysql.class.php 第 52 行.
SQL: SHOW COLUMNS FROM `blog_article_category` [ RunTime:0.000797s ]
SQL: SHOW COLUMNS FROM `blog_article_category` [ RunTime:0.000594s ]
SQL: SELECT * FROM `blog_article_category` WHERE ( `status` = 1 )  [ RunTime:0.000449s ]

[ 2017-04-09T19:44:21+08:00 ] ::1 /blog/
INFO: [ app_begin ] --START--
INFO: Run Behavior\ReadHtmlCache [ RunTime:0.000597s ]
INFO: [ app_begin ] --END-- [ RunTime:0.001044s ]
NOTIC: [8192] mysql_connect(): The mysql extension is deprecated and will be removed in the future: use mysqli or PDO instead C:\wamp64\www\blog\ThinkPHP\Library\Think\Db\Driver\Mysql.class.php 第 52 行.
SQL: SHOW COLUMNS FROM `blog_article_category` [ RunTime:0.000795s ]
SQL: SHOW COLUMNS FROM `blog_article_category` [ RunTime:0.000646s ]
SQL: SELECT * FROM `blog_article_category` WHERE ( `status` = 1 )  [ RunTime:0.000370s ]
SQL: SHOW COLUMNS FROM `blog_article_detail` [ RunTime:0.000737s ]
SQL: SELECT `id`,`title`,`category_id`,`create_time` FROM `blog_article_detail` WHERE ( `status` = 1 ) ORDER BY create_time desc LIMIT 6   [ RunTime:0.000665s ]
SQL: SELECT `id`,`title`,`category_id`,`create_time`,`hits` FROM `blog_article_detail` WHERE ( `status` = 1 ) ORDER BY hits desc LIMIT 6   [ RunTime:0.000459s ]
INFO: [ view_parse ] --START--
INFO: [ template_filter ] --START--
INFO: Run Behavior\ContentReplace [ RunTime:0.000110s ]
INFO: [ template_filter ] --END-- [ RunTime:0.000263s ]
INFO: Run Behavior\ParseTemplate [ RunTime:0.021960s ]
INFO: [ view_parse ] --END-- [ RunTime:0.022106s ]
INFO: [ view_filter ] --START--
INFO: Run Behavior\WriteHtmlCache [ RunTime:0.001209s ]
INFO: [ view_filter ] --END-- [ RunTime:0.001339s ]
INFO: [ app_end ] --START--
INFO: Run Behavior\ShowPageTrace [ RunTime:0.001442s ]
INFO: [ app_end ] --END-- [ RunTime:0.001577s ]

[ 2017-04-09T19:44:25+08:00 ] ::1 /blog/index.php/Home/index/detail/id/11.html
INFO: [ app_begin ] --START--
INFO: Run Behavior\ReadHtmlCache [ RunTime:0.001629s ]
INFO: [ app_begin ] --END-- [ RunTime:0.002507s ]
NOTIC: [8192] mysql_connect(): The mysql extension is deprecated and will be removed in the future: use mysqli or PDO instead C:\wamp64\www\blog\ThinkPHP\Library\Think\Db\Driver\Mysql.class.php 第 52 行.
SQL: SHOW COLUMNS FROM `blog_article_category` [ RunTime:0.000716s ]
SQL: SHOW COLUMNS FROM `blog_article_category` [ RunTime:0.000662s ]
SQL: SELECT * FROM `blog_article_category` WHERE ( `status` = 1 )  [ RunTime:0.000380s ]
SQL: SHOW COLUMNS FROM `blog_article_detail` [ RunTime:0.000899s ]
SQL: SELECT * FROM `blog_article_detail` WHERE ( `status` = 1 ) AND ( `id` = 11 )  [ RunTime:0.000507s ]
ERR: Think\Model:ajaxReturn方法不存在！

[ 2017-04-09T19:49:37+08:00 ] ::1 /blog/index.php/Home/index/detail/id/11.html
INFO: [ app_begin ] --START--
INFO: Run Behavior\ReadHtmlCache [ RunTime:0.001474s ]
INFO: [ app_begin ] --END-- [ RunTime:0.002641s ]
NOTIC: [8192] mysql_connect(): The mysql extension is deprecated and will be removed in the future: use mysqli or PDO instead C:\wamp64\www\blog\ThinkPHP\Library\Think\Db\Driver\Mysql.class.php 第 52 行.
SQL: SHOW COLUMNS FROM `blog_article_category` [ RunTime:0.000817s ]
SQL: SHOW COLUMNS FROM `blog_article_category` [ RunTime:0.000585s ]
SQL: SELECT * FROM `blog_article_category` WHERE ( `status` = 1 )  [ RunTime:0.000361s ]

[ 2017-04-09T19:53:58+08:00 ] ::1 /blog/
INFO: [ app_begin ] --START--
INFO: Run Behavior\ReadHtmlCache [ RunTime:0.000800s ]
INFO: [ app_begin ] --END-- [ RunTime:0.001319s ]
NOTIC: [8192] mysql_connect(): The mysql extension is deprecated and will be removed in the future: use mysqli or PDO instead C:\wamp64\www\blog\ThinkPHP\Library\Think\Db\Driver\Mysql.class.php 第 52 行.
SQL: SHOW COLUMNS FROM `blog_article_category` [ RunTime:0.000936s ]
SQL: SHOW COLUMNS FROM `blog_article_category` [ RunTime:0.000620s ]
SQL: SELECT * FROM `blog_article_category` WHERE ( `status` = 1 )  [ RunTime:0.000435s ]
SQL: SHOW COLUMNS FROM `blog_article_detail` [ RunTime:0.000612s ]
SQL: SELECT `id`,`title`,`category_id`,`create_time` FROM `blog_article_detail` WHERE ( `status` = 1 ) ORDER BY create_time desc LIMIT 6   [ RunTime:0.000744s ]
SQL: SELECT `id`,`title`,`category_id`,`create_time`,`hits` FROM `blog_article_detail` WHERE ( `status` = 1 ) ORDER BY hits desc LIMIT 6   [ RunTime:0.000283s ]
INFO: [ view_parse ] --START--
INFO: [ template_filter ] --START--
INFO: Run Behavior\ContentReplace [ RunTime:0.000086s ]
INFO: [ template_filter ] --END-- [ RunTime:0.000223s ]
INFO: Run Behavior\ParseTemplate [ RunTime:0.031722s ]
INFO: [ view_parse ] --END-- [ RunTime:0.031880s ]
INFO: [ view_filter ] --START--
INFO: Run Behavior\WriteHtmlCache [ RunTime:0.001019s ]
INFO: [ view_filter ] --END-- [ RunTime:0.001174s ]
INFO: [ app_end ] --START--
INFO: Run Behavior\ShowPageTrace [ RunTime:0.001528s ]
INFO: [ app_end ] --END-- [ RunTime:0.001674s ]

[ 2017-04-09T19:56:35+08:00 ] ::1 /blog/index.php/Home/index/detail/id/18.html
INFO: [ app_begin ] --START--
INFO: Run Behavior\ReadHtmlCache [ RunTime:0.000819s ]
INFO: [ app_begin ] --END-- [ RunTime:0.001384s ]
NOTIC: [8192] mysql_connect(): The mysql extension is deprecated and will be removed in the future: use mysqli or PDO instead C:\wamp64\www\blog\ThinkPHP\Library\Think\Db\Driver\Mysql.class.php 第 52 行.
SQL: SHOW COLUMNS FROM `blog_article_category` [ RunTime:0.000928s ]
SQL: SHOW COLUMNS FROM `blog_article_category` [ RunTime:0.000608s ]
SQL: SELECT * FROM `blog_article_category` WHERE ( `status` = 1 )  [ RunTime:0.000310s ]
SQL: SHOW COLUMNS FROM `blog_article_detail` [ RunTime:0.000733s ]
SQL: SELECT * FROM `blog_article_detail` WHERE ( `status` = 1 ) AND ( `id` = 18 )  [ RunTime:0.000391s ]
INFO: [ view_parse ] --START--
INFO: [ template_filter ] --START--
INFO: Run Behavior\ContentReplace [ RunTime:0.000099s ]
INFO: [ template_filter ] --END-- [ RunTime:0.000251s ]
NOTIC: [8] Undefined variable: detail C:\wamp64\www\blog\HJK\Runtime\Cache\Home\db297b5643dc233e51cf063223334793.php 第 80 行.
INFO: Run Behavior\ParseTemplate [ RunTime:0.018192s ]
INFO: [ view_parse ] --END-- [ RunTime:0.018323s ]
INFO: [ view_filter ] --START--
INFO: Run Behavior\WriteHtmlCache [ RunTime:0.000700s ]
INFO: [ view_filter ] --END-- [ RunTime:0.000825s ]
INFO: [ app_end ] --START--
INFO: Run Behavior\ShowPageTrace [ RunTime:0.000860s ]
INFO: [ app_end ] --END-- [ RunTime:0.000987s ]

[ 2017-04-09T20:03:11+08:00 ] ::1 /blog/index.php/Home/index/detail/id/18.html
INFO: [ app_begin ] --START--
INFO: Run Behavior\ReadHtmlCache [ RunTime:0.001258s ]
INFO: [ app_begin ] --END-- [ RunTime:0.002685s ]
NOTIC: [8192] mysql_connect(): The mysql extension is deprecated and will be removed in the future: use mysqli or PDO instead C:\wamp64\www\blog\ThinkPHP\Library\Think\Db\Driver\Mysql.class.php 第 52 行.
SQL: SHOW COLUMNS FROM `blog_article_category` [ RunTime:0.000936s ]
SQL: SHOW COLUMNS FROM `blog_article_category` [ RunTime:0.000599s ]
SQL: SELECT * FROM `blog_article_category` WHERE ( `status` = 1 )  [ RunTime:0.000423s ]
SQL: SHOW COLUMNS FROM `blog_article_detail` [ RunTime:0.000732s ]
SQL: SELECT * FROM `blog_article_detail` WHERE ( `status` = 1 ) AND ( `id` = 18 )  [ RunTime:0.000370s ]
INFO: [ view_parse ] --START--
INFO: [ template_filter ] --START--
INFO: Run Behavior\ContentReplace [ RunTime:0.000104s ]
INFO: [ template_filter ] --END-- [ RunTime:0.000291s ]
INFO: Run Behavior\ParseTemplate [ RunTime:0.018094s ]
INFO: [ view_parse ] --END-- [ RunTime:0.018252s ]
INFO: [ view_filter ] --START--
INFO: Run Behavior\WriteHtmlCache [ RunTime:0.000764s ]
INFO: [ view_filter ] --END-- [ RunTime:0.000904s ]
INFO: [ app_end ] --START--
INFO: Run Behavior\ShowPageTrace [ RunTime:0.001065s ]
INFO: [ app_end ] --END-- [ RunTime:0.001249s ]

[ 2017-04-09T20:13:55+08:00 ] ::1 /blog/index.php/Home/index/detail/id/18.html
INFO: [ app_begin ] --START--
INFO: Run Behavior\ReadHtmlCache [ RunTime:0.001448s ]
INFO: [ app_begin ] --END-- [ RunTime:0.002270s ]
NOTIC: [8192] mysql_connect(): The mysql extension is deprecated and will be removed in the future: use mysqli or PDO instead C:\wamp64\www\blog\ThinkPHP\Library\Think\Db\Driver\Mysql.class.php 第 52 行.
SQL: SHOW COLUMNS FROM `blog_article_category` [ RunTime:0.000995s ]
SQL: SHOW COLUMNS FROM `blog_article_category` [ RunTime:0.000817s ]
SQL: SELECT * FROM `blog_article_category` WHERE ( `status` = 1 )  [ RunTime:0.000316s ]
SQL: SHOW COLUMNS FROM `blog_article_detail` [ RunTime:0.000715s ]
SQL: SELECT * FROM `blog_article_detail` WHERE ( `status` = 1 ) AND ( `id` = 18 )  [ RunTime:0.000420s ]
INFO: [ view_parse ] --START--
INFO: [ template_filter ] --START--
INFO: Run Behavior\ContentReplace [ RunTime:0.000077s ]
INFO: [ template_filter ] --END-- [ RunTime:0.000231s ]
NOTIC: [8] Undefined variable: article C:\wamp64\www\blog\HJK\Runtime\Cache\Home\db297b5643dc233e51cf063223334793.php 第 77 行.
NOTIC: [8] Undefined variable: article C:\wamp64\www\blog\HJK\Runtime\Cache\Home\db297b5643dc233e51cf063223334793.php 第 77 行.
INFO: Run Behavior\ParseTemplate [ RunTime:0.019408s ]
INFO: [ view_parse ] --END-- [ RunTime:0.019606s ]
INFO: [ view_filter ] --START--
INFO: Run Behavior\WriteHtmlCache [ RunTime:0.000904s ]
INFO: [ view_filter ] --END-- [ RunTime:0.001085s ]
INFO: [ app_end ] --START--
INFO: Run Behavior\ShowPageTrace [ RunTime:0.001408s ]
INFO: [ app_end ] --END-- [ RunTime:0.001647s ]

[ 2017-04-09T20:13:57+08:00 ] ::1 /blog/index.php/Home/index/detail/id/18.html
INFO: [ app_begin ] --START--
INFO: Run Behavior\ReadHtmlCache [ RunTime:0.001136s ]
INFO: [ app_begin ] --END-- [ RunTime:0.001880s ]
NOTIC: [8192] mysql_connect(): The mysql extension is deprecated and will be removed in the future: use mysqli or PDO instead C:\wamp64\www\blog\ThinkPHP\Library\Think\Db\Driver\Mysql.class.php 第 52 行.
SQL: SHOW COLUMNS FROM `blog_article_category` [ RunTime:0.000550s ]
SQL: SHOW COLUMNS FROM `blog_article_category` [ RunTime:0.000462s ]
SQL: SELECT * FROM `blog_article_category` WHERE ( `status` = 1 )  [ RunTime:0.000270s ]
SQL: SHOW COLUMNS FROM `blog_article_detail` [ RunTime:0.000674s ]
SQL: SELECT * FROM `blog_article_detail` WHERE ( `status` = 1 ) AND ( `id` = 18 )  [ RunTime:0.000346s ]
INFO: [ view_parse ] --START--
INFO: [ template_filter ] --START--
INFO: Run Behavior\ContentReplace [ RunTime:0.000107s ]
INFO: [ template_filter ] --END-- [ RunTime:0.000322s ]
NOTIC: [8] Undefined variable: article C:\wamp64\www\blog\HJK\Runtime\Cache\Home\db297b5643dc233e51cf063223334793.php 第 77 行.
NOTIC: [8] Undefined variable: article C:\wamp64\www\blog\HJK\Runtime\Cache\Home\db297b5643dc233e51cf063223334793.php 第 77 行.
INFO: Run Behavior\ParseTemplate [ RunTime:0.016373s ]
INFO: [ view_parse ] --END-- [ RunTime:0.016513s ]
INFO: [ view_filter ] --START--
INFO: Run Behavior\WriteHtmlCache [ RunTime:0.000742s ]
INFO: [ view_filter ] --END-- [ RunTime:0.000866s ]
INFO: [ app_end ] --START--
INFO: Run Behavior\ShowPageTrace [ RunTime:0.001286s ]
INFO: [ app_end ] --END-- [ RunTime:0.001507s ]

[ 2017-04-09T20:13:57+08:00 ] ::1 /blog/index.php/Home/index/detail/id/18.html
INFO: [ app_begin ] --START--
INFO: Run Behavior\ReadHtmlCache [ RunTime:0.000578s ]
INFO: [ app_begin ] --END-- [ RunTime:0.001022s ]
NOTIC: [8192] mysql_connect(): The mysql extension is deprecated and will be removed in the future: use mysqli or PDO instead C:\wamp64\www\blog\ThinkPHP\Library\Think\Db\Driver\Mysql.class.php 第 52 行.
SQL: SHOW COLUMNS FROM `blog_article_category` [ RunTime:0.000572s ]
SQL: SHOW COLUMNS FROM `blog_article_category` [ RunTime:0.000438s ]
SQL: SELECT * FROM `blog_article_category` WHERE ( `status` = 1 )  [ RunTime:0.000293s ]
SQL: SHOW COLUMNS FROM `blog_article_detail` [ RunTime:0.000603s ]
SQL: SELECT * FROM `blog_article_detail` WHERE ( `status` = 1 ) AND ( `id` = 18 )  [ RunTime:0.000267s ]
INFO: [ view_parse ] --START--
INFO: [ template_filter ] --START--
INFO: Run Behavior\ContentReplace [ RunTime:0.000084s ]
INFO: [ template_filter ] --END-- [ RunTime:0.000234s ]
NOTIC: [8] Undefined variable: article C:\wamp64\www\blog\HJK\Runtime\Cache\Home\db297b5643dc233e51cf063223334793.php 第 77 行.
NOTIC: [8] Undefined variable: article C:\wamp64\www\blog\HJK\Runtime\Cache\Home\db297b5643dc233e51cf063223334793.php 第 77 行.
INFO: Run Behavior\ParseTemplate [ RunTime:0.018455s ]
INFO: [ view_parse ] --END-- [ RunTime:0.018646s ]
INFO: [ view_filter ] --START--
INFO: Run Behavior\WriteHtmlCache [ RunTime:0.001202s ]
INFO: [ view_filter ] --END-- [ RunTime:0.001388s ]

[ 2017-04-09T20:13:57+08:00 ] ::1 /blog/index.php/Home/index/detail/id/18.html
INFO: [ app_begin ] --START--
INFO: Run Behavior\ReadHtmlCache [ RunTime:0.000812s ]
INFO: [ app_begin ] --END-- [ RunTime:0.001435s ]
NOTIC: [8192] mysql_connect(): The mysql extension is deprecated and will be removed in the future: use mysqli or PDO instead C:\wamp64\www\blog\ThinkPHP\Library\Think\Db\Driver\Mysql.class.php 第 52 行.
SQL: SHOW COLUMNS FROM `blog_article_category` [ RunTime:0.000625s ]
SQL: SHOW COLUMNS FROM `blog_article_category` [ RunTime:0.000450s ]
SQL: SELECT * FROM `blog_article_category` WHERE ( `status` = 1 )  [ RunTime:0.000333s ]
SQL: SHOW COLUMNS FROM `blog_article_detail` [ RunTime:0.000585s ]
SQL: SELECT * FROM `blog_article_detail` WHERE ( `status` = 1 ) AND ( `id` = 18 )  [ RunTime:0.000357s ]
INFO: [ view_parse ] --START--
INFO: [ template_filter ] --START--
INFO: Run Behavior\ContentReplace [ RunTime:0.000066s ]
INFO: [ template_filter ] --END-- [ RunTime:0.000221s ]
NOTIC: [8] Undefined variable: article C:\wamp64\www\blog\HJK\Runtime\Cache\Home\db297b5643dc233e51cf063223334793.php 第 77 行.
NOTIC: [8] Undefined variable: article C:\wamp64\www\blog\HJK\Runtime\Cache\Home\db297b5643dc233e51cf063223334793.php 第 77 行.
INFO: Run Behavior\ParseTemplate [ RunTime:0.015692s ]
INFO: [ view_parse ] --END-- [ RunTime:0.015874s ]
INFO: [ view_filter ] --START--
INFO: Run Behavior\WriteHtmlCache [ RunTime:0.000727s ]
INFO: [ view_filter ] --END-- [ RunTime:0.000856s ]

[ 2017-04-09T20:13:57+08:00 ] ::1 /blog/index.php/Home/index/detail/id/18.html
INFO: [ app_begin ] --START--
INFO: Run Behavior\ReadHtmlCache [ RunTime:0.000874s ]
INFO: [ app_begin ] --END-- [ RunTime:0.001454s ]
NOTIC: [8192] mysql_connect(): The mysql extension is deprecated and will be removed in the future: use mysqli or PDO instead C:\wamp64\www\blog\ThinkPHP\Library\Think\Db\Driver\Mysql.class.php 第 52 行.
SQL: SHOW COLUMNS FROM `blog_article_category` [ RunTime:0.000675s ]
SQL: SHOW COLUMNS FROM `blog_article_category` [ RunTime:0.000577s ]
SQL: SELECT * FROM `blog_article_category` WHERE ( `status` = 1 )  [ RunTime:0.000393s ]
SQL: SHOW COLUMNS FROM `blog_article_detail` [ RunTime:0.000661s ]
SQL: SELECT * FROM `blog_article_detail` WHERE ( `status` = 1 ) AND ( `id` = 18 )  [ RunTime:0.000349s ]
INFO: [ view_parse ] --START--
INFO: [ template_filter ] --START--
INFO: Run Behavior\ContentReplace [ RunTime:0.000100s ]
INFO: [ template_filter ] --END-- [ RunTime:0.000236s ]
NOTIC: [8] Undefined variable: article C:\wamp64\www\blog\HJK\Runtime\Cache\Home\db297b5643dc233e51cf063223334793.php 第 77 行.
NOTIC: [8] Undefined variable: article C:\wamp64\www\blog\HJK\Runtime\Cache\Home\db297b5643dc233e51cf063223334793.php 第 77 行.
INFO: Run Behavior\ParseTemplate [ RunTime:0.017116s ]
INFO: [ view_parse ] --END-- [ RunTime:0.017249s ]
INFO: [ view_filter ] --START--
INFO: Run Behavior\WriteHtmlCache [ RunTime:0.000693s ]
INFO: [ view_filter ] --END-- [ RunTime:0.000816s ]
INFO: [ app_end ] --START--
INFO: Run Behavior\ShowPageTrace [ RunTime:0.000962s ]
INFO: [ app_end ] --END-- [ RunTime:0.001115s ]

[ 2017-04-09T20:15:05+08:00 ] ::1 /blog/index.php/Home/index/detail/id/18.html
INFO: [ app_begin ] --START--
INFO: Run Behavior\ReadHtmlCache [ RunTime:0.001081s ]
INFO: [ app_begin ] --END-- [ RunTime:0.001701s ]
NOTIC: [8192] mysql_connect(): The mysql extension is deprecated and will be removed in the future: use mysqli or PDO instead C:\wamp64\www\blog\ThinkPHP\Library\Think\Db\Driver\Mysql.class.php 第 52 行.
SQL: SHOW COLUMNS FROM `blog_article_category` [ RunTime:0.000758s ]
SQL: SHOW COLUMNS FROM `blog_article_category` [ RunTime:0.000587s ]
SQL: SELECT * FROM `blog_article_category` WHERE ( `status` = 1 )  [ RunTime:0.000519s ]
SQL: SHOW COLUMNS FROM `blog_article_detail` [ RunTime:0.000864s ]
SQL: SELECT * FROM `blog_article_detail` WHERE ( `status` = 1 ) AND ( `id` = 18 )  [ RunTime:0.000370s ]
INFO: [ view_parse ] --START--
INFO: [ template_filter ] --START--
INFO: Run Behavior\ContentReplace [ RunTime:0.000094s ]
INFO: [ template_filter ] --END-- [ RunTime:0.000268s ]
NOTIC: [8] Undefined variable: article C:\wamp64\www\blog\HJK\Runtime\Cache\Home\db297b5643dc233e51cf063223334793.php 第 77 行.
NOTIC: [8] Undefined variable: article C:\wamp64\www\blog\HJK\Runtime\Cache\Home\db297b5643dc233e51cf063223334793.php 第 77 行.
INFO: Run Behavior\ParseTemplate [ RunTime:0.022297s ]
INFO: [ view_parse ] --END-- [ RunTime:0.022482s ]
INFO: [ view_filter ] --START--
INFO: Run Behavior\WriteHtmlCache [ RunTime:0.001091s ]
INFO: [ view_filter ] --END-- [ RunTime:0.001307s ]
INFO: [ app_end ] --START--
INFO: Run Behavior\ShowPageTrace [ RunTime:0.001372s ]
INFO: [ app_end ] --END-- [ RunTime:0.001620s ]

[ 2017-04-09T20:15:05+08:00 ] ::1 /blog/index.php/Home/index/detail/id/18.html
INFO: [ app_begin ] --START--
INFO: Run Behavior\ReadHtmlCache [ RunTime:0.001008s ]
INFO: [ app_begin ] --END-- [ RunTime:0.001759s ]
NOTIC: [8192] mysql_connect(): The mysql extension is deprecated and will be removed in the future: use mysqli or PDO instead C:\wamp64\www\blog\ThinkPHP\Library\Think\Db\Driver\Mysql.class.php 第 52 行.
SQL: SHOW COLUMNS FROM `blog_article_category` [ RunTime:0.000723s ]
SQL: SHOW COLUMNS FROM `blog_article_category` [ RunTime:0.000636s ]
SQL: SELECT * FROM `blog_article_category` WHERE ( `status` = 1 )  [ RunTime:0.000304s ]
SQL: SHOW COLUMNS FROM `blog_article_detail` [ RunTime:0.000934s ]
SQL: SELECT * FROM `blog_article_detail` WHERE ( `status` = 1 ) AND ( `id` = 18 )  [ RunTime:0.000423s ]
INFO: [ view_parse ] --START--
INFO: [ template_filter ] --START--
INFO: Run Behavior\ContentReplace [ RunTime:0.000116s ]
INFO: [ template_filter ] --END-- [ RunTime:0.000359s ]
NOTIC: [8] Undefined variable: article C:\wamp64\www\blog\HJK\Runtime\Cache\Home\db297b5643dc233e51cf063223334793.php 第 77 行.
NOTIC: [8] Undefined variable: article C:\wamp64\www\blog\HJK\Runtime\Cache\Home\db297b5643dc233e51cf063223334793.php 第 77 行.
INFO: Run Behavior\ParseTemplate [ RunTime:0.027560s ]
INFO: [ view_parse ] --END-- [ RunTime:0.027787s ]
INFO: [ view_filter ] --START--
INFO: Run Behavior\WriteHtmlCache [ RunTime:0.001502s ]
INFO: [ view_filter ] --END-- [ RunTime:0.001732s ]
INFO: [ app_end ] --START--
INFO: Run Behavior\ShowPageTrace [ RunTime:0.001807s ]
INFO: [ app_end ] --END-- [ RunTime:0.002096s ]

[ 2017-04-09T20:15:06+08:00 ] ::1 /blog/index.php/Home/index/detail/id/18.html
INFO: [ app_begin ] --START--
INFO: Run Behavior\ReadHtmlCache [ RunTime:0.000917s ]
INFO: [ app_begin ] --END-- [ RunTime:0.001641s ]
NOTIC: [8192] mysql_connect(): The mysql extension is deprecated and will be removed in the future: use mysqli or PDO instead C:\wamp64\www\blog\ThinkPHP\Library\Think\Db\Driver\Mysql.class.php 第 52 行.
SQL: SHOW COLUMNS FROM `blog_article_category` [ RunTime:0.000856s ]
SQL: SHOW COLUMNS FROM `blog_article_category` [ RunTime:0.000766s ]
SQL: SELECT * FROM `blog_article_category` WHERE ( `status` = 1 )  [ RunTime:0.000501s ]
SQL: SHOW COLUMNS FROM `blog_article_detail` [ RunTime:0.001008s ]
SQL: SELECT * FROM `blog_article_detail` WHERE ( `status` = 1 ) AND ( `id` = 18 )  [ RunTime:0.000555s ]
INFO: [ view_parse ] --START--
INFO: [ template_filter ] --START--
INFO: Run Behavior\ContentReplace [ RunTime:0.000136s ]
INFO: [ template_filter ] --END-- [ RunTime:0.000369s ]
NOTIC: [8] Undefined variable: article C:\wamp64\www\blog\HJK\Runtime\Cache\Home\db297b5643dc233e51cf063223334793.php 第 77 行.
NOTIC: [8] Undefined variable: article C:\wamp64\www\blog\HJK\Runtime\Cache\Home\db297b5643dc233e51cf063223334793.php 第 77 行.
INFO: Run Behavior\ParseTemplate [ RunTime:0.024860s ]
INFO: [ view_parse ] --END-- [ RunTime:0.025106s ]
INFO: [ view_filter ] --START--
INFO: Run Behavior\WriteHtmlCache [ RunTime:0.001200s ]
INFO: [ view_filter ] --END-- [ RunTime:0.001426s ]
INFO: [ app_end ] --START--
INFO: Run Behavior\ShowPageTrace [ RunTime:0.001421s ]
INFO: [ app_end ] --END-- [ RunTime:0.001677s ]

[ 2017-04-09T20:15:06+08:00 ] ::1 /blog/index.php/Home/index/detail/id/18.html
INFO: [ app_begin ] --START--
INFO: Run Behavior\ReadHtmlCache [ RunTime:0.000826s ]
INFO: [ app_begin ] --END-- [ RunTime:0.001490s ]
NOTIC: [8192] mysql_connect(): The mysql extension is deprecated and will be removed in the future: use mysqli or PDO instead C:\wamp64\www\blog\ThinkPHP\Library\Think\Db\Driver\Mysql.class.php 第 52 行.
SQL: SHOW COLUMNS FROM `blog_article_category` [ RunTime:0.000698s ]
SQL: SHOW COLUMNS FROM `blog_article_category` [ RunTime:0.000563s ]
SQL: SELECT * FROM `blog_article_category` WHERE ( `status` = 1 )  [ RunTime:0.000317s ]
SQL: SHOW COLUMNS FROM `blog_article_detail` [ RunTime:0.000823s ]
SQL: SELECT * FROM `blog_article_detail` WHERE ( `status` = 1 ) AND ( `id` = 18 )  [ RunTime:0.000378s ]
INFO: [ view_parse ] --START--
INFO: [ template_filter ] --START--
INFO: Run Behavior\ContentReplace [ RunTime:0.000120s ]
INFO: [ template_filter ] --END-- [ RunTime:0.000379s ]
NOTIC: [8] Undefined variable: article C:\wamp64\www\blog\HJK\Runtime\Cache\Home\db297b5643dc233e51cf063223334793.php 第 77 行.
NOTIC: [8] Undefined variable: article C:\wamp64\www\blog\HJK\Runtime\Cache\Home\db297b5643dc233e51cf063223334793.php 第 77 行.
INFO: Run Behavior\ParseTemplate [ RunTime:0.026750s ]
INFO: [ view_parse ] --END-- [ RunTime:0.026978s ]
INFO: [ view_filter ] --START--
INFO: Run Behavior\WriteHtmlCache [ RunTime:0.001513s ]
INFO: [ view_filter ] --END-- [ RunTime:0.001766s ]
INFO: [ app_end ] --START--
INFO: Run Behavior\ShowPageTrace [ RunTime:0.001407s ]
INFO: [ app_end ] --END-- [ RunTime:0.001641s ]

[ 2017-04-09T20:16:05+08:00 ] ::1 /blog/
INFO: [ app_begin ] --START--
INFO: Run Behavior\ReadHtmlCache [ RunTime:0.000890s ]
INFO: [ app_begin ] --END-- [ RunTime:0.001457s ]
NOTIC: [8192] mysql_connect(): The mysql extension is deprecated and will be removed in the future: use mysqli or PDO instead C:\wamp64\www\blog\ThinkPHP\Library\Think\Db\Driver\Mysql.class.php 第 52 行.
SQL: SHOW COLUMNS FROM `blog_article_category` [ RunTime:0.000860s ]
SQL: SHOW COLUMNS FROM `blog_article_category` [ RunTime:0.000592s ]
SQL: SELECT * FROM `blog_article_category` WHERE ( `status` = 1 )  [ RunTime:0.000423s ]
SQL: SHOW COLUMNS FROM `blog_article_detail` [ RunTime:0.000705s ]
SQL: SELECT `id`,`title`,`category_id`,`create_time` FROM `blog_article_detail` WHERE ( `status` = 1 ) ORDER BY create_time desc LIMIT 6   [ RunTime:0.000607s ]
SQL: SELECT `id`,`title`,`category_id`,`create_time`,`hits` FROM `blog_article_detail` WHERE ( `status` = 1 ) ORDER BY hits desc LIMIT 6   [ RunTime:0.000378s ]
INFO: [ view_parse ] --START--
INFO: [ template_filter ] --START--
INFO: Run Behavior\ContentReplace [ RunTime:0.000092s ]
INFO: [ template_filter ] --END-- [ RunTime:0.000258s ]
INFO: Run Behavior\ParseTemplate [ RunTime:0.028666s ]
INFO: [ view_parse ] --END-- [ RunTime:0.028819s ]
INFO: [ view_filter ] --START--
INFO: Run Behavior\WriteHtmlCache [ RunTime:0.000766s ]
INFO: [ view_filter ] --END-- [ RunTime:0.000895s ]
INFO: [ app_end ] --START--
INFO: Run Behavior\ShowPageTrace [ RunTime:0.000884s ]
INFO: [ app_end ] --END-- [ RunTime:0.001010s ]

[ 2017-04-09T20:16:09+08:00 ] ::1 /blog/index.php/Home/index/detail/id/2.html
INFO: [ app_begin ] --START--
INFO: Run Behavior\ReadHtmlCache [ RunTime:0.000600s ]
INFO: [ app_begin ] --END-- [ RunTime:0.001032s ]
NOTIC: [8192] mysql_connect(): The mysql extension is deprecated and will be removed in the future: use mysqli or PDO instead C:\wamp64\www\blog\ThinkPHP\Library\Think\Db\Driver\Mysql.class.php 第 52 行.
SQL: SHOW COLUMNS FROM `blog_article_category` [ RunTime:0.000706s ]
SQL: SHOW COLUMNS FROM `blog_article_category` [ RunTime:0.000657s ]
SQL: SELECT * FROM `blog_article_category` WHERE ( `status` = 1 )  [ RunTime:0.000261s ]
SQL: SHOW COLUMNS FROM `blog_article_detail` [ RunTime:0.000627s ]
SQL: SELECT * FROM `blog_article_detail` WHERE ( `status` = 1 ) AND ( `id` = 2 )  [ RunTime:0.000360s ]
INFO: [ view_parse ] --START--
INFO: [ template_filter ] --START--
INFO: Run Behavior\ContentReplace [ RunTime:0.000077s ]
INFO: [ template_filter ] --END-- [ RunTime:0.000222s ]
NOTIC: [8] Undefined variable: article C:\wamp64\www\blog\HJK\Runtime\Cache\Home\db297b5643dc233e51cf063223334793.php 第 77 行.
NOTIC: [8] Undefined variable: article C:\wamp64\www\blog\HJK\Runtime\Cache\Home\db297b5643dc233e51cf063223334793.php 第 77 行.
INFO: Run Behavior\ParseTemplate [ RunTime:0.015931s ]
INFO: [ view_parse ] --END-- [ RunTime:0.016084s ]
INFO: [ view_filter ] --START--
INFO: Run Behavior\WriteHtmlCache [ RunTime:0.000721s ]
INFO: [ view_filter ] --END-- [ RunTime:0.000847s ]
INFO: [ app_end ] --START--
INFO: Run Behavior\ShowPageTrace [ RunTime:0.000855s ]
INFO: [ app_end ] --END-- [ RunTime:0.000987s ]

[ 2017-04-09T20:17:25+08:00 ] ::1 /blog/index.php/Home/index/detail/id/2.html
INFO: [ app_begin ] --START--
INFO: Run Behavior\ReadHtmlCache [ RunTime:0.000579s ]
INFO: [ app_begin ] --END-- [ RunTime:0.001044s ]
NOTIC: [8192] mysql_connect(): The mysql extension is deprecated and will be removed in the future: use mysqli or PDO instead C:\wamp64\www\blog\ThinkPHP\Library\Think\Db\Driver\Mysql.class.php 第 52 行.
SQL: SHOW COLUMNS FROM `blog_article_category` [ RunTime:0.000975s ]
SQL: SHOW COLUMNS FROM `blog_article_category` [ RunTime:0.000630s ]
SQL: SELECT * FROM `blog_article_category` WHERE ( `status` = 1 )  [ RunTime:0.000334s ]
SQL: SHOW COLUMNS FROM `blog_article_detail` [ RunTime:0.000725s ]
SQL: SELECT * FROM `blog_article_detail` WHERE ( `status` = 1 ) AND ( `id` = 2 )  [ RunTime:0.000323s ]
INFO: [ view_parse ] --START--
INFO: [ template_filter ] --START--
INFO: Run Behavior\ContentReplace [ RunTime:0.000075s ]
INFO: [ template_filter ] --END-- [ RunTime:0.000218s ]
NOTIC: [8] Undefined variable: article C:\wamp64\www\blog\HJK\Runtime\Cache\Home\db297b5643dc233e51cf063223334793.php 第 77 行.
NOTIC: [8] Undefined variable: article C:\wamp64\www\blog\HJK\Runtime\Cache\Home\db297b5643dc233e51cf063223334793.php 第 77 行.
INFO: Run Behavior\ParseTemplate [ RunTime:0.016220s ]
INFO: [ view_parse ] --END-- [ RunTime:0.016355s ]
INFO: [ view_filter ] --START--
INFO: Run Behavior\WriteHtmlCache [ RunTime:0.000746s ]
INFO: [ view_filter ] --END-- [ RunTime:0.000868s ]
INFO: [ app_end ] --START--
INFO: Run Behavior\ShowPageTrace [ RunTime:0.000891s ]
INFO: [ app_end ] --END-- [ RunTime:0.001015s ]

[ 2017-04-09T20:17:26+08:00 ] ::1 /blog/index.php/Home/index/detail/id/2.html
INFO: [ app_begin ] --START--
INFO: Run Behavior\ReadHtmlCache [ RunTime:0.001853s ]
INFO: [ app_begin ] --END-- [ RunTime:0.002723s ]
NOTIC: [8192] mysql_connect(): The mysql extension is deprecated and will be removed in the future: use mysqli or PDO instead C:\wamp64\www\blog\ThinkPHP\Library\Think\Db\Driver\Mysql.class.php 第 52 行.
SQL: SHOW COLUMNS FROM `blog_article_category` [ RunTime:0.000943s ]
SQL: SHOW COLUMNS FROM `blog_article_category` [ RunTime:0.000981s ]
SQL: SELECT * FROM `blog_article_category` WHERE ( `status` = 1 )  [ RunTime:0.000410s ]
SQL: SHOW COLUMNS FROM `blog_article_detail` [ RunTime:0.000848s ]
SQL: SELECT * FROM `blog_article_detail` WHERE ( `status` = 1 ) AND ( `id` = 2 )  [ RunTime:0.000364s ]
INFO: [ view_parse ] --START--
INFO: [ template_filter ] --START--
INFO: Run Behavior\ContentReplace [ RunTime:0.000127s ]
INFO: [ template_filter ] --END-- [ RunTime:0.000371s ]
NOTIC: [8] Undefined variable: article C:\wamp64\www\blog\HJK\Runtime\Cache\Home\db297b5643dc233e51cf063223334793.php 第 77 行.
NOTIC: [8] Undefined variable: article C:\wamp64\www\blog\HJK\Runtime\Cache\Home\db297b5643dc233e51cf063223334793.php 第 77 行.
INFO: Run Behavior\ParseTemplate [ RunTime:0.027211s ]
INFO: [ view_parse ] --END-- [ RunTime:0.027485s ]
INFO: [ view_filter ] --START--
INFO: Run Behavior\WriteHtmlCache [ RunTime:0.001120s ]
INFO: [ view_filter ] --END-- [ RunTime:0.001352s ]
INFO: [ app_end ] --START--
INFO: Run Behavior\ShowPageTrace [ RunTime:0.001393s ]
INFO: [ app_end ] --END-- [ RunTime:0.001644s ]

[ 2017-04-09T20:17:26+08:00 ] ::1 /blog/index.php/Home/index/detail/id/2.html
INFO: [ app_begin ] --START--
INFO: Run Behavior\ReadHtmlCache [ RunTime:0.000841s ]
INFO: [ app_begin ] --END-- [ RunTime:0.001472s ]
NOTIC: [8192] mysql_connect(): The mysql extension is deprecated and will be removed in the future: use mysqli or PDO instead C:\wamp64\www\blog\ThinkPHP\Library\Think\Db\Driver\Mysql.class.php 第 52 行.
SQL: SHOW COLUMNS FROM `blog_article_category` [ RunTime:0.000695s ]
SQL: SHOW COLUMNS FROM `blog_article_category` [ RunTime:0.000690s ]
SQL: SELECT * FROM `blog_article_category` WHERE ( `status` = 1 )  [ RunTime:0.000441s ]
SQL: SHOW COLUMNS FROM `blog_article_detail` [ RunTime:0.000767s ]
SQL: SELECT * FROM `blog_article_detail` WHERE ( `status` = 1 ) AND ( `id` = 2 )  [ RunTime:0.000421s ]
INFO: [ view_parse ] --START--
INFO: [ template_filter ] --START--
INFO: Run Behavior\ContentReplace [ RunTime:0.000124s ]
INFO: [ template_filter ] --END-- [ RunTime:0.000374s ]
NOTIC: [8] Undefined variable: article C:\wamp64\www\blog\HJK\Runtime\Cache\Home\db297b5643dc233e51cf063223334793.php 第 77 行.
NOTIC: [8] Undefined variable: article C:\wamp64\www\blog\HJK\Runtime\Cache\Home\db297b5643dc233e51cf063223334793.php 第 77 行.
INFO: Run Behavior\ParseTemplate [ RunTime:0.024786s ]
INFO: [ view_parse ] --END-- [ RunTime:0.025024s ]
INFO: [ view_filter ] --START--
INFO: Run Behavior\WriteHtmlCache [ RunTime:0.000981s ]
INFO: [ view_filter ] --END-- [ RunTime:0.001197s ]
INFO: [ app_end ] --START--
INFO: Run Behavior\ShowPageTrace [ RunTime:0.001195s ]
INFO: [ app_end ] --END-- [ RunTime:0.001416s ]

[ 2017-04-09T20:17:27+08:00 ] ::1 /blog/index.php/Home/index/detail/id/2.html
INFO: [ app_begin ] --START--
INFO: Run Behavior\ReadHtmlCache [ RunTime:0.000898s ]
INFO: [ app_begin ] --END-- [ RunTime:0.001567s ]
NOTIC: [8192] mysql_connect(): The mysql extension is deprecated and will be removed in the future: use mysqli or PDO instead C:\wamp64\www\blog\ThinkPHP\Library\Think\Db\Driver\Mysql.class.php 第 52 行.
SQL: SHOW COLUMNS FROM `blog_article_category` [ RunTime:0.000774s ]
SQL: SHOW COLUMNS FROM `blog_article_category` [ RunTime:0.000508s ]
SQL: SELECT * FROM `blog_article_category` WHERE ( `status` = 1 )  [ RunTime:0.000323s ]
SQL: SHOW COLUMNS FROM `blog_article_detail` [ RunTime:0.000669s ]
SQL: SELECT * FROM `blog_article_detail` WHERE ( `status` = 1 ) AND ( `id` = 2 )  [ RunTime:0.000303s ]
INFO: [ view_parse ] --START--
INFO: [ template_filter ] --START--
INFO: Run Behavior\ContentReplace [ RunTime:0.000073s ]
INFO: [ template_filter ] --END-- [ RunTime:0.000211s ]
NOTIC: [8] Undefined variable: article C:\wamp64\www\blog\HJK\Runtime\Cache\Home\db297b5643dc233e51cf063223334793.php 第 77 行.
NOTIC: [8] Undefined variable: article C:\wamp64\www\blog\HJK\Runtime\Cache\Home\db297b5643dc233e51cf063223334793.php 第 77 行.
INFO: Run Behavior\ParseTemplate [ RunTime:0.019965s ]
INFO: [ view_parse ] --END-- [ RunTime:0.020173s ]
INFO: [ view_filter ] --START--
INFO: Run Behavior\WriteHtmlCache [ RunTime:0.000916s ]
INFO: [ view_filter ] --END-- [ RunTime:0.001056s ]
INFO: [ app_end ] --START--
INFO: Run Behavior\ShowPageTrace [ RunTime:0.000864s ]
INFO: [ app_end ] --END-- [ RunTime:0.000996s ]

[ 2017-04-09T20:17:27+08:00 ] ::1 /blog/index.php/Home/index/detail/id/2.html
INFO: [ app_begin ] --START--
INFO: Run Behavior\ReadHtmlCache [ RunTime:0.000862s ]
INFO: [ app_begin ] --END-- [ RunTime:0.001513s ]
NOTIC: [8192] mysql_connect(): The mysql extension is deprecated and will be removed in the future: use mysqli or PDO instead C:\wamp64\www\blog\ThinkPHP\Library\Think\Db\Driver\Mysql.class.php 第 52 行.
SQL: SHOW COLUMNS FROM `blog_article_category` [ RunTime:0.000558s ]
SQL: SHOW COLUMNS FROM `blog_article_category` [ RunTime:0.000444s ]
SQL: SELECT * FROM `blog_article_category` WHERE ( `status` = 1 )  [ RunTime:0.000218s ]
SQL: SHOW COLUMNS FROM `blog_article_detail` [ RunTime:0.000625s ]
SQL: SELECT * FROM `blog_article_detail` WHERE ( `status` = 1 ) AND ( `id` = 2 )  [ RunTime:0.000308s ]
INFO: [ view_parse ] --START--
INFO: [ template_filter ] --START--
INFO: Run Behavior\ContentReplace [ RunTime:0.000077s ]
INFO: [ template_filter ] --END-- [ RunTime:0.000230s ]
NOTIC: [8] Undefined variable: article C:\wamp64\www\blog\HJK\Runtime\Cache\Home\db297b5643dc233e51cf063223334793.php 第 77 行.
NOTIC: [8] Undefined variable: article C:\wamp64\www\blog\HJK\Runtime\Cache\Home\db297b5643dc233e51cf063223334793.php 第 77 行.
INFO: Run Behavior\ParseTemplate [ RunTime:0.017258s ]
INFO: [ view_parse ] --END-- [ RunTime:0.017416s ]
INFO: [ view_filter ] --START--
INFO: Run Behavior\WriteHtmlCache [ RunTime:0.000836s ]
INFO: [ view_filter ] --END-- [ RunTime:0.000973s ]
INFO: [ app_end ] --START--
INFO: Run Behavior\ShowPageTrace [ RunTime:0.000982s ]
INFO: [ app_end ] --END-- [ RunTime:0.001120s ]

[ 2017-04-09T20:17:27+08:00 ] ::1 /blog/index.php/Home/index/detail/id/2.html
INFO: [ app_begin ] --START--
INFO: Run Behavior\ReadHtmlCache [ RunTime:0.000824s ]
INFO: [ app_begin ] --END-- [ RunTime:0.001485s ]
NOTIC: [8192] mysql_connect(): The mysql extension is deprecated and will be removed in the future: use mysqli or PDO instead C:\wamp64\www\blog\ThinkPHP\Library\Think\Db\Driver\Mysql.class.php 第 52 行.
SQL: SHOW COLUMNS FROM `blog_article_category` [ RunTime:0.000626s ]
SQL: SHOW COLUMNS FROM `blog_article_category` [ RunTime:0.000480s ]
SQL: SELECT * FROM `blog_article_category` WHERE ( `status` = 1 )  [ RunTime:0.000214s ]
SQL: SHOW COLUMNS FROM `blog_article_detail` [ RunTime:0.000511s ]
SQL: SELECT * FROM `blog_article_detail` WHERE ( `status` = 1 ) AND ( `id` = 2 )  [ RunTime:0.000296s ]
INFO: [ view_parse ] --START--
INFO: [ template_filter ] --START--
INFO: Run Behavior\ContentReplace [ RunTime:0.000121s ]
INFO: [ template_filter ] --END-- [ RunTime:0.000369s ]
NOTIC: [8] Undefined variable: article C:\wamp64\www\blog\HJK\Runtime\Cache\Home\db297b5643dc233e51cf063223334793.php 第 77 行.
NOTIC: [8] Undefined variable: article C:\wamp64\www\blog\HJK\Runtime\Cache\Home\db297b5643dc233e51cf063223334793.php 第 77 行.
INFO: Run Behavior\ParseTemplate [ RunTime:0.018990s ]
INFO: [ view_parse ] --END-- [ RunTime:0.019115s ]
INFO: [ view_filter ] --START--
INFO: Run Behavior\WriteHtmlCache [ RunTime:0.000751s ]
INFO: [ view_filter ] --END-- [ RunTime:0.000872s ]
INFO: [ app_end ] --START--
INFO: Run Behavior\ShowPageTrace [ RunTime:0.001213s ]
INFO: [ app_end ] --END-- [ RunTime:0.001496s ]

[ 2017-04-09T20:17:27+08:00 ] ::1 /blog/index.php/Home/index/detail/id/2.html
INFO: [ app_begin ] --START--
INFO: Run Behavior\ReadHtmlCache [ RunTime:0.000588s ]
INFO: [ app_begin ] --END-- [ RunTime:0.001043s ]
NOTIC: [8192] mysql_connect(): The mysql extension is deprecated and will be removed in the future: use mysqli or PDO instead C:\wamp64\www\blog\ThinkPHP\Library\Think\Db\Driver\Mysql.class.php 第 52 行.
SQL: SHOW COLUMNS FROM `blog_article_category` [ RunTime:0.000667s ]
SQL: SHOW COLUMNS FROM `blog_article_category` [ RunTime:0.000768s ]
SQL: SELECT * FROM `blog_article_category` WHERE ( `status` = 1 )  [ RunTime:0.000347s ]
SQL: SHOW COLUMNS FROM `blog_article_detail` [ RunTime:0.000841s ]
SQL: SELECT * FROM `blog_article_detail` WHERE ( `status` = 1 ) AND ( `id` = 2 )  [ RunTime:0.000397s ]
INFO: [ view_parse ] --START--
INFO: [ template_filter ] --START--
INFO: Run Behavior\ContentReplace [ RunTime:0.000075s ]
INFO: [ template_filter ] --END-- [ RunTime:0.000218s ]
NOTIC: [8] Undefined variable: article C:\wamp64\www\blog\HJK\Runtime\Cache\Home\db297b5643dc233e51cf063223334793.php 第 77 行.
NOTIC: [8] Undefined variable: article C:\wamp64\www\blog\HJK\Runtime\Cache\Home\db297b5643dc233e51cf063223334793.php 第 77 行.
INFO: Run Behavior\ParseTemplate [ RunTime:0.023975s ]
INFO: [ view_parse ] --END-- [ RunTime:0.024166s ]
INFO: [ view_filter ] --START--
INFO: Run Behavior\WriteHtmlCache [ RunTime:0.000734s ]
INFO: [ view_filter ] --END-- [ RunTime:0.000861s ]
INFO: [ app_end ] --START--
INFO: Run Behavior\ShowPageTrace [ RunTime:0.000897s ]
INFO: [ app_end ] --END-- [ RunTime:0.001025s ]

[ 2017-04-09T20:17:27+08:00 ] ::1 /blog/index.php/Home/index/detail/id/2.html
INFO: [ app_begin ] --START--
INFO: Run Behavior\ReadHtmlCache [ RunTime:0.000913s ]
INFO: [ app_begin ] --END-- [ RunTime:0.001622s ]
NOTIC: [8192] mysql_connect(): The mysql extension is deprecated and will be removed in the future: use mysqli or PDO instead C:\wamp64\www\blog\ThinkPHP\Library\Think\Db\Driver\Mysql.class.php 第 52 行.
SQL: SHOW COLUMNS FROM `blog_article_category` [ RunTime:0.000545s ]
SQL: SHOW COLUMNS FROM `blog_article_category` [ RunTime:0.000426s ]
SQL: SELECT * FROM `blog_article_category` WHERE ( `status` = 1 )  [ RunTime:0.000282s ]
SQL: SHOW COLUMNS FROM `blog_article_detail` [ RunTime:0.000546s ]
SQL: SELECT * FROM `blog_article_detail` WHERE ( `status` = 1 ) AND ( `id` = 2 )  [ RunTime:0.000261s ]
INFO: [ view_parse ] --START--
INFO: [ template_filter ] --START--
INFO: Run Behavior\ContentReplace [ RunTime:0.000078s ]
INFO: [ template_filter ] --END-- [ RunTime:0.000225s ]
NOTIC: [8] Undefined variable: article C:\wamp64\www\blog\HJK\Runtime\Cache\Home\db297b5643dc233e51cf063223334793.php 第 77 行.
NOTIC: [8] Undefined variable: article C:\wamp64\www\blog\HJK\Runtime\Cache\Home\db297b5643dc233e51cf063223334793.php 第 77 行.
INFO: Run Behavior\ParseTemplate [ RunTime:0.017798s ]
INFO: [ view_parse ] --END-- [ RunTime:0.017939s ]
INFO: [ view_filter ] --START--
INFO: Run Behavior\WriteHtmlCache [ RunTime:0.000829s ]
INFO: [ view_filter ] --END-- [ RunTime:0.000957s ]
INFO: [ app_end ] --START--
INFO: Run Behavior\ShowPageTrace [ RunTime:0.001029s ]
INFO: [ app_end ] --END-- [ RunTime:0.001177s ]

[ 2017-04-09T20:17:27+08:00 ] ::1 /blog/index.php/Home/index/detail/id/2.html
INFO: [ app_begin ] --START--
INFO: Run Behavior\ReadHtmlCache [ RunTime:0.001195s ]
INFO: [ app_begin ] --END-- [ RunTime:0.002009s ]
NOTIC: [8192] mysql_connect(): The mysql extension is deprecated and will be removed in the future: use mysqli or PDO instead C:\wamp64\www\blog\ThinkPHP\Library\Think\Db\Driver\Mysql.class.php 第 52 行.
SQL: SHOW COLUMNS FROM `blog_article_category` [ RunTime:0.000484s ]
SQL: SHOW COLUMNS FROM `blog_article_category` [ RunTime:0.000505s ]
SQL: SELECT * FROM `blog_article_category` WHERE ( `status` = 1 )  [ RunTime:0.000290s ]
SQL: SHOW COLUMNS FROM `blog_article_detail` [ RunTime:0.000512s ]
SQL: SELECT * FROM `blog_article_detail` WHERE ( `status` = 1 ) AND ( `id` = 2 )  [ RunTime:0.000247s ]
INFO: [ view_parse ] --START--
INFO: [ template_filter ] --START--
INFO: Run Behavior\ContentReplace [ RunTime:0.000083s ]
INFO: [ template_filter ] --END-- [ RunTime:0.000237s ]
NOTIC: [8] Undefined variable: article C:\wamp64\www\blog\HJK\Runtime\Cache\Home\db297b5643dc233e51cf063223334793.php 第 77 行.
NOTIC: [8] Undefined variable: article C:\wamp64\www\blog\HJK\Runtime\Cache\Home\db297b5643dc233e51cf063223334793.php 第 77 行.
INFO: Run Behavior\ParseTemplate [ RunTime:0.019174s ]
INFO: [ view_parse ] --END-- [ RunTime:0.019367s ]
INFO: [ view_filter ] --START--
INFO: Run Behavior\WriteHtmlCache [ RunTime:0.000999s ]
INFO: [ view_filter ] --END-- [ RunTime:0.001220s ]
INFO: [ app_end ] --START--
INFO: Run Behavior\ShowPageTrace [ RunTime:0.001239s ]
INFO: [ app_end ] --END-- [ RunTime:0.001460s ]

[ 2017-04-09T20:17:28+08:00 ] ::1 /blog/index.php/Home/index/detail/id/2.html
INFO: [ app_begin ] --START--
INFO: Run Behavior\ReadHtmlCache [ RunTime:0.000902s ]
INFO: [ app_begin ] --END-- [ RunTime:0.001627s ]
NOTIC: [8192] mysql_connect(): The mysql extension is deprecated and will be removed in the future: use mysqli or PDO instead C:\wamp64\www\blog\ThinkPHP\Library\Think\Db\Driver\Mysql.class.php 第 52 行.
SQL: SHOW COLUMNS FROM `blog_article_category` [ RunTime:0.000610s ]
SQL: SHOW COLUMNS FROM `blog_article_category` [ RunTime:0.000740s ]
SQL: SELECT * FROM `blog_article_category` WHERE ( `status` = 1 )  [ RunTime:0.000341s ]
SQL: SHOW COLUMNS FROM `blog_article_detail` [ RunTime:0.000988s ]
SQL: SELECT * FROM `blog_article_detail` WHERE ( `status` = 1 ) AND ( `id` = 2 )  [ RunTime:0.000296s ]
INFO: [ view_parse ] --START--
INFO: [ template_filter ] --START--
INFO: Run Behavior\ContentReplace [ RunTime:0.000126s ]
INFO: [ template_filter ] --END-- [ RunTime:0.000386s ]
NOTIC: [8] Undefined variable: article C:\wamp64\www\blog\HJK\Runtime\Cache\Home\db297b5643dc233e51cf063223334793.php 第 77 行.
NOTIC: [8] Undefined variable: article C:\wamp64\www\blog\HJK\Runtime\Cache\Home\db297b5643dc233e51cf063223334793.php 第 77 行.
INFO: Run Behavior\ParseTemplate [ RunTime:0.024541s ]
INFO: [ view_parse ] --END-- [ RunTime:0.024780s ]
INFO: [ view_filter ] --START--
INFO: Run Behavior\WriteHtmlCache [ RunTime:0.001173s ]
INFO: [ view_filter ] --END-- [ RunTime:0.001397s ]
INFO: [ app_end ] --START--
INFO: Run Behavior\ShowPageTrace [ RunTime:0.001362s ]
INFO: [ app_end ] --END-- [ RunTime:0.001584s ]

[ 2017-04-09T20:18:05+08:00 ] ::1 /blog/index.php/Home/index/detail/id/2.html
INFO: [ app_begin ] --START--
INFO: Run Behavior\ReadHtmlCache [ RunTime:0.000703s ]
INFO: [ app_begin ] --END-- [ RunTime:0.001306s ]
NOTIC: [8192] mysql_connect(): The mysql extension is deprecated and will be removed in the future: use mysqli or PDO instead C:\wamp64\www\blog\ThinkPHP\Library\Think\Db\Driver\Mysql.class.php 第 52 行.
SQL: SHOW COLUMNS FROM `blog_article_category` [ RunTime:0.000634s ]
SQL: SHOW COLUMNS FROM `blog_article_category` [ RunTime:0.000433s ]
SQL: SELECT * FROM `blog_article_category` WHERE ( `status` = 1 )  [ RunTime:0.000233s ]
SQL: SHOW COLUMNS FROM `blog_article_detail` [ RunTime:0.000666s ]
SQL: SELECT * FROM `blog_article_detail` WHERE ( `status` = 1 ) AND ( `id` = 2 )  [ RunTime:0.000362s ]
INFO: [ view_parse ] --START--
INFO: [ template_filter ] --START--
INFO: Run Behavior\ContentReplace [ RunTime:0.000076s ]
INFO: [ template_filter ] --END-- [ RunTime:0.000229s ]
INFO: Run Behavior\ParseTemplate [ RunTime:0.021030s ]
INFO: [ view_parse ] --END-- [ RunTime:0.021328s ]
INFO: [ view_filter ] --START--
INFO: Run Behavior\WriteHtmlCache [ RunTime:0.000938s ]
INFO: [ view_filter ] --END-- [ RunTime:0.001107s ]
INFO: [ app_end ] --START--
INFO: Run Behavior\ShowPageTrace [ RunTime:0.000879s ]
INFO: [ app_end ] --END-- [ RunTime:0.001003s ]

[ 2017-04-09T20:18:06+08:00 ] ::1 /blog/index.php/Home/index/detail/id/2.html
INFO: [ app_begin ] --START--
INFO: Run Behavior\ReadHtmlCache [ RunTime:0.001190s ]
INFO: [ app_begin ] --END-- [ RunTime:0.001991s ]
NOTIC: [8192] mysql_connect(): The mysql extension is deprecated and will be removed in the future: use mysqli or PDO instead C:\wamp64\www\blog\ThinkPHP\Library\Think\Db\Driver\Mysql.class.php 第 52 行.
SQL: SHOW COLUMNS FROM `blog_article_category` [ RunTime:0.000736s ]
SQL: SHOW COLUMNS FROM `blog_article_category` [ RunTime:0.000697s ]
SQL: SELECT * FROM `blog_article_category` WHERE ( `status` = 1 )  [ RunTime:0.000387s ]
SQL: SHOW COLUMNS FROM `blog_article_detail` [ RunTime:0.000987s ]
SQL: SELECT * FROM `blog_article_detail` WHERE ( `status` = 1 ) AND ( `id` = 2 )  [ RunTime:0.000459s ]
INFO: [ view_parse ] --START--
INFO: [ template_filter ] --START--
INFO: Run Behavior\ContentReplace [ RunTime:0.000116s ]
INFO: [ template_filter ] --END-- [ RunTime:0.000340s ]
INFO: Run Behavior\ParseTemplate [ RunTime:0.025451s ]
INFO: [ view_parse ] --END-- [ RunTime:0.025721s ]
INFO: [ view_filter ] --START--
INFO: Run Behavior\WriteHtmlCache [ RunTime:0.001242s ]
INFO: [ view_filter ] --END-- [ RunTime:0.001496s ]
INFO: [ app_end ] --START--
INFO: Run Behavior\ShowPageTrace [ RunTime:0.002406s ]
INFO: [ app_end ] --END-- [ RunTime:0.002708s ]

[ 2017-04-09T20:18:07+08:00 ] ::1 /blog/index.php/Home/index/detail/id/2.html
INFO: [ app_begin ] --START--
INFO: Run Behavior\ReadHtmlCache [ RunTime:0.000931s ]
INFO: [ app_begin ] --END-- [ RunTime:0.001660s ]
NOTIC: [8192] mysql_connect(): The mysql extension is deprecated and will be removed in the future: use mysqli or PDO instead C:\wamp64\www\blog\ThinkPHP\Library\Think\Db\Driver\Mysql.class.php 第 52 行.
SQL: SHOW COLUMNS FROM `blog_article_category` [ RunTime:0.000683s ]
SQL: SHOW COLUMNS FROM `blog_article_category` [ RunTime:0.000678s ]
SQL: SELECT * FROM `blog_article_category` WHERE ( `status` = 1 )  [ RunTime:0.000335s ]
SQL: SHOW COLUMNS FROM `blog_article_detail` [ RunTime:0.000852s ]
SQL: SELECT * FROM `blog_article_detail` WHERE ( `status` = 1 ) AND ( `id` = 2 )  [ RunTime:0.000428s ]
INFO: [ view_parse ] --START--
INFO: [ template_filter ] --START--
INFO: Run Behavior\ContentReplace [ RunTime:0.000123s ]
INFO: [ template_filter ] --END-- [ RunTime:0.000365s ]
INFO: Run Behavior\ParseTemplate [ RunTime:0.028302s ]
INFO: [ view_parse ] --END-- [ RunTime:0.028549s ]
INFO: [ view_filter ] --START--
INFO: Run Behavior\WriteHtmlCache [ RunTime:0.001218s ]
INFO: [ view_filter ] --END-- [ RunTime:0.001445s ]
INFO: [ app_end ] --START--
INFO: Run Behavior\ShowPageTrace [ RunTime:0.001477s ]
INFO: [ app_end ] --END-- [ RunTime:0.001706s ]

