[ 2017-05-05T19:15:20+08:00 ] ::1 /blog%202/
INFO: [ app_begin ] --START--
INFO: Run Behavior\ReadHtmlCache [ RunTime:0.007703s ]
INFO: [ app_begin ] --END-- [ RunTime:0.011362s ]
NOTIC: [8192] mysql_connect(): The mysql extension is deprecated and will be removed in the future: use mysqli or PDO instead /Applications/MAMP/htdocs/blog 2/ThinkPHP/Library/Think/Db/Driver/Mysql.class.php 第 52 行.
SQL: SHOW COLUMNS FROM `blog_article_category` [ RunTime:0.007077s ]
SQL: SHOW COLUMNS FROM `blog_article_category` [ RunTime:0.006803s ]
SQL: SELECT * FROM `blog_article_category` WHERE ( `status` = 1 )  [ RunTime:0.000544s ]
SQL: SHOW COLUMNS FROM `blog_article_detail` [ RunTime:0.006950s ]
SQL: SELECT `id`,`title`,`category_id`,`create_time` FROM `blog_article_detail` WHERE ( `status` = 1 ) ORDER BY create_time desc LIMIT 6   [ RunTime:0.000655s ]
SQL: SELECT `id`,`title`,`category_id`,`create_time`,`hits` FROM `blog_article_detail` WHERE ( `status` = 1 ) ORDER BY hits desc LIMIT 6   [ RunTime:0.000565s ]
INFO: [ view_parse ] --START--
INFO: [ template_filter ] --START--
INFO: Run Behavior\ContentReplace [ RunTime:0.000150s ]
INFO: [ template_filter ] --END-- [ RunTime:0.000299s ]
INFO: Run Behavior\ParseTemplate [ RunTime:0.050573s ]
INFO: [ view_parse ] --END-- [ RunTime:0.050742s ]
INFO: [ view_filter ] --START--
INFO: Run Behavior\WriteHtmlCache [ RunTime:0.000550s ]
INFO: [ view_filter ] --END-- [ RunTime:0.000682s ]
INFO: [ app_end ] --START--
INFO: Run Behavior\ShowPageTrace [ RunTime:0.004094s ]
INFO: [ app_end ] --END-- [ RunTime:0.004236s ]

[ 2017-05-05T19:15:25+08:00 ] ::1 /blog%202/index.php/Home/index/login.html
INFO: [ app_begin ] --START--
INFO: Run Behavior\ReadHtmlCache [ RunTime:0.000437s ]
INFO: [ app_begin ] --END-- [ RunTime:0.000810s ]
NOTIC: [8192] mysql_connect(): The mysql extension is deprecated and will be removed in the future: use mysqli or PDO instead /Applications/MAMP/htdocs/blog 2/ThinkPHP/Library/Think/Db/Driver/Mysql.class.php 第 52 行.
SQL: SHOW COLUMNS FROM `blog_article_category` [ RunTime:0.006814s ]
SQL: SHOW COLUMNS FROM `blog_article_category` [ RunTime:0.007087s ]
SQL: SELECT * FROM `blog_article_category` WHERE ( `status` = 1 )  [ RunTime:0.000602s ]
INFO: [ view_parse ] --START--
INFO: [ template_filter ] --START--
INFO: Run Behavior\ContentReplace [ RunTime:0.000059s ]
INFO: [ template_filter ] --END-- [ RunTime:0.000152s ]
INFO: Run Behavior\ParseTemplate [ RunTime:0.016140s ]
INFO: [ view_parse ] --END-- [ RunTime:0.016241s ]
INFO: [ view_filter ] --START--
INFO: Run Behavior\WriteHtmlCache [ RunTime:0.000185s ]
INFO: [ view_filter ] --END-- [ RunTime:0.000245s ]
INFO: [ app_end ] --START--
INFO: Run Behavior\ShowPageTrace [ RunTime:0.000682s ]
INFO: [ app_end ] --END-- [ RunTime:0.000762s ]

[ 2017-05-05T19:15:25+08:00 ] ::1 /blog%202/index.php/Home/Index/verify.html
INFO: [ app_begin ] --START--
INFO: Run Behavior\ReadHtmlCache [ RunTime:0.000573s ]
INFO: [ app_begin ] --END-- [ RunTime:0.000977s ]
NOTIC: [8192] mysql_connect(): The mysql extension is deprecated and will be removed in the future: use mysqli or PDO instead /Applications/MAMP/htdocs/blog 2/ThinkPHP/Library/Think/Db/Driver/Mysql.class.php 第 52 行.
SQL: SHOW COLUMNS FROM `blog_article_category` [ RunTime:0.009290s ]
SQL: SHOW COLUMNS FROM `blog_article_category` [ RunTime:0.007350s ]
SQL: SELECT * FROM `blog_article_category` WHERE ( `status` = 1 )  [ RunTime:0.000619s ]
NOTIC: [8] ob_clean(): failed to delete buffer. No buffer to delete /Applications/MAMP/htdocs/blog 2/HJK/Home/Controller/IndexController.class.php 第 8 行.
INFO: [ app_end ] --START--
INFO: Run Behavior\ShowPageTrace [ RunTime:0.000656s ]
INFO: [ app_end ] --END-- [ RunTime:0.000754s ]

[ 2017-05-05T19:15:34+08:00 ] ::1 /blog%202/index.php/Home/Index/logins.html
INFO: [ app_begin ] --START--
INFO: Run Behavior\ReadHtmlCache [ RunTime:0.000576s ]
INFO: [ app_begin ] --END-- [ RunTime:0.001102s ]
NOTIC: [8192] mysql_connect(): The mysql extension is deprecated and will be removed in the future: use mysqli or PDO instead /Applications/MAMP/htdocs/blog 2/ThinkPHP/Library/Think/Db/Driver/Mysql.class.php 第 52 行.
SQL: SHOW COLUMNS FROM `blog_article_category` [ RunTime:0.003613s ]
SQL: SHOW COLUMNS FROM `blog_article_category` [ RunTime:0.007313s ]
SQL: SELECT * FROM `blog_article_category` WHERE ( `status` = 1 )  [ RunTime:0.000520s ]
SQL: SHOW COLUMNS FROM `blog_user` [ RunTime:0.006952s ]
SQL: SELECT * FROM `blog_user` WHERE ( `status` = 1 ) AND ( `name` = '123' ) LIMIT 1   [ RunTime:0.000619s ]
SQL: SELECT * FROM `blog_user` WHERE ( `status` = 1 ) AND ( `name` = '123' ) AND ( `password` = '3' ) LIMIT 1   [ RunTime:0.000579s ]
NOTIC: [8] Undefined variable: date /Applications/MAMP/htdocs/blog 2/HJK/Home/Controller/IndexController.class.php 第 107 行.
SQL: UPDATE `blog_user` SET `name`='123',`password`='3',`login_last_time`=1493982934 WHERE ( `status` = 1 ) AND ( `name` = null ) AND ( `password` = '3' ) [ RunTime:0.000492s ]
INFO: [ view_parse ] --START--
INFO: [ template_filter ] --START--
INFO: Run Behavior\ContentReplace [ RunTime:0.000038s ]
INFO: [ template_filter ] --END-- [ RunTime:0.000143s ]
INFO: Run Behavior\ParseTemplate [ RunTime:0.011172s ]
INFO: [ view_parse ] --END-- [ RunTime:0.011287s ]
INFO: [ view_filter ] --START--
INFO: Run Behavior\WriteHtmlCache [ RunTime:0.000142s ]
INFO: [ view_filter ] --END-- [ RunTime:0.000193s ]
INFO: [ app_end ] --START--
INFO: Run Behavior\ShowPageTrace [ RunTime:0.000566s ]
INFO: [ app_end ] --END-- [ RunTime:0.000632s ]

[ 2017-05-05T19:15:35+08:00 ] ::1 /blog%202/index.php/Home/Index/Index/index
INFO: [ app_begin ] --START--
INFO: Run Behavior\ReadHtmlCache [ RunTime:0.000602s ]
INFO: [ app_begin ] --END-- [ RunTime:0.001193s ]
NOTIC: [8192] mysql_connect(): The mysql extension is deprecated and will be removed in the future: use mysqli or PDO instead /Applications/MAMP/htdocs/blog 2/ThinkPHP/Library/Think/Db/Driver/Mysql.class.php 第 52 行.
SQL: SHOW COLUMNS FROM `blog_article_category` [ RunTime:0.006921s ]
SQL: SHOW COLUMNS FROM `blog_article_category` [ RunTime:0.007614s ]
SQL: SELECT * FROM `blog_article_category` WHERE ( `status` = 1 )  [ RunTime:0.000528s ]
SQL: SHOW COLUMNS FROM `blog_article_detail` [ RunTime:0.006751s ]
SQL: SELECT `id`,`title`,`category_id`,`create_time` FROM `blog_article_detail` WHERE ( `status` = 1 ) ORDER BY create_time desc LIMIT 6   [ RunTime:0.000662s ]
SQL: SELECT `id`,`title`,`category_id`,`create_time`,`hits` FROM `blog_article_detail` WHERE ( `status` = 1 ) ORDER BY hits desc LIMIT 6   [ RunTime:0.000544s ]
INFO: [ view_parse ] --START--
INFO: [ template_filter ] --START--
INFO: Run Behavior\ContentReplace [ RunTime:0.000051s ]
INFO: [ template_filter ] --END-- [ RunTime:0.000140s ]
INFO: Run Behavior\ParseTemplate [ RunTime:0.017602s ]
INFO: [ view_parse ] --END-- [ RunTime:0.017668s ]
INFO: [ view_filter ] --START--
INFO: Run Behavior\WriteHtmlCache [ RunTime:0.000168s ]
INFO: [ view_filter ] --END-- [ RunTime:0.000222s ]
INFO: [ app_end ] --START--
INFO: Run Behavior\ShowPageTrace [ RunTime:0.000751s ]
INFO: [ app_end ] --END-- [ RunTime:0.000849s ]

[ 2017-05-05T19:15:38+08:00 ] ::1 /blog%202/index.php/Admin/index/index.html
INFO: [ app_begin ] --START--
INFO: Run Behavior\ReadHtmlCache [ RunTime:0.000577s ]
INFO: [ app_begin ] --END-- [ RunTime:0.001100s ]

[ 2017-05-05T19:17:12+08:00 ] ::1 /blog%202/index.php/Admin/index/index.html
INFO: [ app_begin ] --START--
INFO: Run Behavior\ReadHtmlCache [ RunTime:0.000598s ]
INFO: [ app_begin ] --END-- [ RunTime:0.001066s ]
NOTIC: [8192] mysql_connect(): The mysql extension is deprecated and will be removed in the future: use mysqli or PDO instead /Applications/MAMP/htdocs/blog 2/ThinkPHP/Library/Think/Db/Driver/Mysql.class.php 第 52 行.
SQL: SHOW COLUMNS FROM `blog_article_detail` [ RunTime:0.007040s ]
NOTIC: [8] Undefined index: p /Applications/MAMP/htdocs/blog 2/HJK/Admin/Model/ArticleDetailModel.class.php 第 11 行.
SQL: SELECT dt.title,dt.content,dt.create_time,dt.c_id,dt.id,ac.name FROM blog_article_detail dt INNER JOIN blog_article_category AS ac ON ac.id = dt.category_id  WHERE ( dt.status = 1 ) ORDER BY create_time desc LIMIT 0,6   [ RunTime:0.000850s ]
SQL: SELECT dt.title,dt.content,dt.create_time,dt.c_id,dt.id,ac.name FROM blog_article_detail dt INNER JOIN blog_article_category AS ac ON ac.id = dt.category_id  WHERE ( dt.status = 1 ) ORDER BY create_time desc  [ RunTime:0.001012s ]
INFO: [ view_parse ] --START--
INFO: [ template_filter ] --START--
INFO: Run Behavior\ContentReplace [ RunTime:0.000062s ]
INFO: [ template_filter ] --END-- [ RunTime:0.000167s ]
INFO: Run Behavior\ParseTemplate [ RunTime:0.022020s ]
INFO: [ view_parse ] --END-- [ RunTime:0.022111s ]
INFO: [ view_filter ] --START--
INFO: Run Behavior\WriteHtmlCache [ RunTime:0.000196s ]
INFO: [ view_filter ] --END-- [ RunTime:0.000259s ]
NOTIC: [2] Cannot modify header information - headers already sent by (output started at /Applications/MAMP/htdocs/blog 2/ThinkPHP/Common/functions.php:682) /Applications/MAMP/htdocs/blog 2/ThinkPHP/Library/Think/View.class.php 第 91 行.
NOTIC: [2] Cannot modify header information - headers already sent by (output started at /Applications/MAMP/htdocs/blog 2/ThinkPHP/Common/functions.php:682) /Applications/MAMP/htdocs/blog 2/ThinkPHP/Library/Think/View.class.php 第 92 行.
NOTIC: [2] Cannot modify header information - headers already sent by (output started at /Applications/MAMP/htdocs/blog 2/ThinkPHP/Common/functions.php:682) /Applications/MAMP/htdocs/blog 2/ThinkPHP/Library/Think/View.class.php 第 93 行.
INFO: [ app_end ] --START--
INFO: Run Behavior\ShowPageTrace [ RunTime:0.000498s ]
INFO: [ app_end ] --END-- [ RunTime:0.000552s ]

[ 2017-05-05T19:17:17+08:00 ] ::1 /blog%202/index.php/Admin/index/user.html
INFO: [ app_begin ] --START--
INFO: Run Behavior\ReadHtmlCache [ RunTime:0.000481s ]
INFO: [ app_begin ] --END-- [ RunTime:0.000858s ]
NOTIC: [8192] mysql_connect(): The mysql extension is deprecated and will be removed in the future: use mysqli or PDO instead /Applications/MAMP/htdocs/blog 2/ThinkPHP/Library/Think/Db/Driver/Mysql.class.php 第 52 行.
SQL: SHOW COLUMNS FROM `blog_article_detail` [ RunTime:0.006931s ]
INFO: [ view_parse ] --START--
INFO: [ template_filter ] --START--
INFO: Run Behavior\ContentReplace [ RunTime:0.000067s ]
INFO: [ template_filter ] --END-- [ RunTime:0.000191s ]
INFO: Run Behavior\ParseTemplate [ RunTime:0.013409s ]
INFO: [ view_parse ] --END-- [ RunTime:0.013508s ]
INFO: [ view_filter ] --START--
INFO: Run Behavior\WriteHtmlCache [ RunTime:0.000183s ]
INFO: [ view_filter ] --END-- [ RunTime:0.000256s ]
INFO: [ app_end ] --START--
INFO: Run Behavior\ShowPageTrace [ RunTime:0.000529s ]
INFO: [ app_end ] --END-- [ RunTime:0.000604s ]

[ 2017-05-05T19:18:12+08:00 ] ::1 /blog%202/index.php/Admin/index/index.html
INFO: [ app_begin ] --START--
INFO: Run Behavior\ReadHtmlCache [ RunTime:0.000427s ]
INFO: [ app_begin ] --END-- [ RunTime:0.000760s ]
NOTIC: [8192] mysql_connect(): The mysql extension is deprecated and will be removed in the future: use mysqli or PDO instead /Applications/MAMP/htdocs/blog 2/ThinkPHP/Library/Think/Db/Driver/Mysql.class.php 第 52 行.
SQL: SHOW COLUMNS FROM `blog_article_detail` [ RunTime:0.007112s ]
NOTIC: [8] Undefined index: p /Applications/MAMP/htdocs/blog 2/HJK/Admin/Model/ArticleDetailModel.class.php 第 11 行.
SQL: SELECT dt.title,dt.content,dt.create_time,dt.c_id,dt.id,ac.name FROM blog_article_detail dt INNER JOIN blog_article_category AS ac ON ac.id = dt.category_id  WHERE ( dt.status = 1 ) ORDER BY create_time desc LIMIT 0,6   [ RunTime:0.000768s ]
SQL: SELECT dt.title,dt.content,dt.create_time,dt.c_id,dt.id,ac.name FROM blog_article_detail dt INNER JOIN blog_article_category AS ac ON ac.id = dt.category_id  WHERE ( dt.status = 1 ) ORDER BY create_time desc  [ RunTime:0.001041s ]
INFO: [ view_parse ] --START--
INFO: [ template_filter ] --START--
INFO: Run Behavior\ContentReplace [ RunTime:0.000040s ]
INFO: [ template_filter ] --END-- [ RunTime:0.000110s ]
INFO: Run Behavior\ParseTemplate [ RunTime:0.010452s ]
INFO: [ view_parse ] --END-- [ RunTime:0.010534s ]
INFO: [ view_filter ] --START--
INFO: Run Behavior\WriteHtmlCache [ RunTime:0.000144s ]
INFO: [ view_filter ] --END-- [ RunTime:0.000198s ]
NOTIC: [2] Cannot modify header information - headers already sent by (output started at /Applications/MAMP/htdocs/blog 2/ThinkPHP/Common/functions.php:682) /Applications/MAMP/htdocs/blog 2/ThinkPHP/Library/Think/View.class.php 第 91 行.
NOTIC: [2] Cannot modify header information - headers already sent by (output started at /Applications/MAMP/htdocs/blog 2/ThinkPHP/Common/functions.php:682) /Applications/MAMP/htdocs/blog 2/ThinkPHP/Library/Think/View.class.php 第 92 行.
NOTIC: [2] Cannot modify header information - headers already sent by (output started at /Applications/MAMP/htdocs/blog 2/ThinkPHP/Common/functions.php:682) /Applications/MAMP/htdocs/blog 2/ThinkPHP/Library/Think/View.class.php 第 93 行.
INFO: [ app_end ] --START--
INFO: Run Behavior\ShowPageTrace [ RunTime:0.000488s ]
INFO: [ app_end ] --END-- [ RunTime:0.000544s ]

[ 2017-05-05T19:18:15+08:00 ] ::1 /blog%202/index.php/Admin/index/user.html
INFO: [ app_begin ] --START--
INFO: Run Behavior\ReadHtmlCache [ RunTime:0.000416s ]
INFO: [ app_begin ] --END-- [ RunTime:0.000740s ]
NOTIC: [8192] mysql_connect(): The mysql extension is deprecated and will be removed in the future: use mysqli or PDO instead /Applications/MAMP/htdocs/blog 2/ThinkPHP/Library/Think/Db/Driver/Mysql.class.php 第 52 行.
SQL: SHOW COLUMNS FROM `blog_article_detail` [ RunTime:0.006856s ]
INFO: [ view_parse ] --START--
INFO: [ template_filter ] --START--
INFO: Run Behavior\ContentReplace [ RunTime:0.000040s ]
INFO: [ template_filter ] --END-- [ RunTime:0.000114s ]
INFO: Run Behavior\ParseTemplate [ RunTime:0.009409s ]
INFO: [ view_parse ] --END-- [ RunTime:0.009483s ]
INFO: [ view_filter ] --START--
INFO: Run Behavior\WriteHtmlCache [ RunTime:0.000220s ]
INFO: [ view_filter ] --END-- [ RunTime:0.000281s ]
INFO: [ app_end ] --START--
INFO: Run Behavior\ShowPageTrace [ RunTime:0.000532s ]
INFO: [ app_end ] --END-- [ RunTime:0.000600s ]

[ 2017-05-05T19:21:54+08:00 ] ::1 /blog%202/index.php/Admin/index/user.html
INFO: [ app_begin ] --START--
INFO: Run Behavior\ReadHtmlCache [ RunTime:0.000415s ]
INFO: [ app_begin ] --END-- [ RunTime:0.000738s ]
NOTIC: [8192] mysql_connect(): The mysql extension is deprecated and will be removed in the future: use mysqli or PDO instead /Applications/MAMP/htdocs/blog 2/ThinkPHP/Library/Think/Db/Driver/Mysql.class.php 第 52 行.
SQL: SHOW COLUMNS FROM `blog_article_detail` [ RunTime:0.006970s ]
INFO: [ view_parse ] --START--
INFO: [ template_filter ] --START--
INFO: Run Behavior\ContentReplace [ RunTime:0.000041s ]
INFO: [ template_filter ] --END-- [ RunTime:0.000117s ]
INFO: Run Behavior\ParseTemplate [ RunTime:0.009309s ]
INFO: [ view_parse ] --END-- [ RunTime:0.009433s ]
INFO: [ view_filter ] --START--
INFO: Run Behavior\WriteHtmlCache [ RunTime:0.000142s ]
INFO: [ view_filter ] --END-- [ RunTime:0.000194s ]
INFO: [ app_end ] --START--
INFO: Run Behavior\ShowPageTrace [ RunTime:0.000464s ]
INFO: [ app_end ] --END-- [ RunTime:0.000519s ]

[ 2017-05-05T19:21:55+08:00 ] ::1 /blog%202/index.php/Admin/index/index.html
INFO: [ app_begin ] --START--
INFO: Run Behavior\ReadHtmlCache [ RunTime:0.000410s ]
INFO: [ app_begin ] --END-- [ RunTime:0.000732s ]
NOTIC: [8192] mysql_connect(): The mysql extension is deprecated and will be removed in the future: use mysqli or PDO instead /Applications/MAMP/htdocs/blog 2/ThinkPHP/Library/Think/Db/Driver/Mysql.class.php 第 52 行.
SQL: SHOW COLUMNS FROM `blog_article_detail` [ RunTime:0.006746s ]
NOTIC: [8] Undefined index: p /Applications/MAMP/htdocs/blog 2/HJK/Admin/Model/ArticleDetailModel.class.php 第 11 行.
SQL: SELECT dt.title,dt.content,dt.create_time,dt.c_id,dt.id,ac.name FROM blog_article_detail dt INNER JOIN blog_article_category AS ac ON ac.id = dt.category_id  WHERE ( dt.status = 1 ) ORDER BY create_time desc LIMIT 0,6   [ RunTime:0.000843s ]
SQL: SELECT dt.title,dt.content,dt.create_time,dt.c_id,dt.id,ac.name FROM blog_article_detail dt INNER JOIN blog_article_category AS ac ON ac.id = dt.category_id  WHERE ( dt.status = 1 ) ORDER BY create_time desc  [ RunTime:0.000958s ]
INFO: [ view_parse ] --START--
INFO: [ template_filter ] --START--
INFO: Run Behavior\ContentReplace [ RunTime:0.000045s ]
INFO: [ template_filter ] --END-- [ RunTime:0.000130s ]
INFO: Run Behavior\ParseTemplate [ RunTime:0.010564s ]
INFO: [ view_parse ] --END-- [ RunTime:0.010715s ]
INFO: [ view_filter ] --START--
INFO: Run Behavior\WriteHtmlCache [ RunTime:0.000133s ]
INFO: [ view_filter ] --END-- [ RunTime:0.000187s ]
NOTIC: [2] Cannot modify header information - headers already sent by (output started at /Applications/MAMP/htdocs/blog 2/ThinkPHP/Common/functions.php:682) /Applications/MAMP/htdocs/blog 2/ThinkPHP/Library/Think/View.class.php 第 91 行.
NOTIC: [2] Cannot modify header information - headers already sent by (output started at /Applications/MAMP/htdocs/blog 2/ThinkPHP/Common/functions.php:682) /Applications/MAMP/htdocs/blog 2/ThinkPHP/Library/Think/View.class.php 第 92 行.
NOTIC: [2] Cannot modify header information - headers already sent by (output started at /Applications/MAMP/htdocs/blog 2/ThinkPHP/Common/functions.php:682) /Applications/MAMP/htdocs/blog 2/ThinkPHP/Library/Think/View.class.php 第 93 行.
INFO: [ app_end ] --START--
INFO: Run Behavior\ShowPageTrace [ RunTime:0.000478s ]
INFO: [ app_end ] --END-- [ RunTime:0.000533s ]

[ 2017-05-05T19:21:58+08:00 ] ::1 /blog%202/index.php/Admin/index/addBlog.html
INFO: [ app_begin ] --START--
INFO: Run Behavior\ReadHtmlCache [ RunTime:0.000473s ]
INFO: [ app_begin ] --END-- [ RunTime:0.000808s ]
NOTIC: [8192] mysql_connect(): The mysql extension is deprecated and will be removed in the future: use mysqli or PDO instead /Applications/MAMP/htdocs/blog 2/ThinkPHP/Library/Think/Db/Driver/Mysql.class.php 第 52 行.
SQL: SHOW COLUMNS FROM `blog_article_detail` [ RunTime:0.007732s ]
SQL: SHOW COLUMNS FROM `blog_article_category` [ RunTime:0.007025s ]
SQL: SELECT `name`,`id` FROM `blog_article_category` WHERE ( `status` = 1 ) AND ( `id` > 3 )  [ RunTime:0.000681s ]
INFO: [ view_parse ] --START--
INFO: [ template_filter ] --START--
INFO: Run Behavior\ContentReplace [ RunTime:0.000045s ]
INFO: [ template_filter ] --END-- [ RunTime:0.000121s ]
NOTIC: [8] Undefined variable: content /Applications/MAMP/htdocs/blog 2/HJK/Runtime/Cache/Admin/002c20367dd596d411f6aa5e802fcb83.php 第 70 行.
INFO: Run Behavior\ParseTemplate [ RunTime:0.010951s ]
INFO: [ view_parse ] --END-- [ RunTime:0.011023s ]
INFO: [ view_filter ] --START--
INFO: Run Behavior\WriteHtmlCache [ RunTime:0.000131s ]
INFO: [ view_filter ] --END-- [ RunTime:0.000183s ]
INFO: [ app_end ] --START--
INFO: Run Behavior\ShowPageTrace [ RunTime:0.000453s ]
INFO: [ app_end ] --END-- [ RunTime:0.000509s ]

[ 2017-05-05T19:22:05+08:00 ] ::1 /blog%202/index.php/Admin/index/index.html
INFO: [ app_begin ] --START--
INFO: Run Behavior\ReadHtmlCache [ RunTime:0.000411s ]
INFO: [ app_begin ] --END-- [ RunTime:0.000734s ]
NOTIC: [8192] mysql_connect(): The mysql extension is deprecated and will be removed in the future: use mysqli or PDO instead /Applications/MAMP/htdocs/blog 2/ThinkPHP/Library/Think/Db/Driver/Mysql.class.php 第 52 行.
SQL: SHOW COLUMNS FROM `blog_article_detail` [ RunTime:0.006997s ]
NOTIC: [8] Undefined index: p /Applications/MAMP/htdocs/blog 2/HJK/Admin/Model/ArticleDetailModel.class.php 第 11 行.
SQL: SELECT dt.title,dt.content,dt.create_time,dt.c_id,dt.id,ac.name FROM blog_article_detail dt INNER JOIN blog_article_category AS ac ON ac.id = dt.category_id  WHERE ( dt.status = 1 ) ORDER BY create_time desc LIMIT 0,6   [ RunTime:0.001237s ]
SQL: SELECT dt.title,dt.content,dt.create_time,dt.c_id,dt.id,ac.name FROM blog_article_detail dt INNER JOIN blog_article_category AS ac ON ac.id = dt.category_id  WHERE ( dt.status = 1 ) ORDER BY create_time desc  [ RunTime:0.001399s ]
INFO: [ view_parse ] --START--
INFO: [ template_filter ] --START--
INFO: Run Behavior\ContentReplace [ RunTime:0.000062s ]
INFO: [ template_filter ] --END-- [ RunTime:0.000151s ]
INFO: Run Behavior\ParseTemplate [ RunTime:0.010073s ]
INFO: [ view_parse ] --END-- [ RunTime:0.010180s ]
INFO: [ view_filter ] --START--
INFO: Run Behavior\WriteHtmlCache [ RunTime:0.000175s ]
INFO: [ view_filter ] --END-- [ RunTime:0.000249s ]
NOTIC: [2] Cannot modify header information - headers already sent by (output started at /Applications/MAMP/htdocs/blog 2/ThinkPHP/Common/functions.php:682) /Applications/MAMP/htdocs/blog 2/ThinkPHP/Library/Think/View.class.php 第 91 行.
NOTIC: [2] Cannot modify header information - headers already sent by (output started at /Applications/MAMP/htdocs/blog 2/ThinkPHP/Common/functions.php:682) /Applications/MAMP/htdocs/blog 2/ThinkPHP/Library/Think/View.class.php 第 92 行.
NOTIC: [2] Cannot modify header information - headers already sent by (output started at /Applications/MAMP/htdocs/blog 2/ThinkPHP/Common/functions.php:682) /Applications/MAMP/htdocs/blog 2/ThinkPHP/Library/Think/View.class.php 第 93 行.
INFO: [ app_end ] --START--
INFO: Run Behavior\ShowPageTrace [ RunTime:0.000511s ]
INFO: [ app_end ] --END-- [ RunTime:0.000570s ]

[ 2017-05-05T19:22:34+08:00 ] ::1 /blog%202/index.php/Admin/index/user.html
INFO: [ app_begin ] --START--
INFO: Run Behavior\ReadHtmlCache [ RunTime:0.000499s ]
INFO: [ app_begin ] --END-- [ RunTime:0.001019s ]
NOTIC: [8192] mysql_connect(): The mysql extension is deprecated and will be removed in the future: use mysqli or PDO instead /Applications/MAMP/htdocs/blog 2/ThinkPHP/Library/Think/Db/Driver/Mysql.class.php 第 52 行.
SQL: SHOW COLUMNS FROM `blog_article_detail` [ RunTime:0.007050s ]
INFO: [ view_parse ] --START--
INFO: [ template_filter ] --START--
INFO: Run Behavior\ContentReplace [ RunTime:0.000055s ]
INFO: [ template_filter ] --END-- [ RunTime:0.000134s ]
INFO: Run Behavior\ParseTemplate [ RunTime:0.010009s ]
INFO: [ view_parse ] --END-- [ RunTime:0.010091s ]
INFO: [ view_filter ] --START--
INFO: Run Behavior\WriteHtmlCache [ RunTime:0.000147s ]
INFO: [ view_filter ] --END-- [ RunTime:0.000199s ]
INFO: [ app_end ] --START--
INFO: Run Behavior\ShowPageTrace [ RunTime:0.000511s ]
INFO: [ app_end ] --END-- [ RunTime:0.000571s ]

[ 2017-05-05T19:22:47+08:00 ] ::1 /blog%202/index.php/Admin/index/addUser.html
INFO: [ app_begin ] --START--
INFO: Run Behavior\ReadHtmlCache [ RunTime:0.000415s ]
INFO: [ app_begin ] --END-- [ RunTime:0.000740s ]
NOTIC: [8192] mysql_connect(): The mysql extension is deprecated and will be removed in the future: use mysqli or PDO instead /Applications/MAMP/htdocs/blog 2/ThinkPHP/Library/Think/Db/Driver/Mysql.class.php 第 52 行.
SQL: SHOW COLUMNS FROM `blog_article_detail` [ RunTime:0.007138s ]
INFO: [ view_parse ] --START--
INFO: [ template_filter ] --START--
INFO: Run Behavior\ContentReplace [ RunTime:0.000041s ]
INFO: [ template_filter ] --END-- [ RunTime:0.000114s ]
INFO: Run Behavior\ParseTemplate [ RunTime:0.009064s ]
INFO: [ view_parse ] --END-- [ RunTime:0.009134s ]
INFO: [ view_filter ] --START--
INFO: Run Behavior\WriteHtmlCache [ RunTime:0.000136s ]
INFO: [ view_filter ] --END-- [ RunTime:0.000189s ]
INFO: [ app_end ] --START--
INFO: Run Behavior\ShowPageTrace [ RunTime:0.000465s ]
INFO: [ app_end ] --END-- [ RunTime:0.000520s ]

[ 2017-05-05T19:25:30+08:00 ] ::1 /blog%202/index.php/Admin/index/addUser.html
INFO: [ app_begin ] --START--
INFO: Run Behavior\ReadHtmlCache [ RunTime:0.000604s ]
INFO: [ app_begin ] --END-- [ RunTime:0.001134s ]
NOTIC: [8192] mysql_connect(): The mysql extension is deprecated and will be removed in the future: use mysqli or PDO instead /Applications/MAMP/htdocs/blog 2/ThinkPHP/Library/Think/Db/Driver/Mysql.class.php 第 52 行.
SQL: SHOW COLUMNS FROM `blog_article_detail` [ RunTime:0.007046s ]
INFO: [ view_parse ] --START--
INFO: [ template_filter ] --START--
INFO: Run Behavior\ContentReplace [ RunTime:0.000038s ]
INFO: [ template_filter ] --END-- [ RunTime:0.000110s ]
INFO: Run Behavior\ParseTemplate [ RunTime:0.008888s ]
INFO: [ view_parse ] --END-- [ RunTime:0.008958s ]
INFO: [ view_filter ] --START--
INFO: Run Behavior\WriteHtmlCache [ RunTime:0.000146s ]
INFO: [ view_filter ] --END-- [ RunTime:0.000196s ]
INFO: [ app_end ] --START--
INFO: Run Behavior\ShowPageTrace [ RunTime:0.000501s ]
INFO: [ app_end ] --END-- [ RunTime:0.000558s ]

[ 2017-05-05T19:26:12+08:00 ] ::1 /blog%202/index.php/Admin/index/addUser.html
INFO: [ app_begin ] --START--
INFO: Run Behavior\ReadHtmlCache [ RunTime:0.000464s ]
INFO: [ app_begin ] --END-- [ RunTime:0.000867s ]
NOTIC: [8192] mysql_connect(): The mysql extension is deprecated and will be removed in the future: use mysqli or PDO instead /Applications/MAMP/htdocs/blog 2/ThinkPHP/Library/Think/Db/Driver/Mysql.class.php 第 52 行.
SQL: SHOW COLUMNS FROM `blog_article_detail` [ RunTime:0.006886s ]
INFO: [ view_parse ] --START--
INFO: [ template_filter ] --START--
INFO: Run Behavior\ContentReplace [ RunTime:0.000039s ]
INFO: [ template_filter ] --END-- [ RunTime:0.000112s ]
INFO: Run Behavior\ParseTemplate [ RunTime:0.009204s ]
INFO: [ view_parse ] --END-- [ RunTime:0.009278s ]
INFO: [ view_filter ] --START--
INFO: Run Behavior\WriteHtmlCache [ RunTime:0.000124s ]
INFO: [ view_filter ] --END-- [ RunTime:0.000175s ]
INFO: [ app_end ] --START--
INFO: Run Behavior\ShowPageTrace [ RunTime:0.000453s ]
INFO: [ app_end ] --END-- [ RunTime:0.000509s ]

[ 2017-05-05T19:32:26+08:00 ] ::1 /blog%202/index.php/Admin/index/addUser.html
INFO: [ app_begin ] --START--
INFO: Run Behavior\ReadHtmlCache [ RunTime:0.000655s ]
INFO: [ app_begin ] --END-- [ RunTime:0.001159s ]
NOTIC: [8192] mysql_connect(): The mysql extension is deprecated and will be removed in the future: use mysqli or PDO instead /Applications/MAMP/htdocs/blog 2/ThinkPHP/Library/Think/Db/Driver/Mysql.class.php 第 52 行.
SQL: SHOW COLUMNS FROM `blog_article_detail` [ RunTime:0.006656s ]
INFO: [ view_parse ] --START--
INFO: [ template_filter ] --START--
INFO: Run Behavior\ContentReplace [ RunTime:0.000120s ]
INFO: [ template_filter ] --END-- [ RunTime:0.000275s ]
NOTIC: [8] Undefined index: id /Applications/MAMP/htdocs/blog 2/HJK/Runtime/Cache/Admin/d8be62772bdcf3c5a64944d2a889a309.php 第 74 行.
INFO: Run Behavior\ParseTemplate [ RunTime:0.010382s ]
INFO: [ view_parse ] --END-- [ RunTime:0.010479s ]
INFO: [ view_filter ] --START--
INFO: Run Behavior\WriteHtmlCache [ RunTime:0.000188s ]
INFO: [ view_filter ] --END-- [ RunTime:0.000247s ]
INFO: [ app_end ] --START--
INFO: Run Behavior\ShowPageTrace [ RunTime:0.000660s ]
INFO: [ app_end ] --END-- [ RunTime:0.000737s ]

[ 2017-05-05T19:32:28+08:00 ] ::1 /blog%202/index.php/Admin/index/addUser.html
INFO: [ app_begin ] --START--
INFO: Run Behavior\ReadHtmlCache [ RunTime:0.000792s ]
INFO: [ app_begin ] --END-- [ RunTime:0.001359s ]
NOTIC: [8192] mysql_connect(): The mysql extension is deprecated and will be removed in the future: use mysqli or PDO instead /Applications/MAMP/htdocs/blog 2/ThinkPHP/Library/Think/Db/Driver/Mysql.class.php 第 52 行.
SQL: SHOW COLUMNS FROM `blog_article_detail` [ RunTime:0.007022s ]
INFO: [ view_parse ] --START--
INFO: [ template_filter ] --START--
INFO: Run Behavior\ContentReplace [ RunTime:0.000044s ]
INFO: [ template_filter ] --END-- [ RunTime:0.000122s ]
NOTIC: [8] Undefined index: id /Applications/MAMP/htdocs/blog 2/HJK/Runtime/Cache/Admin/d8be62772bdcf3c5a64944d2a889a309.php 第 74 行.
INFO: Run Behavior\ParseTemplate [ RunTime:0.008475s ]
INFO: [ view_parse ] --END-- [ RunTime:0.008664s ]
INFO: [ view_filter ] --START--
INFO: Run Behavior\WriteHtmlCache [ RunTime:0.000139s ]
INFO: [ view_filter ] --END-- [ RunTime:0.000194s ]
INFO: [ app_end ] --START--
INFO: Run Behavior\ShowPageTrace [ RunTime:0.000497s ]
INFO: [ app_end ] --END-- [ RunTime:0.000559s ]

[ 2017-05-05T19:32:36+08:00 ] ::1 /blog%202/index.php/Admin/index/user.html
INFO: [ app_begin ] --START--
INFO: Run Behavior\ReadHtmlCache [ RunTime:0.000463s ]
INFO: [ app_begin ] --END-- [ RunTime:0.000831s ]
NOTIC: [8192] mysql_connect(): The mysql extension is deprecated and will be removed in the future: use mysqli or PDO instead /Applications/MAMP/htdocs/blog 2/ThinkPHP/Library/Think/Db/Driver/Mysql.class.php 第 52 行.
SQL: SHOW COLUMNS FROM `blog_article_detail` [ RunTime:0.006762s ]
INFO: [ view_parse ] --START--
INFO: [ template_filter ] --START--
INFO: Run Behavior\ContentReplace [ RunTime:0.000041s ]
INFO: [ template_filter ] --END-- [ RunTime:0.000121s ]
INFO: Run Behavior\ParseTemplate [ RunTime:0.008353s ]
INFO: [ view_parse ] --END-- [ RunTime:0.008427s ]
INFO: [ view_filter ] --START--
INFO: Run Behavior\WriteHtmlCache [ RunTime:0.000184s ]
INFO: [ view_filter ] --END-- [ RunTime:0.000258s ]
INFO: [ app_end ] --START--
INFO: Run Behavior\ShowPageTrace [ RunTime:0.000754s ]
INFO: [ app_end ] --END-- [ RunTime:0.000872s ]

[ 2017-05-05T19:32:38+08:00 ] ::1 /blog%202/index.php/Admin/index/addUser.html
INFO: [ app_begin ] --START--
INFO: Run Behavior\ReadHtmlCache [ RunTime:0.000424s ]
INFO: [ app_begin ] --END-- [ RunTime:0.000758s ]
NOTIC: [8192] mysql_connect(): The mysql extension is deprecated and will be removed in the future: use mysqli or PDO instead /Applications/MAMP/htdocs/blog 2/ThinkPHP/Library/Think/Db/Driver/Mysql.class.php 第 52 行.
SQL: SHOW COLUMNS FROM `blog_article_detail` [ RunTime:0.006463s ]
INFO: [ view_parse ] --START--
INFO: [ template_filter ] --START--
INFO: Run Behavior\ContentReplace [ RunTime:0.000040s ]
INFO: [ template_filter ] --END-- [ RunTime:0.000114s ]
NOTIC: [8] Undefined index: id /Applications/MAMP/htdocs/blog 2/HJK/Runtime/Cache/Admin/d8be62772bdcf3c5a64944d2a889a309.php 第 74 行.
INFO: Run Behavior\ParseTemplate [ RunTime:0.009001s ]
INFO: [ view_parse ] --END-- [ RunTime:0.009078s ]
INFO: [ view_filter ] --START--
INFO: Run Behavior\WriteHtmlCache [ RunTime:0.000129s ]
INFO: [ view_filter ] --END-- [ RunTime:0.000181s ]
INFO: [ app_end ] --START--
INFO: Run Behavior\ShowPageTrace [ RunTime:0.000462s ]
INFO: [ app_end ] --END-- [ RunTime:0.000524s ]

[ 2017-05-05T19:32:42+08:00 ] ::1 /blog%202/index.php/Admin/index/user.html
INFO: [ app_begin ] --START--
INFO: Run Behavior\ReadHtmlCache [ RunTime:0.000410s ]
INFO: [ app_begin ] --END-- [ RunTime:0.000734s ]
NOTIC: [8192] mysql_connect(): The mysql extension is deprecated and will be removed in the future: use mysqli or PDO instead /Applications/MAMP/htdocs/blog 2/ThinkPHP/Library/Think/Db/Driver/Mysql.class.php 第 52 行.
SQL: SHOW COLUMNS FROM `blog_article_detail` [ RunTime:0.007038s ]
INFO: [ view_parse ] --START--
INFO: [ template_filter ] --START--
INFO: Run Behavior\ContentReplace [ RunTime:0.000079s ]
INFO: [ template_filter ] --END-- [ RunTime:0.000225s ]
INFO: Run Behavior\ParseTemplate [ RunTime:0.011655s ]
INFO: [ view_parse ] --END-- [ RunTime:0.011808s ]
INFO: [ view_filter ] --START--
INFO: Run Behavior\WriteHtmlCache [ RunTime:0.000411s ]
INFO: [ view_filter ] --END-- [ RunTime:0.000572s ]
INFO: [ app_end ] --START--
INFO: Run Behavior\ShowPageTrace [ RunTime:0.000897s ]
INFO: [ app_end ] --END-- [ RunTime:0.001140s ]

[ 2017-05-05T19:38:04+08:00 ] ::1 /blog%202/index.php/Admin/index/user.html
INFO: [ app_begin ] --START--
INFO: Run Behavior\ReadHtmlCache [ RunTime:0.000514s ]
INFO: [ app_begin ] --END-- [ RunTime:0.000996s ]
NOTIC: [8192] mysql_connect(): The mysql extension is deprecated and will be removed in the future: use mysqli or PDO instead /Applications/MAMP/htdocs/blog 2/ThinkPHP/Library/Think/Db/Driver/Mysql.class.php 第 52 行.
SQL: SHOW COLUMNS FROM `blog_article_detail` [ RunTime:0.007273s ]
INFO: [ view_parse ] --START--
INFO: [ template_filter ] --START--
INFO: Run Behavior\ContentReplace [ RunTime:0.000058s ]
INFO: [ template_filter ] --END-- [ RunTime:0.000144s ]
INFO: Run Behavior\ParseTemplate [ RunTime:0.012822s ]
INFO: [ view_parse ] --END-- [ RunTime:0.012933s ]
INFO: [ view_filter ] --START--
INFO: Run Behavior\WriteHtmlCache [ RunTime:0.000174s ]
INFO: [ view_filter ] --END-- [ RunTime:0.000226s ]
INFO: [ app_end ] --START--
INFO: Run Behavior\ShowPageTrace [ RunTime:0.000567s ]
INFO: [ app_end ] --END-- [ RunTime:0.000629s ]

[ 2017-05-05T19:38:55+08:00 ] ::1 /blog%202/index.php/Admin/index/user.html
INFO: [ app_begin ] --START--
INFO: Run Behavior\ReadHtmlCache [ RunTime:0.000454s ]
INFO: [ app_begin ] --END-- [ RunTime:0.001107s ]
NOTIC: [8192] mysql_connect(): The mysql extension is deprecated and will be removed in the future: use mysqli or PDO instead /Applications/MAMP/htdocs/blog 2/ThinkPHP/Library/Think/Db/Driver/Mysql.class.php 第 52 行.
SQL: SHOW COLUMNS FROM `blog_article_detail` [ RunTime:0.007332s ]
INFO: [ view_parse ] --START--
INFO: [ template_filter ] --START--
INFO: Run Behavior\ContentReplace [ RunTime:0.000075s ]
INFO: [ template_filter ] --END-- [ RunTime:0.000184s ]
INFO: Run Behavior\ParseTemplate [ RunTime:0.009962s ]
INFO: [ view_parse ] --END-- [ RunTime:0.010045s ]
INFO: [ view_filter ] --START--
INFO: Run Behavior\WriteHtmlCache [ RunTime:0.000180s ]
INFO: [ view_filter ] --END-- [ RunTime:0.000235s ]
INFO: [ app_end ] --START--
INFO: Run Behavior\ShowPageTrace [ RunTime:0.000468s ]
INFO: [ app_end ] --END-- [ RunTime:0.000523s ]

[ 2017-05-05T19:38:58+08:00 ] ::1 /blog%202/index.php/Admin/index/user.html
INFO: [ app_begin ] --START--
INFO: Run Behavior\ReadHtmlCache [ RunTime:0.000418s ]
INFO: [ app_begin ] --END-- [ RunTime:0.000751s ]
NOTIC: [8192] mysql_connect(): The mysql extension is deprecated and will be removed in the future: use mysqli or PDO instead /Applications/MAMP/htdocs/blog 2/ThinkPHP/Library/Think/Db/Driver/Mysql.class.php 第 52 行.
SQL: SHOW COLUMNS FROM `blog_article_detail` [ RunTime:0.007089s ]
INFO: [ view_parse ] --START--
INFO: [ template_filter ] --START--
INFO: Run Behavior\ContentReplace [ RunTime:0.000045s ]
INFO: [ template_filter ] --END-- [ RunTime:0.000127s ]
INFO: Run Behavior\ParseTemplate [ RunTime:0.010201s ]
INFO: [ view_parse ] --END-- [ RunTime:0.010294s ]
INFO: [ view_filter ] --START--
INFO: Run Behavior\WriteHtmlCache [ RunTime:0.000143s ]
INFO: [ view_filter ] --END-- [ RunTime:0.000195s ]
INFO: [ app_end ] --START--
INFO: Run Behavior\ShowPageTrace [ RunTime:0.000461s ]
INFO: [ app_end ] --END-- [ RunTime:0.000517s ]

[ 2017-05-05T19:39:00+08:00 ] ::1 /blog%202/index.php/Admin/index/user.html
INFO: [ app_begin ] --START--
INFO: Run Behavior\ReadHtmlCache [ RunTime:0.000455s ]
INFO: [ app_begin ] --END-- [ RunTime:0.000806s ]
NOTIC: [8192] mysql_connect(): The mysql extension is deprecated and will be removed in the future: use mysqli or PDO instead /Applications/MAMP/htdocs/blog 2/ThinkPHP/Library/Think/Db/Driver/Mysql.class.php 第 52 行.
SQL: SHOW COLUMNS FROM `blog_article_detail` [ RunTime:0.006526s ]
INFO: [ view_parse ] --START--
INFO: [ template_filter ] --START--
INFO: Run Behavior\ContentReplace [ RunTime:0.000045s ]
INFO: [ template_filter ] --END-- [ RunTime:0.000132s ]
INFO: Run Behavior\ParseTemplate [ RunTime:0.009980s ]
INFO: [ view_parse ] --END-- [ RunTime:0.010059s ]
INFO: [ view_filter ] --START--
INFO: Run Behavior\WriteHtmlCache [ RunTime:0.000242s ]
INFO: [ view_filter ] --END-- [ RunTime:0.000340s ]
INFO: [ app_end ] --START--
INFO: Run Behavior\ShowPageTrace [ RunTime:0.000750s ]
INFO: [ app_end ] --END-- [ RunTime:0.000849s ]

[ 2017-05-05T19:39:01+08:00 ] ::1 /blog%202/index.php/Admin/index/addUser.html
INFO: [ app_begin ] --START--
INFO: Run Behavior\ReadHtmlCache [ RunTime:0.000475s ]
INFO: [ app_begin ] --END-- [ RunTime:0.000848s ]
NOTIC: [8192] mysql_connect(): The mysql extension is deprecated and will be removed in the future: use mysqli or PDO instead /Applications/MAMP/htdocs/blog 2/ThinkPHP/Library/Think/Db/Driver/Mysql.class.php 第 52 行.
SQL: SHOW COLUMNS FROM `blog_article_detail` [ RunTime:0.007190s ]
INFO: [ view_parse ] --START--
INFO: [ template_filter ] --START--
INFO: Run Behavior\ContentReplace [ RunTime:0.000045s ]
INFO: [ template_filter ] --END-- [ RunTime:0.000130s ]
NOTIC: [8] Undefined index: id /Applications/MAMP/htdocs/blog 2/HJK/Runtime/Cache/Admin/d8be62772bdcf3c5a64944d2a889a309.php 第 74 行.
INFO: Run Behavior\ParseTemplate [ RunTime:0.009382s ]
INFO: [ view_parse ] --END-- [ RunTime:0.009480s ]
INFO: [ view_filter ] --START--
INFO: Run Behavior\WriteHtmlCache [ RunTime:0.000231s ]
INFO: [ view_filter ] --END-- [ RunTime:0.000321s ]
INFO: [ app_end ] --START--
INFO: Run Behavior\ShowPageTrace [ RunTime:0.000794s ]
INFO: [ app_end ] --END-- [ RunTime:0.000900s ]

[ 2017-05-05T19:39:06+08:00 ] ::1 /blog%202/index.php/Admin/index/user.html
INFO: [ app_begin ] --START--
INFO: Run Behavior\ReadHtmlCache [ RunTime:0.000764s ]
INFO: [ app_begin ] --END-- [ RunTime:0.001435s ]
NOTIC: [8192] mysql_connect(): The mysql extension is deprecated and will be removed in the future: use mysqli or PDO instead /Applications/MAMP/htdocs/blog 2/ThinkPHP/Library/Think/Db/Driver/Mysql.class.php 第 52 行.
SQL: SHOW COLUMNS FROM `blog_article_detail` [ RunTime:0.006787s ]
INFO: [ view_parse ] --START--
INFO: [ template_filter ] --START--
INFO: Run Behavior\ContentReplace [ RunTime:0.000048s ]
INFO: [ template_filter ] --END-- [ RunTime:0.000129s ]
INFO: Run Behavior\ParseTemplate [ RunTime:0.010835s ]
INFO: [ view_parse ] --END-- [ RunTime:0.010927s ]
INFO: [ view_filter ] --START--
INFO: Run Behavior\WriteHtmlCache [ RunTime:0.000149s ]
INFO: [ view_filter ] --END-- [ RunTime:0.000200s ]
INFO: [ app_end ] --START--
INFO: Run Behavior\ShowPageTrace [ RunTime:0.000619s ]
INFO: [ app_end ] --END-- [ RunTime:0.000684s ]

[ 2017-05-05T19:39:28+08:00 ] ::1 /blog%202/index.php/Admin/index/user.html
INFO: [ app_begin ] --START--
INFO: Run Behavior\ReadHtmlCache [ RunTime:0.001072s ]
INFO: [ app_begin ] --END-- [ RunTime:0.001839s ]
NOTIC: [8192] mysql_connect(): The mysql extension is deprecated and will be removed in the future: use mysqli or PDO instead /Applications/MAMP/htdocs/blog 2/ThinkPHP/Library/Think/Db/Driver/Mysql.class.php 第 52 行.
SQL: SHOW COLUMNS FROM `blog_article_detail` [ RunTime:0.006929s ]
INFO: [ view_parse ] --START--
INFO: [ template_filter ] --START--
INFO: Run Behavior\ContentReplace [ RunTime:0.000040s ]
INFO: [ template_filter ] --END-- [ RunTime:0.000111s ]
INFO: Run Behavior\ParseTemplate [ RunTime:0.008951s ]
INFO: [ view_parse ] --END-- [ RunTime:0.009026s ]
INFO: [ view_filter ] --START--
INFO: Run Behavior\WriteHtmlCache [ RunTime:0.000133s ]
INFO: [ view_filter ] --END-- [ RunTime:0.000183s ]
INFO: [ app_end ] --START--
INFO: Run Behavior\ShowPageTrace [ RunTime:0.000456s ]
INFO: [ app_end ] --END-- [ RunTime:0.000509s ]

[ 2017-05-05T19:39:30+08:00 ] ::1 /blog%202/index.php/Admin/index/addUser.html
INFO: [ app_begin ] --START--
INFO: Run Behavior\ReadHtmlCache [ RunTime:0.000576s ]
INFO: [ app_begin ] --END-- [ RunTime:0.000958s ]
NOTIC: [8192] mysql_connect(): The mysql extension is deprecated and will be removed in the future: use mysqli or PDO instead /Applications/MAMP/htdocs/blog 2/ThinkPHP/Library/Think/Db/Driver/Mysql.class.php 第 52 行.
SQL: SHOW COLUMNS FROM `blog_article_detail` [ RunTime:0.007130s ]
INFO: [ view_parse ] --START--
INFO: [ template_filter ] --START--
INFO: Run Behavior\ContentReplace [ RunTime:0.000042s ]
INFO: [ template_filter ] --END-- [ RunTime:0.000125s ]
NOTIC: [8] Undefined index: id /Applications/MAMP/htdocs/blog 2/HJK/Runtime/Cache/Admin/d8be62772bdcf3c5a64944d2a889a309.php 第 74 行.
INFO: Run Behavior\ParseTemplate [ RunTime:0.009865s ]
INFO: [ view_parse ] --END-- [ RunTime:0.009950s ]
INFO: [ view_filter ] --START--
INFO: Run Behavior\WriteHtmlCache [ RunTime:0.000171s ]
INFO: [ view_filter ] --END-- [ RunTime:0.000258s ]
INFO: [ app_end ] --START--
INFO: Run Behavior\ShowPageTrace [ RunTime:0.000710s ]
INFO: [ app_end ] --END-- [ RunTime:0.000839s ]

[ 2017-05-05T19:39:58+08:00 ] ::1 /blog%202/index.php/Admin/index/user.html
INFO: [ app_begin ] --START--
INFO: Run Behavior\ReadHtmlCache [ RunTime:0.000485s ]
INFO: [ app_begin ] --END-- [ RunTime:0.000925s ]
NOTIC: [8192] mysql_connect(): The mysql extension is deprecated and will be removed in the future: use mysqli or PDO instead /Applications/MAMP/htdocs/blog 2/ThinkPHP/Library/Think/Db/Driver/Mysql.class.php 第 52 行.
SQL: SHOW COLUMNS FROM `blog_article_detail` [ RunTime:0.007243s ]
INFO: [ view_parse ] --START--
INFO: [ template_filter ] --START--
INFO: Run Behavior\ContentReplace [ RunTime:0.000121s ]
INFO: [ template_filter ] --END-- [ RunTime:0.000248s ]
INFO: Run Behavior\ParseTemplate [ RunTime:0.010283s ]
INFO: [ view_parse ] --END-- [ RunTime:0.010384s ]
INFO: [ view_filter ] --START--
INFO: Run Behavior\WriteHtmlCache [ RunTime:0.000159s ]
INFO: [ view_filter ] --END-- [ RunTime:0.000213s ]
INFO: [ app_end ] --START--
INFO: Run Behavior\ShowPageTrace [ RunTime:0.000548s ]
INFO: [ app_end ] --END-- [ RunTime:0.000623s ]

[ 2017-05-05T19:40:00+08:00 ] ::1 /blog%202/index.php/Admin/index/index.html
INFO: [ app_begin ] --START--
INFO: Run Behavior\ReadHtmlCache [ RunTime:0.000478s ]
INFO: [ app_begin ] --END-- [ RunTime:0.000799s ]
NOTIC: [8192] mysql_connect(): The mysql extension is deprecated and will be removed in the future: use mysqli or PDO instead /Applications/MAMP/htdocs/blog 2/ThinkPHP/Library/Think/Db/Driver/Mysql.class.php 第 52 行.
SQL: SHOW COLUMNS FROM `blog_article_detail` [ RunTime:0.009614s ]
NOTIC: [8] Undefined index: p /Applications/MAMP/htdocs/blog 2/HJK/Admin/Model/ArticleDetailModel.class.php 第 11 行.
SQL: SELECT dt.title,dt.content,dt.create_time,dt.c_id,dt.id,ac.name FROM blog_article_detail dt INNER JOIN blog_article_category AS ac ON ac.id = dt.category_id  WHERE ( dt.status = 1 ) ORDER BY create_time desc LIMIT 0,6   [ RunTime:0.001784s ]
SQL: SELECT dt.title,dt.content,dt.create_time,dt.c_id,dt.id,ac.name FROM blog_article_detail dt INNER JOIN blog_article_category AS ac ON ac.id = dt.category_id  WHERE ( dt.status = 1 ) ORDER BY create_time desc  [ RunTime:0.001790s ]
INFO: [ view_parse ] --START--
INFO: [ template_filter ] --START--
INFO: Run Behavior\ContentReplace [ RunTime:0.000045s ]
INFO: [ template_filter ] --END-- [ RunTime:0.000132s ]
INFO: Run Behavior\ParseTemplate [ RunTime:0.014160s ]
INFO: [ view_parse ] --END-- [ RunTime:0.014271s ]
INFO: [ view_filter ] --START--
INFO: Run Behavior\WriteHtmlCache [ RunTime:0.000142s ]
INFO: [ view_filter ] --END-- [ RunTime:0.000205s ]
NOTIC: [2] Cannot modify header information - headers already sent by (output started at /Applications/MAMP/htdocs/blog 2/ThinkPHP/Common/functions.php:682) /Applications/MAMP/htdocs/blog 2/ThinkPHP/Library/Think/View.class.php 第 91 行.
NOTIC: [2] Cannot modify header information - headers already sent by (output started at /Applications/MAMP/htdocs/blog 2/ThinkPHP/Common/functions.php:682) /Applications/MAMP/htdocs/blog 2/ThinkPHP/Library/Think/View.class.php 第 92 行.
NOTIC: [2] Cannot modify header information - headers already sent by (output started at /Applications/MAMP/htdocs/blog 2/ThinkPHP/Common/functions.php:682) /Applications/MAMP/htdocs/blog 2/ThinkPHP/Library/Think/View.class.php 第 93 行.
INFO: [ app_end ] --START--
INFO: Run Behavior\ShowPageTrace [ RunTime:0.000513s ]
INFO: [ app_end ] --END-- [ RunTime:0.000573s ]

[ 2017-05-05T19:40:02+08:00 ] ::1 /blog%202/index.php/Admin/Index/editBlog/id/2.html
INFO: [ app_begin ] --START--
INFO: Run Behavior\ReadHtmlCache [ RunTime:0.000826s ]
INFO: [ app_begin ] --END-- [ RunTime:0.001476s ]
NOTIC: [8192] mysql_connect(): The mysql extension is deprecated and will be removed in the future: use mysqli or PDO instead /Applications/MAMP/htdocs/blog 2/ThinkPHP/Library/Think/Db/Driver/Mysql.class.php 第 52 行.
SQL: SHOW COLUMNS FROM `blog_article_detail` [ RunTime:0.006967s ]
SQL: SELECT * FROM `blog_article_detail` WHERE ( `status` = 1 ) AND ( `id` = 2 ) LIMIT 1   [ RunTime:0.000582s ]
INFO: [ view_parse ] --START--
INFO: [ template_filter ] --START--
INFO: Run Behavior\ContentReplace [ RunTime:0.000061s ]
INFO: [ template_filter ] --END-- [ RunTime:0.000172s ]
INFO: Run Behavior\ParseTemplate [ RunTime:0.013983s ]
INFO: [ view_parse ] --END-- [ RunTime:0.014071s ]
INFO: [ view_filter ] --START--
INFO: Run Behavior\WriteHtmlCache [ RunTime:0.000156s ]
INFO: [ view_filter ] --END-- [ RunTime:0.000214s ]
NOTIC: [2] Cannot modify header information - headers already sent by (output started at /Applications/MAMP/htdocs/blog 2/ThinkPHP/Common/functions.php:682) /Applications/MAMP/htdocs/blog 2/ThinkPHP/Library/Think/View.class.php 第 91 行.
NOTIC: [2] Cannot modify header information - headers already sent by (output started at /Applications/MAMP/htdocs/blog 2/ThinkPHP/Common/functions.php:682) /Applications/MAMP/htdocs/blog 2/ThinkPHP/Library/Think/View.class.php 第 92 行.
NOTIC: [2] Cannot modify header information - headers already sent by (output started at /Applications/MAMP/htdocs/blog 2/ThinkPHP/Common/functions.php:682) /Applications/MAMP/htdocs/blog 2/ThinkPHP/Library/Think/View.class.php 第 93 行.
INFO: [ app_end ] --START--
INFO: Run Behavior\ShowPageTrace [ RunTime:0.000513s ]
INFO: [ app_end ] --END-- [ RunTime:0.000574s ]

[ 2017-05-05T19:40:06+08:00 ] ::1 /blog%202/index.php/Admin/index/index.html
INFO: [ app_begin ] --START--
INFO: Run Behavior\ReadHtmlCache [ RunTime:0.000409s ]
INFO: [ app_begin ] --END-- [ RunTime:0.000730s ]
NOTIC: [8192] mysql_connect(): The mysql extension is deprecated and will be removed in the future: use mysqli or PDO instead /Applications/MAMP/htdocs/blog 2/ThinkPHP/Library/Think/Db/Driver/Mysql.class.php 第 52 行.
SQL: SHOW COLUMNS FROM `blog_article_detail` [ RunTime:0.007403s ]
NOTIC: [8] Undefined index: p /Applications/MAMP/htdocs/blog 2/HJK/Admin/Model/ArticleDetailModel.class.php 第 11 行.
SQL: SELECT dt.title,dt.content,dt.create_time,dt.c_id,dt.id,ac.name FROM blog_article_detail dt INNER JOIN blog_article_category AS ac ON ac.id = dt.category_id  WHERE ( dt.status = 1 ) ORDER BY create_time desc LIMIT 0,6   [ RunTime:0.000973s ]
SQL: SELECT dt.title,dt.content,dt.create_time,dt.c_id,dt.id,ac.name FROM blog_article_detail dt INNER JOIN blog_article_category AS ac ON ac.id = dt.category_id  WHERE ( dt.status = 1 ) ORDER BY create_time desc  [ RunTime:0.001039s ]
INFO: [ view_parse ] --START--
INFO: [ template_filter ] --START--
INFO: Run Behavior\ContentReplace [ RunTime:0.000039s ]
INFO: [ template_filter ] --END-- [ RunTime:0.000114s ]
INFO: Run Behavior\ParseTemplate [ RunTime:0.010349s ]
INFO: [ view_parse ] --END-- [ RunTime:0.010423s ]
INFO: [ view_filter ] --START--
INFO: Run Behavior\WriteHtmlCache [ RunTime:0.000129s ]
INFO: [ view_filter ] --END-- [ RunTime:0.000182s ]
NOTIC: [2] Cannot modify header information - headers already sent by (output started at /Applications/MAMP/htdocs/blog 2/ThinkPHP/Common/functions.php:682) /Applications/MAMP/htdocs/blog 2/ThinkPHP/Library/Think/View.class.php 第 91 行.
NOTIC: [2] Cannot modify header information - headers already sent by (output started at /Applications/MAMP/htdocs/blog 2/ThinkPHP/Common/functions.php:682) /Applications/MAMP/htdocs/blog 2/ThinkPHP/Library/Think/View.class.php 第 92 行.
NOTIC: [2] Cannot modify header information - headers already sent by (output started at /Applications/MAMP/htdocs/blog 2/ThinkPHP/Common/functions.php:682) /Applications/MAMP/htdocs/blog 2/ThinkPHP/Library/Think/View.class.php 第 93 行.
INFO: [ app_end ] --START--
INFO: Run Behavior\ShowPageTrace [ RunTime:0.000550s ]
INFO: [ app_end ] --END-- [ RunTime:0.000610s ]

[ 2017-05-05T19:40:09+08:00 ] ::1 /blog%202/index.php/Admin/index/user.html
INFO: [ app_begin ] --START--
INFO: Run Behavior\ReadHtmlCache [ RunTime:0.000429s ]
INFO: [ app_begin ] --END-- [ RunTime:0.000757s ]
NOTIC: [8192] mysql_connect(): The mysql extension is deprecated and will be removed in the future: use mysqli or PDO instead /Applications/MAMP/htdocs/blog 2/ThinkPHP/Library/Think/Db/Driver/Mysql.class.php 第 52 行.
SQL: SHOW COLUMNS FROM `blog_article_detail` [ RunTime:0.007504s ]
INFO: [ view_parse ] --START--
INFO: [ template_filter ] --START--
INFO: Run Behavior\ContentReplace [ RunTime:0.000044s ]
INFO: [ template_filter ] --END-- [ RunTime:0.000129s ]
INFO: Run Behavior\ParseTemplate [ RunTime:0.010205s ]
INFO: [ view_parse ] --END-- [ RunTime:0.010301s ]
INFO: [ view_filter ] --START--
INFO: Run Behavior\WriteHtmlCache [ RunTime:0.000260s ]
INFO: [ view_filter ] --END-- [ RunTime:0.000325s ]
INFO: [ app_end ] --START--
INFO: Run Behavior\ShowPageTrace [ RunTime:0.000515s ]
INFO: [ app_end ] --END-- [ RunTime:0.000575s ]

[ 2017-05-05T19:44:39+08:00 ] ::1 /blog%202/index.php/Admin/index/user.html
INFO: [ app_begin ] --START--
INFO: Run Behavior\ReadHtmlCache [ RunTime:0.000475s ]
INFO: [ app_begin ] --END-- [ RunTime:0.000975s ]
NOTIC: [8192] mysql_connect(): The mysql extension is deprecated and will be removed in the future: use mysqli or PDO instead /Applications/MAMP/htdocs/blog 2/ThinkPHP/Library/Think/Db/Driver/Mysql.class.php 第 52 行.
SQL: SHOW COLUMNS FROM `blog_article_detail` [ RunTime:0.005296s ]
INFO: [ view_parse ] --START--
INFO: [ template_filter ] --START--
INFO: Run Behavior\ContentReplace [ RunTime:0.000041s ]
INFO: [ template_filter ] --END-- [ RunTime:0.000115s ]
INFO: Run Behavior\ParseTemplate [ RunTime:0.009038s ]
INFO: [ view_parse ] --END-- [ RunTime:0.009109s ]
INFO: [ view_filter ] --START--
INFO: Run Behavior\WriteHtmlCache [ RunTime:0.000137s ]
INFO: [ view_filter ] --END-- [ RunTime:0.000187s ]
INFO: [ app_end ] --START--
INFO: Run Behavior\ShowPageTrace [ RunTime:0.000499s ]
INFO: [ app_end ] --END-- [ RunTime:0.000566s ]

[ 2017-05-05T19:44:41+08:00 ] ::1 /blog%202/index.php/Admin/index/addUser.html
INFO: [ app_begin ] --START--
INFO: Run Behavior\ReadHtmlCache [ RunTime:0.000420s ]
INFO: [ app_begin ] --END-- [ RunTime:0.000748s ]
NOTIC: [8192] mysql_connect(): The mysql extension is deprecated and will be removed in the future: use mysqli or PDO instead /Applications/MAMP/htdocs/blog 2/ThinkPHP/Library/Think/Db/Driver/Mysql.class.php 第 52 行.
SQL: SHOW COLUMNS FROM `blog_article_detail` [ RunTime:0.007164s ]
INFO: [ view_parse ] --START--
INFO: [ template_filter ] --START--
INFO: Run Behavior\ContentReplace [ RunTime:0.000040s ]
INFO: [ template_filter ] --END-- [ RunTime:0.000111s ]
INFO: Run Behavior\ParseTemplate [ RunTime:0.008870s ]
INFO: [ view_parse ] --END-- [ RunTime:0.009053s ]
INFO: [ view_filter ] --START--
INFO: Run Behavior\WriteHtmlCache [ RunTime:0.000169s ]
INFO: [ view_filter ] --END-- [ RunTime:0.000231s ]
INFO: [ app_end ] --START--
INFO: Run Behavior\ShowPageTrace [ RunTime:0.000592s ]
INFO: [ app_end ] --END-- [ RunTime:0.000661s ]

[ 2017-05-05T19:45:17+08:00 ] ::1 /blog%202/index.php/Admin/index/addUser.html
INFO: [ app_begin ] --START--
INFO: Run Behavior\ReadHtmlCache [ RunTime:0.000456s ]
INFO: [ app_begin ] --END-- [ RunTime:0.000816s ]
NOTIC: [8192] mysql_connect(): The mysql extension is deprecated and will be removed in the future: use mysqli or PDO instead /Applications/MAMP/htdocs/blog 2/ThinkPHP/Library/Think/Db/Driver/Mysql.class.php 第 52 行.
SQL: SHOW COLUMNS FROM `blog_article_detail` [ RunTime:0.006705s ]
INFO: [ view_parse ] --START--
INFO: [ template_filter ] --START--
INFO: Run Behavior\ContentReplace [ RunTime:0.000039s ]
INFO: [ template_filter ] --END-- [ RunTime:0.000117s ]
INFO: Run Behavior\ParseTemplate [ RunTime:0.009392s ]
INFO: [ view_parse ] --END-- [ RunTime:0.009516s ]
INFO: [ view_filter ] --START--
INFO: Run Behavior\WriteHtmlCache [ RunTime:0.000140s ]
INFO: [ view_filter ] --END-- [ RunTime:0.000192s ]
INFO: [ app_end ] --START--
INFO: Run Behavior\ShowPageTrace [ RunTime:0.000466s ]
INFO: [ app_end ] --END-- [ RunTime:0.000523s ]

[ 2017-05-05T19:45:31+08:00 ] ::1 /blog%202/index.php/Admin/index/addUser.html
INFO: [ app_begin ] --START--
INFO: Run Behavior\ReadHtmlCache [ RunTime:0.000492s ]
INFO: [ app_begin ] --END-- [ RunTime:0.000968s ]
NOTIC: [8192] mysql_connect(): The mysql extension is deprecated and will be removed in the future: use mysqli or PDO instead /Applications/MAMP/htdocs/blog 2/ThinkPHP/Library/Think/Db/Driver/Mysql.class.php 第 52 行.
SQL: SHOW COLUMNS FROM `blog_article_detail` [ RunTime:0.006721s ]
INFO: [ view_parse ] --START--
INFO: [ template_filter ] --START--
INFO: Run Behavior\ContentReplace [ RunTime:0.000051s ]
INFO: [ template_filter ] --END-- [ RunTime:0.000130s ]
INFO: Run Behavior\ParseTemplate [ RunTime:0.009584s ]
INFO: [ view_parse ] --END-- [ RunTime:0.009676s ]
INFO: [ view_filter ] --START--
INFO: Run Behavior\WriteHtmlCache [ RunTime:0.000153s ]
INFO: [ view_filter ] --END-- [ RunTime:0.000208s ]
INFO: [ app_end ] --START--
INFO: Run Behavior\ShowPageTrace [ RunTime:0.000509s ]
INFO: [ app_end ] --END-- [ RunTime:0.000569s ]

[ 2017-05-05T19:45:33+08:00 ] ::1 /blog%202/index.php/Admin/index/user.html
INFO: [ app_begin ] --START--
INFO: Run Behavior\ReadHtmlCache [ RunTime:0.000436s ]
INFO: [ app_begin ] --END-- [ RunTime:0.000821s ]
NOTIC: [8192] mysql_connect(): The mysql extension is deprecated and will be removed in the future: use mysqli or PDO instead /Applications/MAMP/htdocs/blog 2/ThinkPHP/Library/Think/Db/Driver/Mysql.class.php 第 52 行.
SQL: SHOW COLUMNS FROM `blog_article_detail` [ RunTime:0.007256s ]
INFO: [ view_parse ] --START--
INFO: [ template_filter ] --START--
INFO: Run Behavior\ContentReplace [ RunTime:0.000043s ]
INFO: [ template_filter ] --END-- [ RunTime:0.000125s ]
INFO: Run Behavior\ParseTemplate [ RunTime:0.009937s ]
INFO: [ view_parse ] --END-- [ RunTime:0.010031s ]
INFO: [ view_filter ] --START--
INFO: Run Behavior\WriteHtmlCache [ RunTime:0.000161s ]
INFO: [ view_filter ] --END-- [ RunTime:0.000218s ]
INFO: [ app_end ] --START--
INFO: Run Behavior\ShowPageTrace [ RunTime:0.000726s ]
INFO: [ app_end ] --END-- [ RunTime:0.000821s ]

[ 2017-05-05T19:45:36+08:00 ] ::1 /blog%202/index.php/Admin/index/user.html
INFO: [ app_begin ] --START--
INFO: Run Behavior\ReadHtmlCache [ RunTime:0.000704s ]
INFO: [ app_begin ] --END-- [ RunTime:0.001261s ]
NOTIC: [8192] mysql_connect(): The mysql extension is deprecated and will be removed in the future: use mysqli or PDO instead /Applications/MAMP/htdocs/blog 2/ThinkPHP/Library/Think/Db/Driver/Mysql.class.php 第 52 行.
SQL: SHOW COLUMNS FROM `blog_article_detail` [ RunTime:0.007577s ]
INFO: [ view_parse ] --START--
INFO: [ template_filter ] --START--
INFO: Run Behavior\ContentReplace [ RunTime:0.000041s ]
INFO: [ template_filter ] --END-- [ RunTime:0.000122s ]
INFO: Run Behavior\ParseTemplate [ RunTime:0.009309s ]
INFO: [ view_parse ] --END-- [ RunTime:0.009410s ]
INFO: [ view_filter ] --START--
INFO: Run Behavior\WriteHtmlCache [ RunTime:0.000330s ]
INFO: [ view_filter ] --END-- [ RunTime:0.000419s ]
INFO: [ app_end ] --START--
INFO: Run Behavior\ShowPageTrace [ RunTime:0.000512s ]
INFO: [ app_end ] --END-- [ RunTime:0.000570s ]

[ 2017-05-05T19:45:44+08:00 ] ::1 /blog%202/index.php/Admin/index/addUser.html
INFO: [ app_begin ] --START--
INFO: Run Behavior\ReadHtmlCache [ RunTime:0.000510s ]
INFO: [ app_begin ] --END-- [ RunTime:0.000974s ]
NOTIC: [8192] mysql_connect(): The mysql extension is deprecated and will be removed in the future: use mysqli or PDO instead /Applications/MAMP/htdocs/blog 2/ThinkPHP/Library/Think/Db/Driver/Mysql.class.php 第 52 行.
SQL: SHOW COLUMNS FROM `blog_article_detail` [ RunTime:0.006671s ]
INFO: [ view_parse ] --START--
INFO: [ template_filter ] --START--
INFO: Run Behavior\ContentReplace [ RunTime:0.000053s ]
INFO: [ template_filter ] --END-- [ RunTime:0.000144s ]
INFO: Run Behavior\ParseTemplate [ RunTime:0.010885s ]
INFO: [ view_parse ] --END-- [ RunTime:0.011064s ]
INFO: [ view_filter ] --START--
INFO: Run Behavior\WriteHtmlCache [ RunTime:0.000183s ]
INFO: [ view_filter ] --END-- [ RunTime:0.000241s ]
INFO: [ app_end ] --START--
INFO: Run Behavior\ShowPageTrace [ RunTime:0.000511s ]
INFO: [ app_end ] --END-- [ RunTime:0.000572s ]

[ 2017-05-05T19:46:21+08:00 ] ::1 /blog%202/index.php/Admin/index/addUser.html
INFO: [ app_begin ] --START--
INFO: Run Behavior\ReadHtmlCache [ RunTime:0.000457s ]
INFO: [ app_begin ] --END-- [ RunTime:0.000862s ]
NOTIC: [8192] mysql_connect(): The mysql extension is deprecated and will be removed in the future: use mysqli or PDO instead /Applications/MAMP/htdocs/blog 2/ThinkPHP/Library/Think/Db/Driver/Mysql.class.php 第 52 行.
SQL: SHOW COLUMNS FROM `blog_article_detail` [ RunTime:0.007273s ]
INFO: [ view_parse ] --START--
INFO: [ template_filter ] --START--
INFO: Run Behavior\ContentReplace [ RunTime:0.000041s ]
INFO: [ template_filter ] --END-- [ RunTime:0.000120s ]
INFO: Run Behavior\ParseTemplate [ RunTime:0.008936s ]
INFO: [ view_parse ] --END-- [ RunTime:0.009028s ]
INFO: [ view_filter ] --START--
INFO: Run Behavior\WriteHtmlCache [ RunTime:0.000133s ]
INFO: [ view_filter ] --END-- [ RunTime:0.000184s ]
INFO: [ app_end ] --START--
INFO: Run Behavior\ShowPageTrace [ RunTime:0.000463s ]
INFO: [ app_end ] --END-- [ RunTime:0.000518s ]

[ 2017-05-05T19:46:26+08:00 ] ::1 /blog%202/index.php/Admin/index/user.html
INFO: [ app_begin ] --START--
INFO: Run Behavior\ReadHtmlCache [ RunTime:0.000417s ]
INFO: [ app_begin ] --END-- [ RunTime:0.000741s ]
NOTIC: [8192] mysql_connect(): The mysql extension is deprecated and will be removed in the future: use mysqli or PDO instead /Applications/MAMP/htdocs/blog 2/ThinkPHP/Library/Think/Db/Driver/Mysql.class.php 第 52 行.
SQL: SHOW COLUMNS FROM `blog_article_detail` [ RunTime:0.004445s ]
INFO: [ view_parse ] --START--
INFO: [ template_filter ] --START--
INFO: Run Behavior\ContentReplace [ RunTime:0.000056s ]
INFO: [ template_filter ] --END-- [ RunTime:0.000161s ]
INFO: Run Behavior\ParseTemplate [ RunTime:0.010109s ]
INFO: [ view_parse ] --END-- [ RunTime:0.010186s ]
INFO: [ view_filter ] --START--
INFO: Run Behavior\WriteHtmlCache [ RunTime:0.000169s ]
INFO: [ view_filter ] --END-- [ RunTime:0.000229s ]
INFO: [ app_end ] --START--
INFO: Run Behavior\ShowPageTrace [ RunTime:0.000531s ]
INFO: [ app_end ] --END-- [ RunTime:0.000638s ]

[ 2017-05-05T19:46:43+08:00 ] ::1 /blog%202/index.php/Admin/index/user.html
INFO: [ app_begin ] --START--
INFO: Run Behavior\ReadHtmlCache [ RunTime:0.000922s ]
INFO: [ app_begin ] --END-- [ RunTime:0.001465s ]
NOTIC: [8192] mysql_connect(): The mysql extension is deprecated and will be removed in the future: use mysqli or PDO instead /Applications/MAMP/htdocs/blog 2/ThinkPHP/Library/Think/Db/Driver/Mysql.class.php 第 52 行.
SQL: SHOW COLUMNS FROM `blog_article_detail` [ RunTime:0.006859s ]
INFO: [ view_parse ] --START--
INFO: [ template_filter ] --START--
INFO: Run Behavior\ContentReplace [ RunTime:0.000055s ]
INFO: [ template_filter ] --END-- [ RunTime:0.000152s ]
INFO: Run Behavior\ParseTemplate [ RunTime:0.009940s ]
INFO: [ view_parse ] --END-- [ RunTime:0.010029s ]
INFO: [ view_filter ] --START--
INFO: Run Behavior\WriteHtmlCache [ RunTime:0.000159s ]
INFO: [ view_filter ] --END-- [ RunTime:0.000213s ]
INFO: [ app_end ] --START--
INFO: Run Behavior\ShowPageTrace [ RunTime:0.000560s ]
INFO: [ app_end ] --END-- [ RunTime:0.000627s ]

[ 2017-05-05T19:46:44+08:00 ] ::1 /blog%202/index.php/Admin/index/addUser.html
INFO: [ app_begin ] --START--
INFO: Run Behavior\ReadHtmlCache [ RunTime:0.000413s ]
INFO: [ app_begin ] --END-- [ RunTime:0.000738s ]
NOTIC: [8192] mysql_connect(): The mysql extension is deprecated and will be removed in the future: use mysqli or PDO instead /Applications/MAMP/htdocs/blog 2/ThinkPHP/Library/Think/Db/Driver/Mysql.class.php 第 52 行.
SQL: SHOW COLUMNS FROM `blog_article_detail` [ RunTime:0.007231s ]
INFO: [ view_parse ] --START--
INFO: [ template_filter ] --START--
INFO: Run Behavior\ContentReplace [ RunTime:0.000066s ]
INFO: [ template_filter ] --END-- [ RunTime:0.000189s ]
INFO: Run Behavior\ParseTemplate [ RunTime:0.015928s ]
INFO: [ view_parse ] --END-- [ RunTime:0.016069s ]
INFO: [ view_filter ] --START--
INFO: Run Behavior\WriteHtmlCache [ RunTime:0.000184s ]
INFO: [ view_filter ] --END-- [ RunTime:0.000260s ]
INFO: [ app_end ] --START--
INFO: Run Behavior\ShowPageTrace [ RunTime:0.000780s ]
INFO: [ app_end ] --END-- [ RunTime:0.000882s ]

[ 2017-05-05T19:46:47+08:00 ] ::1 /blog%202/index.php/Admin/index/user.html
INFO: [ app_begin ] --START--
INFO: Run Behavior\ReadHtmlCache [ RunTime:0.000451s ]
INFO: [ app_begin ] --END-- [ RunTime:0.000814s ]
NOTIC: [8192] mysql_connect(): The mysql extension is deprecated and will be removed in the future: use mysqli or PDO instead /Applications/MAMP/htdocs/blog 2/ThinkPHP/Library/Think/Db/Driver/Mysql.class.php 第 52 行.
SQL: SHOW COLUMNS FROM `blog_article_detail` [ RunTime:0.006852s ]
INFO: [ view_parse ] --START--
INFO: [ template_filter ] --START--
INFO: Run Behavior\ContentReplace [ RunTime:0.000045s ]
INFO: [ template_filter ] --END-- [ RunTime:0.000133s ]
INFO: Run Behavior\ParseTemplate [ RunTime:0.010129s ]
INFO: [ view_parse ] --END-- [ RunTime:0.010218s ]
INFO: [ view_filter ] --START--
INFO: Run Behavior\WriteHtmlCache [ RunTime:0.000258s ]
INFO: [ view_filter ] --END-- [ RunTime:0.000348s ]
INFO: [ app_end ] --START--
INFO: Run Behavior\ShowPageTrace [ RunTime:0.000855s ]
INFO: [ app_end ] --END-- [ RunTime:0.000971s ]

[ 2017-05-05T19:49:37+08:00 ] ::1 /blog%202/index.php/Admin/index/user.html
INFO: [ app_begin ] --START--
INFO: Run Behavior\ReadHtmlCache [ RunTime:0.000836s ]
INFO: [ app_begin ] --END-- [ RunTime:0.001368s ]
NOTIC: [8192] mysql_connect(): The mysql extension is deprecated and will be removed in the future: use mysqli or PDO instead /Applications/MAMP/htdocs/blog 2/ThinkPHP/Library/Think/Db/Driver/Mysql.class.php 第 52 行.
SQL: SHOW COLUMNS FROM `blog_article_detail` [ RunTime:0.006618s ]
INFO: [ view_parse ] --START--
INFO: [ template_filter ] --START--
INFO: Run Behavior\ContentReplace [ RunTime:0.000069s ]
INFO: [ template_filter ] --END-- [ RunTime:0.000176s ]
INFO: Run Behavior\ParseTemplate [ RunTime:0.010628s ]
INFO: [ view_parse ] --END-- [ RunTime:0.010719s ]
INFO: [ view_filter ] --START--
INFO: Run Behavior\WriteHtmlCache [ RunTime:0.000287s ]
INFO: [ view_filter ] --END-- [ RunTime:0.000369s ]
INFO: [ app_end ] --START--
INFO: Run Behavior\ShowPageTrace [ RunTime:0.000945s ]
INFO: [ app_end ] --END-- [ RunTime:0.001033s ]

[ 2017-05-05T19:49:38+08:00 ] ::1 /blog%202/index.php/Admin/index/addUser.html
INFO: [ app_begin ] --START--
INFO: Run Behavior\ReadHtmlCache [ RunTime:0.000499s ]
INFO: [ app_begin ] --END-- [ RunTime:0.000975s ]
NOTIC: [8192] mysql_connect(): The mysql extension is deprecated and will be removed in the future: use mysqli or PDO instead /Applications/MAMP/htdocs/blog 2/ThinkPHP/Library/Think/Db/Driver/Mysql.class.php 第 52 行.
SQL: SHOW COLUMNS FROM `blog_article_detail` [ RunTime:0.006616s ]
INFO: [ view_parse ] --START--
INFO: [ template_filter ] --START--
INFO: Run Behavior\ContentReplace [ RunTime:0.000078s ]
INFO: [ template_filter ] --END-- [ RunTime:0.000204s ]
INFO: Run Behavior\ParseTemplate [ RunTime:0.008667s ]
INFO: [ view_parse ] --END-- [ RunTime:0.008817s ]
INFO: [ view_filter ] --START--
INFO: Run Behavior\WriteHtmlCache [ RunTime:0.000242s ]
INFO: [ view_filter ] --END-- [ RunTime:0.000321s ]
INFO: [ app_end ] --START--
INFO: Run Behavior\ShowPageTrace [ RunTime:0.000490s ]
INFO: [ app_end ] --END-- [ RunTime:0.000554s ]

[ 2017-05-05T19:49:41+08:00 ] ::1 /blog%202/index.php/Admin/index/user.html
INFO: [ app_begin ] --START--
INFO: Run Behavior\ReadHtmlCache [ RunTime:0.000502s ]
INFO: [ app_begin ] --END-- [ RunTime:0.000826s ]
NOTIC: [8192] mysql_connect(): The mysql extension is deprecated and will be removed in the future: use mysqli or PDO instead /Applications/MAMP/htdocs/blog 2/ThinkPHP/Library/Think/Db/Driver/Mysql.class.php 第 52 行.
SQL: SHOW COLUMNS FROM `blog_article_detail` [ RunTime:0.008802s ]
INFO: [ view_parse ] --START--
INFO: [ template_filter ] --START--
INFO: Run Behavior\ContentReplace [ RunTime:0.000041s ]
INFO: [ template_filter ] --END-- [ RunTime:0.000116s ]
INFO: Run Behavior\ParseTemplate [ RunTime:0.009704s ]
INFO: [ view_parse ] --END-- [ RunTime:0.009783s ]
INFO: [ view_filter ] --START--
INFO: Run Behavior\WriteHtmlCache [ RunTime:0.000133s ]
INFO: [ view_filter ] --END-- [ RunTime:0.000185s ]
INFO: [ app_end ] --START--
INFO: Run Behavior\ShowPageTrace [ RunTime:0.000597s ]
INFO: [ app_end ] --END-- [ RunTime:0.000670s ]

[ 2017-05-05T19:50:01+08:00 ] ::1 /blog%202/index.php/Admin/index/user.html
INFO: [ app_begin ] --START--
INFO: Run Behavior\ReadHtmlCache [ RunTime:0.000891s ]
INFO: [ app_begin ] --END-- [ RunTime:0.001495s ]
NOTIC: [8192] mysql_connect(): The mysql extension is deprecated and will be removed in the future: use mysqli or PDO instead /Applications/MAMP/htdocs/blog 2/ThinkPHP/Library/Think/Db/Driver/Mysql.class.php 第 52 行.
SQL: SHOW COLUMNS FROM `blog_article_detail` [ RunTime:0.007008s ]
INFO: [ view_parse ] --START--
INFO: [ template_filter ] --START--
INFO: Run Behavior\ContentReplace [ RunTime:0.000056s ]
INFO: [ template_filter ] --END-- [ RunTime:0.000136s ]
INFO: Run Behavior\ParseTemplate [ RunTime:0.009813s ]
INFO: [ view_parse ] --END-- [ RunTime:0.009887s ]
INFO: [ view_filter ] --START--
INFO: Run Behavior\WriteHtmlCache [ RunTime:0.000151s ]
INFO: [ view_filter ] --END-- [ RunTime:0.000203s ]
INFO: [ app_end ] --START--
INFO: Run Behavior\ShowPageTrace [ RunTime:0.000572s ]
INFO: [ app_end ] --END-- [ RunTime:0.000661s ]

[ 2017-05-05T19:50:23+08:00 ] ::1 /blog%202/index.php/Admin/index/user.html
INFO: [ app_begin ] --START--
INFO: Run Behavior\ReadHtmlCache [ RunTime:0.001100s ]
INFO: [ app_begin ] --END-- [ RunTime:0.002356s ]

[ 2017-05-05T19:50:39+08:00 ] ::1 /blog%202/index.php/Admin/index/user.html
INFO: [ app_begin ] --START--
INFO: Run Behavior\ReadHtmlCache [ RunTime:0.000419s ]
INFO: [ app_begin ] --END-- [ RunTime:0.000753s ]
NOTIC: [8192] mysql_connect(): The mysql extension is deprecated and will be removed in the future: use mysqli or PDO instead /Applications/MAMP/htdocs/blog 2/ThinkPHP/Library/Think/Db/Driver/Mysql.class.php 第 52 行.
SQL: SHOW COLUMNS FROM `blog_article_detail` [ RunTime:0.006697s ]
INFO: [ view_parse ] --START--
INFO: [ template_filter ] --START--
INFO: Run Behavior\ContentReplace [ RunTime:0.000039s ]
INFO: [ template_filter ] --END-- [ RunTime:0.000113s ]
INFO: Run Behavior\ParseTemplate [ RunTime:0.009286s ]
INFO: [ view_parse ] --END-- [ RunTime:0.009373s ]
INFO: [ view_filter ] --START--
INFO: Run Behavior\WriteHtmlCache [ RunTime:0.000214s ]
INFO: [ view_filter ] --END-- [ RunTime:0.000312s ]
INFO: [ app_end ] --START--
INFO: Run Behavior\ShowPageTrace [ RunTime:0.000592s ]
INFO: [ app_end ] --END-- [ RunTime:0.000659s ]

[ 2017-05-05T19:50:40+08:00 ] ::1 /blog%202/index.php/Admin/index/addUser.html
INFO: [ app_begin ] --START--
INFO: Run Behavior\ReadHtmlCache [ RunTime:0.000718s ]
INFO: [ app_begin ] --END-- [ RunTime:0.001312s ]
NOTIC: [8192] mysql_connect(): The mysql extension is deprecated and will be removed in the future: use mysqli or PDO instead /Applications/MAMP/htdocs/blog 2/ThinkPHP/Library/Think/Db/Driver/Mysql.class.php 第 52 行.
SQL: SHOW COLUMNS FROM `blog_article_detail` [ RunTime:0.006321s ]
INFO: [ view_parse ] --START--
INFO: [ template_filter ] --START--
INFO: Run Behavior\ContentReplace [ RunTime:0.000063s ]
INFO: [ template_filter ] --END-- [ RunTime:0.000186s ]
INFO: Run Behavior\ParseTemplate [ RunTime:0.011823s ]
INFO: [ view_parse ] --END-- [ RunTime:0.011940s ]
INFO: [ view_filter ] --START--
INFO: Run Behavior\WriteHtmlCache [ RunTime:0.000378s ]
INFO: [ view_filter ] --END-- [ RunTime:0.000536s ]
INFO: [ app_end ] --START--
INFO: Run Behavior\ShowPageTrace [ RunTime:0.000902s ]
INFO: [ app_end ] --END-- [ RunTime:0.001017s ]

[ 2017-05-05T19:51:34+08:00 ] ::1 /blog%202/index.php/Admin/index/user.html
INFO: [ app_begin ] --START--
INFO: Run Behavior\ReadHtmlCache [ RunTime:0.000408s ]
INFO: [ app_begin ] --END-- [ RunTime:0.000728s ]
NOTIC: [8192] mysql_connect(): The mysql extension is deprecated and will be removed in the future: use mysqli or PDO instead /Applications/MAMP/htdocs/blog 2/ThinkPHP/Library/Think/Db/Driver/Mysql.class.php 第 52 行.
SQL: SHOW COLUMNS FROM `blog_article_detail` [ RunTime:0.007123s ]
INFO: [ view_parse ] --START--
INFO: [ template_filter ] --START--
INFO: Run Behavior\ContentReplace [ RunTime:0.000045s ]
INFO: [ template_filter ] --END-- [ RunTime:0.000126s ]
INFO: Run Behavior\ParseTemplate [ RunTime:0.013183s ]
INFO: [ view_parse ] --END-- [ RunTime:0.013291s ]
INFO: [ view_filter ] --START--
INFO: Run Behavior\WriteHtmlCache [ RunTime:0.000185s ]
INFO: [ view_filter ] --END-- [ RunTime:0.000314s ]
INFO: [ app_end ] --START--
INFO: Run Behavior\ShowPageTrace [ RunTime:0.000489s ]
INFO: [ app_end ] --END-- [ RunTime:0.000543s ]

[ 2017-05-05T19:51:37+08:00 ] ::1 /blog%202/index.php/Admin/index/editUser.html
INFO: [ app_begin ] --START--
INFO: Run Behavior\ReadHtmlCache [ RunTime:0.000417s ]
INFO: [ app_begin ] --END-- [ RunTime:0.000743s ]
NOTIC: [8192] mysql_connect(): The mysql extension is deprecated and will be removed in the future: use mysqli or PDO instead /Applications/MAMP/htdocs/blog 2/ThinkPHP/Library/Think/Db/Driver/Mysql.class.php 第 52 行.
SQL: SHOW COLUMNS FROM `blog_article_detail` [ RunTime:0.007303s ]
INFO: [ view_parse ] --START--
INFO: [ template_filter ] --START--
INFO: Run Behavior\ContentReplace [ RunTime:0.000040s ]
INFO: [ template_filter ] --END-- [ RunTime:0.000116s ]
INFO: Run Behavior\ParseTemplate [ RunTime:0.011774s ]
INFO: [ view_parse ] --END-- [ RunTime:0.011837s ]
INFO: [ view_filter ] --START--
INFO: Run Behavior\WriteHtmlCache [ RunTime:0.000135s ]
INFO: [ view_filter ] --END-- [ RunTime:0.000188s ]
INFO: [ app_end ] --START--
INFO: Run Behavior\ShowPageTrace [ RunTime:0.000459s ]
INFO: [ app_end ] --END-- [ RunTime:0.000516s ]

[ 2017-05-05T19:57:41+08:00 ] ::1 /blog%202/
INFO: [ app_begin ] --START--
INFO: Run Behavior\ReadHtmlCache [ RunTime:0.000601s ]
INFO: [ app_begin ] --END-- [ RunTime:0.000993s ]
NOTIC: [8192] mysql_connect(): The mysql extension is deprecated and will be removed in the future: use mysqli or PDO instead /Applications/MAMP/htdocs/blog 2/ThinkPHP/Library/Think/Db/Driver/Mysql.class.php 第 52 行.
SQL: SHOW COLUMNS FROM `blog_article_category` [ RunTime:0.006913s ]
SQL: SHOW COLUMNS FROM `blog_article_category` [ RunTime:0.007399s ]
SQL: SELECT * FROM `blog_article_category` WHERE ( `status` = 1 )  [ RunTime:0.000630s ]
SQL: SHOW COLUMNS FROM `blog_article_detail` [ RunTime:0.006760s ]
SQL: SELECT `id`,`title`,`category_id`,`create_time` FROM `blog_article_detail` WHERE ( `status` = 1 ) ORDER BY create_time desc LIMIT 6   [ RunTime:0.000596s ]
SQL: SELECT `id`,`title`,`category_id`,`create_time`,`hits` FROM `blog_article_detail` WHERE ( `status` = 1 ) ORDER BY hits desc LIMIT 6   [ RunTime:0.000569s ]
INFO: [ view_parse ] --START--
INFO: [ template_filter ] --START--
INFO: Run Behavior\ContentReplace [ RunTime:0.000062s ]
INFO: [ template_filter ] --END-- [ RunTime:0.000137s ]
INFO: Run Behavior\ParseTemplate [ RunTime:0.017590s ]
INFO: [ view_parse ] --END-- [ RunTime:0.017659s ]
INFO: [ view_filter ] --START--
INFO: Run Behavior\WriteHtmlCache [ RunTime:0.000210s ]
INFO: [ view_filter ] --END-- [ RunTime:0.000267s ]
INFO: [ app_end ] --START--
INFO: Run Behavior\ShowPageTrace [ RunTime:0.000767s ]
INFO: [ app_end ] --END-- [ RunTime:0.000905s ]

