[ 2017-03-25T13:43:58+08:00 ] ::1 /peixun/jingtai/blog11/
INFO: [ app_begin ] --START--
INFO: Run Behavior\ReadHtmlCache [ RunTime:0.002565s ]
INFO: [ app_begin ] --END-- [ RunTime:0.032134s ]
INFO: [ view_parse ] --START--
INFO: [ template_filter ] --START--
INFO: Run Behavior\ContentReplace [ RunTime:0.000323s ]
INFO: [ template_filter ] --END-- [ RunTime:0.000884s ]
INFO: Run Behavior\ParseTemplate [ RunTime:0.084157s ]
INFO: [ view_parse ] --END-- [ RunTime:0.084772s ]
INFO: [ view_filter ] --START--
INFO: Run Behavior\WriteHtmlCache [ RunTime:0.002288s ]
INFO: [ view_filter ] --END-- [ RunTime:0.003015s ]
INFO: [ app_end ] --START--
INFO: Run Behavior\ShowPageTrace [ RunTime:0.003075s ]
INFO: [ app_end ] --END-- [ RunTime:0.004006s ]

[ 2017-03-25T13:44:02+08:00 ] ::1 /peixun/jingtai/blog11/index.php/Admin/index/index.html
INFO: [ app_begin ] --START--
INFO: Run Behavior\ReadHtmlCache [ RunTime:0.001068s ]
INFO: [ app_begin ] --END-- [ RunTime:0.003079s ]
INFO: [ view_parse ] --START--
INFO: [ template_filter ] --START--
INFO: Run Behavior\ContentReplace [ RunTime:0.000101s ]
INFO: [ template_filter ] --END-- [ RunTime:0.000322s ]
INFO: Run Behavior\ParseTemplate [ RunTime:0.022724s ]
INFO: [ view_parse ] --END-- [ RunTime:0.022933s ]
INFO: [ view_filter ] --START--
INFO: Run Behavior\WriteHtmlCache [ RunTime:0.000584s ]
INFO: [ view_filter ] --END-- [ RunTime:0.000761s ]
INFO: [ app_end ] --START--
INFO: Run Behavior\ShowPageTrace [ RunTime:0.000776s ]
INFO: [ app_end ] --END-- [ RunTime:0.000954s ]

[ 2017-03-25T13:44:37+08:00 ] ::1 /peixun/jingtai/blog11/
INFO: [ app_begin ] --START--
INFO: Run Behavior\ReadHtmlCache [ RunTime:0.001596s ]
INFO: [ app_begin ] --END-- [ RunTime:0.003276s ]
INFO: [ view_parse ] --START--
INFO: [ template_filter ] --START--
INFO: Run Behavior\ContentReplace [ RunTime:0.000127s ]
INFO: [ template_filter ] --END-- [ RunTime:0.000319s ]
INFO: Run Behavior\ParseTemplate [ RunTime:0.011913s ]
INFO: [ view_parse ] --END-- [ RunTime:0.012187s ]
INFO: [ view_filter ] --START--
INFO: Run Behavior\WriteHtmlCache [ RunTime:0.000692s ]
INFO: [ view_filter ] --END-- [ RunTime:0.001125s ]
INFO: [ app_end ] --START--
INFO: Run Behavior\ShowPageTrace [ RunTime:0.000893s ]
INFO: [ app_end ] --END-- [ RunTime:0.001374s ]

[ 2017-03-25T13:44:38+08:00 ] ::1 /peixun/jingtai/blog11/
INFO: [ app_begin ] --START--
INFO: Run Behavior\ReadHtmlCache [ RunTime:0.001298s ]
INFO: [ app_begin ] --END-- [ RunTime:0.002878s ]
INFO: [ view_parse ] --START--
INFO: [ template_filter ] --START--
INFO: Run Behavior\ContentReplace [ RunTime:0.000144s ]
INFO: [ template_filter ] --END-- [ RunTime:0.000446s ]
INFO: Run Behavior\ParseTemplate [ RunTime:0.014616s ]
INFO: [ view_parse ] --END-- [ RunTime:0.014834s ]
INFO: [ view_filter ] --START--
INFO: Run Behavior\WriteHtmlCache [ RunTime:0.000518s ]
INFO: [ view_filter ] --END-- [ RunTime:0.000700s ]
INFO: [ app_end ] --START--
INFO: Run Behavior\ShowPageTrace [ RunTime:0.000678s ]
INFO: [ app_end ] --END-- [ RunTime:0.000852s ]

[ 2017-03-25T13:44:38+08:00 ] ::1 /peixun/jingtai/blog11/
INFO: [ app_begin ] --START--
INFO: Run Behavior\ReadHtmlCache [ RunTime:0.002498s ]
INFO: [ app_begin ] --END-- [ RunTime:0.005067s ]
INFO: [ view_parse ] --START--
INFO: [ template_filter ] --START--
INFO: Run Behavior\ContentReplace [ RunTime:0.000241s ]
INFO: [ template_filter ] --END-- [ RunTime:0.000820s ]
INFO: Run Behavior\ParseTemplate [ RunTime:0.027965s ]
INFO: [ view_parse ] --END-- [ RunTime:0.028188s ]
INFO: [ view_filter ] --START--
INFO: Run Behavior\WriteHtmlCache [ RunTime:0.000919s ]
INFO: [ view_filter ] --END-- [ RunTime:0.001176s ]
INFO: [ app_end ] --START--
INFO: Run Behavior\ShowPageTrace [ RunTime:0.000840s ]
INFO: [ app_end ] --END-- [ RunTime:0.001031s ]

[ 2017-03-25T13:44:38+08:00 ] ::1 /peixun/jingtai/blog11/
INFO: [ app_begin ] --START--
INFO: Run Behavior\ReadHtmlCache [ RunTime:0.000935s ]
INFO: [ app_begin ] --END-- [ RunTime:0.001951s ]
INFO: [ view_parse ] --START--
INFO: [ template_filter ] --START--
INFO: Run Behavior\ContentReplace [ RunTime:0.000397s ]
INFO: [ template_filter ] --END-- [ RunTime:0.001000s ]
INFO: Run Behavior\ParseTemplate [ RunTime:0.024854s ]
INFO: [ view_parse ] --END-- [ RunTime:0.025153s ]
INFO: [ view_filter ] --START--
INFO: Run Behavior\WriteHtmlCache [ RunTime:0.000543s ]
INFO: [ view_filter ] --END-- [ RunTime:0.000710s ]
INFO: [ app_end ] --START--
INFO: Run Behavior\ShowPageTrace [ RunTime:0.000725s ]
INFO: [ app_end ] --END-- [ RunTime:0.000898s ]

[ 2017-03-25T13:45:29+08:00 ] ::1 /peixun/jingtai/blog11/
INFO: [ app_begin ] --START--
INFO: Run Behavior\ReadHtmlCache [ RunTime:0.002400s ]
INFO: [ app_begin ] --END-- [ RunTime:0.005493s ]
INFO: [ view_parse ] --START--
INFO: [ template_filter ] --START--
INFO: Run Behavior\ContentReplace [ RunTime:0.000150s ]
INFO: [ template_filter ] --END-- [ RunTime:0.000374s ]
INFO: Run Behavior\ParseTemplate [ RunTime:0.018934s ]
INFO: [ view_parse ] --END-- [ RunTime:0.019160s ]
INFO: [ view_filter ] --START--
INFO: Run Behavior\WriteHtmlCache [ RunTime:0.000712s ]
INFO: [ view_filter ] --END-- [ RunTime:0.000919s ]
INFO: [ app_end ] --START--
INFO: Run Behavior\ShowPageTrace [ RunTime:0.001964s ]
INFO: [ app_end ] --END-- [ RunTime:0.002492s ]

[ 2017-03-25T13:45:29+08:00 ] ::1 /peixun/jingtai/blog11/
INFO: [ app_begin ] --START--
INFO: Run Behavior\ReadHtmlCache [ RunTime:0.000924s ]
INFO: [ app_begin ] --END-- [ RunTime:0.002008s ]
INFO: [ view_parse ] --START--
INFO: [ template_filter ] --START--
INFO: Run Behavior\ContentReplace [ RunTime:0.000145s ]
INFO: [ template_filter ] --END-- [ RunTime:0.000336s ]
INFO: Run Behavior\ParseTemplate [ RunTime:0.016498s ]
INFO: [ view_parse ] --END-- [ RunTime:0.016693s ]
INFO: [ view_filter ] --START--
INFO: Run Behavior\WriteHtmlCache [ RunTime:0.000488s ]
INFO: [ view_filter ] --END-- [ RunTime:0.000650s ]
INFO: [ app_end ] --START--
INFO: Run Behavior\ShowPageTrace [ RunTime:0.000918s ]
INFO: [ app_end ] --END-- [ RunTime:0.001137s ]

[ 2017-03-25T13:45:34+08:00 ] ::1 /peixun/jingtai/blog11/index.php/Home/index/detail.html
INFO: [ app_begin ] --START--
INFO: Run Behavior\ReadHtmlCache [ RunTime:0.001487s ]
INFO: [ app_begin ] --END-- [ RunTime:0.002865s ]
INFO: [ view_parse ] --START--
INFO: [ template_filter ] --START--
INFO: Run Behavior\ContentReplace [ RunTime:0.000186s ]
INFO: [ template_filter ] --END-- [ RunTime:0.000415s ]
INFO: Run Behavior\ParseTemplate [ RunTime:0.046913s ]
INFO: [ view_parse ] --END-- [ RunTime:0.047135s ]
INFO: [ view_filter ] --START--
INFO: Run Behavior\WriteHtmlCache [ RunTime:0.000785s ]
INFO: [ view_filter ] --END-- [ RunTime:0.000991s ]
INFO: [ app_end ] --START--
INFO: Run Behavior\ShowPageTrace [ RunTime:0.001194s ]
INFO: [ app_end ] --END-- [ RunTime:0.001526s ]

[ 2017-03-25T13:46:17+08:00 ] ::1 /peixun/jingtai/blog11/
INFO: [ app_begin ] --START--
INFO: Run Behavior\ReadHtmlCache [ RunTime:0.001212s ]
INFO: [ app_begin ] --END-- [ RunTime:0.002504s ]
INFO: [ view_parse ] --START--
INFO: [ template_filter ] --START--
INFO: Run Behavior\ContentReplace [ RunTime:0.000128s ]
INFO: [ template_filter ] --END-- [ RunTime:0.000328s ]
INFO: Run Behavior\ParseTemplate [ RunTime:0.012321s ]
INFO: [ view_parse ] --END-- [ RunTime:0.012529s ]
INFO: [ view_filter ] --START--
INFO: Run Behavior\WriteHtmlCache [ RunTime:0.000610s ]
INFO: [ view_filter ] --END-- [ RunTime:0.000785s ]
INFO: [ app_end ] --START--
INFO: Run Behavior\ShowPageTrace [ RunTime:0.000791s ]
INFO: [ app_end ] --END-- [ RunTime:0.000958s ]

[ 2017-03-25T13:46:18+08:00 ] ::1 /peixun/jingtai/blog11/
INFO: [ app_begin ] --START--
INFO: Run Behavior\ReadHtmlCache [ RunTime:0.001336s ]
INFO: [ app_begin ] --END-- [ RunTime:0.002789s ]
INFO: [ view_parse ] --START--
INFO: [ template_filter ] --START--
INFO: Run Behavior\ContentReplace [ RunTime:0.000133s ]
INFO: [ template_filter ] --END-- [ RunTime:0.000364s ]
INFO: Run Behavior\ParseTemplate [ RunTime:0.011792s ]
INFO: [ view_parse ] --END-- [ RunTime:0.012036s ]
INFO: [ view_filter ] --START--
INFO: Run Behavior\WriteHtmlCache [ RunTime:0.000614s ]
INFO: [ view_filter ] --END-- [ RunTime:0.000831s ]
INFO: [ app_end ] --START--
INFO: Run Behavior\ShowPageTrace [ RunTime:0.000801s ]
INFO: [ app_end ] --END-- [ RunTime:0.000981s ]

[ 2017-03-25T13:46:18+08:00 ] ::1 /peixun/jingtai/blog11/
INFO: [ app_begin ] --START--
INFO: Run Behavior\ReadHtmlCache [ RunTime:0.000716s ]
INFO: [ app_begin ] --END-- [ RunTime:0.001368s ]
INFO: [ view_parse ] --START--
INFO: [ template_filter ] --START--
INFO: Run Behavior\ContentReplace [ RunTime:0.000119s ]
INFO: [ template_filter ] --END-- [ RunTime:0.000305s ]
INFO: Run Behavior\ParseTemplate [ RunTime:0.011986s ]
INFO: [ view_parse ] --END-- [ RunTime:0.012170s ]
INFO: [ view_filter ] --START--
INFO: Run Behavior\WriteHtmlCache [ RunTime:0.000610s ]
INFO: [ view_filter ] --END-- [ RunTime:0.000806s ]
INFO: [ app_end ] --START--
INFO: Run Behavior\ShowPageTrace [ RunTime:0.000830s ]
INFO: [ app_end ] --END-- [ RunTime:0.001048s ]

[ 2017-03-25T13:46:21+08:00 ] ::1 /peixun/jingtai/blog11/
INFO: [ app_begin ] --START--
INFO: Run Behavior\ReadHtmlCache [ RunTime:0.001289s ]
INFO: [ app_begin ] --END-- [ RunTime:0.002623s ]
INFO: [ view_parse ] --START--
INFO: [ template_filter ] --START--
INFO: Run Behavior\ContentReplace [ RunTime:0.000133s ]
INFO: [ template_filter ] --END-- [ RunTime:0.000329s ]
INFO: Run Behavior\ParseTemplate [ RunTime:0.013507s ]
INFO: [ view_parse ] --END-- [ RunTime:0.013737s ]
INFO: [ view_filter ] --START--
INFO: Run Behavior\WriteHtmlCache [ RunTime:0.000488s ]
INFO: [ view_filter ] --END-- [ RunTime:0.000659s ]
INFO: [ app_end ] --START--
INFO: Run Behavior\ShowPageTrace [ RunTime:0.000705s ]
INFO: [ app_end ] --END-- [ RunTime:0.000873s ]

[ 2017-03-25T13:46:23+08:00 ] ::1 /peixun/jingtai/blog11/
INFO: [ app_begin ] --START--
INFO: Run Behavior\ReadHtmlCache [ RunTime:0.001428s ]
INFO: [ app_begin ] --END-- [ RunTime:0.002469s ]
INFO: [ view_parse ] --START--
INFO: [ template_filter ] --START--
INFO: Run Behavior\ContentReplace [ RunTime:0.000120s ]
INFO: [ template_filter ] --END-- [ RunTime:0.000327s ]
INFO: Run Behavior\ParseTemplate [ RunTime:0.012227s ]
INFO: [ view_parse ] --END-- [ RunTime:0.012537s ]
INFO: [ view_filter ] --START--
INFO: Run Behavior\WriteHtmlCache [ RunTime:0.000492s ]
INFO: [ view_filter ] --END-- [ RunTime:0.000663s ]
INFO: [ app_end ] --START--
INFO: Run Behavior\ShowPageTrace [ RunTime:0.000689s ]
INFO: [ app_end ] --END-- [ RunTime:0.000864s ]

[ 2017-03-25T13:46:24+08:00 ] ::1 /peixun/jingtai/blog11/
INFO: [ app_begin ] --START--
INFO: Run Behavior\ReadHtmlCache [ RunTime:0.001220s ]
INFO: [ app_begin ] --END-- [ RunTime:0.002698s ]
INFO: [ view_parse ] --START--
INFO: [ template_filter ] --START--
INFO: Run Behavior\ContentReplace [ RunTime:0.000151s ]
INFO: [ template_filter ] --END-- [ RunTime:0.000377s ]
INFO: Run Behavior\ParseTemplate [ RunTime:0.012729s ]
INFO: [ view_parse ] --END-- [ RunTime:0.012953s ]
INFO: [ view_filter ] --START--
INFO: Run Behavior\WriteHtmlCache [ RunTime:0.000544s ]
INFO: [ view_filter ] --END-- [ RunTime:0.000743s ]
INFO: [ app_end ] --START--
INFO: Run Behavior\ShowPageTrace [ RunTime:0.000753s ]
INFO: [ app_end ] --END-- [ RunTime:0.000935s ]

[ 2017-03-25T13:46:25+08:00 ] ::1 /peixun/jingtai/blog11/
INFO: [ app_begin ] --START--
INFO: Run Behavior\ReadHtmlCache [ RunTime:0.000717s ]
INFO: [ app_begin ] --END-- [ RunTime:0.001417s ]
INFO: [ view_parse ] --START--
INFO: [ template_filter ] --START--
INFO: Run Behavior\ContentReplace [ RunTime:0.000129s ]
INFO: [ template_filter ] --END-- [ RunTime:0.000323s ]
INFO: Run Behavior\ParseTemplate [ RunTime:0.010202s ]
INFO: [ view_parse ] --END-- [ RunTime:0.010403s ]
INFO: [ view_filter ] --START--
INFO: Run Behavior\WriteHtmlCache [ RunTime:0.001008s ]
INFO: [ view_filter ] --END-- [ RunTime:0.001195s ]
INFO: [ app_end ] --START--
INFO: Run Behavior\ShowPageTrace [ RunTime:0.000776s ]
INFO: [ app_end ] --END-- [ RunTime:0.000951s ]

[ 2017-03-25T13:46:25+08:00 ] ::1 /peixun/jingtai/blog11/
INFO: [ app_begin ] --START--
INFO: Run Behavior\ReadHtmlCache [ RunTime:0.000748s ]
INFO: [ app_begin ] --END-- [ RunTime:0.001547s ]
INFO: [ view_parse ] --START--
INFO: [ template_filter ] --START--
INFO: Run Behavior\ContentReplace [ RunTime:0.000177s ]
INFO: [ template_filter ] --END-- [ RunTime:0.000504s ]
INFO: Run Behavior\ParseTemplate [ RunTime:0.011640s ]
INFO: [ view_parse ] --END-- [ RunTime:0.011963s ]
INFO: [ view_filter ] --START--
INFO: Run Behavior\WriteHtmlCache [ RunTime:0.000543s ]
INFO: [ view_filter ] --END-- [ RunTime:0.000711s ]
INFO: [ app_end ] --START--
INFO: Run Behavior\ShowPageTrace [ RunTime:0.000704s ]
INFO: [ app_end ] --END-- [ RunTime:0.000870s ]

[ 2017-03-25T13:46:26+08:00 ] ::1 /peixun/jingtai/blog11/
INFO: [ app_begin ] --START--
INFO: Run Behavior\ReadHtmlCache [ RunTime:0.001853s ]
INFO: [ app_begin ] --END-- [ RunTime:0.003453s ]
INFO: [ view_parse ] --START--
INFO: [ template_filter ] --START--
INFO: Run Behavior\ContentReplace [ RunTime:0.000126s ]
INFO: [ template_filter ] --END-- [ RunTime:0.000317s ]
INFO: Run Behavior\ParseTemplate [ RunTime:0.010136s ]
INFO: [ view_parse ] --END-- [ RunTime:0.010445s ]
INFO: [ view_filter ] --START--
INFO: Run Behavior\WriteHtmlCache [ RunTime:0.001045s ]
INFO: [ view_filter ] --END-- [ RunTime:0.001349s ]
INFO: [ app_end ] --START--
INFO: Run Behavior\ShowPageTrace [ RunTime:0.000627s ]
INFO: [ app_end ] --END-- [ RunTime:0.000801s ]

[ 2017-03-25T13:46:28+08:00 ] ::1 /peixun/jingtai/blog11/
INFO: [ app_begin ] --START--
INFO: Run Behavior\ReadHtmlCache [ RunTime:0.000706s ]
INFO: [ app_begin ] --END-- [ RunTime:0.001516s ]
INFO: [ view_parse ] --START--
INFO: [ template_filter ] --START--
INFO: Run Behavior\ContentReplace [ RunTime:0.000116s ]
INFO: [ template_filter ] --END-- [ RunTime:0.000290s ]
INFO: Run Behavior\ParseTemplate [ RunTime:0.009740s ]
INFO: [ view_parse ] --END-- [ RunTime:0.009930s ]
INFO: [ view_filter ] --START--
INFO: Run Behavior\WriteHtmlCache [ RunTime:0.001070s ]
INFO: [ view_filter ] --END-- [ RunTime:0.001267s ]
INFO: [ app_end ] --START--
INFO: Run Behavior\ShowPageTrace [ RunTime:0.000641s ]
INFO: [ app_end ] --END-- [ RunTime:0.000823s ]

[ 2017-03-25T13:46:37+08:00 ] ::1 /peixun/jingtai/blog11/index.php/Home/index/index.html
INFO: [ app_begin ] --START--
INFO: Run Behavior\ReadHtmlCache [ RunTime:0.000660s ]
INFO: [ app_begin ] --END-- [ RunTime:0.002266s ]
INFO: [ view_parse ] --START--
INFO: [ template_filter ] --START--
INFO: Run Behavior\ContentReplace [ RunTime:0.000140s ]
INFO: [ template_filter ] --END-- [ RunTime:0.000342s ]
INFO: Run Behavior\ParseTemplate [ RunTime:0.010735s ]
INFO: [ view_parse ] --END-- [ RunTime:0.011015s ]
INFO: [ view_filter ] --START--
INFO: Run Behavior\WriteHtmlCache [ RunTime:0.000399s ]
INFO: [ view_filter ] --END-- [ RunTime:0.000568s ]
INFO: [ app_end ] --START--
INFO: Run Behavior\ShowPageTrace [ RunTime:0.000603s ]
INFO: [ app_end ] --END-- [ RunTime:0.000775s ]

[ 2017-03-25T13:46:38+08:00 ] ::1 /peixun/jingtai/blog11/index.php/Home/index/index.html
INFO: [ app_begin ] --START--
INFO: Run Behavior\ReadHtmlCache [ RunTime:0.001736s ]
INFO: [ app_begin ] --END-- [ RunTime:0.002756s ]
INFO: [ view_parse ] --START--
INFO: [ template_filter ] --START--
INFO: Run Behavior\ContentReplace [ RunTime:0.000142s ]
INFO: [ template_filter ] --END-- [ RunTime:0.000353s ]
INFO: Run Behavior\ParseTemplate [ RunTime:0.010819s ]
INFO: [ view_parse ] --END-- [ RunTime:0.011026s ]
INFO: [ view_filter ] --START--
INFO: Run Behavior\WriteHtmlCache [ RunTime:0.000573s ]
INFO: [ view_filter ] --END-- [ RunTime:0.000745s ]
INFO: [ app_end ] --START--
INFO: Run Behavior\ShowPageTrace [ RunTime:0.000708s ]
INFO: [ app_end ] --END-- [ RunTime:0.000884s ]

[ 2017-03-25T13:46:39+08:00 ] ::1 /peixun/jingtai/blog11/index.php/Home/index/index.html
INFO: [ app_begin ] --START--
INFO: Run Behavior\ReadHtmlCache [ RunTime:0.000705s ]
INFO: [ app_begin ] --END-- [ RunTime:0.001470s ]
INFO: [ view_parse ] --START--
INFO: [ template_filter ] --START--
INFO: Run Behavior\ContentReplace [ RunTime:0.000131s ]
INFO: [ template_filter ] --END-- [ RunTime:0.000334s ]
INFO: Run Behavior\ParseTemplate [ RunTime:0.015597s ]
INFO: [ view_parse ] --END-- [ RunTime:0.015792s ]
INFO: [ view_filter ] --START--
INFO: Run Behavior\WriteHtmlCache [ RunTime:0.000446s ]
INFO: [ view_filter ] --END-- [ RunTime:0.000626s ]
INFO: [ app_end ] --START--
INFO: Run Behavior\ShowPageTrace [ RunTime:0.000855s ]
INFO: [ app_end ] --END-- [ RunTime:0.001106s ]

[ 2017-03-25T13:46:40+08:00 ] ::1 /peixun/jingtai/blog11/index.php/Home/index/index.html
INFO: [ app_begin ] --START--
INFO: Run Behavior\ReadHtmlCache [ RunTime:0.000702s ]
INFO: [ app_begin ] --END-- [ RunTime:0.001406s ]
INFO: [ view_parse ] --START--
INFO: [ template_filter ] --START--
INFO: Run Behavior\ContentReplace [ RunTime:0.000175s ]
INFO: [ template_filter ] --END-- [ RunTime:0.000381s ]
INFO: Run Behavior\ParseTemplate [ RunTime:0.014560s ]
INFO: [ view_parse ] --END-- [ RunTime:0.014797s ]
INFO: [ view_filter ] --START--
INFO: Run Behavior\WriteHtmlCache [ RunTime:0.000494s ]
INFO: [ view_filter ] --END-- [ RunTime:0.000656s ]
INFO: [ app_end ] --START--
INFO: Run Behavior\ShowPageTrace [ RunTime:0.000685s ]
INFO: [ app_end ] --END-- [ RunTime:0.000853s ]

[ 2017-03-25T13:46:40+08:00 ] ::1 /peixun/jingtai/blog11/index.php/Home/index/index.html
INFO: [ app_begin ] --START--
INFO: Run Behavior\ReadHtmlCache [ RunTime:0.001152s ]
INFO: [ app_begin ] --END-- [ RunTime:0.001957s ]
INFO: [ view_parse ] --START--
INFO: [ template_filter ] --START--
INFO: Run Behavior\ContentReplace [ RunTime:0.000285s ]
INFO: [ template_filter ] --END-- [ RunTime:0.000766s ]
INFO: Run Behavior\ParseTemplate [ RunTime:0.023843s ]
INFO: [ view_parse ] --END-- [ RunTime:0.024391s ]
INFO: [ view_filter ] --START--
INFO: Run Behavior\WriteHtmlCache [ RunTime:0.001852s ]
INFO: [ view_filter ] --END-- [ RunTime:0.002383s ]
INFO: [ app_end ] --START--
INFO: Run Behavior\ShowPageTrace [ RunTime:0.002818s ]
INFO: [ app_end ] --END-- [ RunTime:0.003341s ]

[ 2017-03-25T13:46:40+08:00 ] ::1 /peixun/jingtai/blog11/index.php/Home/index/index.html
INFO: [ app_begin ] --START--
INFO: Run Behavior\ReadHtmlCache [ RunTime:0.000920s ]
INFO: [ app_begin ] --END-- [ RunTime:0.001793s ]
INFO: [ view_parse ] --START--
INFO: [ template_filter ] --START--
INFO: Run Behavior\ContentReplace [ RunTime:0.000313s ]
INFO: [ template_filter ] --END-- [ RunTime:0.000766s ]
INFO: Run Behavior\ParseTemplate [ RunTime:0.017046s ]
INFO: [ view_parse ] --END-- [ RunTime:0.017313s ]
INFO: [ view_filter ] --START--
INFO: Run Behavior\WriteHtmlCache [ RunTime:0.000588s ]
INFO: [ view_filter ] --END-- [ RunTime:0.000763s ]
INFO: [ app_end ] --START--
INFO: Run Behavior\ShowPageTrace [ RunTime:0.000800s ]
INFO: [ app_end ] --END-- [ RunTime:0.000982s ]

[ 2017-03-25T13:46:41+08:00 ] ::1 /peixun/jingtai/blog11/index.php/Home/index/index.html
INFO: [ app_begin ] --START--
INFO: Run Behavior\ReadHtmlCache [ RunTime:0.000806s ]
INFO: [ app_begin ] --END-- [ RunTime:0.001898s ]
INFO: [ view_parse ] --START--
INFO: [ template_filter ] --START--
INFO: Run Behavior\ContentReplace [ RunTime:0.000149s ]
INFO: [ template_filter ] --END-- [ RunTime:0.000388s ]
INFO: Run Behavior\ParseTemplate [ RunTime:0.012925s ]
INFO: [ view_parse ] --END-- [ RunTime:0.013145s ]
INFO: [ view_filter ] --START--
INFO: Run Behavior\WriteHtmlCache [ RunTime:0.000584s ]
INFO: [ view_filter ] --END-- [ RunTime:0.000783s ]
INFO: [ app_end ] --START--
INFO: Run Behavior\ShowPageTrace [ RunTime:0.000886s ]
INFO: [ app_end ] --END-- [ RunTime:0.001089s ]

[ 2017-03-25T13:46:42+08:00 ] ::1 /peixun/jingtai/blog11/index.php/Home/index/index.html
INFO: [ app_begin ] --START--
INFO: Run Behavior\ReadHtmlCache [ RunTime:0.000715s ]
INFO: [ app_begin ] --END-- [ RunTime:0.001422s ]
INFO: [ view_parse ] --START--
INFO: [ template_filter ] --START--
INFO: Run Behavior\ContentReplace [ RunTime:0.000261s ]
INFO: [ template_filter ] --END-- [ RunTime:0.000582s ]
INFO: Run Behavior\ParseTemplate [ RunTime:0.010948s ]
INFO: [ view_parse ] --END-- [ RunTime:0.011295s ]
INFO: [ view_filter ] --START--
INFO: Run Behavior\WriteHtmlCache [ RunTime:0.000491s ]
INFO: [ view_filter ] --END-- [ RunTime:0.000670s ]
INFO: [ app_end ] --START--
INFO: Run Behavior\ShowPageTrace [ RunTime:0.000703s ]
INFO: [ app_end ] --END-- [ RunTime:0.000879s ]

[ 2017-03-25T13:46:47+08:00 ] ::1 /peixun/jingtai/blog11/index.php/Home/Index/login.html
INFO: [ app_begin ] --START--
INFO: Run Behavior\ReadHtmlCache [ RunTime:0.001216s ]
INFO: [ app_begin ] --END-- [ RunTime:0.002492s ]
INFO: [ view_parse ] --START--
INFO: [ template_filter ] --START--
INFO: Run Behavior\ContentReplace [ RunTime:0.000121s ]
INFO: [ template_filter ] --END-- [ RunTime:0.000455s ]
INFO: Run Behavior\ParseTemplate [ RunTime:0.013382s ]
INFO: [ view_parse ] --END-- [ RunTime:0.013654s ]
INFO: [ view_filter ] --START--
INFO: Run Behavior\WriteHtmlCache [ RunTime:0.000522s ]
INFO: [ view_filter ] --END-- [ RunTime:0.000728s ]
INFO: [ app_end ] --START--
INFO: Run Behavior\ShowPageTrace [ RunTime:0.000731s ]
INFO: [ app_end ] --END-- [ RunTime:0.000908s ]

[ 2017-03-25T20:17:09+08:00 ] ::1 /blog/
INFO: [ app_begin ] --START--
INFO: Run Behavior\ReadHtmlCache [ RunTime:0.002248s ]
INFO: [ app_begin ] --END-- [ RunTime:0.003068s ]
INFO: [ view_parse ] --START--
INFO: [ template_filter ] --START--
INFO: Run Behavior\ContentReplace [ RunTime:0.000108s ]
INFO: [ template_filter ] --END-- [ RunTime:0.000275s ]
INFO: Run Behavior\ParseTemplate [ RunTime:0.030502s ]
INFO: [ view_parse ] --END-- [ RunTime:0.030662s ]
INFO: [ view_filter ] --START--
INFO: Run Behavior\WriteHtmlCache [ RunTime:0.001837s ]
INFO: [ view_filter ] --END-- [ RunTime:0.001970s ]
INFO: [ app_end ] --START--
INFO: Run Behavior\ShowPageTrace [ RunTime:0.002090s ]
INFO: [ app_end ] --END-- [ RunTime:0.002245s ]

[ 2017-03-25T20:55:56+08:00 ] ::1 /blog/
INFO: [ app_begin ] --START--
INFO: Run Behavior\ReadHtmlCache [ RunTime:0.001220s ]
INFO: [ app_begin ] --END-- [ RunTime:0.001813s ]
ERR: Think\Controller:category方法不存在！

[ 2017-03-25T20:57:08+08:00 ] ::1 /blog/
INFO: [ app_begin ] --START--
INFO: Run Behavior\ReadHtmlCache [ RunTime:0.001187s ]
INFO: [ app_begin ] --END-- [ RunTime:0.001826s ]
NOTIC: [8192] mysql_connect(): The mysql extension is deprecated and will be removed in the future: use mysqli or PDO instead C:\wamp64\www\blog\ThinkPHP\Library\Think\Db\Driver\Mysql.class.php 第 52 行.
SQL: SHOW COLUMNS FROM `blog_ariticle_category` [ RunTime:0.001168s ]
ERR: 1146:Table 'myblog.blog_ariticle_category' doesn't exist
 [ SQL语句 ] : SHOW COLUMNS FROM `blog_ariticle_category`
ERR: Think\Model:category1方法不存在！

[ 2017-03-25T20:57:09+08:00 ] ::1 /blog/
INFO: [ app_begin ] --START--
INFO: Run Behavior\ReadHtmlCache [ RunTime:0.001216s ]
INFO: [ app_begin ] --END-- [ RunTime:0.001731s ]
NOTIC: [8192] mysql_connect(): The mysql extension is deprecated and will be removed in the future: use mysqli or PDO instead C:\wamp64\www\blog\ThinkPHP\Library\Think\Db\Driver\Mysql.class.php 第 52 行.
SQL: SHOW COLUMNS FROM `blog_ariticle_category` [ RunTime:0.000688s ]
ERR: 1146:Table 'myblog.blog_ariticle_category' doesn't exist
 [ SQL语句 ] : SHOW COLUMNS FROM `blog_ariticle_category`
ERR: Think\Model:category1方法不存在！

[ 2017-03-25T20:57:09+08:00 ] ::1 /blog/
INFO: [ app_begin ] --START--
INFO: Run Behavior\ReadHtmlCache [ RunTime:0.001160s ]
INFO: [ app_begin ] --END-- [ RunTime:0.001697s ]
NOTIC: [8192] mysql_connect(): The mysql extension is deprecated and will be removed in the future: use mysqli or PDO instead C:\wamp64\www\blog\ThinkPHP\Library\Think\Db\Driver\Mysql.class.php 第 52 行.
SQL: SHOW COLUMNS FROM `blog_ariticle_category` [ RunTime:0.000772s ]
ERR: 1146:Table 'myblog.blog_ariticle_category' doesn't exist
 [ SQL语句 ] : SHOW COLUMNS FROM `blog_ariticle_category`
ERR: Think\Model:category1方法不存在！

[ 2017-03-25T20:57:09+08:00 ] ::1 /blog/
INFO: [ app_begin ] --START--
INFO: Run Behavior\ReadHtmlCache [ RunTime:0.001154s ]
INFO: [ app_begin ] --END-- [ RunTime:0.001667s ]
NOTIC: [8192] mysql_connect(): The mysql extension is deprecated and will be removed in the future: use mysqli or PDO instead C:\wamp64\www\blog\ThinkPHP\Library\Think\Db\Driver\Mysql.class.php 第 52 行.
SQL: SHOW COLUMNS FROM `blog_ariticle_category` [ RunTime:0.000812s ]
ERR: 1146:Table 'myblog.blog_ariticle_category' doesn't exist
 [ SQL语句 ] : SHOW COLUMNS FROM `blog_ariticle_category`
ERR: Think\Model:category1方法不存在！

[ 2017-03-25T20:57:09+08:00 ] ::1 /blog/
INFO: [ app_begin ] --START--
INFO: Run Behavior\ReadHtmlCache [ RunTime:0.001186s ]
INFO: [ app_begin ] --END-- [ RunTime:0.001723s ]
NOTIC: [8192] mysql_connect(): The mysql extension is deprecated and will be removed in the future: use mysqli or PDO instead C:\wamp64\www\blog\ThinkPHP\Library\Think\Db\Driver\Mysql.class.php 第 52 行.
SQL: SHOW COLUMNS FROM `blog_ariticle_category` [ RunTime:0.000726s ]
ERR: 1146:Table 'myblog.blog_ariticle_category' doesn't exist
 [ SQL语句 ] : SHOW COLUMNS FROM `blog_ariticle_category`
ERR: Think\Model:category1方法不存在！

[ 2017-03-25T20:57:10+08:00 ] ::1 /blog/
INFO: [ app_begin ] --START--
INFO: Run Behavior\ReadHtmlCache [ RunTime:0.001134s ]
INFO: [ app_begin ] --END-- [ RunTime:0.001659s ]
NOTIC: [8192] mysql_connect(): The mysql extension is deprecated and will be removed in the future: use mysqli or PDO instead C:\wamp64\www\blog\ThinkPHP\Library\Think\Db\Driver\Mysql.class.php 第 52 行.
SQL: SHOW COLUMNS FROM `blog_ariticle_category` [ RunTime:0.000772s ]
ERR: 1146:Table 'myblog.blog_ariticle_category' doesn't exist
 [ SQL语句 ] : SHOW COLUMNS FROM `blog_ariticle_category`
ERR: Think\Model:category1方法不存在！

[ 2017-03-25T20:57:10+08:00 ] ::1 /blog/
INFO: [ app_begin ] --START--
INFO: Run Behavior\ReadHtmlCache [ RunTime:0.001373s ]
INFO: [ app_begin ] --END-- [ RunTime:0.001996s ]
NOTIC: [8192] mysql_connect(): The mysql extension is deprecated and will be removed in the future: use mysqli or PDO instead C:\wamp64\www\blog\ThinkPHP\Library\Think\Db\Driver\Mysql.class.php 第 52 行.
SQL: SHOW COLUMNS FROM `blog_ariticle_category` [ RunTime:0.000722s ]
ERR: 1146:Table 'myblog.blog_ariticle_category' doesn't exist
 [ SQL语句 ] : SHOW COLUMNS FROM `blog_ariticle_category`
ERR: Think\Model:category1方法不存在！

[ 2017-03-25T20:57:10+08:00 ] ::1 /blog/
INFO: [ app_begin ] --START--
INFO: Run Behavior\ReadHtmlCache [ RunTime:0.001139s ]
INFO: [ app_begin ] --END-- [ RunTime:0.001658s ]
NOTIC: [8192] mysql_connect(): The mysql extension is deprecated and will be removed in the future: use mysqli or PDO instead C:\wamp64\www\blog\ThinkPHP\Library\Think\Db\Driver\Mysql.class.php 第 52 行.
SQL: SHOW COLUMNS FROM `blog_ariticle_category` [ RunTime:0.000780s ]
ERR: 1146:Table 'myblog.blog_ariticle_category' doesn't exist
 [ SQL语句 ] : SHOW COLUMNS FROM `blog_ariticle_category`
ERR: Think\Model:category1方法不存在！

[ 2017-03-25T20:57:10+08:00 ] ::1 /blog/
INFO: [ app_begin ] --START--
INFO: Run Behavior\ReadHtmlCache [ RunTime:0.001152s ]
INFO: [ app_begin ] --END-- [ RunTime:0.001660s ]
NOTIC: [8192] mysql_connect(): The mysql extension is deprecated and will be removed in the future: use mysqli or PDO instead C:\wamp64\www\blog\ThinkPHP\Library\Think\Db\Driver\Mysql.class.php 第 52 行.
SQL: SHOW COLUMNS FROM `blog_ariticle_category` [ RunTime:0.000698s ]
ERR: 1146:Table 'myblog.blog_ariticle_category' doesn't exist
 [ SQL语句 ] : SHOW COLUMNS FROM `blog_ariticle_category`
ERR: Think\Model:category1方法不存在！

[ 2017-03-25T20:57:11+08:00 ] ::1 /blog/
INFO: [ app_begin ] --START--
INFO: Run Behavior\ReadHtmlCache [ RunTime:0.001446s ]
INFO: [ app_begin ] --END-- [ RunTime:0.002011s ]
NOTIC: [8192] mysql_connect(): The mysql extension is deprecated and will be removed in the future: use mysqli or PDO instead C:\wamp64\www\blog\ThinkPHP\Library\Think\Db\Driver\Mysql.class.php 第 52 行.
SQL: SHOW COLUMNS FROM `blog_ariticle_category` [ RunTime:0.000784s ]
ERR: 1146:Table 'myblog.blog_ariticle_category' doesn't exist
 [ SQL语句 ] : SHOW COLUMNS FROM `blog_ariticle_category`
ERR: Think\Model:category1方法不存在！

[ 2017-03-25T20:57:11+08:00 ] ::1 /blog/
INFO: [ app_begin ] --START--
INFO: Run Behavior\ReadHtmlCache [ RunTime:0.001187s ]
INFO: [ app_begin ] --END-- [ RunTime:0.001728s ]
NOTIC: [8192] mysql_connect(): The mysql extension is deprecated and will be removed in the future: use mysqli or PDO instead C:\wamp64\www\blog\ThinkPHP\Library\Think\Db\Driver\Mysql.class.php 第 52 行.
SQL: SHOW COLUMNS FROM `blog_ariticle_category` [ RunTime:0.000783s ]
ERR: 1146:Table 'myblog.blog_ariticle_category' doesn't exist
 [ SQL语句 ] : SHOW COLUMNS FROM `blog_ariticle_category`
ERR: Think\Model:category1方法不存在！

[ 2017-03-25T20:57:11+08:00 ] ::1 /blog/
INFO: [ app_begin ] --START--
INFO: Run Behavior\ReadHtmlCache [ RunTime:0.001175s ]
INFO: [ app_begin ] --END-- [ RunTime:0.001753s ]
NOTIC: [8192] mysql_connect(): The mysql extension is deprecated and will be removed in the future: use mysqli or PDO instead C:\wamp64\www\blog\ThinkPHP\Library\Think\Db\Driver\Mysql.class.php 第 52 行.
SQL: SHOW COLUMNS FROM `blog_ariticle_category` [ RunTime:0.000710s ]
ERR: 1146:Table 'myblog.blog_ariticle_category' doesn't exist
 [ SQL语句 ] : SHOW COLUMNS FROM `blog_ariticle_category`
ERR: Think\Model:category1方法不存在！

[ 2017-03-25T20:57:24+08:00 ] ::1 /blog/
INFO: [ app_begin ] --START--
INFO: Run Behavior\ReadHtmlCache [ RunTime:0.001157s ]
INFO: [ app_begin ] --END-- [ RunTime:0.001708s ]
NOTIC: [8192] mysql_connect(): The mysql extension is deprecated and will be removed in the future: use mysqli or PDO instead C:\wamp64\www\blog\ThinkPHP\Library\Think\Db\Driver\Mysql.class.php 第 52 行.
SQL: SHOW COLUMNS FROM `blog_ariticle_category` [ RunTime:0.000719s ]
ERR: 1146:Table 'myblog.blog_ariticle_category' doesn't exist
 [ SQL语句 ] : SHOW COLUMNS FROM `blog_ariticle_category`
ERR: Think\Model:category1方法不存在！

[ 2017-03-25T20:57:25+08:00 ] ::1 /blog/
INFO: [ app_begin ] --START--
INFO: Run Behavior\ReadHtmlCache [ RunTime:0.001162s ]
INFO: [ app_begin ] --END-- [ RunTime:0.001697s ]
NOTIC: [8192] mysql_connect(): The mysql extension is deprecated and will be removed in the future: use mysqli or PDO instead C:\wamp64\www\blog\ThinkPHP\Library\Think\Db\Driver\Mysql.class.php 第 52 行.
SQL: SHOW COLUMNS FROM `blog_ariticle_category` [ RunTime:0.000753s ]
ERR: 1146:Table 'myblog.blog_ariticle_category' doesn't exist
 [ SQL语句 ] : SHOW COLUMNS FROM `blog_ariticle_category`
ERR: Think\Model:category1方法不存在！

[ 2017-03-25T20:57:25+08:00 ] ::1 /blog/
INFO: [ app_begin ] --START--
INFO: Run Behavior\ReadHtmlCache [ RunTime:0.001165s ]
INFO: [ app_begin ] --END-- [ RunTime:0.001708s ]
NOTIC: [8192] mysql_connect(): The mysql extension is deprecated and will be removed in the future: use mysqli or PDO instead C:\wamp64\www\blog\ThinkPHP\Library\Think\Db\Driver\Mysql.class.php 第 52 行.
SQL: SHOW COLUMNS FROM `blog_ariticle_category` [ RunTime:0.000766s ]
ERR: 1146:Table 'myblog.blog_ariticle_category' doesn't exist
 [ SQL语句 ] : SHOW COLUMNS FROM `blog_ariticle_category`
ERR: Think\Model:category1方法不存在！

[ 2017-03-25T20:57:25+08:00 ] ::1 /blog/
INFO: [ app_begin ] --START--
INFO: Run Behavior\ReadHtmlCache [ RunTime:0.001136s ]
INFO: [ app_begin ] --END-- [ RunTime:0.001646s ]
NOTIC: [8192] mysql_connect(): The mysql extension is deprecated and will be removed in the future: use mysqli or PDO instead C:\wamp64\www\blog\ThinkPHP\Library\Think\Db\Driver\Mysql.class.php 第 52 行.
SQL: SHOW COLUMNS FROM `blog_ariticle_category` [ RunTime:0.000725s ]
ERR: 1146:Table 'myblog.blog_ariticle_category' doesn't exist
 [ SQL语句 ] : SHOW COLUMNS FROM `blog_ariticle_category`
ERR: Think\Model:category1方法不存在！

[ 2017-03-25T20:57:25+08:00 ] ::1 /blog/
INFO: [ app_begin ] --START--
INFO: Run Behavior\ReadHtmlCache [ RunTime:0.001207s ]
INFO: [ app_begin ] --END-- [ RunTime:0.001746s ]
NOTIC: [8192] mysql_connect(): The mysql extension is deprecated and will be removed in the future: use mysqli or PDO instead C:\wamp64\www\blog\ThinkPHP\Library\Think\Db\Driver\Mysql.class.php 第 52 行.
SQL: SHOW COLUMNS FROM `blog_ariticle_category` [ RunTime:0.000704s ]
ERR: 1146:Table 'myblog.blog_ariticle_category' doesn't exist
 [ SQL语句 ] : SHOW COLUMNS FROM `blog_ariticle_category`
ERR: Think\Model:category1方法不存在！

[ 2017-03-25T20:57:26+08:00 ] ::1 /blog/
INFO: [ app_begin ] --START--
INFO: Run Behavior\ReadHtmlCache [ RunTime:0.001251s ]
INFO: [ app_begin ] --END-- [ RunTime:0.001877s ]
NOTIC: [8192] mysql_connect(): The mysql extension is deprecated and will be removed in the future: use mysqli or PDO instead C:\wamp64\www\blog\ThinkPHP\Library\Think\Db\Driver\Mysql.class.php 第 52 行.
SQL: SHOW COLUMNS FROM `blog_ariticle_category` [ RunTime:0.000680s ]
ERR: 1146:Table 'myblog.blog_ariticle_category' doesn't exist
 [ SQL语句 ] : SHOW COLUMNS FROM `blog_ariticle_category`
ERR: Think\Model:category1方法不存在！

[ 2017-03-25T20:57:39+08:00 ] ::1 /blog/
INFO: [ app_begin ] --START--
INFO: Run Behavior\ReadHtmlCache [ RunTime:0.001140s ]
INFO: [ app_begin ] --END-- [ RunTime:0.001693s ]
NOTIC: [8192] mysql_connect(): The mysql extension is deprecated and will be removed in the future: use mysqli or PDO instead C:\wamp64\www\blog\ThinkPHP\Library\Think\Db\Driver\Mysql.class.php 第 52 行.
SQL: SHOW COLUMNS FROM `blog_ariticle_category` [ RunTime:0.000707s ]
ERR: 1146:Table 'myblog.blog_ariticle_category' doesn't exist
 [ SQL语句 ] : SHOW COLUMNS FROM `blog_ariticle_category`
ERR: Think\Model:category1方法不存在！

[ 2017-03-25T20:59:02+08:00 ] ::1 /blog/
INFO: [ app_begin ] --START--
INFO: Run Behavior\ReadHtmlCache [ RunTime:0.001147s ]
INFO: [ app_begin ] --END-- [ RunTime:0.001668s ]
NOTIC: [8192] mysql_connect(): The mysql extension is deprecated and will be removed in the future: use mysqli or PDO instead C:\wamp64\www\blog\ThinkPHP\Library\Think\Db\Driver\Mysql.class.php 第 52 行.
SQL: SHOW COLUMNS FROM `blog_ariticle_category` [ RunTime:0.000744s ]
ERR: 1146:Table 'myblog.blog_ariticle_category' doesn't exist
 [ SQL语句 ] : SHOW COLUMNS FROM `blog_ariticle_category`
ERR: Think\Model:category1方法不存在！

[ 2017-03-25T20:59:03+08:00 ] ::1 /blog/
INFO: [ app_begin ] --START--
INFO: Run Behavior\ReadHtmlCache [ RunTime:0.001156s ]
INFO: [ app_begin ] --END-- [ RunTime:0.001667s ]
NOTIC: [8192] mysql_connect(): The mysql extension is deprecated and will be removed in the future: use mysqli or PDO instead C:\wamp64\www\blog\ThinkPHP\Library\Think\Db\Driver\Mysql.class.php 第 52 行.
SQL: SHOW COLUMNS FROM `blog_ariticle_category` [ RunTime:0.000718s ]
ERR: 1146:Table 'myblog.blog_ariticle_category' doesn't exist
 [ SQL语句 ] : SHOW COLUMNS FROM `blog_ariticle_category`
ERR: Think\Model:category1方法不存在！

[ 2017-03-25T20:59:03+08:00 ] ::1 /blog/
INFO: [ app_begin ] --START--
INFO: Run Behavior\ReadHtmlCache [ RunTime:0.001810s ]
INFO: [ app_begin ] --END-- [ RunTime:0.002624s ]
NOTIC: [8192] mysql_connect(): The mysql extension is deprecated and will be removed in the future: use mysqli or PDO instead C:\wamp64\www\blog\ThinkPHP\Library\Think\Db\Driver\Mysql.class.php 第 52 行.
SQL: SHOW COLUMNS FROM `blog_ariticle_category` [ RunTime:0.000793s ]
ERR: 1146:Table 'myblog.blog_ariticle_category' doesn't exist
 [ SQL语句 ] : SHOW COLUMNS FROM `blog_ariticle_category`
ERR: Think\Model:category1方法不存在！

[ 2017-03-25T20:59:03+08:00 ] ::1 /blog/
INFO: [ app_begin ] --START--
INFO: Run Behavior\ReadHtmlCache [ RunTime:0.001189s ]
INFO: [ app_begin ] --END-- [ RunTime:0.001774s ]
NOTIC: [8192] mysql_connect(): The mysql extension is deprecated and will be removed in the future: use mysqli or PDO instead C:\wamp64\www\blog\ThinkPHP\Library\Think\Db\Driver\Mysql.class.php 第 52 行.
SQL: SHOW COLUMNS FROM `blog_ariticle_category` [ RunTime:0.000648s ]
ERR: 1146:Table 'myblog.blog_ariticle_category' doesn't exist
 [ SQL语句 ] : SHOW COLUMNS FROM `blog_ariticle_category`
ERR: Think\Model:category1方法不存在！

[ 2017-03-25T20:59:03+08:00 ] ::1 /blog/
INFO: [ app_begin ] --START--
INFO: Run Behavior\ReadHtmlCache [ RunTime:0.002918s ]
INFO: [ app_begin ] --END-- [ RunTime:0.004304s ]
NOTIC: [8192] mysql_connect(): The mysql extension is deprecated and will be removed in the future: use mysqli or PDO instead C:\wamp64\www\blog\ThinkPHP\Library\Think\Db\Driver\Mysql.class.php 第 52 行.
SQL: SHOW COLUMNS FROM `blog_ariticle_category` [ RunTime:0.000818s ]
ERR: 1146:Table 'myblog.blog_ariticle_category' doesn't exist
 [ SQL语句 ] : SHOW COLUMNS FROM `blog_ariticle_category`
ERR: Think\Model:category1方法不存在！

[ 2017-03-25T20:59:04+08:00 ] ::1 /blog/
INFO: [ app_begin ] --START--
INFO: Run Behavior\ReadHtmlCache [ RunTime:0.001291s ]
INFO: [ app_begin ] --END-- [ RunTime:0.001807s ]
NOTIC: [8192] mysql_connect(): The mysql extension is deprecated and will be removed in the future: use mysqli or PDO instead C:\wamp64\www\blog\ThinkPHP\Library\Think\Db\Driver\Mysql.class.php 第 52 行.
SQL: SHOW COLUMNS FROM `blog_ariticle_category` [ RunTime:0.000700s ]
ERR: 1146:Table 'myblog.blog_ariticle_category' doesn't exist
 [ SQL语句 ] : SHOW COLUMNS FROM `blog_ariticle_category`
ERR: Think\Model:category1方法不存在！

[ 2017-03-25T20:59:04+08:00 ] ::1 /blog/
INFO: [ app_begin ] --START--
INFO: Run Behavior\ReadHtmlCache [ RunTime:0.001856s ]
INFO: [ app_begin ] --END-- [ RunTime:0.002644s ]
NOTIC: [8192] mysql_connect(): The mysql extension is deprecated and will be removed in the future: use mysqli or PDO instead C:\wamp64\www\blog\ThinkPHP\Library\Think\Db\Driver\Mysql.class.php 第 52 行.
SQL: SHOW COLUMNS FROM `blog_ariticle_category` [ RunTime:0.000954s ]
ERR: 1146:Table 'myblog.blog_ariticle_category' doesn't exist
 [ SQL语句 ] : SHOW COLUMNS FROM `blog_ariticle_category`
ERR: Think\Model:category1方法不存在！

[ 2017-03-25T20:59:04+08:00 ] ::1 /blog/
INFO: [ app_begin ] --START--
INFO: Run Behavior\ReadHtmlCache [ RunTime:0.001144s ]
INFO: [ app_begin ] --END-- [ RunTime:0.001684s ]
NOTIC: [8192] mysql_connect(): The mysql extension is deprecated and will be removed in the future: use mysqli or PDO instead C:\wamp64\www\blog\ThinkPHP\Library\Think\Db\Driver\Mysql.class.php 第 52 行.
SQL: SHOW COLUMNS FROM `blog_ariticle_category` [ RunTime:0.000773s ]
ERR: 1146:Table 'myblog.blog_ariticle_category' doesn't exist
 [ SQL语句 ] : SHOW COLUMNS FROM `blog_ariticle_category`
ERR: Think\Model:category1方法不存在！

[ 2017-03-25T20:59:04+08:00 ] ::1 /blog/
INFO: [ app_begin ] --START--
INFO: Run Behavior\ReadHtmlCache [ RunTime:0.001742s ]
INFO: [ app_begin ] --END-- [ RunTime:0.002546s ]
NOTIC: [8192] mysql_connect(): The mysql extension is deprecated and will be removed in the future: use mysqli or PDO instead C:\wamp64\www\blog\ThinkPHP\Library\Think\Db\Driver\Mysql.class.php 第 52 行.
SQL: SHOW COLUMNS FROM `blog_ariticle_category` [ RunTime:0.000742s ]
ERR: 1146:Table 'myblog.blog_ariticle_category' doesn't exist
 [ SQL语句 ] : SHOW COLUMNS FROM `blog_ariticle_category`
ERR: Think\Model:category1方法不存在！

[ 2017-03-25T20:59:05+08:00 ] ::1 /blog/
INFO: [ app_begin ] --START--
INFO: Run Behavior\ReadHtmlCache [ RunTime:0.001169s ]
INFO: [ app_begin ] --END-- [ RunTime:0.001738s ]
NOTIC: [8192] mysql_connect(): The mysql extension is deprecated and will be removed in the future: use mysqli or PDO instead C:\wamp64\www\blog\ThinkPHP\Library\Think\Db\Driver\Mysql.class.php 第 52 行.
SQL: SHOW COLUMNS FROM `blog_ariticle_category` [ RunTime:0.000761s ]
ERR: 1146:Table 'myblog.blog_ariticle_category' doesn't exist
 [ SQL语句 ] : SHOW COLUMNS FROM `blog_ariticle_category`
ERR: Think\Model:category1方法不存在！

[ 2017-03-25T20:59:05+08:00 ] ::1 /blog/
INFO: [ app_begin ] --START--
INFO: Run Behavior\ReadHtmlCache [ RunTime:0.001141s ]
INFO: [ app_begin ] --END-- [ RunTime:0.001649s ]
NOTIC: [8192] mysql_connect(): The mysql extension is deprecated and will be removed in the future: use mysqli or PDO instead C:\wamp64\www\blog\ThinkPHP\Library\Think\Db\Driver\Mysql.class.php 第 52 行.
SQL: SHOW COLUMNS FROM `blog_ariticle_category` [ RunTime:0.000706s ]
ERR: 1146:Table 'myblog.blog_ariticle_category' doesn't exist
 [ SQL语句 ] : SHOW COLUMNS FROM `blog_ariticle_category`
ERR: Think\Model:category1方法不存在！

[ 2017-03-25T20:59:48+08:00 ] ::1 /blog/
INFO: [ app_begin ] --START--
INFO: Run Behavior\ReadHtmlCache [ RunTime:0.001206s ]
INFO: [ app_begin ] --END-- [ RunTime:0.001789s ]
NOTIC: [8192] mysql_connect(): The mysql extension is deprecated and will be removed in the future: use mysqli or PDO instead C:\wamp64\www\blog\ThinkPHP\Library\Think\Db\Driver\Mysql.class.php 第 52 行.
SQL: SHOW COLUMNS FROM `blog_ariticle_category` [ RunTime:0.000824s ]
ERR: 1146:Table 'myblog.blog_ariticle_category' doesn't exist
 [ SQL语句 ] : SHOW COLUMNS FROM `blog_ariticle_category`
ERR: Think\Model:category1方法不存在！

[ 2017-03-25T20:59:48+08:00 ] ::1 /blog/
INFO: [ app_begin ] --START--
INFO: Run Behavior\ReadHtmlCache [ RunTime:0.001172s ]
INFO: [ app_begin ] --END-- [ RunTime:0.001729s ]
NOTIC: [8192] mysql_connect(): The mysql extension is deprecated and will be removed in the future: use mysqli or PDO instead C:\wamp64\www\blog\ThinkPHP\Library\Think\Db\Driver\Mysql.class.php 第 52 行.
SQL: SHOW COLUMNS FROM `blog_ariticle_category` [ RunTime:0.001092s ]
ERR: 1146:Table 'myblog.blog_ariticle_category' doesn't exist
 [ SQL语句 ] : SHOW COLUMNS FROM `blog_ariticle_category`
ERR: Think\Model:category1方法不存在！

[ 2017-03-25T20:59:49+08:00 ] ::1 /blog/
INFO: [ app_begin ] --START--
INFO: Run Behavior\ReadHtmlCache [ RunTime:0.001540s ]
INFO: [ app_begin ] --END-- [ RunTime:0.002076s ]
NOTIC: [8192] mysql_connect(): The mysql extension is deprecated and will be removed in the future: use mysqli or PDO instead C:\wamp64\www\blog\ThinkPHP\Library\Think\Db\Driver\Mysql.class.php 第 52 行.
SQL: SHOW COLUMNS FROM `blog_ariticle_category` [ RunTime:0.000646s ]
ERR: 1146:Table 'myblog.blog_ariticle_category' doesn't exist
 [ SQL语句 ] : SHOW COLUMNS FROM `blog_ariticle_category`
ERR: Think\Model:category1方法不存在！

[ 2017-03-25T20:59:49+08:00 ] ::1 /blog/
INFO: [ app_begin ] --START--
INFO: Run Behavior\ReadHtmlCache [ RunTime:0.001179s ]
INFO: [ app_begin ] --END-- [ RunTime:0.001713s ]
NOTIC: [8192] mysql_connect(): The mysql extension is deprecated and will be removed in the future: use mysqli or PDO instead C:\wamp64\www\blog\ThinkPHP\Library\Think\Db\Driver\Mysql.class.php 第 52 行.
SQL: SHOW COLUMNS FROM `blog_ariticle_category` [ RunTime:0.000721s ]
ERR: 1146:Table 'myblog.blog_ariticle_category' doesn't exist
 [ SQL语句 ] : SHOW COLUMNS FROM `blog_ariticle_category`
ERR: Think\Model:category1方法不存在！

[ 2017-03-25T20:59:49+08:00 ] ::1 /blog/
INFO: [ app_begin ] --START--
INFO: Run Behavior\ReadHtmlCache [ RunTime:0.001308s ]
INFO: [ app_begin ] --END-- [ RunTime:0.001883s ]
NOTIC: [8192] mysql_connect(): The mysql extension is deprecated and will be removed in the future: use mysqli or PDO instead C:\wamp64\www\blog\ThinkPHP\Library\Think\Db\Driver\Mysql.class.php 第 52 行.
SQL: SHOW COLUMNS FROM `blog_ariticle_category` [ RunTime:0.000639s ]
ERR: 1146:Table 'myblog.blog_ariticle_category' doesn't exist
 [ SQL语句 ] : SHOW COLUMNS FROM `blog_ariticle_category`
ERR: Think\Model:category1方法不存在！

[ 2017-03-25T20:59:49+08:00 ] ::1 /blog/
INFO: [ app_begin ] --START--
INFO: Run Behavior\ReadHtmlCache [ RunTime:0.001145s ]
INFO: [ app_begin ] --END-- [ RunTime:0.001660s ]
NOTIC: [8192] mysql_connect(): The mysql extension is deprecated and will be removed in the future: use mysqli or PDO instead C:\wamp64\www\blog\ThinkPHP\Library\Think\Db\Driver\Mysql.class.php 第 52 行.
SQL: SHOW COLUMNS FROM `blog_ariticle_category` [ RunTime:0.000717s ]
ERR: 1146:Table 'myblog.blog_ariticle_category' doesn't exist
 [ SQL语句 ] : SHOW COLUMNS FROM `blog_ariticle_category`
ERR: Think\Model:category1方法不存在！

[ 2017-03-25T20:59:50+08:00 ] ::1 /blog/
INFO: [ app_begin ] --START--
INFO: Run Behavior\ReadHtmlCache [ RunTime:0.001294s ]
INFO: [ app_begin ] --END-- [ RunTime:0.001871s ]
NOTIC: [8192] mysql_connect(): The mysql extension is deprecated and will be removed in the future: use mysqli or PDO instead C:\wamp64\www\blog\ThinkPHP\Library\Think\Db\Driver\Mysql.class.php 第 52 行.
SQL: SHOW COLUMNS FROM `blog_ariticle_category` [ RunTime:0.000679s ]
ERR: 1146:Table 'myblog.blog_ariticle_category' doesn't exist
 [ SQL语句 ] : SHOW COLUMNS FROM `blog_ariticle_category`
ERR: Think\Model:category1方法不存在！

[ 2017-03-25T20:59:50+08:00 ] ::1 /blog/
INFO: [ app_begin ] --START--
INFO: Run Behavior\ReadHtmlCache [ RunTime:0.001232s ]
INFO: [ app_begin ] --END-- [ RunTime:0.001781s ]
NOTIC: [8192] mysql_connect(): The mysql extension is deprecated and will be removed in the future: use mysqli or PDO instead C:\wamp64\www\blog\ThinkPHP\Library\Think\Db\Driver\Mysql.class.php 第 52 行.
SQL: SHOW COLUMNS FROM `blog_ariticle_category` [ RunTime:0.000747s ]
ERR: 1146:Table 'myblog.blog_ariticle_category' doesn't exist
 [ SQL语句 ] : SHOW COLUMNS FROM `blog_ariticle_category`
ERR: Think\Model:category1方法不存在！

[ 2017-03-25T20:59:50+08:00 ] ::1 /blog/
INFO: [ app_begin ] --START--
INFO: Run Behavior\ReadHtmlCache [ RunTime:0.001240s ]
INFO: [ app_begin ] --END-- [ RunTime:0.001791s ]
NOTIC: [8192] mysql_connect(): The mysql extension is deprecated and will be removed in the future: use mysqli or PDO instead C:\wamp64\www\blog\ThinkPHP\Library\Think\Db\Driver\Mysql.class.php 第 52 行.
SQL: SHOW COLUMNS FROM `blog_ariticle_category` [ RunTime:0.000699s ]
ERR: 1146:Table 'myblog.blog_ariticle_category' doesn't exist
 [ SQL语句 ] : SHOW COLUMNS FROM `blog_ariticle_category`
ERR: Think\Model:category1方法不存在！

[ 2017-03-25T20:59:50+08:00 ] ::1 /blog/
INFO: [ app_begin ] --START--
INFO: Run Behavior\ReadHtmlCache [ RunTime:0.001150s ]
INFO: [ app_begin ] --END-- [ RunTime:0.001679s ]
NOTIC: [8192] mysql_connect(): The mysql extension is deprecated and will be removed in the future: use mysqli or PDO instead C:\wamp64\www\blog\ThinkPHP\Library\Think\Db\Driver\Mysql.class.php 第 52 行.
SQL: SHOW COLUMNS FROM `blog_ariticle_category` [ RunTime:0.000681s ]
ERR: 1146:Table 'myblog.blog_ariticle_category' doesn't exist
 [ SQL语句 ] : SHOW COLUMNS FROM `blog_ariticle_category`
ERR: Think\Model:category1方法不存在！

[ 2017-03-25T20:59:51+08:00 ] ::1 /blog/
INFO: [ app_begin ] --START--
INFO: Run Behavior\ReadHtmlCache [ RunTime:0.001180s ]
INFO: [ app_begin ] --END-- [ RunTime:0.001706s ]
NOTIC: [8192] mysql_connect(): The mysql extension is deprecated and will be removed in the future: use mysqli or PDO instead C:\wamp64\www\blog\ThinkPHP\Library\Think\Db\Driver\Mysql.class.php 第 52 行.
SQL: SHOW COLUMNS FROM `blog_ariticle_category` [ RunTime:0.000644s ]
ERR: 1146:Table 'myblog.blog_ariticle_category' doesn't exist
 [ SQL语句 ] : SHOW COLUMNS FROM `blog_ariticle_category`
ERR: Think\Model:category1方法不存在！

[ 2017-03-25T21:00:38+08:00 ] ::1 /blog/
INFO: [ app_begin ] --START--
INFO: Run Behavior\ReadHtmlCache [ RunTime:0.001158s ]
INFO: [ app_begin ] --END-- [ RunTime:0.001688s ]
NOTIC: [8192] mysql_connect(): The mysql extension is deprecated and will be removed in the future: use mysqli or PDO instead C:\wamp64\www\blog\ThinkPHP\Library\Think\Db\Driver\Mysql.class.php 第 52 行.
SQL: SHOW COLUMNS FROM `blog_article_category` [ RunTime:0.002816s ]
SQL: SHOW COLUMNS FROM `blog_ariticle_category_model` [ RunTime:0.000764s ]
ERR: 1146:Table 'myblog.blog_ariticle_category_model' doesn't exist
 [ SQL语句 ] : SHOW COLUMNS FROM `blog_ariticle_category_model`
SQL: SELECT * FROM `blog_ariticle_category_model` WHERE ( `status` = 1 )  [ RunTime:0.000478s ]
ERR: 1146:Table 'myblog.blog_ariticle_category_model' doesn't exist
 [ SQL语句 ] : SELECT * FROM `blog_ariticle_category_model` WHERE ( `status` = 1 ) 
INFO: [ view_parse ] --START--
INFO: [ template_filter ] --START--
INFO: Run Behavior\ContentReplace [ RunTime:0.000093s ]
INFO: [ template_filter ] --END-- [ RunTime:0.000255s ]
INFO: Run Behavior\ParseTemplate [ RunTime:0.011640s ]
INFO: [ view_parse ] --END-- [ RunTime:0.011792s ]
INFO: [ view_filter ] --START--
INFO: Run Behavior\WriteHtmlCache [ RunTime:0.000985s ]
INFO: [ view_filter ] --END-- [ RunTime:0.001115s ]
INFO: [ app_end ] --START--
INFO: Run Behavior\ShowPageTrace [ RunTime:0.001050s ]
INFO: [ app_end ] --END-- [ RunTime:0.001198s ]

[ 2017-03-25T21:00:42+08:00 ] ::1 /blog/
INFO: [ app_begin ] --START--
INFO: Run Behavior\ReadHtmlCache [ RunTime:0.001019s ]
INFO: [ app_begin ] --END-- [ RunTime:0.001614s ]
NOTIC: [8192] mysql_connect(): The mysql extension is deprecated and will be removed in the future: use mysqli or PDO instead C:\wamp64\www\blog\ThinkPHP\Library\Think\Db\Driver\Mysql.class.php 第 52 行.
SQL: SHOW COLUMNS FROM `blog_article_category` [ RunTime:0.000636s ]
SQL: SHOW COLUMNS FROM `blog_ariticle_category_model` [ RunTime:0.000641s ]
ERR: 1146:Table 'myblog.blog_ariticle_category_model' doesn't exist
 [ SQL语句 ] : SHOW COLUMNS FROM `blog_ariticle_category_model`
SQL: SELECT * FROM `blog_ariticle_category_model` WHERE ( `status` = 1 )  [ RunTime:0.000471s ]
ERR: 1146:Table 'myblog.blog_ariticle_category_model' doesn't exist
 [ SQL语句 ] : SELECT * FROM `blog_ariticle_category_model` WHERE ( `status` = 1 ) 
INFO: [ view_parse ] --START--
INFO: [ template_filter ] --START--
INFO: Run Behavior\ContentReplace [ RunTime:0.000084s ]
INFO: [ template_filter ] --END-- [ RunTime:0.000237s ]
INFO: Run Behavior\ParseTemplate [ RunTime:0.010426s ]
INFO: [ view_parse ] --END-- [ RunTime:0.010569s ]
INFO: [ view_filter ] --START--
INFO: Run Behavior\WriteHtmlCache [ RunTime:0.000778s ]
INFO: [ view_filter ] --END-- [ RunTime:0.000905s ]
INFO: [ app_end ] --START--
INFO: Run Behavior\ShowPageTrace [ RunTime:0.000961s ]
INFO: [ app_end ] --END-- [ RunTime:0.001141s ]

[ 2017-03-25T21:01:20+08:00 ] ::1 /blog/
INFO: [ app_begin ] --START--
INFO: Run Behavior\ReadHtmlCache [ RunTime:0.001101s ]
INFO: [ app_begin ] --END-- [ RunTime:0.001803s ]
NOTIC: [8192] mysql_connect(): The mysql extension is deprecated and will be removed in the future: use mysqli or PDO instead C:\wamp64\www\blog\ThinkPHP\Library\Think\Db\Driver\Mysql.class.php 第 52 行.
SQL: SHOW COLUMNS FROM `blog_article_category` [ RunTime:0.002517s ]
SQL: SHOW COLUMNS FROM `blog_ariticle_category_model` [ RunTime:0.000636s ]
ERR: 1146:Table 'myblog.blog_ariticle_category_model' doesn't exist
 [ SQL语句 ] : SHOW COLUMNS FROM `blog_ariticle_category_model`
SQL: SELECT * FROM `blog_ariticle_category_model` WHERE ( `status` = 1 )  [ RunTime:0.000454s ]
ERR: 1146:Table 'myblog.blog_ariticle_category_model' doesn't exist
 [ SQL语句 ] : SELECT * FROM `blog_ariticle_category_model` WHERE ( `status` = 1 ) 
INFO: [ view_parse ] --START--
INFO: [ template_filter ] --START--
INFO: Run Behavior\ContentReplace [ RunTime:0.000084s ]
INFO: [ template_filter ] --END-- [ RunTime:0.000225s ]
INFO: Run Behavior\ParseTemplate [ RunTime:0.010412s ]
INFO: [ view_parse ] --END-- [ RunTime:0.010567s ]
INFO: [ view_filter ] --START--
INFO: Run Behavior\WriteHtmlCache [ RunTime:0.000780s ]
INFO: [ view_filter ] --END-- [ RunTime:0.000915s ]
INFO: [ app_end ] --START--
INFO: Run Behavior\ShowPageTrace [ RunTime:0.000980s ]
INFO: [ app_end ] --END-- [ RunTime:0.001125s ]

[ 2017-03-25T21:06:19+08:00 ] ::1 /blog/
INFO: [ app_begin ] --START--
INFO: Run Behavior\ReadHtmlCache [ RunTime:0.001115s ]
INFO: [ app_begin ] --END-- [ RunTime:0.001704s ]
NOTIC: [8192] mysql_connect(): The mysql extension is deprecated and will be removed in the future: use mysqli or PDO instead C:\wamp64\www\blog\ThinkPHP\Library\Think\Db\Driver\Mysql.class.php 第 52 行.
SQL: SHOW COLUMNS FROM `blog_article_category` [ RunTime:0.002806s ]
SQL: SHOW COLUMNS FROM `blog_article_category_model` [ RunTime:0.000831s ]
ERR: 1146:Table 'myblog.blog_article_category_model' doesn't exist
 [ SQL语句 ] : SHOW COLUMNS FROM `blog_article_category_model`
SQL: SELECT * FROM `blog_article_category_model` WHERE ( `status` = 1 )  [ RunTime:0.000482s ]
ERR: 1146:Table 'myblog.blog_article_category_model' doesn't exist
 [ SQL语句 ] : SELECT * FROM `blog_article_category_model` WHERE ( `status` = 1 ) 
INFO: [ view_parse ] --START--
INFO: [ template_filter ] --START--
INFO: Run Behavior\ContentReplace [ RunTime:0.000090s ]
INFO: [ template_filter ] --END-- [ RunTime:0.000245s ]
INFO: Run Behavior\ParseTemplate [ RunTime:0.011691s ]
INFO: [ view_parse ] --END-- [ RunTime:0.011877s ]
INFO: [ view_filter ] --START--
INFO: Run Behavior\WriteHtmlCache [ RunTime:0.000896s ]
INFO: [ view_filter ] --END-- [ RunTime:0.001090s ]
INFO: [ app_end ] --START--
INFO: Run Behavior\ShowPageTrace [ RunTime:0.001496s ]
INFO: [ app_end ] --END-- [ RunTime:0.001762s ]

[ 2017-03-25T21:06:20+08:00 ] ::1 /blog/
INFO: [ app_begin ] --START--
INFO: Run Behavior\ReadHtmlCache [ RunTime:0.001247s ]
INFO: [ app_begin ] --END-- [ RunTime:0.001821s ]
NOTIC: [8192] mysql_connect(): The mysql extension is deprecated and will be removed in the future: use mysqli or PDO instead C:\wamp64\www\blog\ThinkPHP\Library\Think\Db\Driver\Mysql.class.php 第 52 行.
SQL: SHOW COLUMNS FROM `blog_article_category` [ RunTime:0.003415s ]
SQL: SHOW COLUMNS FROM `blog_article_category_model` [ RunTime:0.000647s ]
ERR: 1146:Table 'myblog.blog_article_category_model' doesn't exist
 [ SQL语句 ] : SHOW COLUMNS FROM `blog_article_category_model`
SQL: SELECT * FROM `blog_article_category_model` WHERE ( `status` = 1 )  [ RunTime:0.000478s ]
ERR: 1146:Table 'myblog.blog_article_category_model' doesn't exist
 [ SQL语句 ] : SELECT * FROM `blog_article_category_model` WHERE ( `status` = 1 ) 
INFO: [ view_parse ] --START--
INFO: [ template_filter ] --START--
INFO: Run Behavior\ContentReplace [ RunTime:0.000187s ]
INFO: [ template_filter ] --END-- [ RunTime:0.000416s ]
INFO: Run Behavior\ParseTemplate [ RunTime:0.019453s ]
INFO: [ view_parse ] --END-- [ RunTime:0.019714s ]
INFO: [ view_filter ] --START--
INFO: Run Behavior\WriteHtmlCache [ RunTime:0.001459s ]
INFO: [ view_filter ] --END-- [ RunTime:0.001669s ]
INFO: [ app_end ] --START--
INFO: Run Behavior\ShowPageTrace [ RunTime:0.001811s ]
INFO: [ app_end ] --END-- [ RunTime:0.002056s ]

[ 2017-03-25T21:06:21+08:00 ] ::1 /blog/
INFO: [ app_begin ] --START--
INFO: Run Behavior\ReadHtmlCache [ RunTime:0.001716s ]
INFO: [ app_begin ] --END-- [ RunTime:0.002483s ]
NOTIC: [8192] mysql_connect(): The mysql extension is deprecated and will be removed in the future: use mysqli or PDO instead C:\wamp64\www\blog\ThinkPHP\Library\Think\Db\Driver\Mysql.class.php 第 52 行.
SQL: SHOW COLUMNS FROM `blog_article_category` [ RunTime:0.002507s ]
SQL: SHOW COLUMNS FROM `blog_article_category_model` [ RunTime:0.000590s ]
ERR: 1146:Table 'myblog.blog_article_category_model' doesn't exist
 [ SQL语句 ] : SHOW COLUMNS FROM `blog_article_category_model`
SQL: SELECT * FROM `blog_article_category_model` WHERE ( `status` = 1 )  [ RunTime:0.000412s ]
ERR: 1146:Table 'myblog.blog_article_category_model' doesn't exist
 [ SQL语句 ] : SELECT * FROM `blog_article_category_model` WHERE ( `status` = 1 ) 
INFO: [ view_parse ] --START--
INFO: [ template_filter ] --START--
INFO: Run Behavior\ContentReplace [ RunTime:0.000078s ]
INFO: [ template_filter ] --END-- [ RunTime:0.000215s ]
INFO: Run Behavior\ParseTemplate [ RunTime:0.012445s ]
INFO: [ view_parse ] --END-- [ RunTime:0.012632s ]
INFO: [ view_filter ] --START--
INFO: Run Behavior\WriteHtmlCache [ RunTime:0.001324s ]
INFO: [ view_filter ] --END-- [ RunTime:0.001536s ]
INFO: [ app_end ] --START--
INFO: Run Behavior\ShowPageTrace [ RunTime:0.001510s ]
INFO: [ app_end ] --END-- [ RunTime:0.001706s ]

[ 2017-03-25T21:10:12+08:00 ] ::1 /blog/
INFO: [ app_begin ] --START--
INFO: Run Behavior\ReadHtmlCache [ RunTime:0.000942s ]
INFO: [ app_begin ] --END-- [ RunTime:0.001476s ]
NOTIC: [8192] mysql_connect(): The mysql extension is deprecated and will be removed in the future: use mysqli or PDO instead C:\wamp64\www\blog\ThinkPHP\Library\Think\Db\Driver\Mysql.class.php 第 52 行.
SQL: SHOW COLUMNS FROM `blog_article_category` [ RunTime:0.000874s ]
SQL: SHOW COLUMNS FROM `blog_article_category_model` [ RunTime:0.000810s ]
ERR: 1146:Table 'myblog.blog_article_category_model' doesn't exist
 [ SQL语句 ] : SHOW COLUMNS FROM `blog_article_category_model`
SQL: SELECT * FROM `blog_article_category_model` WHERE ( `status` = 1 )  [ RunTime:0.000513s ]
ERR: 1146:Table 'myblog.blog_article_category_model' doesn't exist
 [ SQL语句 ] : SELECT * FROM `blog_article_category_model` WHERE ( `status` = 1 ) 
INFO: [ view_parse ] --START--
INFO: [ template_filter ] --START--
INFO: Run Behavior\ContentReplace [ RunTime:0.000140s ]
INFO: [ template_filter ] --END-- [ RunTime:0.000358s ]
INFO: Run Behavior\ParseTemplate [ RunTime:0.012326s ]
INFO: [ view_parse ] --END-- [ RunTime:0.012494s ]
INFO: [ view_filter ] --START--
INFO: Run Behavior\WriteHtmlCache [ RunTime:0.000772s ]
INFO: [ view_filter ] --END-- [ RunTime:0.000938s ]
INFO: [ app_end ] --START--
INFO: Run Behavior\ShowPageTrace [ RunTime:0.000831s ]
INFO: [ app_end ] --END-- [ RunTime:0.000969s ]

[ 2017-03-25T21:10:50+08:00 ] ::1 /blog/
INFO: [ app_begin ] --START--
INFO: Run Behavior\ReadHtmlCache [ RunTime:0.000978s ]
INFO: [ app_begin ] --END-- [ RunTime:0.001601s ]
NOTIC: [8192] mysql_connect(): The mysql extension is deprecated and will be removed in the future: use mysqli or PDO instead C:\wamp64\www\blog\ThinkPHP\Library\Think\Db\Driver\Mysql.class.php 第 52 行.
SQL: SHOW COLUMNS FROM `blog_article_category` [ RunTime:0.002585s ]
SQL: SHOW COLUMNS FROM `blog_article_category_model` [ RunTime:0.000697s ]
ERR: 1146:Table 'myblog.blog_article_category_model' doesn't exist
 [ SQL语句 ] : SHOW COLUMNS FROM `blog_article_category_model`
SQL: SELECT * FROM `blog_article_category_model` WHERE ( `status` = 1 )  [ RunTime:0.000439s ]
ERR: 1146:Table 'myblog.blog_article_category_model' doesn't exist
 [ SQL语句 ] : SELECT * FROM `blog_article_category_model` WHERE ( `status` = 1 ) 
INFO: [ view_parse ] --START--
INFO: [ template_filter ] --START--
INFO: Run Behavior\ContentReplace [ RunTime:0.000083s ]
INFO: [ template_filter ] --END-- [ RunTime:0.000219s ]
INFO: Run Behavior\ParseTemplate [ RunTime:0.010457s ]
INFO: [ view_parse ] --END-- [ RunTime:0.010599s ]
INFO: [ view_filter ] --START--
INFO: Run Behavior\WriteHtmlCache [ RunTime:0.000776s ]
INFO: [ view_filter ] --END-- [ RunTime:0.000902s ]
INFO: [ app_end ] --START--
INFO: Run Behavior\ShowPageTrace [ RunTime:0.001009s ]
INFO: [ app_end ] --END-- [ RunTime:0.001160s ]

[ 2017-03-25T21:10:50+08:00 ] ::1 /blog/
INFO: [ app_begin ] --START--
INFO: Run Behavior\ReadHtmlCache [ RunTime:0.001148s ]
INFO: [ app_begin ] --END-- [ RunTime:0.001696s ]
NOTIC: [8192] mysql_connect(): The mysql extension is deprecated and will be removed in the future: use mysqli or PDO instead C:\wamp64\www\blog\ThinkPHP\Library\Think\Db\Driver\Mysql.class.php 第 52 行.
SQL: SHOW COLUMNS FROM `blog_article_category` [ RunTime:0.003315s ]
SQL: SHOW COLUMNS FROM `blog_article_category_model` [ RunTime:0.000683s ]
ERR: 1146:Table 'myblog.blog_article_category_model' doesn't exist
 [ SQL语句 ] : SHOW COLUMNS FROM `blog_article_category_model`
SQL: SELECT * FROM `blog_article_category_model` WHERE ( `status` = 1 )  [ RunTime:0.000369s ]
ERR: 1146:Table 'myblog.blog_article_category_model' doesn't exist
 [ SQL语句 ] : SELECT * FROM `blog_article_category_model` WHERE ( `status` = 1 ) 
INFO: [ view_parse ] --START--
INFO: [ template_filter ] --START--
INFO: Run Behavior\ContentReplace [ RunTime:0.000081s ]
INFO: [ template_filter ] --END-- [ RunTime:0.000224s ]
INFO: Run Behavior\ParseTemplate [ RunTime:0.009830s ]
INFO: [ view_parse ] --END-- [ RunTime:0.009977s ]
INFO: [ view_filter ] --START--
INFO: Run Behavior\WriteHtmlCache [ RunTime:0.000774s ]
INFO: [ view_filter ] --END-- [ RunTime:0.000900s ]
INFO: [ app_end ] --START--
INFO: Run Behavior\ShowPageTrace [ RunTime:0.000933s ]
INFO: [ app_end ] --END-- [ RunTime:0.001071s ]

[ 2017-03-25T21:11:21+08:00 ] ::1 /blog/
INFO: [ app_begin ] --START--
INFO: Run Behavior\ReadHtmlCache [ RunTime:0.001002s ]
INFO: [ app_begin ] --END-- [ RunTime:0.001506s ]
NOTIC: [8192] mysql_connect(): The mysql extension is deprecated and will be removed in the future: use mysqli or PDO instead C:\wamp64\www\blog\ThinkPHP\Library\Think\Db\Driver\Mysql.class.php 第 52 行.
SQL: SHOW COLUMNS FROM `blog_article_category` [ RunTime:0.002396s ]
SQL: SHOW COLUMNS FROM `blog_article_category_model` [ RunTime:0.000697s ]
ERR: 1146:Table 'myblog.blog_article_category_model' doesn't exist
 [ SQL语句 ] : SHOW COLUMNS FROM `blog_article_category_model`
SQL: SELECT * FROM `blog_article_category_model` WHERE ( `status` = 1 )  [ RunTime:0.000473s ]
ERR: 1146:Table 'myblog.blog_article_category_model' doesn't exist
 [ SQL语句 ] : SELECT * FROM `blog_article_category_model` WHERE ( `status` = 1 ) 
INFO: [ view_parse ] --START--
INFO: [ template_filter ] --START--
INFO: Run Behavior\ContentReplace [ RunTime:0.000092s ]
INFO: [ template_filter ] --END-- [ RunTime:0.000235s ]
INFO: Run Behavior\ParseTemplate [ RunTime:0.011167s ]
INFO: [ view_parse ] --END-- [ RunTime:0.011426s ]
INFO: [ view_filter ] --START--
INFO: Run Behavior\WriteHtmlCache [ RunTime:0.000819s ]
INFO: [ view_filter ] --END-- [ RunTime:0.000997s ]
INFO: [ app_end ] --START--
INFO: Run Behavior\ShowPageTrace [ RunTime:0.001163s ]
INFO: [ app_end ] --END-- [ RunTime:0.001341s ]

[ 2017-03-25T21:11:22+08:00 ] ::1 /blog/
INFO: [ app_begin ] --START--
INFO: Run Behavior\ReadHtmlCache [ RunTime:0.002188s ]
INFO: [ app_begin ] --END-- [ RunTime:0.003455s ]
NOTIC: [8192] mysql_connect(): The mysql extension is deprecated and will be removed in the future: use mysqli or PDO instead C:\wamp64\www\blog\ThinkPHP\Library\Think\Db\Driver\Mysql.class.php 第 52 行.
SQL: SHOW COLUMNS FROM `blog_article_category` [ RunTime:0.000897s ]
SQL: SHOW COLUMNS FROM `blog_article_category_model` [ RunTime:0.000842s ]
ERR: 1146:Table 'myblog.blog_article_category_model' doesn't exist
 [ SQL语句 ] : SHOW COLUMNS FROM `blog_article_category_model`
SQL: SELECT * FROM `blog_article_category_model` WHERE ( `status` = 1 )  [ RunTime:0.000458s ]
ERR: 1146:Table 'myblog.blog_article_category_model' doesn't exist
 [ SQL语句 ] : SELECT * FROM `blog_article_category_model` WHERE ( `status` = 1 ) 
INFO: [ view_parse ] --START--
INFO: [ template_filter ] --START--
INFO: Run Behavior\ContentReplace [ RunTime:0.000131s ]
INFO: [ template_filter ] --END-- [ RunTime:0.000362s ]
INFO: Run Behavior\ParseTemplate [ RunTime:0.013151s ]
INFO: [ view_parse ] --END-- [ RunTime:0.013354s ]
INFO: [ view_filter ] --START--
INFO: Run Behavior\WriteHtmlCache [ RunTime:0.000815s ]
INFO: [ view_filter ] --END-- [ RunTime:0.000943s ]
INFO: [ app_end ] --START--
INFO: Run Behavior\ShowPageTrace [ RunTime:0.001094s ]
INFO: [ app_end ] --END-- [ RunTime:0.001279s ]

[ 2017-03-25T21:21:21+08:00 ] ::1 /blog/
INFO: [ app_begin ] --START--
INFO: Run Behavior\ReadHtmlCache [ RunTime:0.000962s ]
INFO: [ app_begin ] --END-- [ RunTime:0.001829s ]
NOTIC: [8192] mysql_connect(): The mysql extension is deprecated and will be removed in the future: use mysqli or PDO instead C:\wamp64\www\blog\ThinkPHP\Library\Think\Db\Driver\Mysql.class.php 第 52 行.
SQL: SHOW COLUMNS FROM `blog_article_category` [ RunTime:0.002745s ]
SQL: SHOW COLUMNS FROM `blog_article_category_model` [ RunTime:0.000708s ]
ERR: 1146:Table 'myblog.blog_article_category_model' doesn't exist
 [ SQL语句 ] : SHOW COLUMNS FROM `blog_article_category_model`
SQL: SELECT * FROM `blog_article_category_model` WHERE ( `status` = 1 )  [ RunTime:0.000459s ]
ERR: 1146:Table 'myblog.blog_article_category_model' doesn't exist
 [ SQL语句 ] : SELECT * FROM `blog_article_category_model` WHERE ( `status` = 1 ) 
INFO: [ view_parse ] --START--
INFO: [ template_filter ] --START--
INFO: Run Behavior\ContentReplace [ RunTime:0.000094s ]
INFO: [ template_filter ] --END-- [ RunTime:0.000238s ]
INFO: Run Behavior\ParseTemplate [ RunTime:0.011204s ]
INFO: [ view_parse ] --END-- [ RunTime:0.011376s ]
INFO: [ view_filter ] --START--
INFO: Run Behavior\WriteHtmlCache [ RunTime:0.000795s ]
INFO: [ view_filter ] --END-- [ RunTime:0.000941s ]
INFO: [ app_end ] --START--
INFO: Run Behavior\ShowPageTrace [ RunTime:0.000810s ]
INFO: [ app_end ] --END-- [ RunTime:0.000942s ]

[ 2017-03-25T21:21:23+08:00 ] ::1 /blog/
INFO: [ app_begin ] --START--
INFO: Run Behavior\ReadHtmlCache [ RunTime:0.000932s ]
INFO: [ app_begin ] --END-- [ RunTime:0.001472s ]
NOTIC: [8192] mysql_connect(): The mysql extension is deprecated and will be removed in the future: use mysqli or PDO instead C:\wamp64\www\blog\ThinkPHP\Library\Think\Db\Driver\Mysql.class.php 第 52 行.
SQL: SHOW COLUMNS FROM `blog_article_category` [ RunTime:0.002614s ]
SQL: SHOW COLUMNS FROM `blog_article_category_model` [ RunTime:0.000699s ]
ERR: 1146:Table 'myblog.blog_article_category_model' doesn't exist
 [ SQL语句 ] : SHOW COLUMNS FROM `blog_article_category_model`
SQL: SELECT * FROM `blog_article_category_model` WHERE ( `status` = 1 )  [ RunTime:0.000439s ]
ERR: 1146:Table 'myblog.blog_article_category_model' doesn't exist
 [ SQL语句 ] : SELECT * FROM `blog_article_category_model` WHERE ( `status` = 1 ) 
INFO: [ view_parse ] --START--
INFO: [ template_filter ] --START--
INFO: Run Behavior\ContentReplace [ RunTime:0.000087s ]
INFO: [ template_filter ] --END-- [ RunTime:0.000226s ]
INFO: Run Behavior\ParseTemplate [ RunTime:0.011095s ]
INFO: [ view_parse ] --END-- [ RunTime:0.011237s ]
INFO: [ view_filter ] --START--
INFO: Run Behavior\WriteHtmlCache [ RunTime:0.000841s ]
INFO: [ view_filter ] --END-- [ RunTime:0.000970s ]
INFO: [ app_end ] --START--
INFO: Run Behavior\ShowPageTrace [ RunTime:0.000756s ]
INFO: [ app_end ] --END-- [ RunTime:0.000896s ]

[ 2017-03-25T21:21:24+08:00 ] ::1 /blog/
INFO: [ app_begin ] --START--
INFO: Run Behavior\ReadHtmlCache [ RunTime:0.000939s ]
INFO: [ app_begin ] --END-- [ RunTime:0.001458s ]
NOTIC: [8192] mysql_connect(): The mysql extension is deprecated and will be removed in the future: use mysqli or PDO instead C:\wamp64\www\blog\ThinkPHP\Library\Think\Db\Driver\Mysql.class.php 第 52 行.
SQL: SHOW COLUMNS FROM `blog_article_category` [ RunTime:0.002423s ]
SQL: SHOW COLUMNS FROM `blog_article_category_model` [ RunTime:0.000668s ]
ERR: 1146:Table 'myblog.blog_article_category_model' doesn't exist
 [ SQL语句 ] : SHOW COLUMNS FROM `blog_article_category_model`
SQL: SELECT * FROM `blog_article_category_model` WHERE ( `status` = 1 )  [ RunTime:0.000457s ]
ERR: 1146:Table 'myblog.blog_article_category_model' doesn't exist
 [ SQL语句 ] : SELECT * FROM `blog_article_category_model` WHERE ( `status` = 1 ) 
INFO: [ view_parse ] --START--
INFO: [ template_filter ] --START--
INFO: Run Behavior\ContentReplace [ RunTime:0.000086s ]
INFO: [ template_filter ] --END-- [ RunTime:0.000263s ]
INFO: Run Behavior\ParseTemplate [ RunTime:0.011020s ]
INFO: [ view_parse ] --END-- [ RunTime:0.011164s ]
INFO: [ view_filter ] --START--
INFO: Run Behavior\WriteHtmlCache [ RunTime:0.000771s ]
INFO: [ view_filter ] --END-- [ RunTime:0.000899s ]
INFO: [ app_end ] --START--
INFO: Run Behavior\ShowPageTrace [ RunTime:0.000725s ]
INFO: [ app_end ] --END-- [ RunTime:0.000866s ]

[ 2017-03-25T21:22:48+08:00 ] ::1 /blog/
INFO: [ app_begin ] --START--
INFO: Run Behavior\ReadHtmlCache [ RunTime:0.000965s ]
INFO: [ app_begin ] --END-- [ RunTime:0.001494s ]
NOTIC: [8192] mysql_connect(): The mysql extension is deprecated and will be removed in the future: use mysqli or PDO instead C:\wamp64\www\blog\ThinkPHP\Library\Think\Db\Driver\Mysql.class.php 第 52 行.
SQL: SHOW COLUMNS FROM `blog_article_category` [ RunTime:0.000797s ]
SQL: SHOW COLUMNS FROM `blog_article_category_model` [ RunTime:0.000689s ]
ERR: 1146:Table 'myblog.blog_article_category_model' doesn't exist
 [ SQL语句 ] : SHOW COLUMNS FROM `blog_article_category_model`
SQL: SELECT * FROM `blog_article_category_model` WHERE ( `status` = 1 )  [ RunTime:0.000462s ]
ERR: 1146:Table 'myblog.blog_article_category_model' doesn't exist
 [ SQL语句 ] : SELECT * FROM `blog_article_category_model` WHERE ( `status` = 1 ) 
INFO: [ view_parse ] --START--
INFO: [ template_filter ] --START--
INFO: Run Behavior\ContentReplace [ RunTime:0.000092s ]
INFO: [ template_filter ] --END-- [ RunTime:0.000236s ]
INFO: Run Behavior\ParseTemplate [ RunTime:0.011304s ]
INFO: [ view_parse ] --END-- [ RunTime:0.011500s ]
INFO: [ view_filter ] --START--
INFO: Run Behavior\WriteHtmlCache [ RunTime:0.000844s ]
INFO: [ view_filter ] --END-- [ RunTime:0.000973s ]
INFO: [ app_end ] --START--
INFO: Run Behavior\ShowPageTrace [ RunTime:0.000962s ]
INFO: [ app_end ] --END-- [ RunTime:0.001106s ]

[ 2017-03-25T21:22:49+08:00 ] ::1 /blog/
INFO: [ app_begin ] --START--
INFO: Run Behavior\ReadHtmlCache [ RunTime:0.001306s ]
INFO: [ app_begin ] --END-- [ RunTime:0.002036s ]
NOTIC: [8192] mysql_connect(): The mysql extension is deprecated and will be removed in the future: use mysqli or PDO instead C:\wamp64\www\blog\ThinkPHP\Library\Think\Db\Driver\Mysql.class.php 第 52 行.
SQL: SHOW COLUMNS FROM `blog_article_category` [ RunTime:0.002566s ]
SQL: SHOW COLUMNS FROM `blog_article_category_model` [ RunTime:0.000897s ]
ERR: 1146:Table 'myblog.blog_article_category_model' doesn't exist
 [ SQL语句 ] : SHOW COLUMNS FROM `blog_article_category_model`
SQL: SELECT * FROM `blog_article_category_model` WHERE ( `status` = 1 )  [ RunTime:0.000399s ]
ERR: 1146:Table 'myblog.blog_article_category_model' doesn't exist
 [ SQL语句 ] : SELECT * FROM `blog_article_category_model` WHERE ( `status` = 1 ) 
INFO: [ view_parse ] --START--
INFO: [ template_filter ] --START--
INFO: Run Behavior\ContentReplace [ RunTime:0.000143s ]
INFO: [ template_filter ] --END-- [ RunTime:0.000386s ]
INFO: Run Behavior\ParseTemplate [ RunTime:0.012599s ]
INFO: [ view_parse ] --END-- [ RunTime:0.012787s ]
INFO: [ view_filter ] --START--
INFO: Run Behavior\WriteHtmlCache [ RunTime:0.001378s ]
INFO: [ view_filter ] --END-- [ RunTime:0.001569s ]
INFO: [ app_end ] --START--
INFO: Run Behavior\ShowPageTrace [ RunTime:0.001369s ]
INFO: [ app_end ] --END-- [ RunTime:0.001573s ]

[ 2017-03-25T21:27:18+08:00 ] ::1 /blog/
INFO: [ app_begin ] --START--
INFO: Run Behavior\ReadHtmlCache [ RunTime:0.001153s ]
INFO: [ app_begin ] --END-- [ RunTime:0.001693s ]
NOTIC: [8192] mysql_connect(): The mysql extension is deprecated and will be removed in the future: use mysqli or PDO instead C:\wamp64\www\blog\ThinkPHP\Library\Think\Db\Driver\Mysql.class.php 第 52 行.
SQL: SHOW COLUMNS FROM `blog_article_category` [ RunTime:0.000731s ]
SQL: SHOW COLUMNS FROM `blog_article_category_model` [ RunTime:0.000713s ]
ERR: 1146:Table 'myblog.blog_article_category_model' doesn't exist
 [ SQL语句 ] : SHOW COLUMNS FROM `blog_article_category_model`
SQL: SELECT * FROM `blog_article_category_model` WHERE ( `status` = 1 )  [ RunTime:0.000470s ]
ERR: 1146:Table 'myblog.blog_article_category_model' doesn't exist
 [ SQL语句 ] : SELECT * FROM `blog_article_category_model` WHERE ( `status` = 1 ) 
INFO: [ view_parse ] --START--
INFO: [ template_filter ] --START--
INFO: Run Behavior\ContentReplace [ RunTime:0.000084s ]
INFO: [ template_filter ] --END-- [ RunTime:0.000226s ]
INFO: Run Behavior\ParseTemplate [ RunTime:0.011936s ]
INFO: [ view_parse ] --END-- [ RunTime:0.012081s ]
INFO: [ view_filter ] --START--
INFO: Run Behavior\WriteHtmlCache [ RunTime:0.000977s ]
INFO: [ view_filter ] --END-- [ RunTime:0.001104s ]
INFO: [ app_end ] --START--
INFO: Run Behavior\ShowPageTrace [ RunTime:0.001149s ]
INFO: [ app_end ] --END-- [ RunTime:0.001293s ]

[ 2017-03-25T21:27:19+08:00 ] ::1 /blog/
INFO: [ app_begin ] --START--
INFO: Run Behavior\ReadHtmlCache [ RunTime:0.001180s ]
INFO: [ app_begin ] --END-- [ RunTime:0.001787s ]
NOTIC: [8192] mysql_connect(): The mysql extension is deprecated and will be removed in the future: use mysqli or PDO instead C:\wamp64\www\blog\ThinkPHP\Library\Think\Db\Driver\Mysql.class.php 第 52 行.
SQL: SHOW COLUMNS FROM `blog_article_category` [ RunTime:0.000679s ]
SQL: SHOW COLUMNS FROM `blog_article_category_model` [ RunTime:0.000706s ]
ERR: 1146:Table 'myblog.blog_article_category_model' doesn't exist
 [ SQL语句 ] : SHOW COLUMNS FROM `blog_article_category_model`
SQL: SELECT * FROM `blog_article_category_model` WHERE ( `status` = 1 )  [ RunTime:0.000476s ]
ERR: 1146:Table 'myblog.blog_article_category_model' doesn't exist
 [ SQL语句 ] : SELECT * FROM `blog_article_category_model` WHERE ( `status` = 1 ) 
INFO: [ view_parse ] --START--
INFO: [ template_filter ] --START--
INFO: Run Behavior\ContentReplace [ RunTime:0.000084s ]
INFO: [ template_filter ] --END-- [ RunTime:0.000222s ]
INFO: Run Behavior\ParseTemplate [ RunTime:0.010955s ]
INFO: [ view_parse ] --END-- [ RunTime:0.011102s ]
INFO: [ view_filter ] --START--
INFO: Run Behavior\WriteHtmlCache [ RunTime:0.000965s ]
INFO: [ view_filter ] --END-- [ RunTime:0.001101s ]
INFO: [ app_end ] --START--
INFO: Run Behavior\ShowPageTrace [ RunTime:0.001143s ]
INFO: [ app_end ] --END-- [ RunTime:0.001286s ]

[ 2017-03-25T21:27:20+08:00 ] ::1 /blog/
INFO: [ app_begin ] --START--
INFO: Run Behavior\ReadHtmlCache [ RunTime:0.002494s ]
INFO: [ app_begin ] --END-- [ RunTime:0.003601s ]
NOTIC: [8192] mysql_connect(): The mysql extension is deprecated and will be removed in the future: use mysqli or PDO instead C:\wamp64\www\blog\ThinkPHP\Library\Think\Db\Driver\Mysql.class.php 第 52 行.
SQL: SHOW COLUMNS FROM `blog_article_category` [ RunTime:0.001015s ]
SQL: SHOW COLUMNS FROM `blog_article_category_model` [ RunTime:0.001143s ]
ERR: 1146:Table 'myblog.blog_article_category_model' doesn't exist
 [ SQL语句 ] : SHOW COLUMNS FROM `blog_article_category_model`
SQL: SELECT * FROM `blog_article_category_model` WHERE ( `status` = 1 )  [ RunTime:0.000717s ]
ERR: 1146:Table 'myblog.blog_article_category_model' doesn't exist
 [ SQL语句 ] : SELECT * FROM `blog_article_category_model` WHERE ( `status` = 1 ) 
INFO: [ view_parse ] --START--
INFO: [ template_filter ] --START--
INFO: Run Behavior\ContentReplace [ RunTime:0.000238s ]
INFO: [ template_filter ] --END-- [ RunTime:0.000648s ]
INFO: Run Behavior\ParseTemplate [ RunTime:0.023397s ]
INFO: [ view_parse ] --END-- [ RunTime:0.023643s ]
INFO: [ view_filter ] --START--
INFO: Run Behavior\WriteHtmlCache [ RunTime:0.001468s ]
INFO: [ view_filter ] --END-- [ RunTime:0.001652s ]
INFO: [ app_end ] --START--
INFO: Run Behavior\ShowPageTrace [ RunTime:0.001650s ]
INFO: [ app_end ] --END-- [ RunTime:0.001861s ]

[ 2017-03-25T21:27:20+08:00 ] ::1 /blog/
INFO: [ app_begin ] --START--
INFO: Run Behavior\ReadHtmlCache [ RunTime:0.001020s ]
INFO: [ app_begin ] --END-- [ RunTime:0.001585s ]
NOTIC: [8192] mysql_connect(): The mysql extension is deprecated and will be removed in the future: use mysqli or PDO instead C:\wamp64\www\blog\ThinkPHP\Library\Think\Db\Driver\Mysql.class.php 第 52 行.
SQL: SHOW COLUMNS FROM `blog_article_category` [ RunTime:0.000634s ]
SQL: SHOW COLUMNS FROM `blog_article_category_model` [ RunTime:0.000630s ]
ERR: 1146:Table 'myblog.blog_article_category_model' doesn't exist
 [ SQL语句 ] : SHOW COLUMNS FROM `blog_article_category_model`
SQL: SELECT * FROM `blog_article_category_model` WHERE ( `status` = 1 )  [ RunTime:0.000457s ]
ERR: 1146:Table 'myblog.blog_article_category_model' doesn't exist
 [ SQL语句 ] : SELECT * FROM `blog_article_category_model` WHERE ( `status` = 1 ) 
INFO: [ view_parse ] --START--
INFO: [ template_filter ] --START--
INFO: Run Behavior\ContentReplace [ RunTime:0.000090s ]
INFO: [ template_filter ] --END-- [ RunTime:0.000242s ]
INFO: Run Behavior\ParseTemplate [ RunTime:0.010605s ]
INFO: [ view_parse ] --END-- [ RunTime:0.010745s ]
INFO: [ view_filter ] --START--
INFO: Run Behavior\WriteHtmlCache [ RunTime:0.000773s ]
INFO: [ view_filter ] --END-- [ RunTime:0.000901s ]
INFO: [ app_end ] --START--
INFO: Run Behavior\ShowPageTrace [ RunTime:0.000948s ]
INFO: [ app_end ] --END-- [ RunTime:0.001093s ]

[ 2017-03-25T21:27:29+08:00 ] ::1 /blog/
INFO: [ app_begin ] --START--
INFO: Run Behavior\ReadHtmlCache [ RunTime:0.001862s ]
INFO: [ app_begin ] --END-- [ RunTime:0.002858s ]
NOTIC: [8192] mysql_connect(): The mysql extension is deprecated and will be removed in the future: use mysqli or PDO instead C:\wamp64\www\blog\ThinkPHP\Library\Think\Db\Driver\Mysql.class.php 第 52 行.
SQL: SHOW COLUMNS FROM `blog_article_category` [ RunTime:0.000773s ]
SQL: SHOW COLUMNS FROM `blog_article_category_model` [ RunTime:0.000753s ]
ERR: 1146:Table 'myblog.blog_article_category_model' doesn't exist
 [ SQL语句 ] : SHOW COLUMNS FROM `blog_article_category_model`
SQL: SELECT * FROM `blog_article_category_model` WHERE ( `status` = 1 )  [ RunTime:0.000402s ]
ERR: 1146:Table 'myblog.blog_article_category_model' doesn't exist
 [ SQL语句 ] : SELECT * FROM `blog_article_category_model` WHERE ( `status` = 1 ) 
INFO: [ view_parse ] --START--
INFO: [ template_filter ] --START--
INFO: Run Behavior\ContentReplace [ RunTime:0.000089s ]
INFO: [ template_filter ] --END-- [ RunTime:0.000251s ]
INFO: Run Behavior\ParseTemplate [ RunTime:0.013032s ]
INFO: [ view_parse ] --END-- [ RunTime:0.013180s ]
INFO: [ view_filter ] --START--
INFO: Run Behavior\WriteHtmlCache [ RunTime:0.000838s ]
INFO: [ view_filter ] --END-- [ RunTime:0.000975s ]
INFO: [ app_end ] --START--
INFO: Run Behavior\ShowPageTrace [ RunTime:0.001026s ]
INFO: [ app_end ] --END-- [ RunTime:0.001186s ]

