[ 2017-03-28T11:10:21+08:00 ] ::1 /blog/
INFO: [ app_begin ] --START--
INFO: Run Behavior\ReadHtmlCache [ RunTime:0.003056s ]
INFO: [ app_begin ] --END-- [ RunTime:0.004114s ]
NOTIC: [8192] mysql_connect(): The mysql extension is deprecated and will be removed in the future: use mysqli or PDO instead C:\wamp64\www\blog\ThinkPHP\Library\Think\Db\Driver\Mysql.class.php 第 52 行.
SQL: SHOW COLUMNS FROM `blog_article_category` [ RunTime:0.001078s ]
SQL: SHOW COLUMNS FROM `blog_article_category_model` [ RunTime:0.000881s ]
ERR: 1146:Table 'myblog.blog_article_category_model' doesn't exist
 [ SQL语句 ] : SHOW COLUMNS FROM `blog_article_category_model`
SQL: SELECT * FROM `blog_article_category_model` WHERE ( `status` = 1 )  [ RunTime:0.000435s ]
ERR: 1146:Table 'myblog.blog_article_category_model' doesn't exist
 [ SQL语句 ] : SELECT * FROM `blog_article_category_model` WHERE ( `status` = 1 ) 
INFO: [ view_parse ] --START--
INFO: [ template_filter ] --START--
INFO: Run Behavior\ContentReplace [ RunTime:0.000137s ]
INFO: [ template_filter ] --END-- [ RunTime:0.000372s ]
INFO: Run Behavior\ParseTemplate [ RunTime:0.020228s ]
INFO: [ view_parse ] --END-- [ RunTime:0.020484s ]
INFO: [ view_filter ] --START--
INFO: Run Behavior\WriteHtmlCache [ RunTime:0.001867s ]
INFO: [ view_filter ] --END-- [ RunTime:0.002128s ]
INFO: [ app_end ] --START--
INFO: Run Behavior\ShowPageTrace [ RunTime:0.001825s ]
INFO: [ app_end ] --END-- [ RunTime:0.002066s ]

[ 2017-03-28T11:28:35+08:00 ] ::1 /blog/
INFO: [ app_begin ] --START--
INFO: Run Behavior\ReadHtmlCache [ RunTime:0.001420s ]
INFO: [ app_begin ] --END-- [ RunTime:0.002295s ]
NOTIC: [8192] mysql_connect(): The mysql extension is deprecated and will be removed in the future: use mysqli or PDO instead C:\wamp64\www\blog\ThinkPHP\Library\Think\Db\Driver\Mysql.class.php 第 52 行.
SQL: SHOW COLUMNS FROM `blog_article_category` [ RunTime:0.001961s ]
SQL: SHOW COLUMNS FROM `blog_article_category_model` [ RunTime:0.000795s ]
ERR: 1146:Table 'myblog.blog_article_category_model' doesn't exist
 [ SQL语句 ] : SHOW COLUMNS FROM `blog_article_category_model`
SQL: SELECT * FROM `blog_article_category_model` WHERE ( `status` = 1 )  [ RunTime:0.000445s ]
ERR: 1146:Table 'myblog.blog_article_category_model' doesn't exist
 [ SQL语句 ] : SELECT * FROM `blog_article_category_model` WHERE ( `status` = 1 ) 
INFO: [ view_parse ] --START--
INFO: [ template_filter ] --START--
INFO: Run Behavior\ContentReplace [ RunTime:0.000079s ]
INFO: [ template_filter ] --END-- [ RunTime:0.000211s ]
INFO: Run Behavior\ParseTemplate [ RunTime:0.021780s ]
INFO: [ view_parse ] --END-- [ RunTime:0.021931s ]
INFO: [ view_filter ] --START--
INFO: Run Behavior\WriteHtmlCache [ RunTime:0.001180s ]
INFO: [ view_filter ] --END-- [ RunTime:0.001453s ]
INFO: [ app_end ] --START--
INFO: Run Behavior\ShowPageTrace [ RunTime:0.001734s ]
INFO: [ app_end ] --END-- [ RunTime:0.001885s ]

[ 2017-03-28T11:28:35+08:00 ] ::1 /blog/
INFO: [ app_begin ] --START--
INFO: Run Behavior\ReadHtmlCache [ RunTime:0.002203s ]
INFO: [ app_begin ] --END-- [ RunTime:0.002846s ]
NOTIC: [8192] mysql_connect(): The mysql extension is deprecated and will be removed in the future: use mysqli or PDO instead C:\wamp64\www\blog\ThinkPHP\Library\Think\Db\Driver\Mysql.class.php 第 52 行.
SQL: SHOW COLUMNS FROM `blog_article_category` [ RunTime:0.000614s ]
SQL: SHOW COLUMNS FROM `blog_article_category_model` [ RunTime:0.000595s ]
ERR: 1146:Table 'myblog.blog_article_category_model' doesn't exist
 [ SQL语句 ] : SHOW COLUMNS FROM `blog_article_category_model`
SQL: SELECT * FROM `blog_article_category_model` WHERE ( `status` = 1 )  [ RunTime:0.000280s ]
ERR: 1146:Table 'myblog.blog_article_category_model' doesn't exist
 [ SQL语句 ] : SELECT * FROM `blog_article_category_model` WHERE ( `status` = 1 ) 
INFO: [ view_parse ] --START--
INFO: [ template_filter ] --START--
INFO: Run Behavior\ContentReplace [ RunTime:0.000095s ]
INFO: [ template_filter ] --END-- [ RunTime:0.000237s ]
INFO: Run Behavior\ParseTemplate [ RunTime:0.010692s ]
INFO: [ view_parse ] --END-- [ RunTime:0.010857s ]
INFO: [ view_filter ] --START--
INFO: Run Behavior\WriteHtmlCache [ RunTime:0.000779s ]
INFO: [ view_filter ] --END-- [ RunTime:0.000920s ]
INFO: [ app_end ] --START--
INFO: Run Behavior\ShowPageTrace [ RunTime:0.000967s ]
INFO: [ app_end ] --END-- [ RunTime:0.001115s ]

[ 2017-03-28T11:34:48+08:00 ] ::1 /blog/
INFO: [ app_begin ] --START--
INFO: Run Behavior\ReadHtmlCache [ RunTime:0.001281s ]
INFO: [ app_begin ] --END-- [ RunTime:0.001981s ]
NOTIC: [8192] mysql_connect(): The mysql extension is deprecated and will be removed in the future: use mysqli or PDO instead C:\wamp64\www\blog\ThinkPHP\Library\Think\Db\Driver\Mysql.class.php 第 52 行.
SQL: SHOW COLUMNS FROM `blog_article_category` [ RunTime:0.000821s ]
SQL: SHOW COLUMNS FROM `blog_article_category_model` [ RunTime:0.000971s ]
ERR: 1146:Table 'myblog.blog_article_category_model' doesn't exist
 [ SQL语句 ] : SHOW COLUMNS FROM `blog_article_category_model`
SQL: SELECT * FROM `blog_article_category_model` WHERE ( `status` = 1 )  [ RunTime:0.000704s ]
ERR: 1146:Table 'myblog.blog_article_category_model' doesn't exist
 [ SQL语句 ] : SELECT * FROM `blog_article_category_model` WHERE ( `status` = 1 ) 
INFO: [ view_parse ] --START--
INFO: [ template_filter ] --START--
INFO: Run Behavior\ContentReplace [ RunTime:0.000134s ]
INFO: [ template_filter ] --END-- [ RunTime:0.000294s ]
INFO: Run Behavior\ParseTemplate [ RunTime:0.014836s ]
INFO: [ view_parse ] --END-- [ RunTime:0.015086s ]
INFO: [ view_filter ] --START--
INFO: Run Behavior\WriteHtmlCache [ RunTime:0.000892s ]
INFO: [ view_filter ] --END-- [ RunTime:0.001035s ]
INFO: [ app_end ] --START--
INFO: Run Behavior\ShowPageTrace [ RunTime:0.001074s ]
INFO: [ app_end ] --END-- [ RunTime:0.001218s ]

[ 2017-03-28T11:34:50+08:00 ] ::1 /blog/
INFO: [ app_begin ] --START--
INFO: Run Behavior\ReadHtmlCache [ RunTime:0.001282s ]
INFO: [ app_begin ] --END-- [ RunTime:0.001941s ]
NOTIC: [8192] mysql_connect(): The mysql extension is deprecated and will be removed in the future: use mysqli or PDO instead C:\wamp64\www\blog\ThinkPHP\Library\Think\Db\Driver\Mysql.class.php 第 52 行.
SQL: SHOW COLUMNS FROM `blog_article_category` [ RunTime:0.000630s ]
SQL: SHOW COLUMNS FROM `blog_article_category_model` [ RunTime:0.000701s ]
ERR: 1146:Table 'myblog.blog_article_category_model' doesn't exist
 [ SQL语句 ] : SHOW COLUMNS FROM `blog_article_category_model`
SQL: SELECT * FROM `blog_article_category_model` WHERE ( `status` = 1 )  [ RunTime:0.000419s ]
ERR: 1146:Table 'myblog.blog_article_category_model' doesn't exist
 [ SQL语句 ] : SELECT * FROM `blog_article_category_model` WHERE ( `status` = 1 ) 
INFO: [ view_parse ] --START--
INFO: [ template_filter ] --START--
INFO: Run Behavior\ContentReplace [ RunTime:0.000142s ]
INFO: [ template_filter ] --END-- [ RunTime:0.000403s ]
INFO: Run Behavior\ParseTemplate [ RunTime:0.021662s ]
INFO: [ view_parse ] --END-- [ RunTime:0.021863s ]
INFO: [ view_filter ] --START--
INFO: Run Behavior\WriteHtmlCache [ RunTime:0.001562s ]
INFO: [ view_filter ] --END-- [ RunTime:0.001795s ]
INFO: [ app_end ] --START--
INFO: Run Behavior\ShowPageTrace [ RunTime:0.001481s ]
INFO: [ app_end ] --END-- [ RunTime:0.001680s ]

[ 2017-03-28T11:50:02+08:00 ] ::1 /blog/
INFO: [ app_begin ] --START--
INFO: Run Behavior\ReadHtmlCache [ RunTime:0.000952s ]
INFO: [ app_begin ] --END-- [ RunTime:0.001520s ]
NOTIC: [8192] mysql_connect(): The mysql extension is deprecated and will be removed in the future: use mysqli or PDO instead C:\wamp64\www\blog\ThinkPHP\Library\Think\Db\Driver\Mysql.class.php 第 52 行.
SQL: SHOW COLUMNS FROM `blog_article_category` [ RunTime:0.001250s ]
SQL: SHOW COLUMNS FROM `blog_article_category_model` [ RunTime:0.000846s ]
ERR: 1146:Table 'myblog.blog_article_category_model' doesn't exist
 [ SQL语句 ] : SHOW COLUMNS FROM `blog_article_category_model`
SQL: SELECT * FROM `blog_article_category_model` WHERE ( `status` = 1 )  [ RunTime:0.000495s ]
ERR: 1146:Table 'myblog.blog_article_category_model' doesn't exist
 [ SQL语句 ] : SELECT * FROM `blog_article_category_model` WHERE ( `status` = 1 ) 
INFO: [ view_parse ] --START--
INFO: [ template_filter ] --START--
INFO: Run Behavior\ContentReplace [ RunTime:0.000083s ]
INFO: [ template_filter ] --END-- [ RunTime:0.000225s ]
INFO: Run Behavior\ParseTemplate [ RunTime:0.012856s ]
INFO: [ view_parse ] --END-- [ RunTime:0.013011s ]
INFO: [ view_filter ] --START--
INFO: Run Behavior\WriteHtmlCache [ RunTime:0.000782s ]
INFO: [ view_filter ] --END-- [ RunTime:0.000949s ]
INFO: [ app_end ] --START--
INFO: Run Behavior\ShowPageTrace [ RunTime:0.000968s ]
INFO: [ app_end ] --END-- [ RunTime:0.001099s ]

[ 2017-03-28T11:50:03+08:00 ] ::1 /blog/
INFO: [ app_begin ] --START--
INFO: Run Behavior\ReadHtmlCache [ RunTime:0.001168s ]
INFO: [ app_begin ] --END-- [ RunTime:0.002052s ]
NOTIC: [8192] mysql_connect(): The mysql extension is deprecated and will be removed in the future: use mysqli or PDO instead C:\wamp64\www\blog\ThinkPHP\Library\Think\Db\Driver\Mysql.class.php 第 52 行.
SQL: SHOW COLUMNS FROM `blog_article_category` [ RunTime:0.000917s ]
SQL: SHOW COLUMNS FROM `blog_article_category_model` [ RunTime:0.001141s ]
ERR: 1146:Table 'myblog.blog_article_category_model' doesn't exist
 [ SQL语句 ] : SHOW COLUMNS FROM `blog_article_category_model`
SQL: SELECT * FROM `blog_article_category_model` WHERE ( `status` = 1 )  [ RunTime:0.000419s ]
ERR: 1146:Table 'myblog.blog_article_category_model' doesn't exist
 [ SQL语句 ] : SELECT * FROM `blog_article_category_model` WHERE ( `status` = 1 ) 
INFO: [ view_parse ] --START--
INFO: [ template_filter ] --START--
INFO: Run Behavior\ContentReplace [ RunTime:0.000140s ]
INFO: [ template_filter ] --END-- [ RunTime:0.000398s ]
INFO: Run Behavior\ParseTemplate [ RunTime:0.015370s ]
INFO: [ view_parse ] --END-- [ RunTime:0.015585s ]
INFO: [ view_filter ] --START--
INFO: Run Behavior\WriteHtmlCache [ RunTime:0.001198s ]
INFO: [ view_filter ] --END-- [ RunTime:0.001435s ]
INFO: [ app_end ] --START--
INFO: Run Behavior\ShowPageTrace [ RunTime:0.001480s ]
INFO: [ app_end ] --END-- [ RunTime:0.001725s ]

[ 2017-03-28T11:50:05+08:00 ] ::1 /blog/
INFO: [ app_begin ] --START--
INFO: Run Behavior\ReadHtmlCache [ RunTime:0.001259s ]
INFO: [ app_begin ] --END-- [ RunTime:0.002038s ]
NOTIC: [8192] mysql_connect(): The mysql extension is deprecated and will be removed in the future: use mysqli or PDO instead C:\wamp64\www\blog\ThinkPHP\Library\Think\Db\Driver\Mysql.class.php 第 52 行.
SQL: SHOW COLUMNS FROM `blog_article_category` [ RunTime:0.000784s ]
SQL: SHOW COLUMNS FROM `blog_article_category_model` [ RunTime:0.000737s ]
ERR: 1146:Table 'myblog.blog_article_category_model' doesn't exist
 [ SQL语句 ] : SHOW COLUMNS FROM `blog_article_category_model`
SQL: SELECT * FROM `blog_article_category_model` WHERE ( `status` = 1 )  [ RunTime:0.000497s ]
ERR: 1146:Table 'myblog.blog_article_category_model' doesn't exist
 [ SQL语句 ] : SELECT * FROM `blog_article_category_model` WHERE ( `status` = 1 ) 
INFO: [ view_parse ] --START--
INFO: [ template_filter ] --START--
INFO: Run Behavior\ContentReplace [ RunTime:0.000134s ]
INFO: [ template_filter ] --END-- [ RunTime:0.000365s ]
INFO: Run Behavior\ParseTemplate [ RunTime:0.016063s ]
INFO: [ view_parse ] --END-- [ RunTime:0.016211s ]
INFO: [ view_filter ] --START--
INFO: Run Behavior\WriteHtmlCache [ RunTime:0.001327s ]
INFO: [ view_filter ] --END-- [ RunTime:0.001526s ]
INFO: [ app_end ] --START--
INFO: Run Behavior\ShowPageTrace [ RunTime:0.001359s ]
INFO: [ app_end ] --END-- [ RunTime:0.001556s ]

[ 2017-03-28T11:51:13+08:00 ] ::1 /blog/
INFO: [ app_begin ] --START--
INFO: Run Behavior\ReadHtmlCache [ RunTime:0.001571s ]
INFO: [ app_begin ] --END-- [ RunTime:0.002297s ]
NOTIC: [8192] mysql_connect(): The mysql extension is deprecated and will be removed in the future: use mysqli or PDO instead C:\wamp64\www\blog\ThinkPHP\Library\Think\Db\Driver\Mysql.class.php 第 52 行.
SQL: SHOW COLUMNS FROM `blog_article_category` [ RunTime:0.000774s ]
SQL: SHOW COLUMNS FROM `blog_article_category_model` [ RunTime:0.001006s ]
ERR: 1146:Table 'myblog.blog_article_category_model' doesn't exist
 [ SQL语句 ] : SHOW COLUMNS FROM `blog_article_category_model`
SQL: SELECT * FROM `blog_article_category_model` WHERE ( `status` = 1 )  [ RunTime:0.000361s ]
ERR: 1146:Table 'myblog.blog_article_category_model' doesn't exist
 [ SQL语句 ] : SELECT * FROM `blog_article_category_model` WHERE ( `status` = 1 ) 
INFO: [ view_parse ] --START--
INFO: [ template_filter ] --START--
INFO: Run Behavior\ContentReplace [ RunTime:0.000100s ]
INFO: [ template_filter ] --END-- [ RunTime:0.000417s ]
INFO: Run Behavior\ParseTemplate [ RunTime:0.015691s ]
INFO: [ view_parse ] --END-- [ RunTime:0.015846s ]
INFO: [ view_filter ] --START--
INFO: Run Behavior\WriteHtmlCache [ RunTime:0.001148s ]
INFO: [ view_filter ] --END-- [ RunTime:0.001403s ]
INFO: [ app_end ] --START--
INFO: Run Behavior\ShowPageTrace [ RunTime:0.001479s ]
INFO: [ app_end ] --END-- [ RunTime:0.001679s ]

[ 2017-03-28T11:51:13+08:00 ] ::1 /blog/
INFO: [ app_begin ] --START--
INFO: Run Behavior\ReadHtmlCache [ RunTime:0.001557s ]
INFO: [ app_begin ] --END-- [ RunTime:0.002383s ]
NOTIC: [8192] mysql_connect(): The mysql extension is deprecated and will be removed in the future: use mysqli or PDO instead C:\wamp64\www\blog\ThinkPHP\Library\Think\Db\Driver\Mysql.class.php 第 52 行.
SQL: SHOW COLUMNS FROM `blog_article_category` [ RunTime:0.000880s ]
SQL: SHOW COLUMNS FROM `blog_article_category_model` [ RunTime:0.001009s ]
ERR: 1146:Table 'myblog.blog_article_category_model' doesn't exist
 [ SQL语句 ] : SHOW COLUMNS FROM `blog_article_category_model`
SQL: SELECT * FROM `blog_article_category_model` WHERE ( `status` = 1 )  [ RunTime:0.000751s ]
ERR: 1146:Table 'myblog.blog_article_category_model' doesn't exist
 [ SQL语句 ] : SELECT * FROM `blog_article_category_model` WHERE ( `status` = 1 ) 
INFO: [ view_parse ] --START--
INFO: [ template_filter ] --START--
INFO: Run Behavior\ContentReplace [ RunTime:0.000159s ]
INFO: [ template_filter ] --END-- [ RunTime:0.000367s ]
INFO: Run Behavior\ParseTemplate [ RunTime:0.019347s ]
INFO: [ view_parse ] --END-- [ RunTime:0.019875s ]
INFO: [ view_filter ] --START--
INFO: Run Behavior\WriteHtmlCache [ RunTime:0.001347s ]
INFO: [ view_filter ] --END-- [ RunTime:0.001593s ]
INFO: [ app_end ] --START--
INFO: Run Behavior\ShowPageTrace [ RunTime:0.001554s ]
INFO: [ app_end ] --END-- [ RunTime:0.001811s ]

[ 2017-03-28T11:51:15+08:00 ] ::1 /blog/
INFO: [ app_begin ] --START--
INFO: Run Behavior\ReadHtmlCache [ RunTime:0.001497s ]
INFO: [ app_begin ] --END-- [ RunTime:0.002168s ]
NOTIC: [8192] mysql_connect(): The mysql extension is deprecated and will be removed in the future: use mysqli or PDO instead C:\wamp64\www\blog\ThinkPHP\Library\Think\Db\Driver\Mysql.class.php 第 52 行.
SQL: SHOW COLUMNS FROM `blog_article_category` [ RunTime:0.000883s ]
SQL: SHOW COLUMNS FROM `blog_article_category_model` [ RunTime:0.000741s ]
ERR: 1146:Table 'myblog.blog_article_category_model' doesn't exist
 [ SQL语句 ] : SHOW COLUMNS FROM `blog_article_category_model`
SQL: SELECT * FROM `blog_article_category_model` WHERE ( `status` = 1 )  [ RunTime:0.000363s ]
ERR: 1146:Table 'myblog.blog_article_category_model' doesn't exist
 [ SQL语句 ] : SELECT * FROM `blog_article_category_model` WHERE ( `status` = 1 ) 
INFO: [ view_parse ] --START--
INFO: [ template_filter ] --START--
INFO: Run Behavior\ContentReplace [ RunTime:0.000139s ]
INFO: [ template_filter ] --END-- [ RunTime:0.000397s ]
INFO: Run Behavior\ParseTemplate [ RunTime:0.015935s ]
INFO: [ view_parse ] --END-- [ RunTime:0.016104s ]
INFO: [ view_filter ] --START--
INFO: Run Behavior\WriteHtmlCache [ RunTime:0.000802s ]
INFO: [ view_filter ] --END-- [ RunTime:0.000942s ]
INFO: [ app_end ] --START--
INFO: Run Behavior\ShowPageTrace [ RunTime:0.001061s ]
INFO: [ app_end ] --END-- [ RunTime:0.001209s ]

[ 2017-03-28T11:51:16+08:00 ] ::1 /blog/
INFO: [ app_begin ] --START--
INFO: Run Behavior\ReadHtmlCache [ RunTime:0.001118s ]
INFO: [ app_begin ] --END-- [ RunTime:0.001711s ]
NOTIC: [8192] mysql_connect(): The mysql extension is deprecated and will be removed in the future: use mysqli or PDO instead C:\wamp64\www\blog\ThinkPHP\Library\Think\Db\Driver\Mysql.class.php 第 52 行.
SQL: SHOW COLUMNS FROM `blog_article_category` [ RunTime:0.000591s ]
SQL: SHOW COLUMNS FROM `blog_article_category_model` [ RunTime:0.000634s ]
ERR: 1146:Table 'myblog.blog_article_category_model' doesn't exist
 [ SQL语句 ] : SHOW COLUMNS FROM `blog_article_category_model`
SQL: SELECT * FROM `blog_article_category_model` WHERE ( `status` = 1 )  [ RunTime:0.000357s ]
ERR: 1146:Table 'myblog.blog_article_category_model' doesn't exist
 [ SQL语句 ] : SELECT * FROM `blog_article_category_model` WHERE ( `status` = 1 ) 
INFO: [ view_parse ] --START--
INFO: [ template_filter ] --START--
INFO: Run Behavior\ContentReplace [ RunTime:0.000144s ]
INFO: [ template_filter ] --END-- [ RunTime:0.000350s ]
INFO: Run Behavior\ParseTemplate [ RunTime:0.013937s ]
INFO: [ view_parse ] --END-- [ RunTime:0.014190s ]
INFO: [ view_filter ] --START--
INFO: Run Behavior\WriteHtmlCache [ RunTime:0.001210s ]
INFO: [ view_filter ] --END-- [ RunTime:0.001464s ]
INFO: [ app_end ] --START--
INFO: Run Behavior\ShowPageTrace [ RunTime:0.001670s ]
INFO: [ app_end ] --END-- [ RunTime:0.001893s ]

[ 2017-03-28T11:52:59+08:00 ] ::1 /blog/
INFO: [ app_begin ] --START--
INFO: Run Behavior\ReadHtmlCache [ RunTime:0.001621s ]
INFO: [ app_begin ] --END-- [ RunTime:0.002210s ]
NOTIC: [8192] mysql_connect(): The mysql extension is deprecated and will be removed in the future: use mysqli or PDO instead C:\wamp64\www\blog\ThinkPHP\Library\Think\Db\Driver\Mysql.class.php 第 52 行.
SQL: SHOW COLUMNS FROM `blog_article_category` [ RunTime:0.000763s ]
SQL: SHOW COLUMNS FROM `blog_article_category_model` [ RunTime:0.000609s ]
ERR: 1146:Table 'myblog.blog_article_category_model' doesn't exist
 [ SQL语句 ] : SHOW COLUMNS FROM `blog_article_category_model`
SQL: SELECT * FROM `blog_article_category_model` WHERE ( `status` = 1 )  [ RunTime:0.000498s ]
ERR: 1146:Table 'myblog.blog_article_category_model' doesn't exist
 [ SQL语句 ] : SELECT * FROM `blog_article_category_model` WHERE ( `status` = 1 ) 
INFO: [ view_parse ] --START--
INFO: [ template_filter ] --START--
INFO: Run Behavior\ContentReplace [ RunTime:0.000090s ]
INFO: [ template_filter ] --END-- [ RunTime:0.000263s ]
INFO: Run Behavior\ParseTemplate [ RunTime:0.016002s ]
INFO: [ view_parse ] --END-- [ RunTime:0.016211s ]
INFO: [ view_filter ] --START--
INFO: Run Behavior\WriteHtmlCache [ RunTime:0.001178s ]
INFO: [ view_filter ] --END-- [ RunTime:0.001362s ]
NOTIC: [2] Cannot modify header information - headers already sent by (output started at C:\wamp64\www\blog\ThinkPHP\Common\functions.php:682) C:\wamp64\www\blog\ThinkPHP\Library\Think\View.class.php 第 91 行.
NOTIC: [2] Cannot modify header information - headers already sent by (output started at C:\wamp64\www\blog\ThinkPHP\Common\functions.php:682) C:\wamp64\www\blog\ThinkPHP\Library\Think\View.class.php 第 92 行.
NOTIC: [2] Cannot modify header information - headers already sent by (output started at C:\wamp64\www\blog\ThinkPHP\Common\functions.php:682) C:\wamp64\www\blog\ThinkPHP\Library\Think\View.class.php 第 93 行.
INFO: [ app_end ] --START--
INFO: Run Behavior\ShowPageTrace [ RunTime:0.001089s ]
INFO: [ app_end ] --END-- [ RunTime:0.001248s ]

[ 2017-03-28T12:54:01+08:00 ] ::1 /blog/
INFO: [ app_begin ] --START--
INFO: Run Behavior\ReadHtmlCache [ RunTime:0.001809s ]
INFO: [ app_begin ] --END-- [ RunTime:0.003135s ]
NOTIC: [8192] mysql_connect(): The mysql extension is deprecated and will be removed in the future: use mysqli or PDO instead C:\wamp64\www\blog\ThinkPHP\Library\Think\Db\Driver\Mysql.class.php 第 52 行.
SQL: SHOW COLUMNS FROM `blog_article_category` [ RunTime:0.002668s ]
SQL: SHOW COLUMNS FROM `blog_article_category` [ RunTime:0.000990s ]
SQL: SELECT * FROM `blog_article_category` WHERE ( `status` = 1 )  [ RunTime:0.001299s ]
INFO: [ view_parse ] --START--
INFO: [ template_filter ] --START--
INFO: Run Behavior\ContentReplace [ RunTime:0.000084s ]
INFO: [ template_filter ] --END-- [ RunTime:0.000233s ]
INFO: Run Behavior\ParseTemplate [ RunTime:0.015878s ]
INFO: [ view_parse ] --END-- [ RunTime:0.016099s ]
INFO: [ view_filter ] --START--
INFO: Run Behavior\WriteHtmlCache [ RunTime:0.001633s ]
INFO: [ view_filter ] --END-- [ RunTime:0.001827s ]
NOTIC: [2] Cannot modify header information - headers already sent by (output started at C:\wamp64\www\blog\HJK\Home\Model\ArticleCategoryModel.class.php:10) C:\wamp64\www\blog\ThinkPHP\Library\Think\View.class.php 第 91 行.
NOTIC: [2] Cannot modify header information - headers already sent by (output started at C:\wamp64\www\blog\HJK\Home\Model\ArticleCategoryModel.class.php:10) C:\wamp64\www\blog\ThinkPHP\Library\Think\View.class.php 第 92 行.
NOTIC: [2] Cannot modify header information - headers already sent by (output started at C:\wamp64\www\blog\HJK\Home\Model\ArticleCategoryModel.class.php:10) C:\wamp64\www\blog\ThinkPHP\Library\Think\View.class.php 第 93 行.
INFO: [ app_end ] --START--
INFO: Run Behavior\ShowPageTrace [ RunTime:0.002211s ]
INFO: [ app_end ] --END-- [ RunTime:0.002425s ]

[ 2017-03-28T13:23:22+08:00 ] ::1 /blog/
INFO: [ app_begin ] --START--
INFO: Run Behavior\ReadHtmlCache [ RunTime:0.001486s ]
INFO: [ app_begin ] --END-- [ RunTime:0.002180s ]
NOTIC: [8192] mysql_connect(): The mysql extension is deprecated and will be removed in the future: use mysqli or PDO instead C:\wamp64\www\blog\ThinkPHP\Library\Think\Db\Driver\Mysql.class.php 第 52 行.
SQL: SHOW COLUMNS FROM `blog_article_category` [ RunTime:0.002423s ]
SQL: SHOW COLUMNS FROM `blog_article_category` [ RunTime:0.000938s ]
SQL: SELECT * FROM `blog_article_category` WHERE ( `status` = 1 )  [ RunTime:0.000732s ]
INFO: [ view_parse ] --START--
INFO: [ template_filter ] --START--
INFO: Run Behavior\ContentReplace [ RunTime:0.000136s ]
INFO: [ template_filter ] --END-- [ RunTime:0.000398s ]
INFO: Run Behavior\ParseTemplate [ RunTime:0.019253s ]
INFO: [ view_parse ] --END-- [ RunTime:0.019537s ]
INFO: [ view_filter ] --START--
INFO: Run Behavior\WriteHtmlCache [ RunTime:0.001252s ]
INFO: [ view_filter ] --END-- [ RunTime:0.001482s ]
NOTIC: [2] Cannot modify header information - headers already sent by (output started at C:\wamp64\www\blog\HJK\Home\Model\ArticleCategoryModel.class.php:10) C:\wamp64\www\blog\ThinkPHP\Library\Think\View.class.php 第 91 行.
NOTIC: [2] Cannot modify header information - headers already sent by (output started at C:\wamp64\www\blog\HJK\Home\Model\ArticleCategoryModel.class.php:10) C:\wamp64\www\blog\ThinkPHP\Library\Think\View.class.php 第 92 行.
NOTIC: [2] Cannot modify header information - headers already sent by (output started at C:\wamp64\www\blog\HJK\Home\Model\ArticleCategoryModel.class.php:10) C:\wamp64\www\blog\ThinkPHP\Library\Think\View.class.php 第 93 行.
INFO: [ app_end ] --START--
INFO: Run Behavior\ShowPageTrace [ RunTime:0.001572s ]
INFO: [ app_end ] --END-- [ RunTime:0.001836s ]

[ 2017-03-28T13:23:55+08:00 ] ::1 /blog/
INFO: [ app_begin ] --START--
INFO: Run Behavior\ReadHtmlCache [ RunTime:0.001550s ]
INFO: [ app_begin ] --END-- [ RunTime:0.002404s ]
NOTIC: [8192] mysql_connect(): The mysql extension is deprecated and will be removed in the future: use mysqli or PDO instead C:\wamp64\www\blog\ThinkPHP\Library\Think\Db\Driver\Mysql.class.php 第 52 行.
SQL: SHOW COLUMNS FROM `blog_article_category` [ RunTime:0.001114s ]
SQL: SHOW COLUMNS FROM `blog_article_category` [ RunTime:0.000871s ]
SQL: SELECT * FROM `blog_article_category` WHERE ( `status` = 1 )  [ RunTime:0.000444s ]
INFO: [ view_parse ] --START--
INFO: [ template_filter ] --START--
INFO: Run Behavior\ContentReplace [ RunTime:0.000148s ]
INFO: [ template_filter ] --END-- [ RunTime:0.000406s ]
INFO: Run Behavior\ParseTemplate [ RunTime:0.017677s ]
INFO: [ view_parse ] --END-- [ RunTime:0.017873s ]
INFO: [ view_filter ] --START--
INFO: Run Behavior\WriteHtmlCache [ RunTime:0.000857s ]
INFO: [ view_filter ] --END-- [ RunTime:0.000992s ]
NOTIC: [2] Cannot modify header information - headers already sent by (output started at C:\wamp64\www\blog\HJK\Home\Model\ArticleCategoryModel.class.php:10) C:\wamp64\www\blog\ThinkPHP\Library\Think\View.class.php 第 91 行.
NOTIC: [2] Cannot modify header information - headers already sent by (output started at C:\wamp64\www\blog\HJK\Home\Model\ArticleCategoryModel.class.php:10) C:\wamp64\www\blog\ThinkPHP\Library\Think\View.class.php 第 92 行.
NOTIC: [2] Cannot modify header information - headers already sent by (output started at C:\wamp64\www\blog\HJK\Home\Model\ArticleCategoryModel.class.php:10) C:\wamp64\www\blog\ThinkPHP\Library\Think\View.class.php 第 93 行.
INFO: [ app_end ] --START--
INFO: Run Behavior\ShowPageTrace [ RunTime:0.001560s ]
INFO: [ app_end ] --END-- [ RunTime:0.001852s ]

[ 2017-03-28T13:24:24+08:00 ] ::1 /blog/
INFO: [ app_begin ] --START--
INFO: Run Behavior\ReadHtmlCache [ RunTime:0.001744s ]
INFO: [ app_begin ] --END-- [ RunTime:0.002611s ]
NOTIC: [8192] mysql_connect(): The mysql extension is deprecated and will be removed in the future: use mysqli or PDO instead C:\wamp64\www\blog\ThinkPHP\Library\Think\Db\Driver\Mysql.class.php 第 52 行.
SQL: SHOW COLUMNS FROM `blog_article_category` [ RunTime:0.001036s ]
SQL: SHOW COLUMNS FROM `blog_article_category` [ RunTime:0.000785s ]
SQL: SELECT * FROM `blog_article_category` WHERE ( `status` = 1 )  [ RunTime:0.000448s ]
INFO: [ view_parse ] --START--
INFO: [ template_filter ] --START--
INFO: Run Behavior\ContentReplace [ RunTime:0.000114s ]
INFO: [ template_filter ] --END-- [ RunTime:0.000337s ]
INFO: Run Behavior\ParseTemplate [ RunTime:0.017266s ]
INFO: [ view_parse ] --END-- [ RunTime:0.017513s ]
INFO: [ view_filter ] --START--
INFO: Run Behavior\WriteHtmlCache [ RunTime:0.001131s ]
INFO: [ view_filter ] --END-- [ RunTime:0.001363s ]
INFO: [ app_end ] --START--
INFO: Run Behavior\ShowPageTrace [ RunTime:0.001542s ]
INFO: [ app_end ] --END-- [ RunTime:0.001792s ]

[ 2017-03-28T13:24:38+08:00 ] ::1 /blog/
INFO: [ app_begin ] --START--
INFO: Run Behavior\ReadHtmlCache [ RunTime:0.001366s ]
INFO: [ app_begin ] --END-- [ RunTime:0.002128s ]
NOTIC: [8192] mysql_connect(): The mysql extension is deprecated and will be removed in the future: use mysqli or PDO instead C:\wamp64\www\blog\ThinkPHP\Library\Think\Db\Driver\Mysql.class.php 第 52 行.
SQL: SHOW COLUMNS FROM `blog_article_category` [ RunTime:0.000855s ]
SQL: SHOW COLUMNS FROM `blog_article_category` [ RunTime:0.000597s ]
SQL: SELECT * FROM `blog_article_category` WHERE ( `status` = 1 )  [ RunTime:0.000403s ]
INFO: [ view_parse ] --START--
INFO: [ template_filter ] --START--
INFO: Run Behavior\ContentReplace [ RunTime:0.000151s ]
INFO: [ template_filter ] --END-- [ RunTime:0.000399s ]
INFO: Run Behavior\ParseTemplate [ RunTime:0.015787s ]
INFO: [ view_parse ] --END-- [ RunTime:0.016023s ]
INFO: [ view_filter ] --START--
INFO: Run Behavior\WriteHtmlCache [ RunTime:0.001276s ]
INFO: [ view_filter ] --END-- [ RunTime:0.001506s ]
NOTIC: [2] Cannot modify header information - headers already sent by (output started at C:\wamp64\www\blog\HJK\Home\Model\ArticleCategoryModel.class.php:10) C:\wamp64\www\blog\ThinkPHP\Library\Think\View.class.php 第 91 行.
NOTIC: [2] Cannot modify header information - headers already sent by (output started at C:\wamp64\www\blog\HJK\Home\Model\ArticleCategoryModel.class.php:10) C:\wamp64\www\blog\ThinkPHP\Library\Think\View.class.php 第 92 行.
NOTIC: [2] Cannot modify header information - headers already sent by (output started at C:\wamp64\www\blog\HJK\Home\Model\ArticleCategoryModel.class.php:10) C:\wamp64\www\blog\ThinkPHP\Library\Think\View.class.php 第 93 行.
INFO: [ app_end ] --START--
INFO: Run Behavior\ShowPageTrace [ RunTime:0.001788s ]
INFO: [ app_end ] --END-- [ RunTime:0.002059s ]

[ 2017-03-28T13:28:29+08:00 ] ::1 /blog/
INFO: [ app_begin ] --START--
INFO: Run Behavior\ReadHtmlCache [ RunTime:0.001434s ]
INFO: [ app_begin ] --END-- [ RunTime:0.002260s ]
NOTIC: [8192] mysql_connect(): The mysql extension is deprecated and will be removed in the future: use mysqli or PDO instead C:\wamp64\www\blog\ThinkPHP\Library\Think\Db\Driver\Mysql.class.php 第 52 行.
SQL: SHOW COLUMNS FROM `blog_article_category` [ RunTime:0.000663s ]
SQL: SHOW COLUMNS FROM `blog_article_category` [ RunTime:0.000589s ]
SQL: SELECT * FROM `blog_article_category` WHERE ( `status` = 1 )  [ RunTime:0.000279s ]
SQL: SELECT * FROM `blog_article_category` WHERE ( `status` = 1 )  [ RunTime:0.000219s ]
INFO: [ view_parse ] --START--
INFO: [ template_filter ] --START--
INFO: Run Behavior\ContentReplace [ RunTime:0.000092s ]
INFO: [ template_filter ] --END-- [ RunTime:0.000279s ]
INFO: Run Behavior\ParseTemplate [ RunTime:0.013754s ]
INFO: [ view_parse ] --END-- [ RunTime:0.014055s ]
INFO: [ view_filter ] --START--
INFO: Run Behavior\WriteHtmlCache [ RunTime:0.001308s ]
INFO: [ view_filter ] --END-- [ RunTime:0.001564s ]
NOTIC: [2] Cannot modify header information - headers already sent by (output started at C:\wamp64\www\blog\HJK\Home\Model\ArticleCategoryModel.class.php:9) C:\wamp64\www\blog\ThinkPHP\Library\Think\View.class.php 第 91 行.
NOTIC: [2] Cannot modify header information - headers already sent by (output started at C:\wamp64\www\blog\HJK\Home\Model\ArticleCategoryModel.class.php:9) C:\wamp64\www\blog\ThinkPHP\Library\Think\View.class.php 第 92 行.
NOTIC: [2] Cannot modify header information - headers already sent by (output started at C:\wamp64\www\blog\HJK\Home\Model\ArticleCategoryModel.class.php:9) C:\wamp64\www\blog\ThinkPHP\Library\Think\View.class.php 第 93 行.
INFO: [ app_end ] --START--
INFO: Run Behavior\ShowPageTrace [ RunTime:0.001489s ]
INFO: [ app_end ] --END-- [ RunTime:0.001732s ]

[ 2017-03-28T13:40:00+08:00 ] ::1 /blog/
INFO: [ app_begin ] --START--
INFO: Run Behavior\ReadHtmlCache [ RunTime:0.001005s ]
INFO: [ app_begin ] --END-- [ RunTime:0.001693s ]
NOTIC: [8192] mysql_connect(): The mysql extension is deprecated and will be removed in the future: use mysqli or PDO instead C:\wamp64\www\blog\ThinkPHP\Library\Think\Db\Driver\Mysql.class.php 第 52 行.
SQL: SHOW COLUMNS FROM `blog_article_category` [ RunTime:0.000934s ]
SQL: SHOW COLUMNS FROM `blog_article_category` [ RunTime:0.000753s ]
SQL: SELECT * FROM `blog_article_category` WHERE ( `status` = 1 )  [ RunTime:0.000524s ]
SQL: SHOW COLUMNS FROM `blog_article_detail` [ RunTime:0.003014s ]
ERR: Think\Model:category2方法不存在！
NOTIC: [2] Cannot modify header information - headers already sent by (output started at C:\wamp64\www\blog\HJK\Home\Model\ArticleCategoryModel.class.php:9) C:\wamp64\www\blog\ThinkPHP\Library\Think\Think.class.php 第 200 行.
NOTIC: [2] Cannot modify header information - headers already sent by (output started at C:\wamp64\www\blog\HJK\Home\Model\ArticleCategoryModel.class.php:9) C:\wamp64\www\blog\ThinkPHP\Library\Think\Think.class.php 第 201 行.

[ 2017-03-28T13:41:15+08:00 ] ::1 /blog/
INFO: [ app_begin ] --START--
INFO: Run Behavior\ReadHtmlCache [ RunTime:0.001474s ]
INFO: [ app_begin ] --END-- [ RunTime:0.002416s ]
NOTIC: [8192] mysql_connect(): The mysql extension is deprecated and will be removed in the future: use mysqli or PDO instead C:\wamp64\www\blog\ThinkPHP\Library\Think\Db\Driver\Mysql.class.php 第 52 行.
SQL: SHOW COLUMNS FROM `blog_article_category` [ RunTime:0.000745s ]
SQL: SHOW COLUMNS FROM `blog_article_category` [ RunTime:0.000467s ]
SQL: SELECT * FROM `blog_article_category` WHERE ( `status` = 1 )  [ RunTime:0.000387s ]
SQL: SHOW COLUMNS FROM `blog_article_detail` [ RunTime:0.002694s ]
ERR: Think\Model:category2方法不存在！
NOTIC: [2] Cannot modify header information - headers already sent by (output started at C:\wamp64\www\blog\HJK\Home\Model\ArticleCategoryModel.class.php:9) C:\wamp64\www\blog\ThinkPHP\Library\Think\Think.class.php 第 200 行.
NOTIC: [2] Cannot modify header information - headers already sent by (output started at C:\wamp64\www\blog\HJK\Home\Model\ArticleCategoryModel.class.php:9) C:\wamp64\www\blog\ThinkPHP\Library\Think\Think.class.php 第 201 行.

[ 2017-03-28T13:41:16+08:00 ] ::1 /blog/
INFO: [ app_begin ] --START--
INFO: Run Behavior\ReadHtmlCache [ RunTime:0.001432s ]
INFO: [ app_begin ] --END-- [ RunTime:0.002234s ]
NOTIC: [8192] mysql_connect(): The mysql extension is deprecated and will be removed in the future: use mysqli or PDO instead C:\wamp64\www\blog\ThinkPHP\Library\Think\Db\Driver\Mysql.class.php 第 52 行.
SQL: SHOW COLUMNS FROM `blog_article_category` [ RunTime:0.000617s ]
SQL: SHOW COLUMNS FROM `blog_article_category` [ RunTime:0.000444s ]
SQL: SELECT * FROM `blog_article_category` WHERE ( `status` = 1 )  [ RunTime:0.000302s ]
SQL: SHOW COLUMNS FROM `blog_article_detail` [ RunTime:0.003016s ]
ERR: Think\Model:category2方法不存在！
NOTIC: [2] Cannot modify header information - headers already sent by (output started at C:\wamp64\www\blog\HJK\Home\Model\ArticleCategoryModel.class.php:9) C:\wamp64\www\blog\ThinkPHP\Library\Think\Think.class.php 第 200 行.
NOTIC: [2] Cannot modify header information - headers already sent by (output started at C:\wamp64\www\blog\HJK\Home\Model\ArticleCategoryModel.class.php:9) C:\wamp64\www\blog\ThinkPHP\Library\Think\Think.class.php 第 201 行.

[ 2017-03-28T13:41:16+08:00 ] ::1 /blog/
INFO: [ app_begin ] --START--
INFO: Run Behavior\ReadHtmlCache [ RunTime:0.001316s ]
INFO: [ app_begin ] --END-- [ RunTime:0.002055s ]
NOTIC: [8192] mysql_connect(): The mysql extension is deprecated and will be removed in the future: use mysqli or PDO instead C:\wamp64\www\blog\ThinkPHP\Library\Think\Db\Driver\Mysql.class.php 第 52 行.
SQL: SHOW COLUMNS FROM `blog_article_category` [ RunTime:0.000559s ]
SQL: SHOW COLUMNS FROM `blog_article_category` [ RunTime:0.000557s ]
SQL: SELECT * FROM `blog_article_category` WHERE ( `status` = 1 )  [ RunTime:0.000371s ]
SQL: SHOW COLUMNS FROM `blog_article_detail` [ RunTime:0.000785s ]
ERR: Think\Model:category2方法不存在！
NOTIC: [2] Cannot modify header information - headers already sent by (output started at C:\wamp64\www\blog\HJK\Home\Model\ArticleCategoryModel.class.php:9) C:\wamp64\www\blog\ThinkPHP\Library\Think\Think.class.php 第 200 行.
NOTIC: [2] Cannot modify header information - headers already sent by (output started at C:\wamp64\www\blog\HJK\Home\Model\ArticleCategoryModel.class.php:9) C:\wamp64\www\blog\ThinkPHP\Library\Think\Think.class.php 第 201 行.

[ 2017-03-28T13:41:16+08:00 ] ::1 /blog/
INFO: [ app_begin ] --START--
INFO: Run Behavior\ReadHtmlCache [ RunTime:0.000967s ]
INFO: [ app_begin ] --END-- [ RunTime:0.001504s ]
NOTIC: [8192] mysql_connect(): The mysql extension is deprecated and will be removed in the future: use mysqli or PDO instead C:\wamp64\www\blog\ThinkPHP\Library\Think\Db\Driver\Mysql.class.php 第 52 行.
SQL: SHOW COLUMNS FROM `blog_article_category` [ RunTime:0.000993s ]
SQL: SHOW COLUMNS FROM `blog_article_category` [ RunTime:0.000640s ]
SQL: SELECT * FROM `blog_article_category` WHERE ( `status` = 1 )  [ RunTime:0.000365s ]
SQL: SHOW COLUMNS FROM `blog_article_detail` [ RunTime:0.000694s ]
ERR: Think\Model:category2方法不存在！
NOTIC: [2] Cannot modify header information - headers already sent by (output started at C:\wamp64\www\blog\HJK\Home\Model\ArticleCategoryModel.class.php:9) C:\wamp64\www\blog\ThinkPHP\Library\Think\Think.class.php 第 200 行.
NOTIC: [2] Cannot modify header information - headers already sent by (output started at C:\wamp64\www\blog\HJK\Home\Model\ArticleCategoryModel.class.php:9) C:\wamp64\www\blog\ThinkPHP\Library\Think\Think.class.php 第 201 行.

[ 2017-03-28T13:41:16+08:00 ] ::1 /blog/
INFO: [ app_begin ] --START--
INFO: Run Behavior\ReadHtmlCache [ RunTime:0.002608s ]
INFO: [ app_begin ] --END-- [ RunTime:0.004013s ]
NOTIC: [8192] mysql_connect(): The mysql extension is deprecated and will be removed in the future: use mysqli or PDO instead C:\wamp64\www\blog\ThinkPHP\Library\Think\Db\Driver\Mysql.class.php 第 52 行.
SQL: SHOW COLUMNS FROM `blog_article_category` [ RunTime:0.001037s ]
SQL: SHOW COLUMNS FROM `blog_article_category` [ RunTime:0.000935s ]
SQL: SELECT * FROM `blog_article_category` WHERE ( `status` = 1 )  [ RunTime:0.000520s ]
SQL: SHOW COLUMNS FROM `blog_article_detail` [ RunTime:0.003713s ]
ERR: Think\Model:category2方法不存在！
NOTIC: [2] Cannot modify header information - headers already sent by (output started at C:\wamp64\www\blog\HJK\Home\Model\ArticleCategoryModel.class.php:9) C:\wamp64\www\blog\ThinkPHP\Library\Think\Think.class.php 第 200 行.
NOTIC: [2] Cannot modify header information - headers already sent by (output started at C:\wamp64\www\blog\HJK\Home\Model\ArticleCategoryModel.class.php:9) C:\wamp64\www\blog\ThinkPHP\Library\Think\Think.class.php 第 201 行.

[ 2017-03-28T13:45:45+08:00 ] ::1 /blog/
INFO: [ app_begin ] --START--
INFO: Run Behavior\ReadHtmlCache [ RunTime:0.001079s ]
INFO: [ app_begin ] --END-- [ RunTime:0.001679s ]

[ 2017-03-28T13:45:46+08:00 ] ::1 /blog/
INFO: [ app_begin ] --START--
INFO: Run Behavior\ReadHtmlCache [ RunTime:0.001746s ]
INFO: [ app_begin ] --END-- [ RunTime:0.002668s ]

[ 2017-03-28T13:47:24+08:00 ] ::1 /blog/
INFO: [ app_begin ] --START--
INFO: Run Behavior\ReadHtmlCache [ RunTime:0.001871s ]
INFO: [ app_begin ] --END-- [ RunTime:0.002485s ]
NOTIC: [8192] mysql_connect(): The mysql extension is deprecated and will be removed in the future: use mysqli or PDO instead C:\wamp64\www\blog\ThinkPHP\Library\Think\Db\Driver\Mysql.class.php 第 52 行.
SQL: SHOW COLUMNS FROM `blog_article_category` [ RunTime:0.000889s ]
SQL: SHOW COLUMNS FROM `blog_article_category` [ RunTime:0.000632s ]
SQL: SELECT * FROM `blog_article_category` WHERE ( `status` = 1 )  [ RunTime:0.000453s ]
SQL: SHOW COLUMNS FROM `blog_article_detail` [ RunTime:0.002651s ]
SQL: SELECT * FROM `blog_article_detail` WHERE ( `status` = 1 )  [ RunTime:0.000946s ]
SQL: SHOW COLUMNS FROM `blog_article_detail` [ RunTime:0.000664s ]
ERR: Think\Model:category1方法不存在！
NOTIC: [2] Cannot modify header information - headers already sent by (output started at C:\wamp64\www\blog\HJK\Home\Model\ArticleCategoryModel.class.php:9) C:\wamp64\www\blog\ThinkPHP\Library\Think\Think.class.php 第 200 行.
NOTIC: [2] Cannot modify header information - headers already sent by (output started at C:\wamp64\www\blog\HJK\Home\Model\ArticleCategoryModel.class.php:9) C:\wamp64\www\blog\ThinkPHP\Library\Think\Think.class.php 第 201 行.

[ 2017-03-28T13:50:24+08:00 ] ::1 /blog/
INFO: [ app_begin ] --START--
INFO: Run Behavior\ReadHtmlCache [ RunTime:0.001064s ]
INFO: [ app_begin ] --END-- [ RunTime:0.001828s ]
NOTIC: [8192] mysql_connect(): The mysql extension is deprecated and will be removed in the future: use mysqli or PDO instead C:\wamp64\www\blog\ThinkPHP\Library\Think\Db\Driver\Mysql.class.php 第 52 行.
SQL: SHOW COLUMNS FROM `blog_article_category` [ RunTime:0.000805s ]
SQL: SHOW COLUMNS FROM `blog_article_category` [ RunTime:0.000569s ]
SQL: SELECT * FROM `blog_article_category` WHERE ( `status` = 1 )  [ RunTime:0.000434s ]
INFO: [ view_parse ] --START--
INFO: [ template_filter ] --START--
INFO: Run Behavior\ContentReplace [ RunTime:0.000082s ]
INFO: [ template_filter ] --END-- [ RunTime:0.000237s ]
INFO: Run Behavior\ParseTemplate [ RunTime:0.013420s ]
INFO: [ view_parse ] --END-- [ RunTime:0.013564s ]
INFO: [ view_filter ] --START--
INFO: Run Behavior\WriteHtmlCache [ RunTime:0.000811s ]
INFO: [ view_filter ] --END-- [ RunTime:0.000944s ]
NOTIC: [2] Cannot modify header information - headers already sent by (output started at C:\wamp64\www\blog\HJK\Home\Model\ArticleCategoryModel.class.php:9) C:\wamp64\www\blog\ThinkPHP\Library\Think\View.class.php 第 91 行.
NOTIC: [2] Cannot modify header information - headers already sent by (output started at C:\wamp64\www\blog\HJK\Home\Model\ArticleCategoryModel.class.php:9) C:\wamp64\www\blog\ThinkPHP\Library\Think\View.class.php 第 92 行.
NOTIC: [2] Cannot modify header information - headers already sent by (output started at C:\wamp64\www\blog\HJK\Home\Model\ArticleCategoryModel.class.php:9) C:\wamp64\www\blog\ThinkPHP\Library\Think\View.class.php 第 93 行.
INFO: [ app_end ] --START--
INFO: Run Behavior\ShowPageTrace [ RunTime:0.001123s ]
INFO: [ app_end ] --END-- [ RunTime:0.001287s ]

[ 2017-03-28T14:19:56+08:00 ] ::1 /blog/
INFO: [ app_begin ] --START--
INFO: Run Behavior\ReadHtmlCache [ RunTime:0.001384s ]
INFO: [ app_begin ] --END-- [ RunTime:0.002292s ]

[ 2017-03-28T14:20:30+08:00 ] ::1 /blog/
INFO: [ app_begin ] --START--
INFO: Run Behavior\ReadHtmlCache [ RunTime:0.001307s ]
INFO: [ app_begin ] --END-- [ RunTime:0.001881s ]
NOTIC: [8] Undefined variable: a C:\wamp64\www\blog\HJK\Home\Model\ArticleCategoryModel.class.php 第 12 行.
NOTIC: [2] Invalid argument supplied for foreach() C:\wamp64\www\blog\HJK\Home\Model\ArticleCategoryModel.class.php 第 12 行.
NOTIC: [8192] mysql_connect(): The mysql extension is deprecated and will be removed in the future: use mysqli or PDO instead C:\wamp64\www\blog\ThinkPHP\Library\Think\Db\Driver\Mysql.class.php 第 52 行.
SQL: SHOW COLUMNS FROM `blog_article_category` [ RunTime:0.001118s ]
SQL: SHOW COLUMNS FROM `blog_article_category` [ RunTime:0.000548s ]
SQL: SELECT * FROM `blog_article_category` WHERE ( `status` = 1 )  [ RunTime:0.000336s ]
INFO: [ view_parse ] --START--
INFO: [ template_filter ] --START--
INFO: Run Behavior\ContentReplace [ RunTime:0.000077s ]
INFO: [ template_filter ] --END-- [ RunTime:0.000209s ]
INFO: Run Behavior\ParseTemplate [ RunTime:0.014423s ]
INFO: [ view_parse ] --END-- [ RunTime:0.014589s ]
INFO: [ view_filter ] --START--
INFO: Run Behavior\WriteHtmlCache [ RunTime:0.001278s ]
INFO: [ view_filter ] --END-- [ RunTime:0.001421s ]
NOTIC: [2] Cannot modify header information - headers already sent by (output started at C:\wamp64\www\blog\HJK\Home\Model\ArticleCategoryModel.class.php:9) C:\wamp64\www\blog\ThinkPHP\Library\Think\View.class.php 第 91 行.
NOTIC: [2] Cannot modify header information - headers already sent by (output started at C:\wamp64\www\blog\HJK\Home\Model\ArticleCategoryModel.class.php:9) C:\wamp64\www\blog\ThinkPHP\Library\Think\View.class.php 第 92 行.
NOTIC: [2] Cannot modify header information - headers already sent by (output started at C:\wamp64\www\blog\HJK\Home\Model\ArticleCategoryModel.class.php:9) C:\wamp64\www\blog\ThinkPHP\Library\Think\View.class.php 第 93 行.
INFO: [ app_end ] --START--
INFO: Run Behavior\ShowPageTrace [ RunTime:0.001323s ]
INFO: [ app_end ] --END-- [ RunTime:0.001478s ]

[ 2017-03-28T14:20:31+08:00 ] ::1 /blog/
INFO: [ app_begin ] --START--
INFO: Run Behavior\ReadHtmlCache [ RunTime:0.000906s ]
INFO: [ app_begin ] --END-- [ RunTime:0.001372s ]
NOTIC: [8] Undefined variable: a C:\wamp64\www\blog\HJK\Home\Model\ArticleCategoryModel.class.php 第 12 行.
NOTIC: [2] Invalid argument supplied for foreach() C:\wamp64\www\blog\HJK\Home\Model\ArticleCategoryModel.class.php 第 12 行.
NOTIC: [8192] mysql_connect(): The mysql extension is deprecated and will be removed in the future: use mysqli or PDO instead C:\wamp64\www\blog\ThinkPHP\Library\Think\Db\Driver\Mysql.class.php 第 52 行.
SQL: SHOW COLUMNS FROM `blog_article_category` [ RunTime:0.002507s ]
SQL: SHOW COLUMNS FROM `blog_article_category` [ RunTime:0.000561s ]
SQL: SELECT * FROM `blog_article_category` WHERE ( `status` = 1 )  [ RunTime:0.000244s ]
INFO: [ view_parse ] --START--
INFO: [ template_filter ] --START--
INFO: Run Behavior\ContentReplace [ RunTime:0.000094s ]
INFO: [ template_filter ] --END-- [ RunTime:0.000320s ]
INFO: Run Behavior\ParseTemplate [ RunTime:0.010769s ]
INFO: [ view_parse ] --END-- [ RunTime:0.010918s ]
INFO: [ view_filter ] --START--
INFO: Run Behavior\WriteHtmlCache [ RunTime:0.000774s ]
INFO: [ view_filter ] --END-- [ RunTime:0.000903s ]
NOTIC: [2] Cannot modify header information - headers already sent by (output started at C:\wamp64\www\blog\HJK\Home\Model\ArticleCategoryModel.class.php:9) C:\wamp64\www\blog\ThinkPHP\Library\Think\View.class.php 第 91 行.
NOTIC: [2] Cannot modify header information - headers already sent by (output started at C:\wamp64\www\blog\HJK\Home\Model\ArticleCategoryModel.class.php:9) C:\wamp64\www\blog\ThinkPHP\Library\Think\View.class.php 第 92 行.
NOTIC: [2] Cannot modify header information - headers already sent by (output started at C:\wamp64\www\blog\HJK\Home\Model\ArticleCategoryModel.class.php:9) C:\wamp64\www\blog\ThinkPHP\Library\Think\View.class.php 第 93 行.
INFO: [ app_end ] --START--
INFO: Run Behavior\ShowPageTrace [ RunTime:0.000785s ]
INFO: [ app_end ] --END-- [ RunTime:0.000922s ]

[ 2017-03-28T14:21:48+08:00 ] ::1 /blog/
INFO: [ app_begin ] --START--
INFO: Run Behavior\ReadHtmlCache [ RunTime:0.000910s ]
INFO: [ app_begin ] --END-- [ RunTime:0.001423s ]

[ 2017-03-28T14:21:49+08:00 ] ::1 /blog/
INFO: [ app_begin ] --START--
INFO: Run Behavior\ReadHtmlCache [ RunTime:0.001388s ]
INFO: [ app_begin ] --END-- [ RunTime:0.001900s ]

[ 2017-03-28T14:21:59+08:00 ] ::1 /blog/
INFO: [ app_begin ] --START--
INFO: Run Behavior\ReadHtmlCache [ RunTime:0.000903s ]
INFO: [ app_begin ] --END-- [ RunTime:0.001413s ]
NOTIC: [8] Undefined variable: a C:\wamp64\www\blog\HJK\Home\Model\ArticleCategoryModel.class.php 第 12 行.
NOTIC: [2] Invalid argument supplied for foreach() C:\wamp64\www\blog\HJK\Home\Model\ArticleCategoryModel.class.php 第 12 行.
NOTIC: [8192] mysql_connect(): The mysql extension is deprecated and will be removed in the future: use mysqli or PDO instead C:\wamp64\www\blog\ThinkPHP\Library\Think\Db\Driver\Mysql.class.php 第 52 行.
SQL: SHOW COLUMNS FROM `blog_article_category` [ RunTime:0.003504s ]
SQL: SHOW COLUMNS FROM `blog_article_category` [ RunTime:0.000939s ]
SQL: SELECT * FROM `blog_article_category` WHERE ( `status` = 1 )  [ RunTime:0.000295s ]
INFO: [ view_parse ] --START--
INFO: [ template_filter ] --START--
INFO: Run Behavior\ContentReplace [ RunTime:0.000131s ]
INFO: [ template_filter ] --END-- [ RunTime:0.000393s ]
INFO: Run Behavior\ParseTemplate [ RunTime:0.011328s ]
INFO: [ view_parse ] --END-- [ RunTime:0.011479s ]
INFO: [ view_filter ] --START--
INFO: Run Behavior\WriteHtmlCache [ RunTime:0.000779s ]
INFO: [ view_filter ] --END-- [ RunTime:0.000910s ]
NOTIC: [2] Cannot modify header information - headers already sent by (output started at C:\wamp64\www\blog\HJK\Home\Model\ArticleCategoryModel.class.php:9) C:\wamp64\www\blog\ThinkPHP\Library\Think\View.class.php 第 91 行.
NOTIC: [2] Cannot modify header information - headers already sent by (output started at C:\wamp64\www\blog\HJK\Home\Model\ArticleCategoryModel.class.php:9) C:\wamp64\www\blog\ThinkPHP\Library\Think\View.class.php 第 92 行.
NOTIC: [2] Cannot modify header information - headers already sent by (output started at C:\wamp64\www\blog\HJK\Home\Model\ArticleCategoryModel.class.php:9) C:\wamp64\www\blog\ThinkPHP\Library\Think\View.class.php 第 93 行.
INFO: [ app_end ] --START--
INFO: Run Behavior\ShowPageTrace [ RunTime:0.001008s ]
INFO: [ app_end ] --END-- [ RunTime:0.001179s ]

[ 2017-03-28T14:38:17+08:00 ] ::1 /blog/
INFO: [ app_begin ] --START--
INFO: Run Behavior\ReadHtmlCache [ RunTime:0.001660s ]
INFO: [ app_begin ] --END-- [ RunTime:0.002893s ]

[ 2017-03-28T14:38:18+08:00 ] ::1 /blog/
INFO: [ app_begin ] --START--
INFO: Run Behavior\ReadHtmlCache [ RunTime:0.001479s ]
INFO: [ app_begin ] --END-- [ RunTime:0.002325s ]

[ 2017-03-28T14:38:18+08:00 ] ::1 /blog/
INFO: [ app_begin ] --START--
INFO: Run Behavior\ReadHtmlCache [ RunTime:0.001433s ]
INFO: [ app_begin ] --END-- [ RunTime:0.002190s ]

[ 2017-03-28T14:38:18+08:00 ] ::1 /blog/
INFO: [ app_begin ] --START--
INFO: Run Behavior\ReadHtmlCache [ RunTime:0.001285s ]
INFO: [ app_begin ] --END-- [ RunTime:0.001872s ]

[ 2017-03-28T14:38:18+08:00 ] ::1 /blog/
INFO: [ app_begin ] --START--
INFO: Run Behavior\ReadHtmlCache [ RunTime:0.001419s ]
INFO: [ app_begin ] --END-- [ RunTime:0.002239s ]

[ 2017-03-28T14:38:19+08:00 ] ::1 /blog/
INFO: [ app_begin ] --START--
INFO: Run Behavior\ReadHtmlCache [ RunTime:0.001502s ]
INFO: [ app_begin ] --END-- [ RunTime:0.002316s ]

[ 2017-03-28T14:38:19+08:00 ] ::1 /blog/
INFO: [ app_begin ] --START--
INFO: Run Behavior\ReadHtmlCache [ RunTime:0.001719s ]
INFO: [ app_begin ] --END-- [ RunTime:0.003275s ]

