[ 2017-04-28T13:53:09+08:00 ] ::1 /blog%202/index.php/Admin/index/addBlog.html
INFO: [ app_begin ] --START--
INFO: Run Behavior\ReadHtmlCache [ RunTime:0.003857s ]
INFO: [ app_begin ] --END-- [ RunTime:0.007527s ]

[ 2017-04-28T13:53:18+08:00 ] ::1 /blog%202/index.php/Admin/index/addBlog.html
INFO: [ app_begin ] --START--
INFO: Run Behavior\ReadHtmlCache [ RunTime:0.000419s ]
INFO: [ app_begin ] --END-- [ RunTime:0.000745s ]

[ 2017-04-28T13:53:31+08:00 ] ::1 /blog%202/index.php/Admin/index/addBlog.html
INFO: [ app_begin ] --START--
INFO: Run Behavior\ReadHtmlCache [ RunTime:0.000554s ]
INFO: [ app_begin ] --END-- [ RunTime:0.000946s ]

[ 2017-04-28T13:53:45+08:00 ] ::1 /blog%202/index.php/Admin/index/addBlog.html
INFO: [ app_begin ] --START--
INFO: Run Behavior\ReadHtmlCache [ RunTime:0.000498s ]
INFO: [ app_begin ] --END-- [ RunTime:0.000995s ]
NOTIC: [8192] mysql_connect(): The mysql extension is deprecated and will be removed in the future: use mysqli or PDO instead /Applications/MAMP/htdocs/blog 2/ThinkPHP/Library/Think/Db/Driver/Mysql.class.php 第 52 行.
SQL: SHOW COLUMNS FROM `blog_article_category` [ RunTime:0.007778s ]
SQL: SELECT `name`,`id` FROM `blog_article_category` WHERE ( `status` = 1 ) AND ( `id` > 3 )  [ RunTime:0.000850s ]
INFO: [ view_parse ] --START--
INFO: [ template_filter ] --START--
INFO: Run Behavior\ContentReplace [ RunTime:0.000115s ]
INFO: [ template_filter ] --END-- [ RunTime:0.000266s ]
NOTIC: [8] Use of undefined constant index - assumed 'index' /Applications/MAMP/htdocs/blog 2/HJK/Runtime/Cache/Admin/002c20367dd596d411f6aa5e802fcb83.php 第 64 行.
NOTIC: [8] Use of undefined constant addBlogs - assumed 'addBlogs' /Applications/MAMP/htdocs/blog 2/HJK/Runtime/Cache/Admin/002c20367dd596d411f6aa5e802fcb83.php 第 64 行.
NOTIC: [2] Division by zero /Applications/MAMP/htdocs/blog 2/HJK/Runtime/Cache/Admin/002c20367dd596d411f6aa5e802fcb83.php 第 64 行.
INFO: Run Behavior\ParseTemplate [ RunTime:0.037817s ]
INFO: [ view_parse ] --END-- [ RunTime:0.037947s ]
INFO: [ view_filter ] --START--
INFO: Run Behavior\WriteHtmlCache [ RunTime:0.000597s ]
INFO: [ view_filter ] --END-- [ RunTime:0.000727s ]
INFO: [ app_end ] --START--
INFO: Run Behavior\ShowPageTrace [ RunTime:0.004350s ]
INFO: [ app_end ] --END-- [ RunTime:0.004501s ]

[ 2017-04-28T13:54:18+08:00 ] ::1 /blog%202/index.php/Admin/index/addBlog.html
INFO: [ app_begin ] --START--
INFO: Run Behavior\ReadHtmlCache [ RunTime:0.000490s ]
INFO: [ app_begin ] --END-- [ RunTime:0.000979s ]
NOTIC: [8192] mysql_connect(): The mysql extension is deprecated and will be removed in the future: use mysqli or PDO instead /Applications/MAMP/htdocs/blog 2/ThinkPHP/Library/Think/Db/Driver/Mysql.class.php 第 52 行.
SQL: SHOW COLUMNS FROM `blog_article_category` [ RunTime:0.004416s ]
SQL: SELECT `name`,`id` FROM `blog_article_category` WHERE ( `status` = 1 ) AND ( `id` > 3 )  [ RunTime:0.000621s ]
INFO: [ view_parse ] --START--
INFO: [ template_filter ] --START--
INFO: Run Behavior\ContentReplace [ RunTime:0.000103s ]
INFO: [ template_filter ] --END-- [ RunTime:0.000224s ]
NOTIC: [8] Use of undefined constant index - assumed 'index' /Applications/MAMP/htdocs/blog 2/HJK/Runtime/Cache/Admin/002c20367dd596d411f6aa5e802fcb83.php 第 64 行.
NOTIC: [8] Use of undefined constant addBlogs - assumed 'addBlogs' /Applications/MAMP/htdocs/blog 2/HJK/Runtime/Cache/Admin/002c20367dd596d411f6aa5e802fcb83.php 第 64 行.
NOTIC: [2] Division by zero /Applications/MAMP/htdocs/blog 2/HJK/Runtime/Cache/Admin/002c20367dd596d411f6aa5e802fcb83.php 第 64 行.
INFO: Run Behavior\ParseTemplate [ RunTime:0.011539s ]
INFO: [ view_parse ] --END-- [ RunTime:0.011608s ]
INFO: [ view_filter ] --START--
INFO: Run Behavior\WriteHtmlCache [ RunTime:0.000152s ]
INFO: [ view_filter ] --END-- [ RunTime:0.000210s ]
INFO: [ app_end ] --START--
INFO: Run Behavior\ShowPageTrace [ RunTime:0.000589s ]
INFO: [ app_end ] --END-- [ RunTime:0.000654s ]

[ 2017-04-28T13:55:20+08:00 ] ::1 /blog%202/index.php/Admin/index/addBlog.html
INFO: [ app_begin ] --START--
INFO: Run Behavior\ReadHtmlCache [ RunTime:0.000493s ]
INFO: [ app_begin ] --END-- [ RunTime:0.000960s ]
NOTIC: [8192] mysql_connect(): The mysql extension is deprecated and will be removed in the future: use mysqli or PDO instead /Applications/MAMP/htdocs/blog 2/ThinkPHP/Library/Think/Db/Driver/Mysql.class.php 第 52 行.
SQL: SHOW COLUMNS FROM `blog_article_category` [ RunTime:0.006617s ]
SQL: SELECT `name`,`id` FROM `blog_article_category` WHERE ( `status` = 1 ) AND ( `id` > 3 )  [ RunTime:0.000641s ]
INFO: [ view_parse ] --START--
INFO: [ template_filter ] --START--
INFO: Run Behavior\ContentReplace [ RunTime:0.000052s ]
INFO: [ template_filter ] --END-- [ RunTime:0.000129s ]
NOTIC: [8] Use of undefined constant index - assumed 'index' /Applications/MAMP/htdocs/blog 2/HJK/Runtime/Cache/Admin/002c20367dd596d411f6aa5e802fcb83.php 第 64 行.
NOTIC: [8] Use of undefined constant addBlogs - assumed 'addBlogs' /Applications/MAMP/htdocs/blog 2/HJK/Runtime/Cache/Admin/002c20367dd596d411f6aa5e802fcb83.php 第 64 行.
NOTIC: [2] Division by zero /Applications/MAMP/htdocs/blog 2/HJK/Runtime/Cache/Admin/002c20367dd596d411f6aa5e802fcb83.php 第 64 行.
INFO: Run Behavior\ParseTemplate [ RunTime:0.010722s ]
INFO: [ view_parse ] --END-- [ RunTime:0.010816s ]
INFO: [ view_filter ] --START--
INFO: Run Behavior\WriteHtmlCache [ RunTime:0.000138s ]
INFO: [ view_filter ] --END-- [ RunTime:0.000190s ]
INFO: [ app_end ] --START--
INFO: Run Behavior\ShowPageTrace [ RunTime:0.000524s ]
INFO: [ app_end ] --END-- [ RunTime:0.000586s ]

[ 2017-04-28T13:55:43+08:00 ] ::1 /blog%202/index.php/Admin/index/addBlog.html
INFO: [ app_begin ] --START--
INFO: Run Behavior\ReadHtmlCache [ RunTime:0.000421s ]
INFO: [ app_begin ] --END-- [ RunTime:0.000759s ]
NOTIC: [8192] mysql_connect(): The mysql extension is deprecated and will be removed in the future: use mysqli or PDO instead /Applications/MAMP/htdocs/blog 2/ThinkPHP/Library/Think/Db/Driver/Mysql.class.php 第 52 行.
SQL: SHOW COLUMNS FROM `blog_article_category` [ RunTime:0.006480s ]
SQL: SELECT `name`,`id` FROM `blog_article_category` WHERE ( `status` = 1 ) AND ( `id` > 3 )  [ RunTime:0.000500s ]
INFO: [ view_parse ] --START--
INFO: [ template_filter ] --START--
INFO: Run Behavior\ContentReplace [ RunTime:0.000045s ]
INFO: [ template_filter ] --END-- [ RunTime:0.000126s ]
NOTIC: [8] Use of undefined constant index - assumed 'index' /Applications/MAMP/htdocs/blog 2/HJK/Runtime/Cache/Admin/002c20367dd596d411f6aa5e802fcb83.php 第 64 行.
NOTIC: [8] Use of undefined constant addBlogs - assumed 'addBlogs' /Applications/MAMP/htdocs/blog 2/HJK/Runtime/Cache/Admin/002c20367dd596d411f6aa5e802fcb83.php 第 64 行.
NOTIC: [2] Division by zero /Applications/MAMP/htdocs/blog 2/HJK/Runtime/Cache/Admin/002c20367dd596d411f6aa5e802fcb83.php 第 64 行.
INFO: Run Behavior\ParseTemplate [ RunTime:0.010199s ]
INFO: [ view_parse ] --END-- [ RunTime:0.010256s ]
INFO: [ view_filter ] --START--
INFO: Run Behavior\WriteHtmlCache [ RunTime:0.000139s ]
INFO: [ view_filter ] --END-- [ RunTime:0.000193s ]
INFO: [ app_end ] --START--
INFO: Run Behavior\ShowPageTrace [ RunTime:0.000473s ]
INFO: [ app_end ] --END-- [ RunTime:0.000533s ]

[ 2017-04-28T13:55:45+08:00 ] ::1 /blog%202/index.php/Admin/index/addBlog.html
INFO: [ app_begin ] --START--
INFO: Run Behavior\ReadHtmlCache [ RunTime:0.000425s ]
INFO: [ app_begin ] --END-- [ RunTime:0.000754s ]
NOTIC: [8192] mysql_connect(): The mysql extension is deprecated and will be removed in the future: use mysqli or PDO instead /Applications/MAMP/htdocs/blog 2/ThinkPHP/Library/Think/Db/Driver/Mysql.class.php 第 52 行.
SQL: SHOW COLUMNS FROM `blog_article_category` [ RunTime:0.006704s ]
SQL: SELECT `name`,`id` FROM `blog_article_category` WHERE ( `status` = 1 ) AND ( `id` > 3 )  [ RunTime:0.000588s ]
INFO: [ view_parse ] --START--
INFO: [ template_filter ] --START--
INFO: Run Behavior\ContentReplace [ RunTime:0.000050s ]
INFO: [ template_filter ] --END-- [ RunTime:0.000144s ]
NOTIC: [8] Use of undefined constant index - assumed 'index' /Applications/MAMP/htdocs/blog 2/HJK/Runtime/Cache/Admin/002c20367dd596d411f6aa5e802fcb83.php 第 64 行.
NOTIC: [8] Use of undefined constant addBlogs - assumed 'addBlogs' /Applications/MAMP/htdocs/blog 2/HJK/Runtime/Cache/Admin/002c20367dd596d411f6aa5e802fcb83.php 第 64 行.
NOTIC: [2] Division by zero /Applications/MAMP/htdocs/blog 2/HJK/Runtime/Cache/Admin/002c20367dd596d411f6aa5e802fcb83.php 第 64 行.
INFO: Run Behavior\ParseTemplate [ RunTime:0.011428s ]
INFO: [ view_parse ] --END-- [ RunTime:0.011521s ]
INFO: [ view_filter ] --START--
INFO: Run Behavior\WriteHtmlCache [ RunTime:0.000219s ]
INFO: [ view_filter ] --END-- [ RunTime:0.000306s ]
INFO: [ app_end ] --START--
INFO: Run Behavior\ShowPageTrace [ RunTime:0.000715s ]
INFO: [ app_end ] --END-- [ RunTime:0.000811s ]

[ 2017-04-28T13:57:42+08:00 ] ::1 /blog%202/index.php/Admin/index/addBlog.html
INFO: [ app_begin ] --START--
INFO: Run Behavior\ReadHtmlCache [ RunTime:0.000460s ]
INFO: [ app_begin ] --END-- [ RunTime:0.000805s ]
NOTIC: [8192] mysql_connect(): The mysql extension is deprecated and will be removed in the future: use mysqli or PDO instead /Applications/MAMP/htdocs/blog 2/ThinkPHP/Library/Think/Db/Driver/Mysql.class.php 第 52 行.
SQL: SHOW COLUMNS FROM `blog_article_category` [ RunTime:0.006590s ]
SQL: SELECT `name`,`id` FROM `blog_article_category` WHERE ( `status` = 1 ) AND ( `id` > 3 )  [ RunTime:0.000655s ]
INFO: [ view_parse ] --START--
INFO: [ template_filter ] --START--
INFO: Run Behavior\ContentReplace [ RunTime:0.000043s ]
INFO: [ template_filter ] --END-- [ RunTime:0.000116s ]
NOTIC: [8] Use of undefined constant index - assumed 'index' /Applications/MAMP/htdocs/blog 2/HJK/Runtime/Cache/Admin/002c20367dd596d411f6aa5e802fcb83.php 第 64 行.
NOTIC: [8] Use of undefined constant addBlogs - assumed 'addBlogs' /Applications/MAMP/htdocs/blog 2/HJK/Runtime/Cache/Admin/002c20367dd596d411f6aa5e802fcb83.php 第 64 行.
NOTIC: [2] Division by zero /Applications/MAMP/htdocs/blog 2/HJK/Runtime/Cache/Admin/002c20367dd596d411f6aa5e802fcb83.php 第 64 行.
INFO: Run Behavior\ParseTemplate [ RunTime:0.009439s ]
INFO: [ view_parse ] --END-- [ RunTime:0.009509s ]
INFO: [ view_filter ] --START--
INFO: Run Behavior\WriteHtmlCache [ RunTime:0.000139s ]
INFO: [ view_filter ] --END-- [ RunTime:0.000194s ]
INFO: [ app_end ] --START--
INFO: Run Behavior\ShowPageTrace [ RunTime:0.000478s ]
INFO: [ app_end ] --END-- [ RunTime:0.000539s ]

[ 2017-04-28T14:59:48+08:00 ] ::1 /blog%202/index.php/Admin/index/addBlog.html
INFO: [ app_begin ] --START--
INFO: Run Behavior\ReadHtmlCache [ RunTime:0.000496s ]
INFO: [ app_begin ] --END-- [ RunTime:0.001013s ]
NOTIC: [8192] mysql_connect(): The mysql extension is deprecated and will be removed in the future: use mysqli or PDO instead /Applications/MAMP/htdocs/blog 2/ThinkPHP/Library/Think/Db/Driver/Mysql.class.php 第 52 行.
SQL: SHOW COLUMNS FROM `blog_article_category` [ RunTime:0.007004s ]
SQL: SELECT `name`,`id` FROM `blog_article_category` WHERE ( `status` = 1 ) AND ( `id` > 3 )  [ RunTime:0.000536s ]
INFO: [ view_parse ] --START--
INFO: [ template_filter ] --START--
INFO: Run Behavior\ContentReplace [ RunTime:0.000058s ]
INFO: [ template_filter ] --END-- [ RunTime:0.000135s ]
NOTIC: [8] Use of undefined constant index - assumed 'index' /Applications/MAMP/htdocs/blog 2/HJK/Runtime/Cache/Admin/002c20367dd596d411f6aa5e802fcb83.php 第 64 行.
NOTIC: [8] Use of undefined constant addBlogs - assumed 'addBlogs' /Applications/MAMP/htdocs/blog 2/HJK/Runtime/Cache/Admin/002c20367dd596d411f6aa5e802fcb83.php 第 64 行.
NOTIC: [2] Division by zero /Applications/MAMP/htdocs/blog 2/HJK/Runtime/Cache/Admin/002c20367dd596d411f6aa5e802fcb83.php 第 64 行.
INFO: Run Behavior\ParseTemplate [ RunTime:0.014568s ]
INFO: [ view_parse ] --END-- [ RunTime:0.014652s ]
INFO: [ view_filter ] --START--
INFO: Run Behavior\WriteHtmlCache [ RunTime:0.000207s ]
INFO: [ view_filter ] --END-- [ RunTime:0.000280s ]
INFO: [ app_end ] --START--
INFO: Run Behavior\ShowPageTrace [ RunTime:0.000683s ]
INFO: [ app_end ] --END-- [ RunTime:0.000766s ]

[ 2017-04-28T15:00:03+08:00 ] ::1 /blog%202/index.php/Admin/index/addBlog.html
INFO: [ app_begin ] --START--
INFO: Run Behavior\ReadHtmlCache [ RunTime:0.000423s ]
INFO: [ app_begin ] --END-- [ RunTime:0.000751s ]
NOTIC: [8192] mysql_connect(): The mysql extension is deprecated and will be removed in the future: use mysqli or PDO instead /Applications/MAMP/htdocs/blog 2/ThinkPHP/Library/Think/Db/Driver/Mysql.class.php 第 52 行.
SQL: SHOW COLUMNS FROM `blog_article_category` [ RunTime:0.003849s ]
SQL: SELECT `name`,`id` FROM `blog_article_category` WHERE ( `status` = 1 ) AND ( `id` > 3 )  [ RunTime:0.000577s ]
INFO: [ view_parse ] --START--
INFO: [ template_filter ] --START--
INFO: Run Behavior\ContentReplace [ RunTime:0.000047s ]
INFO: [ template_filter ] --END-- [ RunTime:0.000122s ]
NOTIC: [8] Use of undefined constant index - assumed 'index' /Applications/MAMP/htdocs/blog 2/HJK/Runtime/Cache/Admin/002c20367dd596d411f6aa5e802fcb83.php 第 64 行.
NOTIC: [8] Use of undefined constant addBlogs - assumed 'addBlogs' /Applications/MAMP/htdocs/blog 2/HJK/Runtime/Cache/Admin/002c20367dd596d411f6aa5e802fcb83.php 第 64 行.
NOTIC: [2] Division by zero /Applications/MAMP/htdocs/blog 2/HJK/Runtime/Cache/Admin/002c20367dd596d411f6aa5e802fcb83.php 第 64 行.
NOTIC: [8] Undefined variable: blog /Applications/MAMP/htdocs/blog 2/HJK/Runtime/Cache/Admin/002c20367dd596d411f6aa5e802fcb83.php 第 74 行.
INFO: Run Behavior\ParseTemplate [ RunTime:0.013386s ]
INFO: [ view_parse ] --END-- [ RunTime:0.013471s ]
INFO: [ view_filter ] --START--
INFO: Run Behavior\WriteHtmlCache [ RunTime:0.000215s ]
INFO: [ view_filter ] --END-- [ RunTime:0.000287s ]
INFO: [ app_end ] --START--
INFO: Run Behavior\ShowPageTrace [ RunTime:0.000793s ]
INFO: [ app_end ] --END-- [ RunTime:0.000903s ]

[ 2017-04-28T15:01:42+08:00 ] ::1 /blog%202/index.php/Admin/index/index.html
INFO: [ app_begin ] --START--
INFO: Run Behavior\ReadHtmlCache [ RunTime:0.000497s ]
INFO: [ app_begin ] --END-- [ RunTime:0.001019s ]
NOTIC: [8192] mysql_connect(): The mysql extension is deprecated and will be removed in the future: use mysqli or PDO instead /Applications/MAMP/htdocs/blog 2/ThinkPHP/Library/Think/Db/Driver/Mysql.class.php 第 52 行.
SQL: SHOW COLUMNS FROM `blog_article_detail` [ RunTime:0.006355s ]
NOTIC: [8] Undefined index: p /Applications/MAMP/htdocs/blog 2/HJK/Admin/Model/ArticleDetailModel.class.php 第 7 行.
SQL: SELECT dt.title,dt.content,dt.create_time,dt.c_id,dt.id,ac.name FROM blog_article_detail dt INNER JOIN blog_article_category AS ac ON ac.id = dt.category_id  WHERE ( dt.status = 1 ) ORDER BY create_time desc LIMIT 0,6   [ RunTime:0.001145s ]
SQL: SELECT dt.title,dt.content,dt.create_time,dt.c_id,dt.id,ac.name FROM blog_article_detail dt INNER JOIN blog_article_category AS ac ON ac.id = dt.category_id  WHERE ( dt.status = 1 ) ORDER BY create_time desc  [ RunTime:0.000873s ]
INFO: [ view_parse ] --START--
INFO: [ template_filter ] --START--
INFO: Run Behavior\ContentReplace [ RunTime:0.000058s ]
INFO: [ template_filter ] --END-- [ RunTime:0.000220s ]
INFO: Run Behavior\ParseTemplate [ RunTime:0.012032s ]
INFO: [ view_parse ] --END-- [ RunTime:0.012130s ]
INFO: [ view_filter ] --START--
INFO: Run Behavior\WriteHtmlCache [ RunTime:0.000192s ]
INFO: [ view_filter ] --END-- [ RunTime:0.000250s ]
INFO: [ app_end ] --START--
INFO: Run Behavior\ShowPageTrace [ RunTime:0.000566s ]
INFO: [ app_end ] --END-- [ RunTime:0.000629s ]

[ 2017-04-28T15:04:16+08:00 ] ::1 /blog%202/index.php/Admin/index/index.html
INFO: [ app_begin ] --START--
INFO: Run Behavior\ReadHtmlCache [ RunTime:0.000420s ]
INFO: [ app_begin ] --END-- [ RunTime:0.000757s ]
NOTIC: [8192] mysql_connect(): The mysql extension is deprecated and will be removed in the future: use mysqli or PDO instead /Applications/MAMP/htdocs/blog 2/ThinkPHP/Library/Think/Db/Driver/Mysql.class.php 第 52 行.
SQL: SHOW COLUMNS FROM `blog_article_detail` [ RunTime:0.004602s ]
NOTIC: [8] Undefined index: p /Applications/MAMP/htdocs/blog 2/HJK/Admin/Model/ArticleDetailModel.class.php 第 7 行.
SQL: SELECT dt.title,dt.content,dt.create_time,dt.c_id,dt.id,ac.name FROM blog_article_detail dt INNER JOIN blog_article_category AS ac ON ac.id = dt.category_id  WHERE ( dt.status = 1 ) ORDER BY create_time desc LIMIT 0,6   [ RunTime:0.000715s ]
SQL: SELECT dt.title,dt.content,dt.create_time,dt.c_id,dt.id,ac.name FROM blog_article_detail dt INNER JOIN blog_article_category AS ac ON ac.id = dt.category_id  WHERE ( dt.status = 1 ) ORDER BY create_time desc  [ RunTime:0.000750s ]
INFO: [ view_parse ] --START--
INFO: [ template_filter ] --START--
INFO: Run Behavior\ContentReplace [ RunTime:0.000041s ]
INFO: [ template_filter ] --END-- [ RunTime:0.000114s ]
INFO: Run Behavior\ParseTemplate [ RunTime:0.010555s ]
INFO: [ view_parse ] --END-- [ RunTime:0.010622s ]
INFO: [ view_filter ] --START--
INFO: Run Behavior\WriteHtmlCache [ RunTime:0.000137s ]
INFO: [ view_filter ] --END-- [ RunTime:0.000189s ]
INFO: [ app_end ] --START--
INFO: Run Behavior\ShowPageTrace [ RunTime:0.000487s ]
INFO: [ app_end ] --END-- [ RunTime:0.000542s ]

[ 2017-04-28T15:04:18+08:00 ] ::1 /blog%202/index.php/Admin/index/index.html
INFO: [ app_begin ] --START--
INFO: Run Behavior\ReadHtmlCache [ RunTime:0.000422s ]
INFO: [ app_begin ] --END-- [ RunTime:0.000773s ]
NOTIC: [8192] mysql_connect(): The mysql extension is deprecated and will be removed in the future: use mysqli or PDO instead /Applications/MAMP/htdocs/blog 2/ThinkPHP/Library/Think/Db/Driver/Mysql.class.php 第 52 行.
SQL: SHOW COLUMNS FROM `blog_article_detail` [ RunTime:0.006799s ]
NOTIC: [8] Undefined index: p /Applications/MAMP/htdocs/blog 2/HJK/Admin/Model/ArticleDetailModel.class.php 第 7 行.
SQL: SELECT dt.title,dt.content,dt.create_time,dt.c_id,dt.id,ac.name FROM blog_article_detail dt INNER JOIN blog_article_category AS ac ON ac.id = dt.category_id  WHERE ( dt.status = 1 ) ORDER BY create_time desc LIMIT 0,6   [ RunTime:0.003596s ]
SQL: SELECT dt.title,dt.content,dt.create_time,dt.c_id,dt.id,ac.name FROM blog_article_detail dt INNER JOIN blog_article_category AS ac ON ac.id = dt.category_id  WHERE ( dt.status = 1 ) ORDER BY create_time desc  [ RunTime:0.001042s ]
INFO: [ view_parse ] --START--
INFO: [ template_filter ] --START--
INFO: Run Behavior\ContentReplace [ RunTime:0.000041s ]
INFO: [ template_filter ] --END-- [ RunTime:0.000113s ]
INFO: Run Behavior\ParseTemplate [ RunTime:0.010111s ]
INFO: [ view_parse ] --END-- [ RunTime:0.010203s ]
INFO: [ view_filter ] --START--
INFO: Run Behavior\WriteHtmlCache [ RunTime:0.000272s ]
INFO: [ view_filter ] --END-- [ RunTime:0.000365s ]
INFO: [ app_end ] --START--
INFO: Run Behavior\ShowPageTrace [ RunTime:0.000675s ]
INFO: [ app_end ] --END-- [ RunTime:0.000769s ]

[ 2017-04-28T15:04:20+08:00 ] ::1 /blog%202/index.php/Admin/index/addBlog.html
INFO: [ app_begin ] --START--
INFO: Run Behavior\ReadHtmlCache [ RunTime:0.000412s ]
INFO: [ app_begin ] --END-- [ RunTime:0.000734s ]
NOTIC: [8192] mysql_connect(): The mysql extension is deprecated and will be removed in the future: use mysqli or PDO instead /Applications/MAMP/htdocs/blog 2/ThinkPHP/Library/Think/Db/Driver/Mysql.class.php 第 52 行.
SQL: SHOW COLUMNS FROM `blog_article_category` [ RunTime:0.006619s ]
SQL: SELECT `name`,`id` FROM `blog_article_category` WHERE ( `status` = 1 ) AND ( `id` > 3 )  [ RunTime:0.000745s ]
INFO: [ view_parse ] --START--
INFO: [ template_filter ] --START--
INFO: Run Behavior\ContentReplace [ RunTime:0.000053s ]
INFO: [ template_filter ] --END-- [ RunTime:0.000135s ]
NOTIC: [8] Use of undefined constant index - assumed 'index' /Applications/MAMP/htdocs/blog 2/HJK/Runtime/Cache/Admin/002c20367dd596d411f6aa5e802fcb83.php 第 64 行.
NOTIC: [8] Use of undefined constant addBlogs - assumed 'addBlogs' /Applications/MAMP/htdocs/blog 2/HJK/Runtime/Cache/Admin/002c20367dd596d411f6aa5e802fcb83.php 第 64 行.
NOTIC: [2] Division by zero /Applications/MAMP/htdocs/blog 2/HJK/Runtime/Cache/Admin/002c20367dd596d411f6aa5e802fcb83.php 第 64 行.
NOTIC: [8] Undefined variable: blog /Applications/MAMP/htdocs/blog 2/HJK/Runtime/Cache/Admin/002c20367dd596d411f6aa5e802fcb83.php 第 74 行.
INFO: Run Behavior\ParseTemplate [ RunTime:0.013473s ]
INFO: [ view_parse ] --END-- [ RunTime:0.013554s ]
INFO: [ view_filter ] --START--
INFO: Run Behavior\WriteHtmlCache [ RunTime:0.000157s ]
INFO: [ view_filter ] --END-- [ RunTime:0.000211s ]
INFO: [ app_end ] --START--
INFO: Run Behavior\ShowPageTrace [ RunTime:0.000459s ]
INFO: [ app_end ] --END-- [ RunTime:0.000516s ]

[ 2017-04-28T15:04:22+08:00 ] ::1 /blog%202/index.php/Admin/index/addBlog.html
INFO: [ app_begin ] --START--
INFO: Run Behavior\ReadHtmlCache [ RunTime:0.000410s ]
INFO: [ app_begin ] --END-- [ RunTime:0.000731s ]
NOTIC: [8192] mysql_connect(): The mysql extension is deprecated and will be removed in the future: use mysqli or PDO instead /Applications/MAMP/htdocs/blog 2/ThinkPHP/Library/Think/Db/Driver/Mysql.class.php 第 52 行.
SQL: SHOW COLUMNS FROM `blog_article_category` [ RunTime:0.006920s ]
SQL: SELECT `name`,`id` FROM `blog_article_category` WHERE ( `status` = 1 ) AND ( `id` > 3 )  [ RunTime:0.000624s ]
INFO: [ view_parse ] --START--
INFO: [ template_filter ] --START--
INFO: Run Behavior\ContentReplace [ RunTime:0.000043s ]
INFO: [ template_filter ] --END-- [ RunTime:0.000110s ]
NOTIC: [8] Use of undefined constant index - assumed 'index' /Applications/MAMP/htdocs/blog 2/HJK/Runtime/Cache/Admin/002c20367dd596d411f6aa5e802fcb83.php 第 64 行.
NOTIC: [8] Use of undefined constant addBlogs - assumed 'addBlogs' /Applications/MAMP/htdocs/blog 2/HJK/Runtime/Cache/Admin/002c20367dd596d411f6aa5e802fcb83.php 第 64 行.
NOTIC: [2] Division by zero /Applications/MAMP/htdocs/blog 2/HJK/Runtime/Cache/Admin/002c20367dd596d411f6aa5e802fcb83.php 第 64 行.
NOTIC: [8] Undefined variable: blog /Applications/MAMP/htdocs/blog 2/HJK/Runtime/Cache/Admin/002c20367dd596d411f6aa5e802fcb83.php 第 74 行.
INFO: Run Behavior\ParseTemplate [ RunTime:0.013182s ]
INFO: [ view_parse ] --END-- [ RunTime:0.013279s ]
INFO: [ view_filter ] --START--
INFO: Run Behavior\WriteHtmlCache [ RunTime:0.000237s ]
INFO: [ view_filter ] --END-- [ RunTime:0.000326s ]
INFO: [ app_end ] --START--
INFO: Run Behavior\ShowPageTrace [ RunTime:0.000747s ]
INFO: [ app_end ] --END-- [ RunTime:0.000839s ]

[ 2017-04-28T15:07:53+08:00 ] ::1 /blog%202/index.php/Admin/index/addBlog.html
INFO: [ app_begin ] --START--
INFO: Run Behavior\ReadHtmlCache [ RunTime:0.000659s ]
INFO: [ app_begin ] --END-- [ RunTime:0.001308s ]
NOTIC: [8192] mysql_connect(): The mysql extension is deprecated and will be removed in the future: use mysqli or PDO instead /Applications/MAMP/htdocs/blog 2/ThinkPHP/Library/Think/Db/Driver/Mysql.class.php 第 52 行.
SQL: SHOW COLUMNS FROM `blog_article_category` [ RunTime:0.006999s ]
SQL: SELECT `name`,`id` FROM `blog_article_category` WHERE ( `status` = 1 ) AND ( `id` > 3 )  [ RunTime:0.000843s ]
INFO: [ view_parse ] --START--
INFO: [ template_filter ] --START--
INFO: Run Behavior\ContentReplace [ RunTime:0.000090s ]
INFO: [ template_filter ] --END-- [ RunTime:0.000233s ]
NOTIC: [8] Use of undefined constant index - assumed 'index' /Applications/MAMP/htdocs/blog 2/HJK/Runtime/Cache/Admin/002c20367dd596d411f6aa5e802fcb83.php 第 64 行.
NOTIC: [8] Use of undefined constant addBlogs - assumed 'addBlogs' /Applications/MAMP/htdocs/blog 2/HJK/Runtime/Cache/Admin/002c20367dd596d411f6aa5e802fcb83.php 第 64 行.
NOTIC: [2] Division by zero /Applications/MAMP/htdocs/blog 2/HJK/Runtime/Cache/Admin/002c20367dd596d411f6aa5e802fcb83.php 第 64 行.
NOTIC: [8] Undefined variable: blog /Applications/MAMP/htdocs/blog 2/HJK/Runtime/Cache/Admin/002c20367dd596d411f6aa5e802fcb83.php 第 74 行.
INFO: Run Behavior\ParseTemplate [ RunTime:0.014981s ]
INFO: [ view_parse ] --END-- [ RunTime:0.015077s ]
INFO: [ view_filter ] --START--
INFO: Run Behavior\WriteHtmlCache [ RunTime:0.000500s ]
INFO: [ view_filter ] --END-- [ RunTime:0.000596s ]
INFO: [ app_end ] --START--
INFO: Run Behavior\ShowPageTrace [ RunTime:0.000768s ]
INFO: [ app_end ] --END-- [ RunTime:0.000861s ]

[ 2017-04-28T15:10:10+08:00 ] ::1 /blog%202/index.php/Admin/index/addBlog.html
INFO: [ app_begin ] --START--
INFO: Run Behavior\ReadHtmlCache [ RunTime:0.000506s ]
INFO: [ app_begin ] --END-- [ RunTime:0.001009s ]
NOTIC: [8192] mysql_connect(): The mysql extension is deprecated and will be removed in the future: use mysqli or PDO instead /Applications/MAMP/htdocs/blog 2/ThinkPHP/Library/Think/Db/Driver/Mysql.class.php 第 52 行.
SQL: SHOW COLUMNS FROM `blog_article_category` [ RunTime:0.006936s ]
SQL: SELECT `name`,`id` FROM `blog_article_category` WHERE ( `status` = 1 ) AND ( `id` > 3 )  [ RunTime:0.000619s ]
INFO: [ view_parse ] --START--
INFO: [ template_filter ] --START--
INFO: Run Behavior\ContentReplace [ RunTime:0.000072s ]
INFO: [ template_filter ] --END-- [ RunTime:0.000169s ]
NOTIC: [8] Use of undefined constant index - assumed 'index' /Applications/MAMP/htdocs/blog 2/HJK/Runtime/Cache/Admin/002c20367dd596d411f6aa5e802fcb83.php 第 64 行.
NOTIC: [8] Use of undefined constant addBlogs - assumed 'addBlogs' /Applications/MAMP/htdocs/blog 2/HJK/Runtime/Cache/Admin/002c20367dd596d411f6aa5e802fcb83.php 第 64 行.
NOTIC: [2] Division by zero /Applications/MAMP/htdocs/blog 2/HJK/Runtime/Cache/Admin/002c20367dd596d411f6aa5e802fcb83.php 第 64 行.
NOTIC: [8] Undefined variable: blog /Applications/MAMP/htdocs/blog 2/HJK/Runtime/Cache/Admin/002c20367dd596d411f6aa5e802fcb83.php 第 74 行.
INFO: Run Behavior\ParseTemplate [ RunTime:0.014032s ]
INFO: [ view_parse ] --END-- [ RunTime:0.014129s ]
INFO: [ view_filter ] --START--
INFO: Run Behavior\WriteHtmlCache [ RunTime:0.000239s ]
INFO: [ view_filter ] --END-- [ RunTime:0.000328s ]
INFO: [ app_end ] --START--
INFO: Run Behavior\ShowPageTrace [ RunTime:0.000955s ]
INFO: [ app_end ] --END-- [ RunTime:0.001061s ]

[ 2017-04-28T15:10:34+08:00 ] ::1 /blog%202/index.php/Admin/index/addBlog.html
INFO: [ app_begin ] --START--
INFO: Run Behavior\ReadHtmlCache [ RunTime:0.000499s ]
INFO: [ app_begin ] --END-- [ RunTime:0.000981s ]
NOTIC: [8192] mysql_connect(): The mysql extension is deprecated and will be removed in the future: use mysqli or PDO instead /Applications/MAMP/htdocs/blog 2/ThinkPHP/Library/Think/Db/Driver/Mysql.class.php 第 52 行.
SQL: SHOW COLUMNS FROM `blog_article_category` [ RunTime:0.009563s ]
SQL: SELECT `name`,`id` FROM `blog_article_category` WHERE ( `status` = 1 ) AND ( `id` > 3 )  [ RunTime:0.000646s ]
INFO: [ view_parse ] --START--
INFO: [ template_filter ] --START--
INFO: Run Behavior\ContentReplace [ RunTime:0.000057s ]
INFO: [ template_filter ] --END-- [ RunTime:0.000135s ]
NOTIC: [8] Use of undefined constant index - assumed 'index' /Applications/MAMP/htdocs/blog 2/HJK/Runtime/Cache/Admin/002c20367dd596d411f6aa5e802fcb83.php 第 64 行.
NOTIC: [8] Use of undefined constant addBlogs - assumed 'addBlogs' /Applications/MAMP/htdocs/blog 2/HJK/Runtime/Cache/Admin/002c20367dd596d411f6aa5e802fcb83.php 第 64 行.
NOTIC: [2] Division by zero /Applications/MAMP/htdocs/blog 2/HJK/Runtime/Cache/Admin/002c20367dd596d411f6aa5e802fcb83.php 第 64 行.
NOTIC: [8] Undefined variable: content /Applications/MAMP/htdocs/blog 2/HJK/Runtime/Cache/Admin/002c20367dd596d411f6aa5e802fcb83.php 第 74 行.
INFO: Run Behavior\ParseTemplate [ RunTime:0.012026s ]
INFO: [ view_parse ] --END-- [ RunTime:0.012101s ]
INFO: [ view_filter ] --START--
INFO: Run Behavior\WriteHtmlCache [ RunTime:0.000140s ]
INFO: [ view_filter ] --END-- [ RunTime:0.000198s ]
INFO: [ app_end ] --START--
INFO: Run Behavior\ShowPageTrace [ RunTime:0.000536s ]
INFO: [ app_end ] --END-- [ RunTime:0.000598s ]

[ 2017-04-28T15:10:46+08:00 ] ::1 /blog%202/index.php/Admin/index/addBlog.html
INFO: [ app_begin ] --START--
INFO: Run Behavior\ReadHtmlCache [ RunTime:0.000437s ]
INFO: [ app_begin ] --END-- [ RunTime:0.000794s ]
NOTIC: [8192] mysql_connect(): The mysql extension is deprecated and will be removed in the future: use mysqli or PDO instead /Applications/MAMP/htdocs/blog 2/ThinkPHP/Library/Think/Db/Driver/Mysql.class.php 第 52 行.
SQL: SHOW COLUMNS FROM `blog_article_category` [ RunTime:0.006793s ]
SQL: SELECT `name`,`id` FROM `blog_article_category` WHERE ( `status` = 1 ) AND ( `id` > 3 )  [ RunTime:0.001053s ]
INFO: [ view_parse ] --START--
INFO: [ template_filter ] --START--
INFO: Run Behavior\ContentReplace [ RunTime:0.000045s ]
INFO: [ template_filter ] --END-- [ RunTime:0.000118s ]
NOTIC: [8] Use of undefined constant index - assumed 'index' /Applications/MAMP/htdocs/blog 2/HJK/Runtime/Cache/Admin/002c20367dd596d411f6aa5e802fcb83.php 第 64 行.
NOTIC: [8] Use of undefined constant addBlogs - assumed 'addBlogs' /Applications/MAMP/htdocs/blog 2/HJK/Runtime/Cache/Admin/002c20367dd596d411f6aa5e802fcb83.php 第 64 行.
NOTIC: [2] Division by zero /Applications/MAMP/htdocs/blog 2/HJK/Runtime/Cache/Admin/002c20367dd596d411f6aa5e802fcb83.php 第 64 行.
NOTIC: [8] Undefined variable: content /Applications/MAMP/htdocs/blog 2/HJK/Runtime/Cache/Admin/002c20367dd596d411f6aa5e802fcb83.php 第 74 行.
INFO: Run Behavior\ParseTemplate [ RunTime:0.012077s ]
INFO: [ view_parse ] --END-- [ RunTime:0.012162s ]
INFO: [ view_filter ] --START--
INFO: Run Behavior\WriteHtmlCache [ RunTime:0.000143s ]
INFO: [ view_filter ] --END-- [ RunTime:0.000197s ]
INFO: [ app_end ] --START--
INFO: Run Behavior\ShowPageTrace [ RunTime:0.000481s ]
INFO: [ app_end ] --END-- [ RunTime:0.000542s ]

[ 2017-04-28T15:16:52+08:00 ] ::1 /blog%202/index.php/Admin/index/addBlog.html
INFO: [ app_begin ] --START--
INFO: Run Behavior\ReadHtmlCache [ RunTime:0.000485s ]
INFO: [ app_begin ] --END-- [ RunTime:0.000995s ]
NOTIC: [8192] mysql_connect(): The mysql extension is deprecated and will be removed in the future: use mysqli or PDO instead /Applications/MAMP/htdocs/blog 2/ThinkPHP/Library/Think/Db/Driver/Mysql.class.php 第 52 行.
SQL: SHOW COLUMNS FROM `blog_article_category` [ RunTime:0.006836s ]
SQL: SELECT `name`,`id` FROM `blog_article_category` WHERE ( `status` = 1 ) AND ( `id` > 3 )  [ RunTime:0.000639s ]
INFO: [ view_parse ] --START--
INFO: [ template_filter ] --START--
INFO: Run Behavior\ContentReplace [ RunTime:0.000053s ]
INFO: [ template_filter ] --END-- [ RunTime:0.000130s ]
NOTIC: [8] Use of undefined constant index - assumed 'index' /Applications/MAMP/htdocs/blog 2/HJK/Runtime/Cache/Admin/002c20367dd596d411f6aa5e802fcb83.php 第 64 行.
NOTIC: [8] Use of undefined constant addBlogs - assumed 'addBlogs' /Applications/MAMP/htdocs/blog 2/HJK/Runtime/Cache/Admin/002c20367dd596d411f6aa5e802fcb83.php 第 64 行.
NOTIC: [2] Division by zero /Applications/MAMP/htdocs/blog 2/HJK/Runtime/Cache/Admin/002c20367dd596d411f6aa5e802fcb83.php 第 64 行.
NOTIC: [8] Undefined variable: content /Applications/MAMP/htdocs/blog 2/HJK/Runtime/Cache/Admin/002c20367dd596d411f6aa5e802fcb83.php 第 74 行.
INFO: Run Behavior\ParseTemplate [ RunTime:0.011598s ]
INFO: [ view_parse ] --END-- [ RunTime:0.011666s ]
INFO: [ view_filter ] --START--
INFO: Run Behavior\WriteHtmlCache [ RunTime:0.000147s ]
INFO: [ view_filter ] --END-- [ RunTime:0.000202s ]
INFO: [ app_end ] --START--
INFO: Run Behavior\ShowPageTrace [ RunTime:0.000512s ]
INFO: [ app_end ] --END-- [ RunTime:0.000574s ]

[ 2017-04-28T15:17:09+08:00 ] ::1 /blog%202/index.php/Admin/index/addBlog.html
INFO: [ app_begin ] --START--
INFO: Run Behavior\ReadHtmlCache [ RunTime:0.000419s ]
INFO: [ app_begin ] --END-- [ RunTime:0.000747s ]
NOTIC: [8192] mysql_connect(): The mysql extension is deprecated and will be removed in the future: use mysqli or PDO instead /Applications/MAMP/htdocs/blog 2/ThinkPHP/Library/Think/Db/Driver/Mysql.class.php 第 52 行.
SQL: SHOW COLUMNS FROM `blog_article_category` [ RunTime:0.007422s ]
SQL: SELECT `name`,`id` FROM `blog_article_category` WHERE ( `status` = 1 ) AND ( `id` > 3 )  [ RunTime:0.000584s ]
INFO: [ view_parse ] --START--
INFO: [ template_filter ] --START--
INFO: Run Behavior\ContentReplace [ RunTime:0.000058s ]
INFO: [ template_filter ] --END-- [ RunTime:0.000136s ]
NOTIC: [8] Use of undefined constant index - assumed 'index' /Applications/MAMP/htdocs/blog 2/HJK/Runtime/Cache/Admin/002c20367dd596d411f6aa5e802fcb83.php 第 64 行.
NOTIC: [8] Use of undefined constant addBlogs - assumed 'addBlogs' /Applications/MAMP/htdocs/blog 2/HJK/Runtime/Cache/Admin/002c20367dd596d411f6aa5e802fcb83.php 第 64 行.
NOTIC: [2] Division by zero /Applications/MAMP/htdocs/blog 2/HJK/Runtime/Cache/Admin/002c20367dd596d411f6aa5e802fcb83.php 第 64 行.
NOTIC: [8] Undefined variable: content /Applications/MAMP/htdocs/blog 2/HJK/Runtime/Cache/Admin/002c20367dd596d411f6aa5e802fcb83.php 第 74 行.
INFO: Run Behavior\ParseTemplate [ RunTime:0.011217s ]
INFO: [ view_parse ] --END-- [ RunTime:0.011296s ]
INFO: [ view_filter ] --START--
INFO: Run Behavior\WriteHtmlCache [ RunTime:0.000183s ]
INFO: [ view_filter ] --END-- [ RunTime:0.000256s ]
INFO: [ app_end ] --START--
INFO: Run Behavior\ShowPageTrace [ RunTime:0.000642s ]
INFO: [ app_end ] --END-- [ RunTime:0.000717s ]

[ 2017-04-28T15:17:38+08:00 ] ::1 /blog%202/index.php/Admin/index/addBlog.html
INFO: [ app_begin ] --START--
INFO: Run Behavior\ReadHtmlCache [ RunTime:0.000509s ]
INFO: [ app_begin ] --END-- [ RunTime:0.001060s ]
NOTIC: [8192] mysql_connect(): The mysql extension is deprecated and will be removed in the future: use mysqli or PDO instead /Applications/MAMP/htdocs/blog 2/ThinkPHP/Library/Think/Db/Driver/Mysql.class.php 第 52 行.
SQL: SHOW COLUMNS FROM `blog_article_category` [ RunTime:0.006365s ]
SQL: SELECT `name`,`id` FROM `blog_article_category` WHERE ( `status` = 1 ) AND ( `id` > 3 )  [ RunTime:0.000547s ]
INFO: [ view_parse ] --START--
INFO: [ template_filter ] --START--
INFO: Run Behavior\ContentReplace [ RunTime:0.000055s ]
INFO: [ template_filter ] --END-- [ RunTime:0.000131s ]
NOTIC: [8] Use of undefined constant index - assumed 'index' /Applications/MAMP/htdocs/blog 2/HJK/Runtime/Cache/Admin/002c20367dd596d411f6aa5e802fcb83.php 第 64 行.
NOTIC: [8] Use of undefined constant addBlogs - assumed 'addBlogs' /Applications/MAMP/htdocs/blog 2/HJK/Runtime/Cache/Admin/002c20367dd596d411f6aa5e802fcb83.php 第 64 行.
NOTIC: [2] Division by zero /Applications/MAMP/htdocs/blog 2/HJK/Runtime/Cache/Admin/002c20367dd596d411f6aa5e802fcb83.php 第 64 行.
NOTIC: [8] Undefined variable: content /Applications/MAMP/htdocs/blog 2/HJK/Runtime/Cache/Admin/002c20367dd596d411f6aa5e802fcb83.php 第 74 行.
INFO: Run Behavior\ParseTemplate [ RunTime:0.011176s ]
INFO: [ view_parse ] --END-- [ RunTime:0.011245s ]
INFO: [ view_filter ] --START--
INFO: Run Behavior\WriteHtmlCache [ RunTime:0.000140s ]
INFO: [ view_filter ] --END-- [ RunTime:0.000192s ]
INFO: [ app_end ] --START--
INFO: Run Behavior\ShowPageTrace [ RunTime:0.000601s ]
INFO: [ app_end ] --END-- [ RunTime:0.000669s ]

[ 2017-04-28T15:19:02+08:00 ] ::1 /blog%202/index.php/Admin/index/addBlog.html
INFO: [ app_begin ] --START--
INFO: Run Behavior\ReadHtmlCache [ RunTime:0.000492s ]
INFO: [ app_begin ] --END-- [ RunTime:0.000961s ]
NOTIC: [8192] mysql_connect(): The mysql extension is deprecated and will be removed in the future: use mysqli or PDO instead /Applications/MAMP/htdocs/blog 2/ThinkPHP/Library/Think/Db/Driver/Mysql.class.php 第 52 行.
SQL: SHOW COLUMNS FROM `blog_article_category` [ RunTime:0.007000s ]
SQL: SELECT `name`,`id` FROM `blog_article_category` WHERE ( `status` = 1 ) AND ( `id` > 3 )  [ RunTime:0.000613s ]
INFO: [ view_parse ] --START--
INFO: [ template_filter ] --START--
INFO: Run Behavior\ContentReplace [ RunTime:0.000059s ]
INFO: [ template_filter ] --END-- [ RunTime:0.000139s ]
NOTIC: [8] Use of undefined constant index - assumed 'index' /Applications/MAMP/htdocs/blog 2/HJK/Runtime/Cache/Admin/002c20367dd596d411f6aa5e802fcb83.php 第 64 行.
NOTIC: [8] Use of undefined constant addBlogs - assumed 'addBlogs' /Applications/MAMP/htdocs/blog 2/HJK/Runtime/Cache/Admin/002c20367dd596d411f6aa5e802fcb83.php 第 64 行.
NOTIC: [2] Division by zero /Applications/MAMP/htdocs/blog 2/HJK/Runtime/Cache/Admin/002c20367dd596d411f6aa5e802fcb83.php 第 64 行.
NOTIC: [8] Undefined variable: content /Applications/MAMP/htdocs/blog 2/HJK/Runtime/Cache/Admin/002c20367dd596d411f6aa5e802fcb83.php 第 74 行.
INFO: Run Behavior\ParseTemplate [ RunTime:0.011543s ]
INFO: [ view_parse ] --END-- [ RunTime:0.011619s ]
INFO: [ view_filter ] --START--
INFO: Run Behavior\WriteHtmlCache [ RunTime:0.000137s ]
INFO: [ view_filter ] --END-- [ RunTime:0.000192s ]
INFO: [ app_end ] --START--
INFO: Run Behavior\ShowPageTrace [ RunTime:0.000499s ]
INFO: [ app_end ] --END-- [ RunTime:0.000561s ]

[ 2017-04-28T15:19:54+08:00 ] ::1 /blog%202/index.php/Admin/index/addBlog.html
INFO: [ app_begin ] --START--
INFO: Run Behavior\ReadHtmlCache [ RunTime:0.000496s ]
INFO: [ app_begin ] --END-- [ RunTime:0.000973s ]
NOTIC: [8192] mysql_connect(): The mysql extension is deprecated and will be removed in the future: use mysqli or PDO instead /Applications/MAMP/htdocs/blog 2/ThinkPHP/Library/Think/Db/Driver/Mysql.class.php 第 52 行.
SQL: SHOW COLUMNS FROM `blog_article_category` [ RunTime:0.006661s ]
SQL: SELECT `name`,`id` FROM `blog_article_category` WHERE ( `status` = 1 ) AND ( `id` > 3 )  [ RunTime:0.000719s ]
INFO: [ view_parse ] --START--
INFO: [ template_filter ] --START--
INFO: Run Behavior\ContentReplace [ RunTime:0.000066s ]
INFO: [ template_filter ] --END-- [ RunTime:0.000211s ]
NOTIC: [8] Use of undefined constant index - assumed 'index' /Applications/MAMP/htdocs/blog 2/HJK/Runtime/Cache/Admin/002c20367dd596d411f6aa5e802fcb83.php 第 64 行.
NOTIC: [8] Use of undefined constant addBlogs - assumed 'addBlogs' /Applications/MAMP/htdocs/blog 2/HJK/Runtime/Cache/Admin/002c20367dd596d411f6aa5e802fcb83.php 第 64 行.
NOTIC: [2] Division by zero /Applications/MAMP/htdocs/blog 2/HJK/Runtime/Cache/Admin/002c20367dd596d411f6aa5e802fcb83.php 第 64 行.
NOTIC: [8] Undefined variable: content /Applications/MAMP/htdocs/blog 2/HJK/Runtime/Cache/Admin/002c20367dd596d411f6aa5e802fcb83.php 第 74 行.
INFO: Run Behavior\ParseTemplate [ RunTime:0.013217s ]
INFO: [ view_parse ] --END-- [ RunTime:0.013317s ]
INFO: [ view_filter ] --START--
INFO: Run Behavior\WriteHtmlCache [ RunTime:0.000141s ]
INFO: [ view_filter ] --END-- [ RunTime:0.000193s ]
INFO: [ app_end ] --START--
INFO: Run Behavior\ShowPageTrace [ RunTime:0.000505s ]
INFO: [ app_end ] --END-- [ RunTime:0.000567s ]

[ 2017-04-28T15:19:59+08:00 ] ::1 /blog%202/index.php/Admin/index/index.html
INFO: [ app_begin ] --START--
INFO: Run Behavior\ReadHtmlCache [ RunTime:0.000474s ]
INFO: [ app_begin ] --END-- [ RunTime:0.000850s ]
NOTIC: [8192] mysql_connect(): The mysql extension is deprecated and will be removed in the future: use mysqli or PDO instead /Applications/MAMP/htdocs/blog 2/ThinkPHP/Library/Think/Db/Driver/Mysql.class.php 第 52 行.
SQL: SHOW COLUMNS FROM `blog_article_detail` [ RunTime:0.006919s ]
NOTIC: [8] Undefined index: p /Applications/MAMP/htdocs/blog 2/HJK/Admin/Model/ArticleDetailModel.class.php 第 7 行.
SQL: SELECT dt.title,dt.content,dt.create_time,dt.c_id,dt.id,ac.name FROM blog_article_detail dt INNER JOIN blog_article_category AS ac ON ac.id = dt.category_id  WHERE ( dt.status = 1 ) ORDER BY create_time desc LIMIT 0,6   [ RunTime:0.000791s ]
SQL: SELECT dt.title,dt.content,dt.create_time,dt.c_id,dt.id,ac.name FROM blog_article_detail dt INNER JOIN blog_article_category AS ac ON ac.id = dt.category_id  WHERE ( dt.status = 1 ) ORDER BY create_time desc  [ RunTime:0.000826s ]
INFO: [ view_parse ] --START--
INFO: [ template_filter ] --START--
INFO: Run Behavior\ContentReplace [ RunTime:0.000041s ]
INFO: [ template_filter ] --END-- [ RunTime:0.000113s ]
INFO: Run Behavior\ParseTemplate [ RunTime:0.011054s ]
INFO: [ view_parse ] --END-- [ RunTime:0.011169s ]
INFO: [ view_filter ] --START--
INFO: Run Behavior\WriteHtmlCache [ RunTime:0.000139s ]
INFO: [ view_filter ] --END-- [ RunTime:0.000198s ]
NOTIC: [2] Cannot modify header information - headers already sent by (output started at /Applications/MAMP/htdocs/blog 2/HJK/Admin/Model/ArticleDetailModel.class.php:32) /Applications/MAMP/htdocs/blog 2/ThinkPHP/Library/Think/View.class.php 第 91 行.
NOTIC: [2] Cannot modify header information - headers already sent by (output started at /Applications/MAMP/htdocs/blog 2/HJK/Admin/Model/ArticleDetailModel.class.php:32) /Applications/MAMP/htdocs/blog 2/ThinkPHP/Library/Think/View.class.php 第 92 行.
NOTIC: [2] Cannot modify header information - headers already sent by (output started at /Applications/MAMP/htdocs/blog 2/HJK/Admin/Model/ArticleDetailModel.class.php:32) /Applications/MAMP/htdocs/blog 2/ThinkPHP/Library/Think/View.class.php 第 93 行.
INFO: [ app_end ] --START--
INFO: Run Behavior\ShowPageTrace [ RunTime:0.000515s ]
INFO: [ app_end ] --END-- [ RunTime:0.000574s ]

[ 2017-04-28T15:20:17+08:00 ] ::1 /blog%202/index.php/Admin/index/index.html
INFO: [ app_begin ] --START--
INFO: Run Behavior\ReadHtmlCache [ RunTime:0.000524s ]
INFO: [ app_begin ] --END-- [ RunTime:0.000989s ]
NOTIC: [8192] mysql_connect(): The mysql extension is deprecated and will be removed in the future: use mysqli or PDO instead /Applications/MAMP/htdocs/blog 2/ThinkPHP/Library/Think/Db/Driver/Mysql.class.php 第 52 行.
SQL: SHOW COLUMNS FROM `blog_article_detail` [ RunTime:0.007013s ]
NOTIC: [8] Undefined index: p /Applications/MAMP/htdocs/blog 2/HJK/Admin/Model/ArticleDetailModel.class.php 第 7 行.
SQL: SELECT dt.title,dt.content,dt.create_time,dt.c_id,dt.id,ac.name FROM blog_article_detail dt INNER JOIN blog_article_category AS ac ON ac.id = dt.category_id  WHERE ( dt.status = 1 ) ORDER BY create_time desc LIMIT 0,6   [ RunTime:0.001111s ]
SQL: SELECT dt.title,dt.content,dt.create_time,dt.c_id,dt.id,ac.name FROM blog_article_detail dt INNER JOIN blog_article_category AS ac ON ac.id = dt.category_id  WHERE ( dt.status = 1 ) ORDER BY create_time desc  [ RunTime:0.001011s ]
INFO: [ view_parse ] --START--
INFO: [ template_filter ] --START--
INFO: Run Behavior\ContentReplace [ RunTime:0.000046s ]
INFO: [ template_filter ] --END-- [ RunTime:0.000120s ]
INFO: Run Behavior\ParseTemplate [ RunTime:0.010164s ]
INFO: [ view_parse ] --END-- [ RunTime:0.010242s ]
INFO: [ view_filter ] --START--
INFO: Run Behavior\WriteHtmlCache [ RunTime:0.000134s ]
INFO: [ view_filter ] --END-- [ RunTime:0.000193s ]
INFO: [ app_end ] --START--
INFO: Run Behavior\ShowPageTrace [ RunTime:0.000602s ]
INFO: [ app_end ] --END-- [ RunTime:0.000664s ]

[ 2017-04-28T15:20:19+08:00 ] ::1 /blog%202/index.php/Admin/index/addBlog.html
INFO: [ app_begin ] --START--
INFO: Run Behavior\ReadHtmlCache [ RunTime:0.000442s ]
INFO: [ app_begin ] --END-- [ RunTime:0.000879s ]
NOTIC: [8192] mysql_connect(): The mysql extension is deprecated and will be removed in the future: use mysqli or PDO instead /Applications/MAMP/htdocs/blog 2/ThinkPHP/Library/Think/Db/Driver/Mysql.class.php 第 52 行.
SQL: SHOW COLUMNS FROM `blog_article_category` [ RunTime:0.006827s ]
SQL: SELECT `name`,`id` FROM `blog_article_category` WHERE ( `status` = 1 ) AND ( `id` > 3 )  [ RunTime:0.000642s ]
INFO: [ view_parse ] --START--
INFO: [ template_filter ] --START--
INFO: Run Behavior\ContentReplace [ RunTime:0.000049s ]
INFO: [ template_filter ] --END-- [ RunTime:0.000122s ]
NOTIC: [8] Use of undefined constant index - assumed 'index' /Applications/MAMP/htdocs/blog 2/HJK/Runtime/Cache/Admin/002c20367dd596d411f6aa5e802fcb83.php 第 64 行.
NOTIC: [8] Use of undefined constant addBlogs - assumed 'addBlogs' /Applications/MAMP/htdocs/blog 2/HJK/Runtime/Cache/Admin/002c20367dd596d411f6aa5e802fcb83.php 第 64 行.
NOTIC: [2] Division by zero /Applications/MAMP/htdocs/blog 2/HJK/Runtime/Cache/Admin/002c20367dd596d411f6aa5e802fcb83.php 第 64 行.
NOTIC: [8] Undefined variable: content /Applications/MAMP/htdocs/blog 2/HJK/Runtime/Cache/Admin/002c20367dd596d411f6aa5e802fcb83.php 第 74 行.
INFO: Run Behavior\ParseTemplate [ RunTime:0.011782s ]
INFO: [ view_parse ] --END-- [ RunTime:0.011853s ]
INFO: [ view_filter ] --START--
INFO: Run Behavior\WriteHtmlCache [ RunTime:0.000135s ]
INFO: [ view_filter ] --END-- [ RunTime:0.000186s ]
INFO: [ app_end ] --START--
INFO: Run Behavior\ShowPageTrace [ RunTime:0.000463s ]
INFO: [ app_end ] --END-- [ RunTime:0.000524s ]

[ 2017-04-28T15:23:31+08:00 ] ::1 /blog%202/index.php/Admin/index/addBlog.html
INFO: [ app_begin ] --START--
INFO: Run Behavior\ReadHtmlCache [ RunTime:0.000863s ]
INFO: [ app_begin ] --END-- [ RunTime:0.001432s ]
NOTIC: [8192] mysql_connect(): The mysql extension is deprecated and will be removed in the future: use mysqli or PDO instead /Applications/MAMP/htdocs/blog 2/ThinkPHP/Library/Think/Db/Driver/Mysql.class.php 第 52 行.
SQL: SHOW COLUMNS FROM `blog_article_category` [ RunTime:0.006884s ]
SQL: SELECT `name`,`id` FROM `blog_article_category` WHERE ( `status` = 1 ) AND ( `id` > 3 )  [ RunTime:0.000830s ]
INFO: [ view_parse ] --START--
INFO: [ template_filter ] --START--
INFO: Run Behavior\ContentReplace [ RunTime:0.000047s ]
INFO: [ template_filter ] --END-- [ RunTime:0.000119s ]
NOTIC: [8] Use of undefined constant index - assumed 'index' /Applications/MAMP/htdocs/blog 2/HJK/Runtime/Cache/Admin/002c20367dd596d411f6aa5e802fcb83.php 第 64 行.
NOTIC: [8] Use of undefined constant addBlogs - assumed 'addBlogs' /Applications/MAMP/htdocs/blog 2/HJK/Runtime/Cache/Admin/002c20367dd596d411f6aa5e802fcb83.php 第 64 行.
NOTIC: [2] Division by zero /Applications/MAMP/htdocs/blog 2/HJK/Runtime/Cache/Admin/002c20367dd596d411f6aa5e802fcb83.php 第 64 行.
NOTIC: [8] Undefined variable: content /Applications/MAMP/htdocs/blog 2/HJK/Runtime/Cache/Admin/002c20367dd596d411f6aa5e802fcb83.php 第 74 行.
INFO: Run Behavior\ParseTemplate [ RunTime:0.012013s ]
INFO: [ view_parse ] --END-- [ RunTime:0.012090s ]
INFO: [ view_filter ] --START--
INFO: Run Behavior\WriteHtmlCache [ RunTime:0.000141s ]
INFO: [ view_filter ] --END-- [ RunTime:0.000191s ]
INFO: [ app_end ] --START--
INFO: Run Behavior\ShowPageTrace [ RunTime:0.000468s ]
INFO: [ app_end ] --END-- [ RunTime:0.000528s ]

[ 2017-04-28T15:24:05+08:00 ] ::1 /blog%202/index.php/Admin/index/addBlog.html
INFO: [ app_begin ] --START--
INFO: Run Behavior\ReadHtmlCache [ RunTime:0.000586s ]
INFO: [ app_begin ] --END-- [ RunTime:0.001082s ]
NOTIC: [8192] mysql_connect(): The mysql extension is deprecated and will be removed in the future: use mysqli or PDO instead /Applications/MAMP/htdocs/blog 2/ThinkPHP/Library/Think/Db/Driver/Mysql.class.php 第 52 行.
SQL: SHOW COLUMNS FROM `blog_article_category` [ RunTime:0.003361s ]
SQL: SELECT `name`,`id` FROM `blog_article_category` WHERE ( `status` = 1 ) AND ( `id` > 3 )  [ RunTime:0.000740s ]
INFO: [ view_parse ] --START--
INFO: [ template_filter ] --START--
INFO: Run Behavior\ContentReplace [ RunTime:0.000045s ]
INFO: [ template_filter ] --END-- [ RunTime:0.000118s ]
NOTIC: [8] Use of undefined constant index - assumed 'index' /Applications/MAMP/htdocs/blog 2/HJK/Runtime/Cache/Admin/002c20367dd596d411f6aa5e802fcb83.php 第 64 行.
NOTIC: [8] Use of undefined constant addBlogs - assumed 'addBlogs' /Applications/MAMP/htdocs/blog 2/HJK/Runtime/Cache/Admin/002c20367dd596d411f6aa5e802fcb83.php 第 64 行.
NOTIC: [2] Division by zero /Applications/MAMP/htdocs/blog 2/HJK/Runtime/Cache/Admin/002c20367dd596d411f6aa5e802fcb83.php 第 64 行.
NOTIC: [8] Undefined variable: content /Applications/MAMP/htdocs/blog 2/HJK/Runtime/Cache/Admin/002c20367dd596d411f6aa5e802fcb83.php 第 74 行.
INFO: Run Behavior\ParseTemplate [ RunTime:0.011934s ]
INFO: [ view_parse ] --END-- [ RunTime:0.012013s ]
INFO: [ view_filter ] --START--
INFO: Run Behavior\WriteHtmlCache [ RunTime:0.000146s ]
INFO: [ view_filter ] --END-- [ RunTime:0.000199s ]
INFO: [ app_end ] --START--
INFO: Run Behavior\ShowPageTrace [ RunTime:0.000474s ]
INFO: [ app_end ] --END-- [ RunTime:0.000534s ]

[ 2017-04-28T15:25:08+08:00 ] ::1 /blog%202/index.php/Admin/index/addBlog.html
INFO: [ app_begin ] --START--
INFO: Run Behavior\ReadHtmlCache [ RunTime:0.000460s ]
INFO: [ app_begin ] --END-- [ RunTime:0.000808s ]
NOTIC: [8192] mysql_connect(): The mysql extension is deprecated and will be removed in the future: use mysqli or PDO instead /Applications/MAMP/htdocs/blog 2/ThinkPHP/Library/Think/Db/Driver/Mysql.class.php 第 52 行.
SQL: SHOW COLUMNS FROM `blog_article_category` [ RunTime:0.007109s ]
SQL: SELECT `name`,`id` FROM `blog_article_category` WHERE ( `status` = 1 ) AND ( `id` > 3 )  [ RunTime:0.000839s ]
INFO: [ view_parse ] --START--
INFO: [ template_filter ] --START--
INFO: Run Behavior\ContentReplace [ RunTime:0.000047s ]
INFO: [ template_filter ] --END-- [ RunTime:0.000119s ]
NOTIC: [8] Use of undefined constant index - assumed 'index' /Applications/MAMP/htdocs/blog 2/HJK/Runtime/Cache/Admin/002c20367dd596d411f6aa5e802fcb83.php 第 64 行.
NOTIC: [8] Use of undefined constant addBlogs - assumed 'addBlogs' /Applications/MAMP/htdocs/blog 2/HJK/Runtime/Cache/Admin/002c20367dd596d411f6aa5e802fcb83.php 第 64 行.
NOTIC: [2] Division by zero /Applications/MAMP/htdocs/blog 2/HJK/Runtime/Cache/Admin/002c20367dd596d411f6aa5e802fcb83.php 第 64 行.
NOTIC: [8] Undefined variable: content /Applications/MAMP/htdocs/blog 2/HJK/Runtime/Cache/Admin/002c20367dd596d411f6aa5e802fcb83.php 第 74 行.
INFO: Run Behavior\ParseTemplate [ RunTime:0.010485s ]
INFO: [ view_parse ] --END-- [ RunTime:0.010552s ]
INFO: [ view_filter ] --START--
INFO: Run Behavior\WriteHtmlCache [ RunTime:0.000135s ]
INFO: [ view_filter ] --END-- [ RunTime:0.000187s ]
INFO: [ app_end ] --START--
INFO: Run Behavior\ShowPageTrace [ RunTime:0.000455s ]
INFO: [ app_end ] --END-- [ RunTime:0.000508s ]

[ 2017-04-28T15:25:46+08:00 ] ::1 /blog%202/index.php/Admin/index/addBlog.html
INFO: [ app_begin ] --START--
INFO: Run Behavior\ReadHtmlCache [ RunTime:0.000432s ]
INFO: [ app_begin ] --END-- [ RunTime:0.000802s ]
NOTIC: [8192] mysql_connect(): The mysql extension is deprecated and will be removed in the future: use mysqli or PDO instead /Applications/MAMP/htdocs/blog 2/ThinkPHP/Library/Think/Db/Driver/Mysql.class.php 第 52 行.
SQL: SHOW COLUMNS FROM `blog_article_category` [ RunTime:0.006847s ]
SQL: SELECT `name`,`id` FROM `blog_article_category` WHERE ( `status` = 1 ) AND ( `id` > 3 )  [ RunTime:0.000602s ]
INFO: [ view_parse ] --START--
INFO: [ template_filter ] --START--
INFO: Run Behavior\ContentReplace [ RunTime:0.000044s ]
INFO: [ template_filter ] --END-- [ RunTime:0.000112s ]
NOTIC: [8] Use of undefined constant index - assumed 'index' /Applications/MAMP/htdocs/blog 2/HJK/Runtime/Cache/Admin/002c20367dd596d411f6aa5e802fcb83.php 第 64 行.
NOTIC: [8] Use of undefined constant addBlogs - assumed 'addBlogs' /Applications/MAMP/htdocs/blog 2/HJK/Runtime/Cache/Admin/002c20367dd596d411f6aa5e802fcb83.php 第 64 行.
NOTIC: [2] Division by zero /Applications/MAMP/htdocs/blog 2/HJK/Runtime/Cache/Admin/002c20367dd596d411f6aa5e802fcb83.php 第 64 行.
NOTIC: [8] Undefined variable: content /Applications/MAMP/htdocs/blog 2/HJK/Runtime/Cache/Admin/002c20367dd596d411f6aa5e802fcb83.php 第 74 行.
INFO: Run Behavior\ParseTemplate [ RunTime:0.010610s ]
INFO: [ view_parse ] --END-- [ RunTime:0.010680s ]
INFO: [ view_filter ] --START--
INFO: Run Behavior\WriteHtmlCache [ RunTime:0.000138s ]
INFO: [ view_filter ] --END-- [ RunTime:0.000192s ]
INFO: [ app_end ] --START--
INFO: Run Behavior\ShowPageTrace [ RunTime:0.000457s ]
INFO: [ app_end ] --END-- [ RunTime:0.000514s ]

[ 2017-04-28T15:27:13+08:00 ] ::1 /blog%202/index.php/Admin/index/addBlog.html
INFO: [ app_begin ] --START--
INFO: Run Behavior\ReadHtmlCache [ RunTime:0.000581s ]
INFO: [ app_begin ] --END-- [ RunTime:0.001127s ]
NOTIC: [8192] mysql_connect(): The mysql extension is deprecated and will be removed in the future: use mysqli or PDO instead /Applications/MAMP/htdocs/blog 2/ThinkPHP/Library/Think/Db/Driver/Mysql.class.php 第 52 行.
SQL: SHOW COLUMNS FROM `blog_article_category` [ RunTime:0.004418s ]
SQL: SELECT `name`,`id` FROM `blog_article_category` WHERE ( `status` = 1 ) AND ( `id` > 3 )  [ RunTime:0.000657s ]
INFO: [ view_parse ] --START--
INFO: [ template_filter ] --START--
INFO: Run Behavior\ContentReplace [ RunTime:0.000054s ]
INFO: [ template_filter ] --END-- [ RunTime:0.000128s ]
NOTIC: [8] Use of undefined constant index - assumed 'index' /Applications/MAMP/htdocs/blog 2/HJK/Runtime/Cache/Admin/002c20367dd596d411f6aa5e802fcb83.php 第 64 行.
NOTIC: [8] Use of undefined constant addBlogs - assumed 'addBlogs' /Applications/MAMP/htdocs/blog 2/HJK/Runtime/Cache/Admin/002c20367dd596d411f6aa5e802fcb83.php 第 64 行.
NOTIC: [2] Division by zero /Applications/MAMP/htdocs/blog 2/HJK/Runtime/Cache/Admin/002c20367dd596d411f6aa5e802fcb83.php 第 64 行.
NOTIC: [8] Undefined variable: content /Applications/MAMP/htdocs/blog 2/HJK/Runtime/Cache/Admin/002c20367dd596d411f6aa5e802fcb83.php 第 74 行.
INFO: Run Behavior\ParseTemplate [ RunTime:0.011526s ]
INFO: [ view_parse ] --END-- [ RunTime:0.011594s ]
INFO: [ view_filter ] --START--
INFO: Run Behavior\WriteHtmlCache [ RunTime:0.000143s ]
INFO: [ view_filter ] --END-- [ RunTime:0.000197s ]
INFO: [ app_end ] --START--
INFO: Run Behavior\ShowPageTrace [ RunTime:0.000501s ]
INFO: [ app_end ] --END-- [ RunTime:0.000560s ]

