[ 2017-04-27T23:12:27+08:00 ] ::1 /blog%202/index.php/Admin/Index/addblog.html
INFO: [ app_begin ] --START--
INFO: Run Behavior\ReadHtmlCache [ RunTime:0.004466s ]
INFO: [ app_begin ] --END-- [ RunTime:0.007849s ]
NOTIC: [8192] mysql_connect(): The mysql extension is deprecated and will be removed in the future: use mysqli or PDO instead /Applications/MAMP/htdocs/blog 2/ThinkPHP/Library/Think/Db/Driver/Mysql.class.php 第 52 行.
SQL: SHOW COLUMNS FROM `blog_article_category` [ RunTime:0.007806s ]
SQL: SELECT `name`,`id` FROM `blog_article_category` WHERE ( `status` = 1 ) AND ( `id` > 3 )  [ RunTime:0.000712s ]
INFO: [ view_parse ] --START--
INFO: [ template_filter ] --START--
INFO: Run Behavior\ContentReplace [ RunTime:0.000096s ]
INFO: [ template_filter ] --END-- [ RunTime:0.000218s ]
NOTIC: [8] Use of undefined constant index - assumed 'index' /Applications/MAMP/htdocs/blog 2/HJK/Runtime/Cache/Admin/002c20367dd596d411f6aa5e802fcb83.php 第 64 行.
NOTIC: [8] Use of undefined constant addBlogs - assumed 'addBlogs' /Applications/MAMP/htdocs/blog 2/HJK/Runtime/Cache/Admin/002c20367dd596d411f6aa5e802fcb83.php 第 64 行.
NOTIC: [2] Division by zero /Applications/MAMP/htdocs/blog 2/HJK/Runtime/Cache/Admin/002c20367dd596d411f6aa5e802fcb83.php 第 64 行.
INFO: Run Behavior\ParseTemplate [ RunTime:0.036232s ]
INFO: [ view_parse ] --END-- [ RunTime:0.036336s ]
INFO: [ view_filter ] --START--
INFO: Run Behavior\WriteHtmlCache [ RunTime:0.002871s ]
INFO: [ view_filter ] --END-- [ RunTime:0.002980s ]
INFO: [ app_end ] --START--
INFO: Run Behavior\ShowPageTrace [ RunTime:0.003710s ]
INFO: [ app_end ] --END-- [ RunTime:0.003801s ]

[ 2017-04-27T23:21:14+08:00 ] ::1 /blog%202/index.php/Admin/Index/addblog.html
INFO: [ app_begin ] --START--
INFO: Run Behavior\ReadHtmlCache [ RunTime:0.000496s ]
INFO: [ app_begin ] --END-- [ RunTime:0.000984s ]
NOTIC: [8192] mysql_connect(): The mysql extension is deprecated and will be removed in the future: use mysqli or PDO instead /Applications/MAMP/htdocs/blog 2/ThinkPHP/Library/Think/Db/Driver/Mysql.class.php 第 52 行.
SQL: SHOW COLUMNS FROM `blog_article_category` [ RunTime:0.006842s ]
SQL: SELECT `name`,`id` FROM `blog_article_category` WHERE ( `status` = 1 ) AND ( `id` > 3 )  [ RunTime:0.000719s ]
INFO: [ view_parse ] --START--
INFO: [ template_filter ] --START--
INFO: Run Behavior\ContentReplace [ RunTime:0.000098s ]
INFO: [ template_filter ] --END-- [ RunTime:0.000216s ]
NOTIC: [8] Use of undefined constant index - assumed 'index' /Applications/MAMP/htdocs/blog 2/HJK/Runtime/Cache/Admin/002c20367dd596d411f6aa5e802fcb83.php 第 64 行.
NOTIC: [8] Use of undefined constant addBlogs - assumed 'addBlogs' /Applications/MAMP/htdocs/blog 2/HJK/Runtime/Cache/Admin/002c20367dd596d411f6aa5e802fcb83.php 第 64 行.
NOTIC: [2] Division by zero /Applications/MAMP/htdocs/blog 2/HJK/Runtime/Cache/Admin/002c20367dd596d411f6aa5e802fcb83.php 第 64 行.
INFO: Run Behavior\ParseTemplate [ RunTime:0.012193s ]
INFO: [ view_parse ] --END-- [ RunTime:0.012274s ]
INFO: [ view_filter ] --START--
INFO: Run Behavior\WriteHtmlCache [ RunTime:0.000168s ]
INFO: [ view_filter ] --END-- [ RunTime:0.000225s ]
INFO: [ app_end ] --START--
INFO: Run Behavior\ShowPageTrace [ RunTime:0.000689s ]
INFO: [ app_end ] --END-- [ RunTime:0.000808s ]

[ 2017-04-27T23:21:17+08:00 ] ::1 /blog%202/index.php/Admin/Index/addblog.html
INFO: [ app_begin ] --START--
INFO: Run Behavior\ReadHtmlCache [ RunTime:0.000485s ]
INFO: [ app_begin ] --END-- [ RunTime:0.000833s ]
NOTIC: [8192] mysql_connect(): The mysql extension is deprecated and will be removed in the future: use mysqli or PDO instead /Applications/MAMP/htdocs/blog 2/ThinkPHP/Library/Think/Db/Driver/Mysql.class.php 第 52 行.
SQL: SHOW COLUMNS FROM `blog_article_category` [ RunTime:0.006654s ]
SQL: SELECT `name`,`id` FROM `blog_article_category` WHERE ( `status` = 1 ) AND ( `id` > 3 )  [ RunTime:0.000586s ]
INFO: [ view_parse ] --START--
INFO: [ template_filter ] --START--
INFO: Run Behavior\ContentReplace [ RunTime:0.000042s ]
INFO: [ template_filter ] --END-- [ RunTime:0.000111s ]
NOTIC: [8] Use of undefined constant index - assumed 'index' /Applications/MAMP/htdocs/blog 2/HJK/Runtime/Cache/Admin/002c20367dd596d411f6aa5e802fcb83.php 第 64 行.
NOTIC: [8] Use of undefined constant addBlogs - assumed 'addBlogs' /Applications/MAMP/htdocs/blog 2/HJK/Runtime/Cache/Admin/002c20367dd596d411f6aa5e802fcb83.php 第 64 行.
NOTIC: [2] Division by zero /Applications/MAMP/htdocs/blog 2/HJK/Runtime/Cache/Admin/002c20367dd596d411f6aa5e802fcb83.php 第 64 行.
INFO: Run Behavior\ParseTemplate [ RunTime:0.009318s ]
INFO: [ view_parse ] --END-- [ RunTime:0.009399s ]
INFO: [ view_filter ] --START--
INFO: Run Behavior\WriteHtmlCache [ RunTime:0.000194s ]
INFO: [ view_filter ] --END-- [ RunTime:0.000271s ]
INFO: [ app_end ] --START--
INFO: Run Behavior\ShowPageTrace [ RunTime:0.000524s ]
INFO: [ app_end ] --END-- [ RunTime:0.000600s ]

[ 2017-04-27T23:22:00+08:00 ] ::1 /blog%202/index.php/Admin/Index/addblog.html
INFO: [ app_begin ] --START--
INFO: Run Behavior\ReadHtmlCache [ RunTime:0.000415s ]
INFO: [ app_begin ] --END-- [ RunTime:0.000802s ]
NOTIC: [8192] mysql_connect(): The mysql extension is deprecated and will be removed in the future: use mysqli or PDO instead /Applications/MAMP/htdocs/blog 2/ThinkPHP/Library/Think/Db/Driver/Mysql.class.php 第 52 行.
SQL: SHOW COLUMNS FROM `blog_article_category` [ RunTime:0.006758s ]
SQL: SELECT `name`,`id` FROM `blog_article_category` WHERE ( `status` = 1 ) AND ( `id` > 3 )  [ RunTime:0.000600s ]
INFO: [ view_parse ] --START--
INFO: [ template_filter ] --START--
INFO: Run Behavior\ContentReplace [ RunTime:0.000044s ]
INFO: [ template_filter ] --END-- [ RunTime:0.000114s ]
NOTIC: [8] Use of undefined constant index - assumed 'index' /Applications/MAMP/htdocs/blog 2/HJK/Runtime/Cache/Admin/002c20367dd596d411f6aa5e802fcb83.php 第 64 行.
NOTIC: [8] Use of undefined constant addBlogs - assumed 'addBlogs' /Applications/MAMP/htdocs/blog 2/HJK/Runtime/Cache/Admin/002c20367dd596d411f6aa5e802fcb83.php 第 64 行.
NOTIC: [2] Division by zero /Applications/MAMP/htdocs/blog 2/HJK/Runtime/Cache/Admin/002c20367dd596d411f6aa5e802fcb83.php 第 64 行.
INFO: Run Behavior\ParseTemplate [ RunTime:0.010267s ]
INFO: [ view_parse ] --END-- [ RunTime:0.010336s ]
INFO: [ view_filter ] --START--
INFO: Run Behavior\WriteHtmlCache [ RunTime:0.000136s ]
INFO: [ view_filter ] --END-- [ RunTime:0.000188s ]
INFO: [ app_end ] --START--
INFO: Run Behavior\ShowPageTrace [ RunTime:0.000505s ]
INFO: [ app_end ] --END-- [ RunTime:0.000562s ]

[ 2017-04-27T23:30:10+08:00 ] ::1 /blog%202/index.php/Admin/Index/addblog.html
INFO: [ app_begin ] --START--
INFO: Run Behavior\ReadHtmlCache [ RunTime:0.000582s ]
INFO: [ app_begin ] --END-- [ RunTime:0.001052s ]

[ 2017-04-27T23:30:28+08:00 ] ::1 /blog%202/index.php/Admin/Index/addblog.html
INFO: [ app_begin ] --START--
INFO: Run Behavior\ReadHtmlCache [ RunTime:0.000531s ]
INFO: [ app_begin ] --END-- [ RunTime:0.000975s ]
NOTIC: [8192] mysql_connect(): The mysql extension is deprecated and will be removed in the future: use mysqli or PDO instead /Applications/MAMP/htdocs/blog 2/ThinkPHP/Library/Think/Db/Driver/Mysql.class.php 第 52 行.
SQL: SHOW COLUMNS FROM `blog_article_category` [ RunTime:0.007772s ]
SQL: SELECT `name`,`id` FROM `blog_article_category` WHERE ( `status` = 1 ) AND ( `id` > 3 )  [ RunTime:0.000703s ]
INFO: [ view_parse ] --START--
INFO: [ template_filter ] --START--
INFO: Run Behavior\ContentReplace [ RunTime:0.000057s ]
INFO: [ template_filter ] --END-- [ RunTime:0.000132s ]
NOTIC: [8] Use of undefined constant index - assumed 'index' /Applications/MAMP/htdocs/blog 2/HJK/Runtime/Cache/Admin/002c20367dd596d411f6aa5e802fcb83.php 第 64 行.
NOTIC: [8] Use of undefined constant addBlogs - assumed 'addBlogs' /Applications/MAMP/htdocs/blog 2/HJK/Runtime/Cache/Admin/002c20367dd596d411f6aa5e802fcb83.php 第 64 行.
NOTIC: [2] Division by zero /Applications/MAMP/htdocs/blog 2/HJK/Runtime/Cache/Admin/002c20367dd596d411f6aa5e802fcb83.php 第 64 行.
INFO: Run Behavior\ParseTemplate [ RunTime:0.011615s ]
INFO: [ view_parse ] --END-- [ RunTime:0.011688s ]
INFO: [ view_filter ] --START--
INFO: Run Behavior\WriteHtmlCache [ RunTime:0.000149s ]
INFO: [ view_filter ] --END-- [ RunTime:0.000199s ]
INFO: [ app_end ] --START--
INFO: Run Behavior\ShowPageTrace [ RunTime:0.000514s ]
INFO: [ app_end ] --END-- [ RunTime:0.000575s ]

[ 2017-04-27T23:32:35+08:00 ] ::1 /blog%202/index.php/Admin/Index/addblog.html
INFO: [ app_begin ] --START--
INFO: Run Behavior\ReadHtmlCache [ RunTime:0.000423s ]
INFO: [ app_begin ] --END-- [ RunTime:0.000763s ]
NOTIC: [8192] mysql_connect(): The mysql extension is deprecated and will be removed in the future: use mysqli or PDO instead /Applications/MAMP/htdocs/blog 2/ThinkPHP/Library/Think/Db/Driver/Mysql.class.php 第 52 行.
SQL: SHOW COLUMNS FROM `blog_article_category` [ RunTime:0.006663s ]
SQL: SELECT `name`,`id` FROM `blog_article_category` WHERE ( `status` = 1 ) AND ( `id` > 3 )  [ RunTime:0.000585s ]
INFO: [ view_parse ] --START--
INFO: [ template_filter ] --START--
INFO: Run Behavior\ContentReplace [ RunTime:0.000058s ]
INFO: [ template_filter ] --END-- [ RunTime:0.000154s ]
NOTIC: [8] Use of undefined constant index - assumed 'index' /Applications/MAMP/htdocs/blog 2/HJK/Runtime/Cache/Admin/002c20367dd596d411f6aa5e802fcb83.php 第 64 行.
NOTIC: [8] Use of undefined constant addBlogs - assumed 'addBlogs' /Applications/MAMP/htdocs/blog 2/HJK/Runtime/Cache/Admin/002c20367dd596d411f6aa5e802fcb83.php 第 64 行.
NOTIC: [2] Division by zero /Applications/MAMP/htdocs/blog 2/HJK/Runtime/Cache/Admin/002c20367dd596d411f6aa5e802fcb83.php 第 64 行.
INFO: Run Behavior\ParseTemplate [ RunTime:0.010293s ]
INFO: [ view_parse ] --END-- [ RunTime:0.010360s ]
INFO: [ view_filter ] --START--
INFO: Run Behavior\WriteHtmlCache [ RunTime:0.000137s ]
INFO: [ view_filter ] --END-- [ RunTime:0.000192s ]
INFO: [ app_end ] --START--
INFO: Run Behavior\ShowPageTrace [ RunTime:0.000454s ]
INFO: [ app_end ] --END-- [ RunTime:0.000508s ]

[ 2017-04-27T23:33:08+08:00 ] ::1 /blog%202/index.php/Admin/Index/addblog.html
INFO: [ app_begin ] --START--
INFO: Run Behavior\ReadHtmlCache [ RunTime:0.000420s ]
INFO: [ app_begin ] --END-- [ RunTime:0.000750s ]
NOTIC: [8192] mysql_connect(): The mysql extension is deprecated and will be removed in the future: use mysqli or PDO instead /Applications/MAMP/htdocs/blog 2/ThinkPHP/Library/Think/Db/Driver/Mysql.class.php 第 52 行.
SQL: SHOW COLUMNS FROM `blog_article_category` [ RunTime:0.006628s ]
SQL: SELECT `name`,`id` FROM `blog_article_category` WHERE ( `status` = 1 ) AND ( `id` > 3 )  [ RunTime:0.000612s ]
INFO: [ view_parse ] --START--
INFO: [ template_filter ] --START--
INFO: Run Behavior\ContentReplace [ RunTime:0.000072s ]
INFO: [ template_filter ] --END-- [ RunTime:0.000145s ]
NOTIC: [8] Use of undefined constant index - assumed 'index' /Applications/MAMP/htdocs/blog 2/HJK/Runtime/Cache/Admin/002c20367dd596d411f6aa5e802fcb83.php 第 64 行.
NOTIC: [8] Use of undefined constant addBlogs - assumed 'addBlogs' /Applications/MAMP/htdocs/blog 2/HJK/Runtime/Cache/Admin/002c20367dd596d411f6aa5e802fcb83.php 第 64 行.
NOTIC: [2] Division by zero /Applications/MAMP/htdocs/blog 2/HJK/Runtime/Cache/Admin/002c20367dd596d411f6aa5e802fcb83.php 第 64 行.
INFO: Run Behavior\ParseTemplate [ RunTime:0.010375s ]
INFO: [ view_parse ] --END-- [ RunTime:0.010442s ]
INFO: [ view_filter ] --START--
INFO: Run Behavior\WriteHtmlCache [ RunTime:0.000138s ]
INFO: [ view_filter ] --END-- [ RunTime:0.000191s ]
INFO: [ app_end ] --START--
INFO: Run Behavior\ShowPageTrace [ RunTime:0.000511s ]
INFO: [ app_end ] --END-- [ RunTime:0.000572s ]

[ 2017-04-27T23:33:17+08:00 ] ::1 /blog%202/index.php/Admin/Index/addblog.html
INFO: [ app_begin ] --START--
INFO: Run Behavior\ReadHtmlCache [ RunTime:0.000566s ]
INFO: [ app_begin ] --END-- [ RunTime:0.001049s ]
NOTIC: [8192] mysql_connect(): The mysql extension is deprecated and will be removed in the future: use mysqli or PDO instead /Applications/MAMP/htdocs/blog 2/ThinkPHP/Library/Think/Db/Driver/Mysql.class.php 第 52 行.
SQL: SHOW COLUMNS FROM `blog_article_category` [ RunTime:0.004419s ]
SQL: SELECT `name`,`id` FROM `blog_article_category` WHERE ( `status` = 1 ) AND ( `id` > 3 )  [ RunTime:0.000834s ]
INFO: [ view_parse ] --START--
INFO: [ template_filter ] --START--
INFO: Run Behavior\ContentReplace [ RunTime:0.000055s ]
INFO: [ template_filter ] --END-- [ RunTime:0.000137s ]
NOTIC: [8] Use of undefined constant index - assumed 'index' /Applications/MAMP/htdocs/blog 2/HJK/Runtime/Cache/Admin/002c20367dd596d411f6aa5e802fcb83.php 第 64 行.
NOTIC: [8] Use of undefined constant addBlogs - assumed 'addBlogs' /Applications/MAMP/htdocs/blog 2/HJK/Runtime/Cache/Admin/002c20367dd596d411f6aa5e802fcb83.php 第 64 行.
NOTIC: [2] Division by zero /Applications/MAMP/htdocs/blog 2/HJK/Runtime/Cache/Admin/002c20367dd596d411f6aa5e802fcb83.php 第 64 行.
INFO: Run Behavior\ParseTemplate [ RunTime:0.010678s ]
INFO: [ view_parse ] --END-- [ RunTime:0.010749s ]
INFO: [ view_filter ] --START--
INFO: Run Behavior\WriteHtmlCache [ RunTime:0.000154s ]
INFO: [ view_filter ] --END-- [ RunTime:0.000225s ]
NOTIC: [2] Cannot modify header information - headers already sent by (output started at /Applications/MAMP/htdocs/blog 2/HJK/Admin/Controller/IndexController.class.php:25) /Applications/MAMP/htdocs/blog 2/ThinkPHP/Library/Think/View.class.php 第 91 行.
NOTIC: [2] Cannot modify header information - headers already sent by (output started at /Applications/MAMP/htdocs/blog 2/HJK/Admin/Controller/IndexController.class.php:25) /Applications/MAMP/htdocs/blog 2/ThinkPHP/Library/Think/View.class.php 第 92 行.
NOTIC: [2] Cannot modify header information - headers already sent by (output started at /Applications/MAMP/htdocs/blog 2/HJK/Admin/Controller/IndexController.class.php:25) /Applications/MAMP/htdocs/blog 2/ThinkPHP/Library/Think/View.class.php 第 93 行.
INFO: [ app_end ] --START--
INFO: Run Behavior\ShowPageTrace [ RunTime:0.000573s ]
INFO: [ app_end ] --END-- [ RunTime:0.000640s ]

[ 2017-04-27T23:37:15+08:00 ] ::1 /blog%202/index.php/Admin/Index/addblog.html
INFO: [ app_begin ] --START--
INFO: Run Behavior\ReadHtmlCache [ RunTime:0.000539s ]
INFO: [ app_begin ] --END-- [ RunTime:0.000923s ]
NOTIC: [8192] mysql_connect(): The mysql extension is deprecated and will be removed in the future: use mysqli or PDO instead /Applications/MAMP/htdocs/blog 2/ThinkPHP/Library/Think/Db/Driver/Mysql.class.php 第 52 行.
SQL: SHOW COLUMNS FROM `blog_article_category` [ RunTime:0.006473s ]
SQL: SELECT `name`,`id` FROM `blog_article_category` WHERE ( `status` = 1 ) AND ( `id` > 3 )  [ RunTime:0.000611s ]
INFO: [ view_parse ] --START--
INFO: [ template_filter ] --START--
INFO: Run Behavior\ContentReplace [ RunTime:0.000050s ]
INFO: [ template_filter ] --END-- [ RunTime:0.000123s ]
NOTIC: [8] Use of undefined constant index - assumed 'index' /Applications/MAMP/htdocs/blog 2/HJK/Runtime/Cache/Admin/002c20367dd596d411f6aa5e802fcb83.php 第 64 行.
NOTIC: [8] Use of undefined constant addBlogs - assumed 'addBlogs' /Applications/MAMP/htdocs/blog 2/HJK/Runtime/Cache/Admin/002c20367dd596d411f6aa5e802fcb83.php 第 64 行.
NOTIC: [2] Division by zero /Applications/MAMP/htdocs/blog 2/HJK/Runtime/Cache/Admin/002c20367dd596d411f6aa5e802fcb83.php 第 64 行.
INFO: Run Behavior\ParseTemplate [ RunTime:0.010161s ]
INFO: [ view_parse ] --END-- [ RunTime:0.010230s ]
INFO: [ view_filter ] --START--
INFO: Run Behavior\WriteHtmlCache [ RunTime:0.000141s ]
INFO: [ view_filter ] --END-- [ RunTime:0.000193s ]
INFO: [ app_end ] --START--
INFO: Run Behavior\ShowPageTrace [ RunTime:0.000502s ]
INFO: [ app_end ] --END-- [ RunTime:0.000564s ]

[ 2017-04-27T23:40:00+08:00 ] ::1 /blog%202/index.php/Admin/Index/addblog.html
INFO: [ app_begin ] --START--
INFO: Run Behavior\ReadHtmlCache [ RunTime:0.000417s ]
INFO: [ app_begin ] --END-- [ RunTime:0.000742s ]
NOTIC: [8192] mysql_connect(): The mysql extension is deprecated and will be removed in the future: use mysqli or PDO instead /Applications/MAMP/htdocs/blog 2/ThinkPHP/Library/Think/Db/Driver/Mysql.class.php 第 52 行.
SQL: SHOW COLUMNS FROM `blog_article_category` [ RunTime:0.007118s ]
SQL: SELECT `name`,`id` FROM `blog_article_category` WHERE ( `status` = 1 ) AND ( `id` > 3 )  [ RunTime:0.000663s ]
INFO: [ view_parse ] --START--
INFO: [ template_filter ] --START--
INFO: Run Behavior\ContentReplace [ RunTime:0.000044s ]
INFO: [ template_filter ] --END-- [ RunTime:0.000122s ]
NOTIC: [8] Use of undefined constant index - assumed 'index' /Applications/MAMP/htdocs/blog 2/HJK/Runtime/Cache/Admin/002c20367dd596d411f6aa5e802fcb83.php 第 64 行.
NOTIC: [8] Use of undefined constant addBlogs - assumed 'addBlogs' /Applications/MAMP/htdocs/blog 2/HJK/Runtime/Cache/Admin/002c20367dd596d411f6aa5e802fcb83.php 第 64 行.
NOTIC: [2] Division by zero /Applications/MAMP/htdocs/blog 2/HJK/Runtime/Cache/Admin/002c20367dd596d411f6aa5e802fcb83.php 第 64 行.
INFO: Run Behavior\ParseTemplate [ RunTime:0.011356s ]
INFO: [ view_parse ] --END-- [ RunTime:0.011423s ]
INFO: [ view_filter ] --START--
INFO: Run Behavior\WriteHtmlCache [ RunTime:0.000146s ]
INFO: [ view_filter ] --END-- [ RunTime:0.000200s ]
INFO: [ app_end ] --START--
INFO: Run Behavior\ShowPageTrace [ RunTime:0.000476s ]
INFO: [ app_end ] --END-- [ RunTime:0.000533s ]

[ 2017-04-27T23:41:07+08:00 ] ::1 /blog%202/index.php/Admin/Index/addblog.html
INFO: [ app_begin ] --START--
INFO: Run Behavior\ReadHtmlCache [ RunTime:0.000484s ]
INFO: [ app_begin ] --END-- [ RunTime:0.000943s ]
NOTIC: [8192] mysql_connect(): The mysql extension is deprecated and will be removed in the future: use mysqli or PDO instead /Applications/MAMP/htdocs/blog 2/ThinkPHP/Library/Think/Db/Driver/Mysql.class.php 第 52 行.
SQL: SHOW COLUMNS FROM `blog_article_category` [ RunTime:0.006911s ]
SQL: SELECT `name`,`id` FROM `blog_article_category` WHERE ( `status` = 1 ) AND ( `id` > 3 )  [ RunTime:0.000614s ]
INFO: [ view_parse ] --START--
INFO: [ template_filter ] --START--
INFO: Run Behavior\ContentReplace [ RunTime:0.000055s ]
INFO: [ template_filter ] --END-- [ RunTime:0.000136s ]
NOTIC: [8] Use of undefined constant index - assumed 'index' /Applications/MAMP/htdocs/blog 2/HJK/Runtime/Cache/Admin/002c20367dd596d411f6aa5e802fcb83.php 第 64 行.
NOTIC: [8] Use of undefined constant addBlogs - assumed 'addBlogs' /Applications/MAMP/htdocs/blog 2/HJK/Runtime/Cache/Admin/002c20367dd596d411f6aa5e802fcb83.php 第 64 行.
NOTIC: [2] Division by zero /Applications/MAMP/htdocs/blog 2/HJK/Runtime/Cache/Admin/002c20367dd596d411f6aa5e802fcb83.php 第 64 行.
INFO: Run Behavior\ParseTemplate [ RunTime:0.011683s ]
INFO: [ view_parse ] --END-- [ RunTime:0.011755s ]
INFO: [ view_filter ] --START--
INFO: Run Behavior\WriteHtmlCache [ RunTime:0.000141s ]
INFO: [ view_filter ] --END-- [ RunTime:0.000192s ]
INFO: [ app_end ] --START--
INFO: Run Behavior\ShowPageTrace [ RunTime:0.000522s ]
INFO: [ app_end ] --END-- [ RunTime:0.000584s ]

[ 2017-04-27T23:42:21+08:00 ] ::1 /blog%202/index.php/Admin/Index/addblog.html
INFO: [ app_begin ] --START--
INFO: Run Behavior\ReadHtmlCache [ RunTime:0.000434s ]
INFO: [ app_begin ] --END-- [ RunTime:0.000784s ]
NOTIC: [8192] mysql_connect(): The mysql extension is deprecated and will be removed in the future: use mysqli or PDO instead /Applications/MAMP/htdocs/blog 2/ThinkPHP/Library/Think/Db/Driver/Mysql.class.php 第 52 行.
SQL: SHOW COLUMNS FROM `blog_article_category` [ RunTime:0.003469s ]
SQL: SELECT `name`,`id` FROM `blog_article_category` WHERE ( `status` = 1 ) AND ( `id` > 3 )  [ RunTime:0.000671s ]
INFO: [ view_parse ] --START--
INFO: [ template_filter ] --START--
INFO: Run Behavior\ContentReplace [ RunTime:0.000076s ]
INFO: [ template_filter ] --END-- [ RunTime:0.000207s ]
NOTIC: [8] Use of undefined constant index - assumed 'index' /Applications/MAMP/htdocs/blog 2/HJK/Runtime/Cache/Admin/002c20367dd596d411f6aa5e802fcb83.php 第 64 行.
NOTIC: [8] Use of undefined constant addBlogs - assumed 'addBlogs' /Applications/MAMP/htdocs/blog 2/HJK/Runtime/Cache/Admin/002c20367dd596d411f6aa5e802fcb83.php 第 64 行.
NOTIC: [2] Division by zero /Applications/MAMP/htdocs/blog 2/HJK/Runtime/Cache/Admin/002c20367dd596d411f6aa5e802fcb83.php 第 64 行.
INFO: Run Behavior\ParseTemplate [ RunTime:0.011415s ]
INFO: [ view_parse ] --END-- [ RunTime:0.011516s ]
INFO: [ view_filter ] --START--
INFO: Run Behavior\WriteHtmlCache [ RunTime:0.000293s ]
INFO: [ view_filter ] --END-- [ RunTime:0.000401s ]
INFO: [ app_end ] --START--
INFO: Run Behavior\ShowPageTrace [ RunTime:0.001061s ]
INFO: [ app_end ] --END-- [ RunTime:0.001187s ]

[ 2017-04-27T23:46:41+08:00 ] ::1 /blog%202/index.php/Admin/Index/addblog.html
INFO: [ app_begin ] --START--
INFO: Run Behavior\ReadHtmlCache [ RunTime:0.000462s ]
INFO: [ app_begin ] --END-- [ RunTime:0.000800s ]
NOTIC: [8192] mysql_connect(): The mysql extension is deprecated and will be removed in the future: use mysqli or PDO instead /Applications/MAMP/htdocs/blog 2/ThinkPHP/Library/Think/Db/Driver/Mysql.class.php 第 52 行.
SQL: SHOW COLUMNS FROM `blog_article_category` [ RunTime:0.006769s ]
SQL: SELECT `name`,`id` FROM `blog_article_category` WHERE ( `status` = 1 ) AND ( `id` > 3 )  [ RunTime:0.000607s ]
INFO: [ view_parse ] --START--
INFO: [ template_filter ] --START--
INFO: Run Behavior\ContentReplace [ RunTime:0.000046s ]
INFO: [ template_filter ] --END-- [ RunTime:0.000124s ]
NOTIC: [8] Use of undefined constant index - assumed 'index' /Applications/MAMP/htdocs/blog 2/HJK/Runtime/Cache/Admin/002c20367dd596d411f6aa5e802fcb83.php 第 64 行.
NOTIC: [8] Use of undefined constant addBlogs - assumed 'addBlogs' /Applications/MAMP/htdocs/blog 2/HJK/Runtime/Cache/Admin/002c20367dd596d411f6aa5e802fcb83.php 第 64 行.
NOTIC: [2] Division by zero /Applications/MAMP/htdocs/blog 2/HJK/Runtime/Cache/Admin/002c20367dd596d411f6aa5e802fcb83.php 第 64 行.
INFO: Run Behavior\ParseTemplate [ RunTime:0.010696s ]
INFO: [ view_parse ] --END-- [ RunTime:0.010764s ]
INFO: [ view_filter ] --START--
INFO: Run Behavior\WriteHtmlCache [ RunTime:0.000145s ]
INFO: [ view_filter ] --END-- [ RunTime:0.000197s ]
INFO: [ app_end ] --START--
INFO: Run Behavior\ShowPageTrace [ RunTime:0.000474s ]
INFO: [ app_end ] --END-- [ RunTime:0.000530s ]

[ 2017-04-27T23:48:08+08:00 ] ::1 /blog%202/index.php/Admin/Index/addblog.html
INFO: [ app_begin ] --START--
INFO: Run Behavior\ReadHtmlCache [ RunTime:0.000482s ]
INFO: [ app_begin ] --END-- [ RunTime:0.000945s ]
NOTIC: [8192] mysql_connect(): The mysql extension is deprecated and will be removed in the future: use mysqli or PDO instead /Applications/MAMP/htdocs/blog 2/ThinkPHP/Library/Think/Db/Driver/Mysql.class.php 第 52 行.
SQL: SHOW COLUMNS FROM `blog_article_category` [ RunTime:0.007027s ]
SQL: SELECT `name`,`id` FROM `blog_article_category` WHERE ( `status` = 1 ) AND ( `id` > 3 )  [ RunTime:0.000888s ]
INFO: [ view_parse ] --START--
INFO: [ template_filter ] --START--
INFO: Run Behavior\ContentReplace [ RunTime:0.000053s ]
INFO: [ template_filter ] --END-- [ RunTime:0.000130s ]
NOTIC: [8] Use of undefined constant index - assumed 'index' /Applications/MAMP/htdocs/blog 2/HJK/Runtime/Cache/Admin/002c20367dd596d411f6aa5e802fcb83.php 第 64 行.
NOTIC: [8] Use of undefined constant addBlogs - assumed 'addBlogs' /Applications/MAMP/htdocs/blog 2/HJK/Runtime/Cache/Admin/002c20367dd596d411f6aa5e802fcb83.php 第 64 行.
NOTIC: [2] Division by zero /Applications/MAMP/htdocs/blog 2/HJK/Runtime/Cache/Admin/002c20367dd596d411f6aa5e802fcb83.php 第 64 行.
INFO: Run Behavior\ParseTemplate [ RunTime:0.010311s ]
INFO: [ view_parse ] --END-- [ RunTime:0.010387s ]
INFO: [ view_filter ] --START--
INFO: Run Behavior\WriteHtmlCache [ RunTime:0.000138s ]
INFO: [ view_filter ] --END-- [ RunTime:0.000191s ]
INFO: [ app_end ] --START--
INFO: Run Behavior\ShowPageTrace [ RunTime:0.000517s ]
INFO: [ app_end ] --END-- [ RunTime:0.000577s ]

[ 2017-04-27T23:48:55+08:00 ] ::1 /blog%202/index.php/Admin/Index/addblog.html
INFO: [ app_begin ] --START--
INFO: Run Behavior\ReadHtmlCache [ RunTime:0.000451s ]
INFO: [ app_begin ] --END-- [ RunTime:0.000848s ]
NOTIC: [8192] mysql_connect(): The mysql extension is deprecated and will be removed in the future: use mysqli or PDO instead /Applications/MAMP/htdocs/blog 2/ThinkPHP/Library/Think/Db/Driver/Mysql.class.php 第 52 行.
SQL: SHOW COLUMNS FROM `blog_article_category` [ RunTime:0.006645s ]
SQL: SELECT `name`,`id` FROM `blog_article_category` WHERE ( `status` = 1 ) AND ( `id` > 3 )  [ RunTime:0.000681s ]
INFO: [ view_parse ] --START--
INFO: [ template_filter ] --START--
INFO: Run Behavior\ContentReplace [ RunTime:0.000048s ]
INFO: [ template_filter ] --END-- [ RunTime:0.000118s ]
NOTIC: [8] Use of undefined constant index - assumed 'index' /Applications/MAMP/htdocs/blog 2/HJK/Runtime/Cache/Admin/002c20367dd596d411f6aa5e802fcb83.php 第 64 行.
NOTIC: [8] Use of undefined constant addBlogs - assumed 'addBlogs' /Applications/MAMP/htdocs/blog 2/HJK/Runtime/Cache/Admin/002c20367dd596d411f6aa5e802fcb83.php 第 64 行.
NOTIC: [2] Division by zero /Applications/MAMP/htdocs/blog 2/HJK/Runtime/Cache/Admin/002c20367dd596d411f6aa5e802fcb83.php 第 64 行.
INFO: Run Behavior\ParseTemplate [ RunTime:0.009459s ]
INFO: [ view_parse ] --END-- [ RunTime:0.009522s ]
INFO: [ view_filter ] --START--
INFO: Run Behavior\WriteHtmlCache [ RunTime:0.000138s ]
INFO: [ view_filter ] --END-- [ RunTime:0.000190s ]
INFO: [ app_end ] --START--
INFO: Run Behavior\ShowPageTrace [ RunTime:0.000504s ]
INFO: [ app_end ] --END-- [ RunTime:0.000565s ]

[ 2017-04-27T23:49:02+08:00 ] ::1 /blog%202/index.php?Home/index/index
INFO: [ app_begin ] --START--
INFO: Run Behavior\ReadHtmlCache [ RunTime:0.001045s ]
INFO: [ app_begin ] --END-- [ RunTime:0.001969s ]
NOTIC: [8192] mysql_connect(): The mysql extension is deprecated and will be removed in the future: use mysqli or PDO instead /Applications/MAMP/htdocs/blog 2/ThinkPHP/Library/Think/Db/Driver/Mysql.class.php 第 52 行.
SQL: SHOW COLUMNS FROM `blog_article_category` [ RunTime:0.002680s ]
SQL: SHOW COLUMNS FROM `blog_article_category` [ RunTime:0.007933s ]
SQL: SELECT * FROM `blog_article_category` WHERE ( `status` = 1 )  [ RunTime:0.000447s ]
SQL: SHOW COLUMNS FROM `blog_article_detail` [ RunTime:0.007122s ]
SQL: SELECT `id`,`title`,`category_id`,`create_time` FROM `blog_article_detail` WHERE ( `status` = 1 ) ORDER BY create_time desc LIMIT 6   [ RunTime:0.000633s ]
SQL: SELECT `id`,`title`,`category_id`,`create_time`,`hits` FROM `blog_article_detail` WHERE ( `status` = 1 ) ORDER BY hits desc LIMIT 6   [ RunTime:0.000448s ]
INFO: [ view_parse ] --START--
INFO: [ template_filter ] --START--
INFO: Run Behavior\ContentReplace [ RunTime:0.000103s ]
INFO: [ template_filter ] --END-- [ RunTime:0.000239s ]
INFO: Run Behavior\ParseTemplate [ RunTime:0.035843s ]
INFO: [ view_parse ] --END-- [ RunTime:0.035927s ]
INFO: [ view_filter ] --START--
INFO: Run Behavior\WriteHtmlCache [ RunTime:0.000196s ]
INFO: [ view_filter ] --END-- [ RunTime:0.000254s ]
INFO: [ app_end ] --START--
INFO: Run Behavior\ShowPageTrace [ RunTime:0.000795s ]
INFO: [ app_end ] --END-- [ RunTime:0.000937s ]

[ 2017-04-27T23:49:04+08:00 ] ::1 /blog%202/index.php/Admin/index/index.html
INFO: [ app_begin ] --START--
INFO: Run Behavior\ReadHtmlCache [ RunTime:0.000422s ]
INFO: [ app_begin ] --END-- [ RunTime:0.000758s ]
NOTIC: [8192] mysql_connect(): The mysql extension is deprecated and will be removed in the future: use mysqli or PDO instead /Applications/MAMP/htdocs/blog 2/ThinkPHP/Library/Think/Db/Driver/Mysql.class.php 第 52 行.
SQL: SHOW COLUMNS FROM `blog_article_detail` [ RunTime:0.006934s ]
NOTIC: [8] Undefined index: p /Applications/MAMP/htdocs/blog 2/HJK/Admin/Model/ArticleDetailModel.class.php 第 7 行.
SQL: SELECT dt.title,dt.content,dt.create_time,dt.c_id,dt.id,ac.name FROM blog_article_detail dt INNER JOIN blog_article_category AS ac ON ac.id = dt.category_id  WHERE ( dt.status = 1 ) ORDER BY create_time desc LIMIT 0,6   [ RunTime:0.000684s ]
SQL: SELECT dt.title,dt.content,dt.create_time,dt.c_id,dt.id,ac.name FROM blog_article_detail dt INNER JOIN blog_article_category AS ac ON ac.id = dt.category_id  WHERE ( dt.status = 1 ) ORDER BY create_time desc  [ RunTime:0.000732s ]
SQL: SHOW COLUMNS FROM `blog_article_category` [ RunTime:0.009173s ]
INFO: [ view_parse ] --START--
INFO: [ template_filter ] --START--
INFO: Run Behavior\ContentReplace [ RunTime:0.000055s ]
INFO: [ template_filter ] --END-- [ RunTime:0.000172s ]
INFO: Run Behavior\ParseTemplate [ RunTime:0.013830s ]
INFO: [ view_parse ] --END-- [ RunTime:0.014009s ]
INFO: [ view_filter ] --START--
INFO: Run Behavior\WriteHtmlCache [ RunTime:0.000217s ]
INFO: [ view_filter ] --END-- [ RunTime:0.000276s ]
INFO: [ app_end ] --START--
INFO: Run Behavior\ShowPageTrace [ RunTime:0.000496s ]
INFO: [ app_end ] --END-- [ RunTime:0.000557s ]

[ 2017-04-27T23:49:07+08:00 ] ::1 /blog%202/index.php/Admin/index/addBlog.html
INFO: [ app_begin ] --START--
INFO: Run Behavior\ReadHtmlCache [ RunTime:0.000413s ]
INFO: [ app_begin ] --END-- [ RunTime:0.000738s ]
NOTIC: [8192] mysql_connect(): The mysql extension is deprecated and will be removed in the future: use mysqli or PDO instead /Applications/MAMP/htdocs/blog 2/ThinkPHP/Library/Think/Db/Driver/Mysql.class.php 第 52 行.
SQL: SHOW COLUMNS FROM `blog_article_category` [ RunTime:0.009800s ]
SQL: SELECT `name`,`id` FROM `blog_article_category` WHERE ( `status` = 1 ) AND ( `id` > 3 )  [ RunTime:0.001257s ]
INFO: [ view_parse ] --START--
INFO: [ template_filter ] --START--
INFO: Run Behavior\ContentReplace [ RunTime:0.000061s ]
INFO: [ template_filter ] --END-- [ RunTime:0.000162s ]
NOTIC: [8] Use of undefined constant index - assumed 'index' /Applications/MAMP/htdocs/blog 2/HJK/Runtime/Cache/Admin/002c20367dd596d411f6aa5e802fcb83.php 第 64 行.
NOTIC: [8] Use of undefined constant addBlogs - assumed 'addBlogs' /Applications/MAMP/htdocs/blog 2/HJK/Runtime/Cache/Admin/002c20367dd596d411f6aa5e802fcb83.php 第 64 行.
NOTIC: [2] Division by zero /Applications/MAMP/htdocs/blog 2/HJK/Runtime/Cache/Admin/002c20367dd596d411f6aa5e802fcb83.php 第 64 行.
INFO: Run Behavior\ParseTemplate [ RunTime:0.016151s ]
INFO: [ view_parse ] --END-- [ RunTime:0.016256s ]
INFO: [ view_filter ] --START--
INFO: Run Behavior\WriteHtmlCache [ RunTime:0.000143s ]
INFO: [ view_filter ] --END-- [ RunTime:0.000196s ]
INFO: [ app_end ] --START--
INFO: Run Behavior\ShowPageTrace [ RunTime:0.000468s ]
INFO: [ app_end ] --END-- [ RunTime:0.000523s ]

[ 2017-04-27T23:49:19+08:00 ] ::1 /blog%202/index.php/Admin/index/addBlog.html
INFO: [ app_begin ] --START--
INFO: Run Behavior\ReadHtmlCache [ RunTime:0.000422s ]
INFO: [ app_begin ] --END-- [ RunTime:0.000759s ]
NOTIC: [8192] mysql_connect(): The mysql extension is deprecated and will be removed in the future: use mysqli or PDO instead /Applications/MAMP/htdocs/blog 2/ThinkPHP/Library/Think/Db/Driver/Mysql.class.php 第 52 行.
SQL: SHOW COLUMNS FROM `blog_article_category` [ RunTime:0.006624s ]
SQL: SELECT `name`,`id` FROM `blog_article_category` WHERE ( `status` = 1 ) AND ( `id` > 3 )  [ RunTime:0.000525s ]
INFO: [ view_parse ] --START--
INFO: [ template_filter ] --START--
INFO: Run Behavior\ContentReplace [ RunTime:0.000042s ]
INFO: [ template_filter ] --END-- [ RunTime:0.000111s ]
NOTIC: [8] Use of undefined constant index - assumed 'index' /Applications/MAMP/htdocs/blog 2/HJK/Runtime/Cache/Admin/002c20367dd596d411f6aa5e802fcb83.php 第 64 行.
NOTIC: [8] Use of undefined constant addBlogs - assumed 'addBlogs' /Applications/MAMP/htdocs/blog 2/HJK/Runtime/Cache/Admin/002c20367dd596d411f6aa5e802fcb83.php 第 64 行.
NOTIC: [2] Division by zero /Applications/MAMP/htdocs/blog 2/HJK/Runtime/Cache/Admin/002c20367dd596d411f6aa5e802fcb83.php 第 64 行.
INFO: Run Behavior\ParseTemplate [ RunTime:0.009530s ]
INFO: [ view_parse ] --END-- [ RunTime:0.009597s ]
INFO: [ view_filter ] --START--
INFO: Run Behavior\WriteHtmlCache [ RunTime:0.000188s ]
INFO: [ view_filter ] --END-- [ RunTime:0.000291s ]
INFO: [ app_end ] --START--
INFO: Run Behavior\ShowPageTrace [ RunTime:0.000545s ]
INFO: [ app_end ] --END-- [ RunTime:0.000620s ]

[ 2017-04-27T23:50:52+08:00 ] ::1 /blog%202/index.php/Admin/index/addBlog.html
INFO: [ app_begin ] --START--
INFO: Run Behavior\ReadHtmlCache [ RunTime:0.000444s ]
INFO: [ app_begin ] --END-- [ RunTime:0.000802s ]
NOTIC: [8192] mysql_connect(): The mysql extension is deprecated and will be removed in the future: use mysqli or PDO instead /Applications/MAMP/htdocs/blog 2/ThinkPHP/Library/Think/Db/Driver/Mysql.class.php 第 52 行.
SQL: SHOW COLUMNS FROM `blog_article_category` [ RunTime:0.007044s ]
SQL: SELECT `name`,`id` FROM `blog_article_category` WHERE ( `status` = 1 ) AND ( `id` > 3 )  [ RunTime:0.000638s ]
INFO: [ view_parse ] --START--
INFO: [ template_filter ] --START--
INFO: Run Behavior\ContentReplace [ RunTime:0.000046s ]
INFO: [ template_filter ] --END-- [ RunTime:0.000118s ]
NOTIC: [8] Use of undefined constant index - assumed 'index' /Applications/MAMP/htdocs/blog 2/HJK/Runtime/Cache/Admin/002c20367dd596d411f6aa5e802fcb83.php 第 64 行.
NOTIC: [8] Use of undefined constant addBlogs - assumed 'addBlogs' /Applications/MAMP/htdocs/blog 2/HJK/Runtime/Cache/Admin/002c20367dd596d411f6aa5e802fcb83.php 第 64 行.
NOTIC: [2] Division by zero /Applications/MAMP/htdocs/blog 2/HJK/Runtime/Cache/Admin/002c20367dd596d411f6aa5e802fcb83.php 第 64 行.
INFO: Run Behavior\ParseTemplate [ RunTime:0.009312s ]
INFO: [ view_parse ] --END-- [ RunTime:0.009382s ]
INFO: [ view_filter ] --START--
INFO: Run Behavior\WriteHtmlCache [ RunTime:0.000141s ]
INFO: [ view_filter ] --END-- [ RunTime:0.000195s ]
INFO: [ app_end ] --START--
INFO: Run Behavior\ShowPageTrace [ RunTime:0.000468s ]
INFO: [ app_end ] --END-- [ RunTime:0.000534s ]

[ 2017-04-27T23:51:29+08:00 ] ::1 /blog%202/index.php/Admin/index/addBlog.html
INFO: [ app_begin ] --START--
INFO: Run Behavior\ReadHtmlCache [ RunTime:0.000597s ]
INFO: [ app_begin ] --END-- [ RunTime:0.001270s ]
NOTIC: [8192] mysql_connect(): The mysql extension is deprecated and will be removed in the future: use mysqli or PDO instead /Applications/MAMP/htdocs/blog 2/ThinkPHP/Library/Think/Db/Driver/Mysql.class.php 第 52 行.
SQL: SHOW COLUMNS FROM `blog_article_category` [ RunTime:0.007001s ]
SQL: SELECT `name`,`id` FROM `blog_article_category` WHERE ( `status` = 1 ) AND ( `id` > 3 )  [ RunTime:0.000721s ]
INFO: [ view_parse ] --START--
INFO: [ template_filter ] --START--
INFO: Run Behavior\ContentReplace [ RunTime:0.000044s ]
INFO: [ template_filter ] --END-- [ RunTime:0.000114s ]
NOTIC: [8] Use of undefined constant index - assumed 'index' /Applications/MAMP/htdocs/blog 2/HJK/Runtime/Cache/Admin/002c20367dd596d411f6aa5e802fcb83.php 第 64 行.
NOTIC: [8] Use of undefined constant addBlogs - assumed 'addBlogs' /Applications/MAMP/htdocs/blog 2/HJK/Runtime/Cache/Admin/002c20367dd596d411f6aa5e802fcb83.php 第 64 行.
NOTIC: [2] Division by zero /Applications/MAMP/htdocs/blog 2/HJK/Runtime/Cache/Admin/002c20367dd596d411f6aa5e802fcb83.php 第 64 行.
INFO: Run Behavior\ParseTemplate [ RunTime:0.009532s ]
INFO: [ view_parse ] --END-- [ RunTime:0.009602s ]
INFO: [ view_filter ] --START--
INFO: Run Behavior\WriteHtmlCache [ RunTime:0.000147s ]
INFO: [ view_filter ] --END-- [ RunTime:0.000203s ]
INFO: [ app_end ] --START--
INFO: Run Behavior\ShowPageTrace [ RunTime:0.000461s ]
INFO: [ app_end ] --END-- [ RunTime:0.000517s ]

[ 2017-04-27T23:51:32+08:00 ] ::1 /blog%202/index.php/Admin/index/index.html
INFO: [ app_begin ] --START--
INFO: Run Behavior\ReadHtmlCache [ RunTime:0.000417s ]
INFO: [ app_begin ] --END-- [ RunTime:0.000744s ]
NOTIC: [8192] mysql_connect(): The mysql extension is deprecated and will be removed in the future: use mysqli or PDO instead /Applications/MAMP/htdocs/blog 2/ThinkPHP/Library/Think/Db/Driver/Mysql.class.php 第 52 行.
SQL: SHOW COLUMNS FROM `blog_article_detail` [ RunTime:0.007002s ]
NOTIC: [8] Undefined index: p /Applications/MAMP/htdocs/blog 2/HJK/Admin/Model/ArticleDetailModel.class.php 第 7 行.
SQL: SELECT dt.title,dt.content,dt.create_time,dt.c_id,dt.id,ac.name FROM blog_article_detail dt INNER JOIN blog_article_category AS ac ON ac.id = dt.category_id  WHERE ( dt.status = 1 ) ORDER BY create_time desc LIMIT 0,6   [ RunTime:0.000852s ]
SQL: SELECT dt.title,dt.content,dt.create_time,dt.c_id,dt.id,ac.name FROM blog_article_detail dt INNER JOIN blog_article_category AS ac ON ac.id = dt.category_id  WHERE ( dt.status = 1 ) ORDER BY create_time desc  [ RunTime:0.000838s ]
INFO: [ view_parse ] --START--
INFO: [ template_filter ] --START--
INFO: Run Behavior\ContentReplace [ RunTime:0.000052s ]
INFO: [ template_filter ] --END-- [ RunTime:0.000127s ]
INFO: Run Behavior\ParseTemplate [ RunTime:0.010275s ]
INFO: [ view_parse ] --END-- [ RunTime:0.010360s ]
INFO: [ view_filter ] --START--
INFO: Run Behavior\WriteHtmlCache [ RunTime:0.000130s ]
INFO: [ view_filter ] --END-- [ RunTime:0.000182s ]
INFO: [ app_end ] --START--
INFO: Run Behavior\ShowPageTrace [ RunTime:0.000458s ]
INFO: [ app_end ] --END-- [ RunTime:0.000516s ]

[ 2017-04-27T23:51:34+08:00 ] ::1 /blog%202/index.php/Admin/index/addBlog.html
INFO: [ app_begin ] --START--
INFO: Run Behavior\ReadHtmlCache [ RunTime:0.000434s ]
INFO: [ app_begin ] --END-- [ RunTime:0.000784s ]
NOTIC: [8192] mysql_connect(): The mysql extension is deprecated and will be removed in the future: use mysqli or PDO instead /Applications/MAMP/htdocs/blog 2/ThinkPHP/Library/Think/Db/Driver/Mysql.class.php 第 52 行.
SQL: SHOW COLUMNS FROM `blog_article_category` [ RunTime:0.006726s ]
SQL: SELECT `name`,`id` FROM `blog_article_category` WHERE ( `status` = 1 ) AND ( `id` > 3 )  [ RunTime:0.000687s ]
INFO: [ view_parse ] --START--
INFO: [ template_filter ] --START--
INFO: Run Behavior\ContentReplace [ RunTime:0.000043s ]
INFO: [ template_filter ] --END-- [ RunTime:0.000112s ]
NOTIC: [8] Use of undefined constant index - assumed 'index' /Applications/MAMP/htdocs/blog 2/HJK/Runtime/Cache/Admin/002c20367dd596d411f6aa5e802fcb83.php 第 64 行.
NOTIC: [8] Use of undefined constant addBlogs - assumed 'addBlogs' /Applications/MAMP/htdocs/blog 2/HJK/Runtime/Cache/Admin/002c20367dd596d411f6aa5e802fcb83.php 第 64 行.
NOTIC: [2] Division by zero /Applications/MAMP/htdocs/blog 2/HJK/Runtime/Cache/Admin/002c20367dd596d411f6aa5e802fcb83.php 第 64 行.
INFO: Run Behavior\ParseTemplate [ RunTime:0.009380s ]
INFO: [ view_parse ] --END-- [ RunTime:0.009454s ]
INFO: [ view_filter ] --START--
INFO: Run Behavior\WriteHtmlCache [ RunTime:0.000168s ]
INFO: [ view_filter ] --END-- [ RunTime:0.000235s ]
INFO: [ app_end ] --START--
INFO: Run Behavior\ShowPageTrace [ RunTime:0.000588s ]
INFO: [ app_end ] --END-- [ RunTime:0.000726s ]

[ 2017-04-27T23:53:43+08:00 ] ::1 /blog%202/index.php/Admin/index/addBlog.html
INFO: [ app_begin ] --START--
INFO: Run Behavior\ReadHtmlCache [ RunTime:0.000494s ]
INFO: [ app_begin ] --END-- [ RunTime:0.000961s ]
NOTIC: [8192] mysql_connect(): The mysql extension is deprecated and will be removed in the future: use mysqli or PDO instead /Applications/MAMP/htdocs/blog 2/ThinkPHP/Library/Think/Db/Driver/Mysql.class.php 第 52 行.
SQL: SHOW COLUMNS FROM `blog_article_category` [ RunTime:0.006890s ]
SQL: SELECT `name`,`id` FROM `blog_article_category` WHERE ( `status` = 1 ) AND ( `id` > 3 )  [ RunTime:0.000828s ]
INFO: [ view_parse ] --START--
INFO: [ template_filter ] --START--
INFO: Run Behavior\ContentReplace [ RunTime:0.000053s ]
INFO: [ template_filter ] --END-- [ RunTime:0.000126s ]
NOTIC: [8] Use of undefined constant index - assumed 'index' /Applications/MAMP/htdocs/blog 2/HJK/Runtime/Cache/Admin/002c20367dd596d411f6aa5e802fcb83.php 第 64 行.
NOTIC: [8] Use of undefined constant addBlogs - assumed 'addBlogs' /Applications/MAMP/htdocs/blog 2/HJK/Runtime/Cache/Admin/002c20367dd596d411f6aa5e802fcb83.php 第 64 行.
NOTIC: [2] Division by zero /Applications/MAMP/htdocs/blog 2/HJK/Runtime/Cache/Admin/002c20367dd596d411f6aa5e802fcb83.php 第 64 行.
INFO: Run Behavior\ParseTemplate [ RunTime:0.011853s ]
INFO: [ view_parse ] --END-- [ RunTime:0.011938s ]
INFO: [ view_filter ] --START--
INFO: Run Behavior\WriteHtmlCache [ RunTime:0.000155s ]
INFO: [ view_filter ] --END-- [ RunTime:0.000213s ]
INFO: [ app_end ] --START--
INFO: Run Behavior\ShowPageTrace [ RunTime:0.000541s ]
INFO: [ app_end ] --END-- [ RunTime:0.000605s ]

